#
# There is insufficient memory for the Java Runtime Environment to continue.
# Native memory allocation (mmap) failed to map 17825792 bytes for G1 virtual space
# Possible reasons:
#   The system is out of physical RAM or swap space
#   The process is running with CompressedOops enabled, and the Java Heap may be blocking the growth of the native heap
# Possible solutions:
#   Reduce memory load on the system
#   Increase physical memory or swap space
#   Check if swap backing store is full
#   Decrease Java heap size (-Xmx/-Xms)
#   Decrease number of Java threads
#   Decrease Java thread stack sizes (-Xss)
#   Set larger code cache with -XX:ReservedCodeCacheSize=
#   JVM is running with Unscaled Compressed Oops mode in which the Java heap is
#     placed in the first 4GB address space. The Java Heap base address is the
#     maximum limit for the native heap growth. Please use -XX:HeapBaseMinAddress
#     to set the Java Heap base and to place the Java Heap above 4GB virtual address.
# This output file may be truncated or incomplete.
#
#  Out of Memory Error (os_windows.cpp:3548), pid=18040, tid=11844
#
# JRE version: Java(TM) SE Runtime Environment (17.0.12+8) (build 17.0.12+8-LTS-286)
# Java VM: Java HotSpot(TM) 64-Bit Server VM (17.0.12+8-LTS-286, mixed mode, sharing, tiered, compressed oops, compressed class ptrs, g1 gc, windows-amd64)
# No core dump will be written. Minidumps are not enabled by default on client versions of Windows
#

---------------  S U M M A R Y ------------

Command Line: --add-opens=java.base/java.util=ALL-UNNAMED --add-opens=java.base/java.lang=ALL-UNNAMED --add-opens=java.base/java.lang.invoke=ALL-UNNAMED --add-opens=java.prefs/java.util.prefs=ALL-UNNAMED --add-exports=jdk.compiler/com.sun.tools.javac.api=ALL-UNNAMED --add-exports=jdk.compiler/com.sun.tools.javac.util=ALL-UNNAMED --add-opens=java.base/java.nio.charset=ALL-UNNAMED --add-opens=java.base/java.net=ALL-UNNAMED --add-opens=java.base/java.util.concurrent.atomic=ALL-UNNAMED -XX:MaxMetaspaceSize=384m -XX:+HeapDumpOnOutOfMemoryError -Xms256m -Xmx512m -Dfile.encoding=UTF-8 -Duser.country -Duser.language=en -Duser.variant -javaagent:C:\Users\Akshada\.gradle\wrapper\dists\gradle-8.10-bin\deqhafrv1ntovfmgh0nh3npr9\gradle-8.10\lib\agents\gradle-instrumentation-agent-8.10.jar org.gradle.launcher.daemon.bootstrap.GradleDaemon 8.10

Host: Intel(R) Core(TM) i3-1005G1 CPU @ 1.20GHz, 4 cores, 3G,  Windows 11 , 64 bit Build 22621 (10.0.22621.4391)
Time: Thu Dec 19 15:44:41 2024 India Standard Time elapsed time: 46.096656 seconds (0d 0h 0m 46s)

---------------  T H R E A D  ---------------

Current thread (0x000001b47bac01d0):  VMThread "VM Thread" [stack: 0x0000009103600000,0x0000009103700000] [id=11844]

Stack: [0x0000009103600000,0x0000009103700000]
Native frames: (J=compiled Java code, j=interpreted, Vv=VM code, C=native code)
V  [jvm.dll+0x67a04a]
V  [jvm.dll+0x7da4ed]
V  [jvm.dll+0x7dbe33]
V  [jvm.dll+0x7dc4a3]
V  [jvm.dll+0x24508f]
V  [jvm.dll+0x677089]
V  [jvm.dll+0x66bd32]
V  [jvm.dll+0x301fa6]
V  [jvm.dll+0x309546]
V  [jvm.dll+0x359d2e]
V  [jvm.dll+0x359f5f]
V  [jvm.dll+0x2d9078]
V  [jvm.dll+0x2dc0e6]
V  [jvm.dll+0x2e67eb]
V  [jvm.dll+0x31a870]
V  [jvm.dll+0x7e0d9b]
V  [jvm.dll+0x7e1ad4]
V  [jvm.dll+0x7e1fed]
V  [jvm.dll+0x7e23c4]
V  [jvm.dll+0x7e2490]
V  [jvm.dll+0x78abea]
V  [jvm.dll+0x678f35]
C  [ucrtbase.dll+0x29333]
C  [KERNEL32.DLL+0x1259d]
C  [ntdll.dll+0x5af38]

VM_Operation (0x00000091032ff460): G1Concurrent, mode: safepoint, requested by thread 0x000001b470a88ce0


---------------  P R O C E S S  ---------------

Threads class SMR info:
_java_thread_list=0x000001b42d471c10, length=85, elements={
0x000001b470a56f10, 0x000001b47bac7730, 0x000001b47bac80f0, 0x000001b47badf450,
0x000001b47badfd20, 0x000001b47bae2600, 0x000001b47bae3670, 0x000001b47bae4320,
0x000001b47bae5480, 0x000001b47baeaa80, 0x000001b4281a2950, 0x000001b4282decf0,
0x000001b4295af960, 0x000001b428d9f3b0, 0x000001b4281c67f0, 0x000001b42970d030,
0x000001b47bb2a320, 0x000001b428cb07a0, 0x000001b428cb11c0, 0x000001b428cb2600,
0x000001b428cb2b10, 0x000001b428cb1be0, 0x000001b428cb20f0, 0x000001b428caf360,
0x000001b428cb16d0, 0x000001b428caf870, 0x000001b428cafd80, 0x000001b428cb0290,
0x000001b428cb0cb0, 0x000001b4288558a0, 0x000001b428855390, 0x000001b428856ce0,
0x000001b42884f870, 0x000001b428852600, 0x000001b428854970, 0x000001b428855db0,
0x000001b428853a40, 0x000001b42bafa320, 0x000001b428e43280, 0x000001b428e446c0,
0x000001b428e42d70, 0x000001b428e43790, 0x000001b428e441b0, 0x000001b42bafad40,
0x000001b42bafb760, 0x000001b42baf9e10, 0x000001b428851be0, 0x000001b42bbd7ec0,
0x000001b428852b10, 0x000001b42bec9580, 0x000001b42bafa830, 0x000001b42bec9070,
0x000001b42bbd6060, 0x000001b428854e80, 0x000001b42bbd74a0, 0x000001b42bbd5130,
0x000001b42bbd5640, 0x000001b42bbd5b50, 0x000001b42bafb250, 0x000001b42d0bd570,
0x000001b4288567d0, 0x000001b428853f50, 0x000001b4288562c0, 0x000001b42884fd80,
0x000001b42bec9a90, 0x000001b42d0bf8e0, 0x000001b42bbd6570, 0x000001b42bbd6a80,
0x000001b42e0034e0, 0x000001b42e004410, 0x000001b42e0020a0, 0x000001b42e004e30,
0x000001b42e002ac0, 0x000001b42e005340, 0x000001b42e0025b0, 0x000001b42e0039f0,
0x000001b42bbd6f90, 0x000001b42bbd79b0, 0x000001b42bbd83d0, 0x000001b428850290,
0x000001b42e002fd0, 0x000001b42ad533f0, 0x000001b42ad53900, 0x000001b42ad51590,
0x000001b42ad53e10
}

Java Threads: ( => current thread )
  0x000001b470a56f10 JavaThread "main" [_thread_blocked, id=15864, stack(0x0000009103000000,0x0000009103100000)]
  0x000001b47bac7730 JavaThread "Reference Handler" daemon [_thread_blocked, id=17688, stack(0x0000009103700000,0x0000009103800000)]
  0x000001b47bac80f0 JavaThread "Finalizer" daemon [_thread_blocked, id=20188, stack(0x0000009103800000,0x0000009103900000)]
  0x000001b47badf450 JavaThread "Signal Dispatcher" daemon [_thread_blocked, id=21352, stack(0x0000009103900000,0x0000009103a00000)]
  0x000001b47badfd20 JavaThread "Attach Listener" daemon [_thread_blocked, id=17728, stack(0x0000009103a00000,0x0000009103b00000)]
  0x000001b47bae2600 JavaThread "Service Thread" daemon [_thread_blocked, id=14172, stack(0x0000009103b00000,0x0000009103c00000)]
  0x000001b47bae3670 JavaThread "Monitor Deflation Thread" daemon [_thread_blocked, id=3744, stack(0x0000009103c00000,0x0000009103d00000)]
  0x000001b47bae4320 JavaThread "C2 CompilerThread0" daemon [_thread_blocked, id=14652, stack(0x0000009103d00000,0x0000009103e00000)]
  0x000001b47bae5480 JavaThread "C1 CompilerThread0" daemon [_thread_blocked, id=20864, stack(0x0000009103e00000,0x0000009103f00000)]
  0x000001b47baeaa80 JavaThread "Sweeper thread" daemon [_thread_blocked, id=18632, stack(0x0000009103f00000,0x0000009104000000)]
  0x000001b4281a2950 JavaThread "Common-Cleaner" daemon [_thread_blocked, id=7852, stack(0x0000009104000000,0x0000009104100000)]
  0x000001b4282decf0 JavaThread "Notification Thread" daemon [_thread_blocked, id=16548, stack(0x0000009104100000,0x0000009104200000)]
  0x000001b4295af960 JavaThread "Daemon health stats" [_thread_blocked, id=15612, stack(0x0000009104600000,0x0000009104700000)]
  0x000001b428d9f3b0 JavaThread "Incoming local TCP Connector on port 59487" [_thread_in_native, id=21456, stack(0x0000009104700000,0x0000009104800000)]
  0x000001b4281c67f0 JavaThread "Daemon periodic checks" [_thread_blocked, id=6560, stack(0x0000009104800000,0x0000009104900000)]
  0x000001b42970d030 JavaThread "Daemon" [_thread_blocked, id=12496, stack(0x0000009104900000,0x0000009104a00000)]
  0x000001b47bb2a320 JavaThread "Handler for socket connection from /127.0.0.1:59487 to /127.0.0.1:59488" [_thread_in_native, id=18148, stack(0x0000009104a00000,0x0000009104b00000)]
  0x000001b428cb07a0 JavaThread "Cancel handler" [_thread_blocked, id=12528, stack(0x0000009104b00000,0x0000009104c00000)]
  0x000001b428cb11c0 JavaThread "Daemon worker" [_thread_blocked, id=4520, stack(0x0000009104c00000,0x0000009104d00000)]
  0x000001b428cb2600 JavaThread "Asynchronous log dispatcher for DefaultDaemonConnection: socket connection from /127.0.0.1:59487 to /127.0.0.1:59488" [_thread_blocked, id=11408, stack(0x0000009104d00000,0x0000009104e00000)]
  0x000001b428cb2b10 JavaThread "Stdin handler" [_thread_blocked, id=20988, stack(0x0000009104e00000,0x0000009104f00000)]
  0x000001b428cb1be0 JavaThread "Daemon client event forwarder" [_thread_blocked, id=1968, stack(0x0000009104f00000,0x0000009105000000)]
  0x000001b428cb20f0 JavaThread "Cache worker for journal cache (C:\Users\Akshada\.gradle\caches\journal-1)" [_thread_blocked, id=21412, stack(0x0000009105000000,0x0000009105100000)]
  0x000001b428caf360 JavaThread "File lock request listener" [_thread_in_native, id=20696, stack(0x0000009105100000,0x0000009105200000)]
  0x000001b428cb16d0 JavaThread "Cache worker for file hash cache (C:\Users\Akshada\.gradle\caches\8.10\fileHashes)" [_thread_blocked, id=2108, stack(0x0000009105200000,0x0000009105300000)]
  0x000001b428caf870 JavaThread "Cache worker for file hash cache (C:\HyperMinds_Projects\Implant_Website\Implant_BE\BE-Hyper\.gradle\8.10\fileHashes)" [_thread_blocked, id=20688, stack(0x0000009105300000,0x0000009105400000)]
  0x000001b428cafd80 JavaThread "Cache worker for Build Output Cleanup Cache (C:\HyperMinds_Projects\Implant_Website\Implant_BE\BE-Hyper\.gradle\buildOutputCleanup)" [_thread_blocked, id=8416, stack(0x0000009105400000,0x0000009105500000)]
  0x000001b428cb0290 JavaThread "File watcher server" daemon [_thread_in_native, id=9784, stack(0x0000009105500000,0x0000009105600000)]
  0x000001b428cb0cb0 JavaThread "File watcher consumer" daemon [_thread_blocked, id=16296, stack(0x0000009105600000,0x0000009105700000)]
  0x000001b4288558a0 JavaThread "jar transforms" [_thread_blocked, id=4600, stack(0x0000009105700000,0x0000009105800000)]
  0x000001b428855390 JavaThread "jar transforms Thread 2" [_thread_blocked, id=15876, stack(0x0000009105800000,0x0000009105900000)]
  0x000001b428856ce0 JavaThread "jar transforms Thread 3" [_thread_blocked, id=19104, stack(0x0000009105900000,0x0000009105a00000)]
  0x000001b42884f870 JavaThread "jar transforms Thread 4" [_thread_blocked, id=14960, stack(0x0000009105a00000,0x0000009105b00000)]
  0x000001b428852600 JavaThread "Cache worker for checksums cache (C:\HyperMinds_Projects\Implant_Website\Implant_BE\BE-Hyper\.gradle\8.10\checksums)" [_thread_blocked, id=18612, stack(0x0000009105b00000,0x0000009105c00000)]
  0x000001b428854970 JavaThread "Cache worker for file content cache (C:\Users\Akshada\.gradle\caches\8.10\fileContent)" [_thread_blocked, id=3060, stack(0x0000009105c00000,0x0000009105d00000)]
  0x000001b428855db0 JavaThread "Cache worker for cache directory md-rule (C:\Users\Akshada\.gradle\caches\8.10\md-rule)" [_thread_blocked, id=21088, stack(0x0000009105d00000,0x0000009105e00000)]
  0x000001b428853a40 JavaThread "Cache worker for cache directory md-supplier (C:\Users\Akshada\.gradle\caches\8.10\md-supplier)" [_thread_blocked, id=11672, stack(0x0000009105e00000,0x0000009105f00000)]
  0x000001b42bafa320 JavaThread "Unconstrained build operations" [_thread_blocked, id=20784, stack(0x0000009106200000,0x0000009106300000)]
  0x000001b428e43280 JavaThread "Unconstrained build operations Thread 2" [_thread_blocked, id=18292, stack(0x0000009106300000,0x0000009106400000)]
  0x000001b428e446c0 JavaThread "Unconstrained build operations Thread 3" [_thread_blocked, id=19276, stack(0x0000009106400000,0x0000009106500000)]
  0x000001b428e42d70 JavaThread "Unconstrained build operations Thread 4" [_thread_blocked, id=12508, stack(0x0000009106500000,0x0000009106600000)]
  0x000001b428e43790 JavaThread "Unconstrained build operations Thread 5" [_thread_blocked, id=21328, stack(0x0000009106600000,0x0000009106700000)]
  0x000001b428e441b0 JavaThread "Unconstrained build operations Thread 6" [_thread_blocked, id=18904, stack(0x0000009106700000,0x0000009106800000)]
  0x000001b42bafad40 JavaThread "Unconstrained build operations Thread 7" [_thread_blocked, id=18052, stack(0x0000009106100000,0x0000009106200000)]
  0x000001b42bafb760 JavaThread "Unconstrained build operations Thread 8" [_thread_blocked, id=18428, stack(0x0000009106800000,0x0000009106900000)]
  0x000001b42baf9e10 JavaThread "Unconstrained build operations Thread 9" [_thread_blocked, id=6192, stack(0x0000009106900000,0x0000009106a00000)]
  0x000001b428851be0 JavaThread "Unconstrained build operations Thread 10" [_thread_blocked, id=20976, stack(0x0000009106a00000,0x0000009106b00000)]
  0x000001b42bbd7ec0 JavaThread "Unconstrained build operations Thread 11" [_thread_blocked, id=10436, stack(0x0000009106b00000,0x0000009106c00000)]
  0x000001b428852b10 JavaThread "Unconstrained build operations Thread 12" [_thread_blocked, id=16788, stack(0x0000009106c00000,0x0000009106d00000)]
  0x000001b42bec9580 JavaThread "Unconstrained build operations Thread 13" [_thread_blocked, id=13572, stack(0x0000009106d00000,0x0000009106e00000)]
  0x000001b42bafa830 JavaThread "Unconstrained build operations Thread 14" [_thread_blocked, id=13144, stack(0x0000009106e00000,0x0000009106f00000)]
  0x000001b42bec9070 JavaThread "Unconstrained build operations Thread 15" [_thread_blocked, id=20304, stack(0x0000009106f00000,0x0000009107000000)]
  0x000001b42bbd6060 JavaThread "build event listener" [_thread_blocked, id=8256, stack(0x0000009107000000,0x0000009107100000)]
  0x000001b428854e80 JavaThread "Memory manager" [_thread_blocked, id=15756, stack(0x0000009107100000,0x0000009107200000)]
  0x000001b42bbd74a0 JavaThread "included builds" [_thread_blocked, id=14384, stack(0x0000009107200000,0x0000009107300000)]
  0x000001b42bbd5130 JavaThread "Execution worker" [_thread_blocked, id=19500, stack(0x0000009107300000,0x0000009107400000)]
  0x000001b42bbd5640 JavaThread "Execution worker Thread 2" [_thread_blocked, id=20692, stack(0x0000009107400000,0x0000009107500000)]
  0x000001b42bbd5b50 JavaThread "Execution worker Thread 3" [_thread_blocked, id=19488, stack(0x0000009107500000,0x0000009107600000)]
  0x000001b42bafb250 JavaThread "Cache worker for execution history cache (C:\HyperMinds_Projects\Implant_Website\Implant_BE\BE-Hyper\.gradle\8.10\executionHistory)" [_thread_blocked, id=7884, stack(0x0000009107600000,0x0000009107700000)]
  0x000001b42d0bd570 JavaThread "idea-tooling-model-converter" [_thread_blocked, id=18816, stack(0x0000009107700000,0x0000009107800000)]
  0x000001b4288567d0 JavaThread "Unconstrained build operations Thread 16" [_thread_blocked, id=2248, stack(0x0000009107800000,0x0000009107900000)]
  0x000001b428853f50 JavaThread "Unconstrained build operations Thread 17" [_thread_blocked, id=13416, stack(0x0000009107900000,0x0000009107a00000)]
  0x000001b4288562c0 JavaThread "Unconstrained build operations Thread 18" [_thread_blocked, id=15912, stack(0x0000009107a00000,0x0000009107b00000)]
  0x000001b42884fd80 JavaThread "Unconstrained build operations Thread 19" [_thread_blocked, id=8948, stack(0x0000009107b00000,0x0000009107c00000)]
  0x000001b42bec9a90 JavaThread "Unconstrained build operations Thread 20" [_thread_blocked, id=10076, stack(0x0000009107c00000,0x0000009107d00000)]
  0x000001b42d0bf8e0 JavaThread "Unconstrained build operations Thread 21" [_thread_blocked, id=19056, stack(0x0000009107d00000,0x0000009107e00000)]
  0x000001b42bbd6570 JavaThread "Unconstrained build operations Thread 22" [_thread_blocked, id=15256, stack(0x0000009107e00000,0x0000009107f00000)]
  0x000001b42bbd6a80 JavaThread "Unconstrained build operations Thread 23" [_thread_blocked, id=19932, stack(0x0000009107f00000,0x0000009108000000)]
  0x000001b42e0034e0 JavaThread "Unconstrained build operations Thread 24" [_thread_blocked, id=15460, stack(0x0000009108000000,0x0000009108100000)]
  0x000001b42e004410 JavaThread "Unconstrained build operations Thread 25" [_thread_blocked, id=6108, stack(0x0000009108100000,0x0000009108200000)]
  0x000001b42e0020a0 JavaThread "Unconstrained build operations Thread 26" [_thread_blocked, id=4436, stack(0x0000009108200000,0x0000009108300000)]
  0x000001b42e004e30 JavaThread "Unconstrained build operations Thread 27" [_thread_blocked, id=15396, stack(0x0000009108300000,0x0000009108400000)]
  0x000001b42e002ac0 JavaThread "Unconstrained build operations Thread 28" [_thread_blocked, id=16236, stack(0x0000009108400000,0x0000009108500000)]
  0x000001b42e005340 JavaThread "Unconstrained build operations Thread 29" [_thread_blocked, id=16840, stack(0x0000009108500000,0x0000009108600000)]
  0x000001b42e0025b0 JavaThread "Unconstrained build operations Thread 30" [_thread_blocked, id=13920, stack(0x0000009108600000,0x0000009108700000)]
  0x000001b42e0039f0 JavaThread "Unconstrained build operations Thread 31" [_thread_blocked, id=6156, stack(0x0000009108700000,0x0000009108800000)]
  0x000001b42bbd6f90 JavaThread "Unconstrained build operations Thread 32" [_thread_blocked, id=15540, stack(0x0000009108800000,0x0000009108900000)]
  0x000001b42bbd79b0 JavaThread "Unconstrained build operations Thread 33" [_thread_blocked, id=15180, stack(0x0000009108900000,0x0000009108a00000)]
  0x000001b42bbd83d0 JavaThread "Unconstrained build operations Thread 34" [_thread_blocked, id=21292, stack(0x0000009108a00000,0x0000009108b00000)]
  0x000001b428850290 JavaThread "Unconstrained build operations Thread 35" [_thread_blocked, id=9672, stack(0x0000009108b00000,0x0000009108c00000)]
  0x000001b42e002fd0 JavaThread "Unconstrained build operations Thread 36" [_thread_blocked, id=3928, stack(0x0000009108c00000,0x0000009108d00000)]
  0x000001b42ad533f0 JavaThread "Unconstrained build operations Thread 37" [_thread_blocked, id=5608, stack(0x0000009108d00000,0x0000009108e00000)]
  0x000001b42ad53900 JavaThread "Unconstrained build operations Thread 38" [_thread_blocked, id=17808, stack(0x0000009108e00000,0x0000009108f00000)]
  0x000001b42ad51590 JavaThread "Unconstrained build operations Thread 39" [_thread_blocked, id=16268, stack(0x0000009108f00000,0x0000009109000000)]
  0x000001b42ad53e10 JavaThread "Unconstrained build operations Thread 40" [_thread_blocked, id=3676, stack(0x0000009109000000,0x0000009109100000)]

Other Threads:
=>0x000001b47bac01d0 VMThread "VM Thread" [stack: 0x0000009103600000,0x0000009103700000] [id=11844]
  0x000001b470a57b90 WatcherThread [stack: 0x0000009104200000,0x0000009104300000] [id=19128]
  0x000001b470a83e90 GCTaskThread "GC Thread#0" [stack: 0x0000009103100000,0x0000009103200000] [id=13604]
  0x000001b4282f7ad0 GCTaskThread "GC Thread#1" [stack: 0x0000009104300000,0x0000009104400000] [id=3144]
  0x000001b4282f7d90 GCTaskThread "GC Thread#2" [stack: 0x0000009104400000,0x0000009104500000] [id=21040]
  0x000001b4282f8050 GCTaskThread "GC Thread#3" [stack: 0x0000009104500000,0x0000009104600000] [id=18076]
  0x000001b470a88ce0 ConcurrentGCThread "G1 Main Marker" [stack: 0x0000009103200000,0x0000009103300000] [id=2360]
  0x000001b470a895f0 ConcurrentGCThread "G1 Conc#0" [stack: 0x0000009103300000,0x0000009103400000] [id=7184]
  0x000001b470b1d0d0 ConcurrentGCThread "G1 Refine#0" [stack: 0x0000009103400000,0x0000009103500000] [id=15432]
  0x000001b42ad0ec60 ConcurrentGCThread "G1 Refine#1" [stack: 0x0000009105f00000,0x0000009106000000] [id=4832]
  0x000001b4282490c0 ConcurrentGCThread "G1 Refine#2" [stack: 0x0000009106000000,0x0000009106100000] [id=8360]
  0x000001b470b1da00 ConcurrentGCThread "G1 Service" [stack: 0x0000009103500000,0x0000009103600000] [id=9432]

Threads with active compile tasks:

VM state: at safepoint (normal execution)

VM Mutex/Monitor currently owned by a thread:  ([mutex/lock_event])
[0x000001b470a52050] Threads_lock - owner thread: 0x000001b47bac01d0
[0x000001b470a53be0] Heap_lock - owner thread: 0x000001b470a88ce0

Heap address: 0x00000000e0000000, size: 512 MB, Compressed Oops mode: 32-bit

CDS archive(s) mapped at: [0x000001b40f000000-0x000001b40fbd0000-0x000001b40fbd0000), size 12386304, SharedBaseAddress: 0x000001b40f000000, ArchiveRelocationMode: 1.
Compressed class space mapped at: 0x000001b410000000-0x000001b424000000, reserved size: 335544320
Narrow klass base: 0x000001b40f000000, Narrow klass shift: 0, Narrow klass range: 0x100000000

GC Precious Log:
 CPUs: 4 total, 4 available
 Memory: 3877M
 Large Page Support: Disabled
 NUMA Support: Disabled
 Compressed Oops: Enabled (32-bit)
 Heap Region Size: 1M
 Heap Min Capacity: 256M
 Heap Initial Capacity: 256M
 Heap Max Capacity: 512M
 Pre-touch: Disabled
 Parallel Workers: 4
 Concurrent Workers: 1
 Concurrent Refinement Workers: 4
 Periodic GC: Disabled

Heap:
 garbage-first heap   total 271360K, used 171849K [0x00000000e0000000, 0x0000000100000000)
  region size 1024K, 14 young (14336K), 5 survivors (5120K)
 Metaspace       used 87515K, committed 88320K, reserved 458752K
  class space    used 11916K, committed 12288K, reserved 327680K

Heap Regions: E=young(eden), S=young(survivor), O=old, HS=humongous(starts), HC=humongous(continues), CS=collection set, F=free, OA=open archive, CA=closed archive, TAMS=top-at-mark-start (previous, next)
|   0|0x00000000e0000000, 0x00000000e0100000, 0x00000000e0100000|100%|HS|  |TAMS 0x00000000e0100000, 0x00000000e0000000| Complete 
|   1|0x00000000e0100000, 0x00000000e0200000, 0x00000000e0200000|100%|HC|  |TAMS 0x00000000e0200000, 0x00000000e0100000| Complete 
|   2|0x00000000e0200000, 0x00000000e0300000, 0x00000000e0300000|100%|HC|  |TAMS 0x00000000e0300000, 0x00000000e0200000| Complete 
|   3|0x00000000e0300000, 0x00000000e0400000, 0x00000000e0400000|100%|HC|  |TAMS 0x00000000e0400000, 0x00000000e0300000| Complete 
|   4|0x00000000e0400000, 0x00000000e0500000, 0x00000000e0500000|100%| O|  |TAMS 0x00000000e0500000, 0x00000000e0400000| Untracked 
|   5|0x00000000e0500000, 0x00000000e0600000, 0x00000000e0600000|100%| O|  |TAMS 0x00000000e0600000, 0x00000000e0500000| Untracked 
|   6|0x00000000e0600000, 0x00000000e0700000, 0x00000000e0700000|100%| O|  |TAMS 0x00000000e0700000, 0x00000000e0600000| Untracked 
|   7|0x00000000e0700000, 0x00000000e0800000, 0x00000000e0800000|100%| O|  |TAMS 0x00000000e0800000, 0x00000000e0700000| Untracked 
|   8|0x00000000e0800000, 0x00000000e0900000, 0x00000000e0900000|100%|HS|  |TAMS 0x00000000e0900000, 0x00000000e0800000| Complete 
|   9|0x00000000e0900000, 0x00000000e0a00000, 0x00000000e0a00000|100%| O|  |TAMS 0x00000000e0a00000, 0x00000000e0900000| Untracked 
|  10|0x00000000e0a00000, 0x00000000e0b00000, 0x00000000e0b00000|100%| O|  |TAMS 0x00000000e0b00000, 0x00000000e0a00000| Untracked 
|  11|0x00000000e0b00000, 0x00000000e0c00000, 0x00000000e0c00000|100%| O|  |TAMS 0x00000000e0c00000, 0x00000000e0b00000| Untracked 
|  12|0x00000000e0c00000, 0x00000000e0d00000, 0x00000000e0d00000|100%| O|  |TAMS 0x00000000e0d00000, 0x00000000e0c00000| Untracked 
|  13|0x00000000e0d00000, 0x00000000e0e00000, 0x00000000e0e00000|100%| O|  |TAMS 0x00000000e0e00000, 0x00000000e0d00000| Untracked 
|  14|0x00000000e0e00000, 0x00000000e0f00000, 0x00000000e0f00000|100%| O|  |TAMS 0x00000000e0f00000, 0x00000000e0e00000| Untracked 
|  15|0x00000000e0f00000, 0x00000000e1000000, 0x00000000e1000000|100%| O|  |TAMS 0x00000000e1000000, 0x00000000e0f00000| Untracked 
|  16|0x00000000e1000000, 0x00000000e1100000, 0x00000000e1100000|100%| O|  |TAMS 0x00000000e1100000, 0x00000000e1000000| Untracked 
|  17|0x00000000e1100000, 0x00000000e1200000, 0x00000000e1200000|100%| O|  |TAMS 0x00000000e1200000, 0x00000000e1100000| Untracked 
|  18|0x00000000e1200000, 0x00000000e1300000, 0x00000000e1300000|100%| O|  |TAMS 0x00000000e1300000, 0x00000000e1200000| Untracked 
|  19|0x00000000e1300000, 0x00000000e1400000, 0x00000000e1400000|100%| O|  |TAMS 0x00000000e1400000, 0x00000000e1300000| Untracked 
|  20|0x00000000e1400000, 0x00000000e1500000, 0x00000000e1500000|100%| O|  |TAMS 0x00000000e1500000, 0x00000000e1400000| Untracked 
|  21|0x00000000e1500000, 0x00000000e1600000, 0x00000000e1600000|100%| O|  |TAMS 0x00000000e1600000, 0x00000000e1500000| Untracked 
|  22|0x00000000e1600000, 0x00000000e1700000, 0x00000000e1700000|100%| O|  |TAMS 0x00000000e1700000, 0x00000000e1600000| Untracked 
|  23|0x00000000e1700000, 0x00000000e1800000, 0x00000000e1800000|100%|HS|  |TAMS 0x00000000e1800000, 0x00000000e1700000| Complete 
|  24|0x00000000e1800000, 0x00000000e1900000, 0x00000000e1900000|100%|HC|  |TAMS 0x00000000e1900000, 0x00000000e1800000| Complete 
|  25|0x00000000e1900000, 0x00000000e1a00000, 0x00000000e1a00000|100%|HC|  |TAMS 0x00000000e1a00000, 0x00000000e1900000| Complete 
|  26|0x00000000e1a00000, 0x00000000e1b00000, 0x00000000e1b00000|100%|HC|  |TAMS 0x00000000e1b00000, 0x00000000e1a00000| Complete 
|  27|0x00000000e1b00000, 0x00000000e1c00000, 0x00000000e1c00000|100%|HC|  |TAMS 0x00000000e1c00000, 0x00000000e1b00000| Complete 
|  28|0x00000000e1c00000, 0x00000000e1d00000, 0x00000000e1d00000|100%|HS|  |TAMS 0x00000000e1d00000, 0x00000000e1c00000| Complete 
|  29|0x00000000e1d00000, 0x00000000e1e00000, 0x00000000e1e00000|100%|HC|  |TAMS 0x00000000e1e00000, 0x00000000e1d00000| Complete 
|  30|0x00000000e1e00000, 0x00000000e1f00000, 0x00000000e1f00000|100%|HC|  |TAMS 0x00000000e1f00000, 0x00000000e1e00000| Complete 
|  31|0x00000000e1f00000, 0x00000000e2000000, 0x00000000e2000000|100%|HS|  |TAMS 0x00000000e2000000, 0x00000000e1f00000| Complete 
|  32|0x00000000e2000000, 0x00000000e2100000, 0x00000000e2100000|100%|HC|  |TAMS 0x00000000e2100000, 0x00000000e2000000| Complete 
|  33|0x00000000e2100000, 0x00000000e2200000, 0x00000000e2200000|100%| O|  |TAMS 0x00000000e2200000, 0x00000000e2100000| Untracked 
|  34|0x00000000e2200000, 0x00000000e2300000, 0x00000000e2300000|100%| O|  |TAMS 0x00000000e2300000, 0x00000000e2200000| Untracked 
|  35|0x00000000e2300000, 0x00000000e2400000, 0x00000000e2400000|100%| O|  |TAMS 0x00000000e2400000, 0x00000000e2300000| Untracked 
|  36|0x00000000e2400000, 0x00000000e2500000, 0x00000000e2500000|100%| O|  |TAMS 0x00000000e2500000, 0x00000000e2400000| Untracked 
|  37|0x00000000e2500000, 0x00000000e2600000, 0x00000000e2600000|100%| O|  |TAMS 0x00000000e2600000, 0x00000000e2500000| Untracked 
|  38|0x00000000e2600000, 0x00000000e2700000, 0x00000000e2700000|100%| O|  |TAMS 0x00000000e2700000, 0x00000000e2600000| Updating 
|  39|0x00000000e2700000, 0x00000000e2800000, 0x00000000e2800000|100%| O|  |TAMS 0x00000000e2800000, 0x00000000e2700000| Untracked 
|  40|0x00000000e2800000, 0x00000000e2900000, 0x00000000e2900000|100%| O|  |TAMS 0x00000000e2900000, 0x00000000e2800000| Untracked 
|  41|0x00000000e2900000, 0x00000000e2a00000, 0x00000000e2a00000|100%| O|  |TAMS 0x00000000e2a00000, 0x00000000e2900000| Untracked 
|  42|0x00000000e2a00000, 0x00000000e2b00000, 0x00000000e2b00000|100%| O|  |TAMS 0x00000000e2b00000, 0x00000000e2a00000| Untracked 
|  43|0x00000000e2b00000, 0x00000000e2c00000, 0x00000000e2c00000|100%|HS|  |TAMS 0x00000000e2c00000, 0x00000000e2b00000| Complete 
|  44|0x00000000e2c00000, 0x00000000e2d00000, 0x00000000e2d00000|100%|HC|  |TAMS 0x00000000e2d00000, 0x00000000e2c00000| Complete 
|  45|0x00000000e2d00000, 0x00000000e2e00000, 0x00000000e2e00000|100%|HS|  |TAMS 0x00000000e2e00000, 0x00000000e2d00000| Complete 
|  46|0x00000000e2e00000, 0x00000000e2f00000, 0x00000000e2f00000|100%|HC|  |TAMS 0x00000000e2f00000, 0x00000000e2e00000| Complete 
|  47|0x00000000e2f00000, 0x00000000e3000000, 0x00000000e3000000|100%| O|  |TAMS 0x00000000e3000000, 0x00000000e2f00000| Untracked 
|  48|0x00000000e3000000, 0x00000000e3100000, 0x00000000e3100000|100%|HS|  |TAMS 0x00000000e3100000, 0x00000000e3000000| Complete 
|  49|0x00000000e3100000, 0x00000000e3200000, 0x00000000e3200000|100%|HC|  |TAMS 0x00000000e3200000, 0x00000000e3100000| Complete 
|  50|0x00000000e3200000, 0x00000000e3300000, 0x00000000e3300000|100%|HS|  |TAMS 0x00000000e3300000, 0x00000000e3200000| Complete 
|  51|0x00000000e3300000, 0x00000000e3400000, 0x00000000e3400000|100%|HC|  |TAMS 0x00000000e3400000, 0x00000000e3300000| Complete 
|  52|0x00000000e3400000, 0x00000000e3500000, 0x00000000e3500000|100%|HC|  |TAMS 0x00000000e3500000, 0x00000000e3400000| Complete 
|  53|0x00000000e3500000, 0x00000000e3600000, 0x00000000e3600000|100%|HC|  |TAMS 0x00000000e3600000, 0x00000000e3500000| Complete 
|  54|0x00000000e3600000, 0x00000000e3700000, 0x00000000e3700000|100%|HC|  |TAMS 0x00000000e3700000, 0x00000000e3600000| Complete 
|  55|0x00000000e3700000, 0x00000000e3800000, 0x00000000e3800000|100%|HS|  |TAMS 0x00000000e3800000, 0x00000000e3700000| Complete 
|  56|0x00000000e3800000, 0x00000000e3900000, 0x00000000e3900000|100%|HC|  |TAMS 0x00000000e3900000, 0x00000000e3800000| Complete 
|  57|0x00000000e3900000, 0x00000000e3a00000, 0x00000000e3a00000|100%|HC|  |TAMS 0x00000000e3a00000, 0x00000000e3900000| Complete 
|  58|0x00000000e3a00000, 0x00000000e3b00000, 0x00000000e3b00000|100%|HC|  |TAMS 0x00000000e3b00000, 0x00000000e3a00000| Complete 
|  59|0x00000000e3b00000, 0x00000000e3c00000, 0x00000000e3c00000|100%|HC|  |TAMS 0x00000000e3c00000, 0x00000000e3b00000| Complete 
|  60|0x00000000e3c00000, 0x00000000e3d00000, 0x00000000e3d00000|100%|HS|  |TAMS 0x00000000e3d00000, 0x00000000e3c00000| Complete 
|  61|0x00000000e3d00000, 0x00000000e3e00000, 0x00000000e3e00000|100%|HC|  |TAMS 0x00000000e3e00000, 0x00000000e3d00000| Complete 
|  62|0x00000000e3e00000, 0x00000000e3f00000, 0x00000000e3f00000|100%|HC|  |TAMS 0x00000000e3f00000, 0x00000000e3e00000| Complete 
|  63|0x00000000e3f00000, 0x00000000e4000000, 0x00000000e4000000|100%|HC|  |TAMS 0x00000000e4000000, 0x00000000e3f00000| Complete 
|  64|0x00000000e4000000, 0x00000000e4100000, 0x00000000e4100000|100%|HS|  |TAMS 0x00000000e4100000, 0x00000000e4000000| Complete 
|  65|0x00000000e4100000, 0x00000000e4200000, 0x00000000e4200000|100%|HC|  |TAMS 0x00000000e4200000, 0x00000000e4100000| Complete 
|  66|0x00000000e4200000, 0x00000000e4300000, 0x00000000e4300000|100%|HC|  |TAMS 0x00000000e4300000, 0x00000000e4200000| Complete 
|  67|0x00000000e4300000, 0x00000000e4400000, 0x00000000e4400000|100%|HC|  |TAMS 0x00000000e4400000, 0x00000000e4300000| Complete 
|  68|0x00000000e4400000, 0x00000000e4500000, 0x00000000e4500000|100%| O|  |TAMS 0x00000000e4500000, 0x00000000e4400000| Untracked 
|  69|0x00000000e4500000, 0x00000000e4600000, 0x00000000e4600000|100%| O|  |TAMS 0x00000000e4600000, 0x00000000e4500000| Untracked 
|  70|0x00000000e4600000, 0x00000000e4700000, 0x00000000e4700000|100%| O|  |TAMS 0x00000000e4700000, 0x00000000e4600000| Untracked 
|  71|0x00000000e4700000, 0x00000000e4800000, 0x00000000e4800000|100%| O|  |TAMS 0x00000000e4800000, 0x00000000e4700000| Untracked 
|  72|0x00000000e4800000, 0x00000000e4900000, 0x00000000e4900000|100%| O|  |TAMS 0x00000000e4900000, 0x00000000e4800000| Untracked 
|  73|0x00000000e4900000, 0x00000000e4a00000, 0x00000000e4a00000|100%| O|  |TAMS 0x00000000e4a00000, 0x00000000e4900000| Untracked 
|  74|0x00000000e4a00000, 0x00000000e4b00000, 0x00000000e4b00000|100%| O|  |TAMS 0x00000000e4b00000, 0x00000000e4a00000| Untracked 
|  75|0x00000000e4b00000, 0x00000000e4c00000, 0x00000000e4c00000|100%| O|  |TAMS 0x00000000e4c00000, 0x00000000e4b00000| Updating 
|  76|0x00000000e4c00000, 0x00000000e4d00000, 0x00000000e4d00000|100%| O|  |TAMS 0x00000000e4d00000, 0x00000000e4c00000| Updating 
|  77|0x00000000e4d00000, 0x00000000e4e00000, 0x00000000e4e00000|100%| O|  |TAMS 0x00000000e4e00000, 0x00000000e4d00000| Updating 
|  78|0x00000000e4e00000, 0x00000000e4f00000, 0x00000000e4f00000|100%| O|  |TAMS 0x00000000e4f00000, 0x00000000e4e00000| Updating 
|  79|0x00000000e4f00000, 0x00000000e5000000, 0x00000000e5000000|100%| O|  |TAMS 0x00000000e5000000, 0x00000000e4f00000| Untracked 
|  80|0x00000000e5000000, 0x00000000e5100000, 0x00000000e5100000|100%| O|  |TAMS 0x00000000e5100000, 0x00000000e5000000| Untracked 
|  81|0x00000000e5100000, 0x00000000e5200000, 0x00000000e5200000|100%| O|  |TAMS 0x00000000e5200000, 0x00000000e5100000| Updating 
|  82|0x00000000e5200000, 0x00000000e5300000, 0x00000000e5300000|100%| O|  |TAMS 0x00000000e5300000, 0x00000000e5200000| Updating 
|  83|0x00000000e5300000, 0x00000000e5400000, 0x00000000e5400000|100%| O|  |TAMS 0x00000000e5400000, 0x00000000e5300000| Untracked 
|  84|0x00000000e5400000, 0x00000000e5500000, 0x00000000e5500000|100%| O|  |TAMS 0x00000000e5500000, 0x00000000e5400000| Untracked 
|  85|0x00000000e5500000, 0x00000000e5600000, 0x00000000e5600000|100%| O|  |TAMS 0x00000000e5600000, 0x00000000e5500000| Updating 
|  86|0x00000000e5600000, 0x00000000e5700000, 0x00000000e5700000|100%| O|  |TAMS 0x00000000e5700000, 0x00000000e5600000| Updating 
|  87|0x00000000e5700000, 0x00000000e5800000, 0x00000000e5800000|100%| O|  |TAMS 0x00000000e5800000, 0x00000000e5700000| Untracked 
|  88|0x00000000e5800000, 0x00000000e5900000, 0x00000000e5900000|100%|HS|  |TAMS 0x00000000e5900000, 0x00000000e5800000| Complete 
|  89|0x00000000e5900000, 0x00000000e5a00000, 0x00000000e5a00000|100%|HC|  |TAMS 0x00000000e5a00000, 0x00000000e5900000| Complete 
|  90|0x00000000e5a00000, 0x00000000e5b00000, 0x00000000e5b00000|100%|HS|  |TAMS 0x00000000e5b00000, 0x00000000e5a00000| Complete 
|  91|0x00000000e5b00000, 0x00000000e5c00000, 0x00000000e5c00000|100%|HS|  |TAMS 0x00000000e5c00000, 0x00000000e5b00000| Complete 
|  92|0x00000000e5c00000, 0x00000000e5d00000, 0x00000000e5d00000|100%|HC|  |TAMS 0x00000000e5d00000, 0x00000000e5c00000| Complete 
|  93|0x00000000e5d00000, 0x00000000e5e00000, 0x00000000e5e00000|100%|HC|  |TAMS 0x00000000e5e00000, 0x00000000e5d00000| Complete 
|  94|0x00000000e5e00000, 0x00000000e5f00000, 0x00000000e5f00000|100%|HC|  |TAMS 0x00000000e5f00000, 0x00000000e5e00000| Complete 
|  95|0x00000000e5f00000, 0x00000000e6000000, 0x00000000e6000000|100%|HC|  |TAMS 0x00000000e6000000, 0x00000000e5f00000| Complete 
|  96|0x00000000e6000000, 0x00000000e6100000, 0x00000000e6100000|100%|HS|  |TAMS 0x00000000e6100000, 0x00000000e6000000| Complete 
|  97|0x00000000e6100000, 0x00000000e6200000, 0x00000000e6200000|100%|HC|  |TAMS 0x00000000e6200000, 0x00000000e6100000| Complete 
|  98|0x00000000e6200000, 0x00000000e6300000, 0x00000000e6300000|100%|HC|  |TAMS 0x00000000e6300000, 0x00000000e6200000| Complete 
|  99|0x00000000e6300000, 0x00000000e6400000, 0x00000000e6400000|100%|HS|  |TAMS 0x00000000e6400000, 0x00000000e6300000| Complete 
| 100|0x00000000e6400000, 0x00000000e6500000, 0x00000000e6500000|100%|HC|  |TAMS 0x00000000e6500000, 0x00000000e6400000| Complete 
| 101|0x00000000e6500000, 0x00000000e6600000, 0x00000000e6600000|100%|HS|  |TAMS 0x00000000e6600000, 0x00000000e6500000| Complete 
| 102|0x00000000e6600000, 0x00000000e6700000, 0x00000000e6700000|100%| O|  |TAMS 0x00000000e6700000, 0x00000000e6600000| Untracked 
| 103|0x00000000e6700000, 0x00000000e6800000, 0x00000000e6800000|100%| O|  |TAMS 0x00000000e6800000, 0x00000000e6700000| Untracked 
| 104|0x00000000e6800000, 0x00000000e6900000, 0x00000000e6900000|100%| O|  |TAMS 0x00000000e6900000, 0x00000000e6800000| Updating 
| 105|0x00000000e6900000, 0x00000000e6a00000, 0x00000000e6a00000|100%| O|  |TAMS 0x00000000e6a00000, 0x00000000e6900000| Updating 
| 106|0x00000000e6a00000, 0x00000000e6b00000, 0x00000000e6b00000|100%| O|  |TAMS 0x00000000e6b00000, 0x00000000e6a00000| Untracked 
| 107|0x00000000e6b00000, 0x00000000e6c00000, 0x00000000e6c00000|100%| O|  |TAMS 0x00000000e6c00000, 0x00000000e6b00000| Untracked 
| 108|0x00000000e6c00000, 0x00000000e6d00000, 0x00000000e6d00000|100%| O|  |TAMS 0x00000000e6d00000, 0x00000000e6c00000| Updating 
| 109|0x00000000e6d00000, 0x00000000e6e00000, 0x00000000e6e00000|100%| O|  |TAMS 0x00000000e6e00000, 0x00000000e6d00000| Updating 
| 110|0x00000000e6e00000, 0x00000000e6f00000, 0x00000000e6f00000|100%| O|  |TAMS 0x00000000e6f00000, 0x00000000e6e00000| Updating 
| 111|0x00000000e6f00000, 0x00000000e7000000, 0x00000000e7000000|100%| O|  |TAMS 0x00000000e7000000, 0x00000000e6f00000| Updating 
| 112|0x00000000e7000000, 0x00000000e7100000, 0x00000000e7100000|100%| O|  |TAMS 0x00000000e7100000, 0x00000000e7000000| Updating 
| 113|0x00000000e7100000, 0x00000000e7200000, 0x00000000e7200000|100%| O|  |TAMS 0x00000000e7200000, 0x00000000e7100000| Untracked 
| 114|0x00000000e7200000, 0x00000000e7300000, 0x00000000e7300000|100%| O|  |TAMS 0x00000000e7300000, 0x00000000e7200000| Untracked 
| 115|0x00000000e7300000, 0x00000000e7400000, 0x00000000e7400000|100%| O|  |TAMS 0x00000000e7400000, 0x00000000e7300000| Untracked 
| 116|0x00000000e7400000, 0x00000000e7500000, 0x00000000e7500000|100%| O|  |TAMS 0x00000000e7500000, 0x00000000e7400000| Untracked 
| 117|0x00000000e7500000, 0x00000000e7600000, 0x00000000e7600000|100%| O|  |TAMS 0x00000000e7600000, 0x00000000e7500000| Updating 
| 118|0x00000000e7600000, 0x00000000e7700000, 0x00000000e7700000|100%| O|  |TAMS 0x00000000e7700000, 0x00000000e7600000| Untracked 
| 119|0x00000000e7700000, 0x00000000e7800000, 0x00000000e7800000|100%| O|  |TAMS 0x00000000e7800000, 0x00000000e7700000| Untracked 
| 120|0x00000000e7800000, 0x00000000e7900000, 0x00000000e7900000|100%| O|  |TAMS 0x00000000e7900000, 0x00000000e7800000| Updating 
| 121|0x00000000e7900000, 0x00000000e7a00000, 0x00000000e7a00000|100%| O|  |TAMS 0x00000000e7a00000, 0x00000000e7900000| Untracked 
| 122|0x00000000e7a00000, 0x00000000e7b00000, 0x00000000e7b00000|100%| O|  |TAMS 0x00000000e7b00000, 0x00000000e7a00000| Untracked 
| 123|0x00000000e7b00000, 0x00000000e7c00000, 0x00000000e7c00000|100%| O|  |TAMS 0x00000000e7c00000, 0x00000000e7b00000| Untracked 
| 124|0x00000000e7c00000, 0x00000000e7d00000, 0x00000000e7d00000|100%| O|  |TAMS 0x00000000e7d00000, 0x00000000e7c00000| Updating 
| 125|0x00000000e7d00000, 0x00000000e7e00000, 0x00000000e7e00000|100%| O|  |TAMS 0x00000000e7e00000, 0x00000000e7d00000| Untracked 
| 126|0x00000000e7e00000, 0x00000000e7f00000, 0x00000000e7f00000|100%| O|  |TAMS 0x00000000e7f00000, 0x00000000e7e00000| Updating 
| 127|0x00000000e7f00000, 0x00000000e8000000, 0x00000000e8000000|100%| O|  |TAMS 0x00000000e8000000, 0x00000000e7f00000| Updating 
| 128|0x00000000e8000000, 0x00000000e8100000, 0x00000000e8100000|100%| O|  |TAMS 0x00000000e8100000, 0x00000000e8000000| Updating 
| 129|0x00000000e8100000, 0x00000000e8200000, 0x00000000e8200000|100%| O|  |TAMS 0x00000000e8200000, 0x00000000e8100000| Updating 
| 130|0x00000000e8200000, 0x00000000e8300000, 0x00000000e8300000|100%| O|  |TAMS 0x00000000e8300000, 0x00000000e8200000| Untracked 
| 131|0x00000000e8300000, 0x00000000e8400000, 0x00000000e8400000|100%| O|  |TAMS 0x00000000e8400000, 0x00000000e8300000| Untracked 
| 132|0x00000000e8400000, 0x00000000e8500000, 0x00000000e8500000|100%| O|  |TAMS 0x00000000e8500000, 0x00000000e8400000| Untracked 
| 133|0x00000000e8500000, 0x00000000e8600000, 0x00000000e8600000|100%| O|  |TAMS 0x00000000e8600000, 0x00000000e8500000| Untracked 
| 134|0x00000000e8600000, 0x00000000e8700000, 0x00000000e8700000|100%| O|  |TAMS 0x00000000e8700000, 0x00000000e8600000| Untracked 
| 135|0x00000000e8700000, 0x00000000e8800000, 0x00000000e8800000|100%| O|  |TAMS 0x00000000e8800000, 0x00000000e8700000| Untracked 
| 136|0x00000000e8800000, 0x00000000e8900000, 0x00000000e8900000|100%| O|  |TAMS 0x00000000e8900000, 0x00000000e8800000| Untracked 
| 137|0x00000000e8900000, 0x00000000e8a00000, 0x00000000e8a00000|100%| O|  |TAMS 0x00000000e8a00000, 0x00000000e8900000| Untracked 
| 138|0x00000000e8a00000, 0x00000000e8b00000, 0x00000000e8b00000|100%| O|  |TAMS 0x00000000e8b00000, 0x00000000e8a00000| Updating 
| 139|0x00000000e8b00000, 0x00000000e8c00000, 0x00000000e8c00000|100%| O|  |TAMS 0x00000000e8c00000, 0x00000000e8b00000| Untracked 
| 140|0x00000000e8c00000, 0x00000000e8d00000, 0x00000000e8d00000|100%| O|  |TAMS 0x00000000e8d00000, 0x00000000e8c00000| Untracked 
| 141|0x00000000e8d00000, 0x00000000e8e00000, 0x00000000e8e00000|100%| O|  |TAMS 0x00000000e8e00000, 0x00000000e8d00000| Untracked 
| 142|0x00000000e8e00000, 0x00000000e8f00000, 0x00000000e8f00000|100%| O|  |TAMS 0x00000000e8f00000, 0x00000000e8e00000| Updating 
| 143|0x00000000e8f00000, 0x00000000e9000000, 0x00000000e9000000|100%| O|  |TAMS 0x00000000e9000000, 0x00000000e8f00000| Updating 
| 144|0x00000000e9000000, 0x00000000e9100000, 0x00000000e9100000|100%| O|  |TAMS 0x00000000e9100000, 0x00000000e9000000| Updating 
| 145|0x00000000e9100000, 0x00000000e9200000, 0x00000000e9200000|100%| O|  |TAMS 0x00000000e9200000, 0x00000000e9100000| Updating 
| 146|0x00000000e9200000, 0x00000000e9300000, 0x00000000e9300000|100%| O|  |TAMS 0x00000000e9300000, 0x00000000e9200000| Updating 
| 147|0x00000000e9300000, 0x00000000e9400000, 0x00000000e9400000|100%| O|  |TAMS 0x00000000e9400000, 0x00000000e9300000| Updating 
| 148|0x00000000e9400000, 0x00000000e9500000, 0x00000000e9500000|100%| O|  |TAMS 0x00000000e9500000, 0x00000000e9400000| Updating 
| 149|0x00000000e9500000, 0x00000000e9600000, 0x00000000e9600000|100%| O|  |TAMS 0x00000000e9600000, 0x00000000e9500000| Updating 
| 150|0x00000000e9600000, 0x00000000e9700000, 0x00000000e9700000|100%| O|  |TAMS 0x00000000e9700000, 0x00000000e9600000| Updating 
| 151|0x00000000e9700000, 0x00000000e9800000, 0x00000000e9800000|100%| O|  |TAMS 0x00000000e97b2400, 0x00000000e9700000| Untracked 
| 152|0x00000000e9800000, 0x00000000e9900000, 0x00000000e9900000|100%| O|  |TAMS 0x00000000e9800000, 0x00000000e9800000| Untracked 
| 153|0x00000000e9900000, 0x00000000e9a00000, 0x00000000e9a00000|100%| O|  |TAMS 0x00000000e9900000, 0x00000000e9900000| Untracked 
| 154|0x00000000e9a00000, 0x00000000e9ad2600, 0x00000000e9b00000| 82%| O|  |TAMS 0x00000000e9a00000, 0x00000000e9a00000| Updating 
| 155|0x00000000e9b00000, 0x00000000e9b00000, 0x00000000e9c00000|  0%| F|  |TAMS 0x00000000e9b00000, 0x00000000e9b00000| Untracked 
| 156|0x00000000e9c00000, 0x00000000e9c00000, 0x00000000e9d00000|  0%| F|  |TAMS 0x00000000e9c00000, 0x00000000e9c00000| Untracked 
| 157|0x00000000e9d00000, 0x00000000e9d00000, 0x00000000e9e00000|  0%| F|  |TAMS 0x00000000e9d00000, 0x00000000e9d00000| Untracked 
| 158|0x00000000e9e00000, 0x00000000e9e00000, 0x00000000e9f00000|  0%| F|  |TAMS 0x00000000e9e00000, 0x00000000e9e00000| Untracked 
| 159|0x00000000e9f00000, 0x00000000e9f00000, 0x00000000ea000000|  0%| F|  |TAMS 0x00000000e9f00000, 0x00000000e9f00000| Untracked 
| 160|0x00000000ea000000, 0x00000000ea000000, 0x00000000ea100000|  0%| F|  |TAMS 0x00000000ea000000, 0x00000000ea000000| Untracked 
| 161|0x00000000ea100000, 0x00000000ea100000, 0x00000000ea200000|  0%| F|  |TAMS 0x00000000ea100000, 0x00000000ea100000| Untracked 
| 162|0x00000000ea200000, 0x00000000ea200000, 0x00000000ea300000|  0%| F|  |TAMS 0x00000000ea200000, 0x00000000ea200000| Untracked 
| 163|0x00000000ea300000, 0x00000000ea300000, 0x00000000ea400000|  0%| F|  |TAMS 0x00000000ea300000, 0x00000000ea300000| Untracked 
| 164|0x00000000ea400000, 0x00000000ea400000, 0x00000000ea500000|  0%| F|  |TAMS 0x00000000ea400000, 0x00000000ea400000| Untracked 
| 165|0x00000000ea500000, 0x00000000ea500000, 0x00000000ea600000|  0%| F|  |TAMS 0x00000000ea500000, 0x00000000ea500000| Untracked 
| 166|0x00000000ea600000, 0x00000000ea600000, 0x00000000ea700000|  0%| F|  |TAMS 0x00000000ea600000, 0x00000000ea600000| Untracked 
| 167|0x00000000ea700000, 0x00000000ea700000, 0x00000000ea800000|  0%| F|  |TAMS 0x00000000ea700000, 0x00000000ea700000| Untracked 
| 168|0x00000000ea800000, 0x00000000ea800000, 0x00000000ea900000|  0%| F|  |TAMS 0x00000000ea800000, 0x00000000ea800000| Untracked 
| 169|0x00000000ea900000, 0x00000000ea900000, 0x00000000eaa00000|  0%| F|  |TAMS 0x00000000ea900000, 0x00000000ea900000| Untracked 
| 170|0x00000000eaa00000, 0x00000000eaa00000, 0x00000000eab00000|  0%| F|  |TAMS 0x00000000eaa00000, 0x00000000eaa00000| Untracked 
| 171|0x00000000eab00000, 0x00000000eab00000, 0x00000000eac00000|  0%| F|  |TAMS 0x00000000eab00000, 0x00000000eab00000| Untracked 
| 172|0x00000000eac00000, 0x00000000eac00000, 0x00000000ead00000|  0%| F|  |TAMS 0x00000000eac00000, 0x00000000eac00000| Untracked 
| 173|0x00000000ead00000, 0x00000000ead00000, 0x00000000eae00000|  0%| F|  |TAMS 0x00000000ead00000, 0x00000000ead00000| Untracked 
| 174|0x00000000eae00000, 0x00000000eae00000, 0x00000000eaf00000|  0%| F|  |TAMS 0x00000000eae00000, 0x00000000eae00000| Untracked 
| 175|0x00000000eaf00000, 0x00000000eaf00000, 0x00000000eb000000|  0%| F|  |TAMS 0x00000000eaf00000, 0x00000000eaf00000| Untracked 
| 176|0x00000000eb000000, 0x00000000eb000000, 0x00000000eb100000|  0%| F|  |TAMS 0x00000000eb000000, 0x00000000eb000000| Untracked 
| 177|0x00000000eb100000, 0x00000000eb100000, 0x00000000eb200000|  0%| F|  |TAMS 0x00000000eb100000, 0x00000000eb100000| Untracked 
| 178|0x00000000eb200000, 0x00000000eb200000, 0x00000000eb300000|  0%| F|  |TAMS 0x00000000eb200000, 0x00000000eb200000| Untracked 
| 179|0x00000000eb300000, 0x00000000eb300000, 0x00000000eb400000|  0%| F|  |TAMS 0x00000000eb300000, 0x00000000eb300000| Untracked 
| 180|0x00000000eb400000, 0x00000000eb400000, 0x00000000eb500000|  0%| F|  |TAMS 0x00000000eb400000, 0x00000000eb400000| Untracked 
| 181|0x00000000eb500000, 0x00000000eb500000, 0x00000000eb600000|  0%| F|  |TAMS 0x00000000eb500000, 0x00000000eb500000| Untracked 
| 182|0x00000000eb600000, 0x00000000eb600000, 0x00000000eb700000|  0%| F|  |TAMS 0x00000000eb600000, 0x00000000eb600000| Untracked 
| 183|0x00000000eb700000, 0x00000000eb700000, 0x00000000eb800000|  0%| F|  |TAMS 0x00000000eb700000, 0x00000000eb700000| Untracked 
| 184|0x00000000eb800000, 0x00000000eb800000, 0x00000000eb900000|  0%| F|  |TAMS 0x00000000eb800000, 0x00000000eb800000| Untracked 
| 185|0x00000000eb900000, 0x00000000eb900000, 0x00000000eba00000|  0%| F|  |TAMS 0x00000000eb900000, 0x00000000eb900000| Untracked 
| 186|0x00000000eba00000, 0x00000000eba00000, 0x00000000ebb00000|  0%| F|  |TAMS 0x00000000eba00000, 0x00000000eba00000| Untracked 
| 187|0x00000000ebb00000, 0x00000000ebb00000, 0x00000000ebc00000|  0%| F|  |TAMS 0x00000000ebb00000, 0x00000000ebb00000| Untracked 
| 188|0x00000000ebc00000, 0x00000000ebc00000, 0x00000000ebd00000|  0%| F|  |TAMS 0x00000000ebc00000, 0x00000000ebc00000| Untracked 
| 189|0x00000000ebd00000, 0x00000000ebd00000, 0x00000000ebe00000|  0%| F|  |TAMS 0x00000000ebd00000, 0x00000000ebd00000| Untracked 
| 190|0x00000000ebe00000, 0x00000000ebe00000, 0x00000000ebf00000|  0%| F|  |TAMS 0x00000000ebe00000, 0x00000000ebe00000| Untracked 
| 191|0x00000000ebf00000, 0x00000000ec000000, 0x00000000ec000000|100%| S|CS|TAMS 0x00000000ebf00000, 0x00000000ebf00000| Complete 
| 192|0x00000000ec000000, 0x00000000ec100000, 0x00000000ec100000|100%| S|CS|TAMS 0x00000000ec000000, 0x00000000ec000000| Complete 
| 193|0x00000000ec100000, 0x00000000ec200000, 0x00000000ec200000|100%| S|CS|TAMS 0x00000000ec100000, 0x00000000ec100000| Complete 
| 194|0x00000000ec200000, 0x00000000ec200000, 0x00000000ec300000|  0%| F|  |TAMS 0x00000000ec200000, 0x00000000ec200000| Untracked 
| 195|0x00000000ec300000, 0x00000000ec300000, 0x00000000ec400000|  0%| F|  |TAMS 0x00000000ec300000, 0x00000000ec300000| Untracked 
| 196|0x00000000ec400000, 0x00000000ec400000, 0x00000000ec500000|  0%| F|  |TAMS 0x00000000ec400000, 0x00000000ec400000| Untracked 
| 197|0x00000000ec500000, 0x00000000ec500000, 0x00000000ec600000|  0%| F|  |TAMS 0x00000000ec500000, 0x00000000ec500000| Untracked 
| 198|0x00000000ec600000, 0x00000000ec600000, 0x00000000ec700000|  0%| F|  |TAMS 0x00000000ec600000, 0x00000000ec600000| Untracked 
| 199|0x00000000ec700000, 0x00000000ec700000, 0x00000000ec800000|  0%| F|  |TAMS 0x00000000ec700000, 0x00000000ec700000| Untracked 
| 200|0x00000000ec800000, 0x00000000ec900000, 0x00000000ec900000|100%| S|CS|TAMS 0x00000000ec800000, 0x00000000ec800000| Complete 
| 201|0x00000000ec900000, 0x00000000eca00000, 0x00000000eca00000|100%| S|CS|TAMS 0x00000000ec900000, 0x00000000ec900000| Complete 
| 202|0x00000000eca00000, 0x00000000eca00000, 0x00000000ecb00000|  0%| F|  |TAMS 0x00000000eca00000, 0x00000000eca00000| Untracked 
| 203|0x00000000ecb00000, 0x00000000ecb00000, 0x00000000ecc00000|  0%| F|  |TAMS 0x00000000ecb00000, 0x00000000ecb00000| Untracked 
| 204|0x00000000ecc00000, 0x00000000ecc00000, 0x00000000ecd00000|  0%| F|  |TAMS 0x00000000ecc00000, 0x00000000ecc00000| Untracked 
| 205|0x00000000ecd00000, 0x00000000ecd00000, 0x00000000ece00000|  0%| F|  |TAMS 0x00000000ecd00000, 0x00000000ecd00000| Untracked 
| 206|0x00000000ece00000, 0x00000000ece00000, 0x00000000ecf00000|  0%| F|  |TAMS 0x00000000ece00000, 0x00000000ece00000| Untracked 
| 207|0x00000000ecf00000, 0x00000000ecf00000, 0x00000000ed000000|  0%| F|  |TAMS 0x00000000ecf00000, 0x00000000ecf00000| Untracked 
| 208|0x00000000ed000000, 0x00000000ed000000, 0x00000000ed100000|  0%| F|  |TAMS 0x00000000ed000000, 0x00000000ed000000| Untracked 
| 209|0x00000000ed100000, 0x00000000ed100000, 0x00000000ed200000|  0%| F|  |TAMS 0x00000000ed100000, 0x00000000ed100000| Untracked 
| 210|0x00000000ed200000, 0x00000000ed200000, 0x00000000ed300000|  0%| F|  |TAMS 0x00000000ed200000, 0x00000000ed200000| Untracked 
| 211|0x00000000ed300000, 0x00000000ed300000, 0x00000000ed400000|  0%| F|  |TAMS 0x00000000ed300000, 0x00000000ed300000| Untracked 
| 212|0x00000000ed400000, 0x00000000ed400000, 0x00000000ed500000|  0%| F|  |TAMS 0x00000000ed400000, 0x00000000ed400000| Untracked 
| 213|0x00000000ed500000, 0x00000000ed500000, 0x00000000ed600000|  0%| F|  |TAMS 0x00000000ed500000, 0x00000000ed500000| Untracked 
| 214|0x00000000ed600000, 0x00000000ed600000, 0x00000000ed700000|  0%| F|  |TAMS 0x00000000ed600000, 0x00000000ed600000| Untracked 
| 215|0x00000000ed700000, 0x00000000ed700000, 0x00000000ed800000|  0%| F|  |TAMS 0x00000000ed700000, 0x00000000ed700000| Untracked 
| 216|0x00000000ed800000, 0x00000000ed800000, 0x00000000ed900000|  0%| F|  |TAMS 0x00000000ed800000, 0x00000000ed800000| Untracked 
| 217|0x00000000ed900000, 0x00000000ed900000, 0x00000000eda00000|  0%| F|  |TAMS 0x00000000ed900000, 0x00000000ed900000| Untracked 
| 218|0x00000000eda00000, 0x00000000eda00000, 0x00000000edb00000|  0%| F|  |TAMS 0x00000000eda00000, 0x00000000eda00000| Untracked 
| 219|0x00000000edb00000, 0x00000000edb00000, 0x00000000edc00000|  0%| F|  |TAMS 0x00000000edb00000, 0x00000000edb00000| Untracked 
| 220|0x00000000edc00000, 0x00000000edc00000, 0x00000000edd00000|  0%| F|  |TAMS 0x00000000edc00000, 0x00000000edc00000| Untracked 
| 221|0x00000000edd00000, 0x00000000edd00000, 0x00000000ede00000|  0%| F|  |TAMS 0x00000000edd00000, 0x00000000edd00000| Untracked 
| 222|0x00000000ede00000, 0x00000000ede00000, 0x00000000edf00000|  0%| F|  |TAMS 0x00000000ede00000, 0x00000000ede00000| Untracked 
| 223|0x00000000edf00000, 0x00000000edf00000, 0x00000000ee000000|  0%| F|  |TAMS 0x00000000edf00000, 0x00000000edf00000| Untracked 
| 224|0x00000000ee000000, 0x00000000ee000000, 0x00000000ee100000|  0%| F|  |TAMS 0x00000000ee000000, 0x00000000ee000000| Untracked 
| 225|0x00000000ee100000, 0x00000000ee100000, 0x00000000ee200000|  0%| F|  |TAMS 0x00000000ee100000, 0x00000000ee100000| Untracked 
| 226|0x00000000ee200000, 0x00000000ee200000, 0x00000000ee300000|  0%| F|  |TAMS 0x00000000ee200000, 0x00000000ee200000| Untracked 
| 227|0x00000000ee300000, 0x00000000ee300000, 0x00000000ee400000|  0%| F|  |TAMS 0x00000000ee300000, 0x00000000ee300000| Untracked 
| 228|0x00000000ee400000, 0x00000000ee400000, 0x00000000ee500000|  0%| F|  |TAMS 0x00000000ee400000, 0x00000000ee400000| Untracked 
| 229|0x00000000ee500000, 0x00000000ee500000, 0x00000000ee600000|  0%| F|  |TAMS 0x00000000ee500000, 0x00000000ee500000| Untracked 
| 230|0x00000000ee600000, 0x00000000ee600000, 0x00000000ee700000|  0%| F|  |TAMS 0x00000000ee600000, 0x00000000ee600000| Untracked 
| 231|0x00000000ee700000, 0x00000000ee700000, 0x00000000ee800000|  0%| F|  |TAMS 0x00000000ee700000, 0x00000000ee700000| Untracked 
| 232|0x00000000ee800000, 0x00000000ee800000, 0x00000000ee900000|  0%| F|  |TAMS 0x00000000ee800000, 0x00000000ee800000| Untracked 
| 233|0x00000000ee900000, 0x00000000ee900000, 0x00000000eea00000|  0%| F|  |TAMS 0x00000000ee900000, 0x00000000ee900000| Untracked 
| 234|0x00000000eea00000, 0x00000000eea00000, 0x00000000eeb00000|  0%| F|  |TAMS 0x00000000eea00000, 0x00000000eea00000| Untracked 
| 235|0x00000000eeb00000, 0x00000000eeb00000, 0x00000000eec00000|  0%| F|  |TAMS 0x00000000eeb00000, 0x00000000eeb00000| Untracked 
| 236|0x00000000eec00000, 0x00000000eec00000, 0x00000000eed00000|  0%| F|  |TAMS 0x00000000eec00000, 0x00000000eec00000| Untracked 
| 237|0x00000000eed00000, 0x00000000eed00000, 0x00000000eee00000|  0%| F|  |TAMS 0x00000000eed00000, 0x00000000eed00000| Untracked 
| 238|0x00000000eee00000, 0x00000000eee00000, 0x00000000eef00000|  0%| F|  |TAMS 0x00000000eee00000, 0x00000000eee00000| Untracked 
| 239|0x00000000eef00000, 0x00000000eef00000, 0x00000000ef000000|  0%| F|  |TAMS 0x00000000eef00000, 0x00000000eef00000| Untracked 
| 240|0x00000000ef000000, 0x00000000ef000000, 0x00000000ef100000|  0%| F|  |TAMS 0x00000000ef000000, 0x00000000ef000000| Untracked 
| 241|0x00000000ef100000, 0x00000000ef100000, 0x00000000ef200000|  0%| F|  |TAMS 0x00000000ef100000, 0x00000000ef100000| Untracked 
| 242|0x00000000ef200000, 0x00000000ef200000, 0x00000000ef300000|  0%| F|  |TAMS 0x00000000ef200000, 0x00000000ef200000| Untracked 
| 243|0x00000000ef300000, 0x00000000ef300000, 0x00000000ef400000|  0%| F|  |TAMS 0x00000000ef300000, 0x00000000ef300000| Untracked 
| 244|0x00000000ef400000, 0x00000000ef400000, 0x00000000ef500000|  0%| F|  |TAMS 0x00000000ef400000, 0x00000000ef400000| Untracked 
| 245|0x00000000ef500000, 0x00000000ef500000, 0x00000000ef600000|  0%| F|  |TAMS 0x00000000ef500000, 0x00000000ef500000| Untracked 
| 246|0x00000000ef600000, 0x00000000ef600000, 0x00000000ef700000|  0%| F|  |TAMS 0x00000000ef600000, 0x00000000ef600000| Untracked 
| 247|0x00000000ef700000, 0x00000000ef700000, 0x00000000ef800000|  0%| F|  |TAMS 0x00000000ef700000, 0x00000000ef700000| Untracked 
| 248|0x00000000ef800000, 0x00000000ef800000, 0x00000000ef900000|  0%| F|  |TAMS 0x00000000ef800000, 0x00000000ef800000| Untracked 
| 249|0x00000000ef900000, 0x00000000ef900000, 0x00000000efa00000|  0%| F|  |TAMS 0x00000000ef900000, 0x00000000ef900000| Untracked 
| 250|0x00000000efa00000, 0x00000000efa00000, 0x00000000efb00000|  0%| F|  |TAMS 0x00000000efa00000, 0x00000000efa00000| Untracked 
| 251|0x00000000efb00000, 0x00000000efb00000, 0x00000000efc00000|  0%| F|  |TAMS 0x00000000efb00000, 0x00000000efb00000| Untracked 
| 252|0x00000000efc00000, 0x00000000efc00000, 0x00000000efd00000|  0%| F|  |TAMS 0x00000000efc00000, 0x00000000efc00000| Untracked 
| 253|0x00000000efd00000, 0x00000000efd00000, 0x00000000efe00000|  0%| F|  |TAMS 0x00000000efd00000, 0x00000000efd00000| Untracked 
| 254|0x00000000efe00000, 0x00000000efe00000, 0x00000000eff00000|  0%| F|  |TAMS 0x00000000efe00000, 0x00000000efe00000| Untracked 
| 255|0x00000000eff00000, 0x00000000eff00000, 0x00000000f0000000|  0%| F|  |TAMS 0x00000000eff00000, 0x00000000eff00000| Untracked 
| 256|0x00000000f0000000, 0x00000000f00b80d0, 0x00000000f0100000| 71%| E|  |TAMS 0x00000000f0000000, 0x00000000f0000000| Complete 
| 257|0x00000000f0100000, 0x00000000f0200000, 0x00000000f0200000|100%| E|CS|TAMS 0x00000000f0100000, 0x00000000f0100000| Complete 
| 258|0x00000000f0200000, 0x00000000f0300000, 0x00000000f0300000|100%| E|CS|TAMS 0x00000000f0200000, 0x00000000f0200000| Complete 
| 259|0x00000000f0300000, 0x00000000f0400000, 0x00000000f0400000|100%| E|CS|TAMS 0x00000000f0300000, 0x00000000f0300000| Complete 
| 260|0x00000000f0400000, 0x00000000f0500000, 0x00000000f0500000|100%| E|CS|TAMS 0x00000000f0400000, 0x00000000f0400000| Complete 
| 261|0x00000000f0500000, 0x00000000f0600000, 0x00000000f0600000|100%| E|CS|TAMS 0x00000000f0500000, 0x00000000f0500000| Complete 
| 262|0x00000000f0600000, 0x00000000f0700000, 0x00000000f0700000|100%| E|CS|TAMS 0x00000000f0600000, 0x00000000f0600000| Complete 
| 263|0x00000000f0700000, 0x00000000f0800000, 0x00000000f0800000|100%| E|CS|TAMS 0x00000000f0700000, 0x00000000f0700000| Complete 
| 264|0x00000000f0800000, 0x00000000f0900000, 0x00000000f0900000|100%| E|CS|TAMS 0x00000000f0800000, 0x00000000f0800000| Complete 

Card table byte_map: [0x000001b478310000,0x000001b478410000] _byte_map_base: 0x000001b477c10000

Marking Bits (Prev, Next): (CMBitMap*) 0x000001b470a843b0, (CMBitMap*) 0x000001b470a843f0
 Prev Bits: [0x000001b478510000, 0x000001b478d10000)
 Next Bits: [0x000001b478d10000, 0x000001b479510000)

Polling page: 0x000001b46e990000

Metaspace:

Usage:
  Non-class:     73.83 MB used.
      Class:     11.64 MB used.
       Both:     85.46 MB used.

Virtual space:
  Non-class space:      128.00 MB reserved,      74.25 MB ( 58%) committed,  2 nodes.
      Class space:      320.00 MB reserved,      12.00 MB (  4%) committed,  1 nodes.
             Both:      448.00 MB reserved,      86.25 MB ( 19%) committed. 

Chunk freelists:
   Non-Class:  5.77 MB
       Class:  4.00 MB
        Both:  9.77 MB

MaxMetaspaceSize: 384.00 MB
CompressedClassSpaceSize: 320.00 MB
Initial GC threshold: 21.00 MB
Current GC threshold: 143.75 MB
CDS: on
MetaspaceReclaimPolicy: balanced
 - commit_granule_bytes: 65536.
 - commit_granule_words: 8192.
 - virtual_space_node_default_size: 8388608.
 - enlarge_chunks_in_place: 1.
 - new_chunks_are_fully_committed: 0.
 - uncommit_free_chunks: 1.
 - use_allocation_guard: 0.
 - handle_deallocations: 1.


Internal statistics:

num_allocs_failed_limit: 12.
num_arena_births: 1124.
num_arena_deaths: 0.
num_vsnodes_births: 3.
num_vsnodes_deaths: 0.
num_space_committed: 1380.
num_space_uncommitted: 0.
num_chunks_returned_to_freelist: 12.
num_chunks_taken_from_freelist: 4798.
num_chunk_merges: 9.
num_chunk_splits: 3063.
num_chunks_enlarged: 1901.
num_inconsistent_stats: 0.

CodeHeap 'non-profiled nmethods': size=120000Kb used=7525Kb max_used=7525Kb free=112474Kb
 bounds [0x000001b407ad0000, 0x000001b408230000, 0x000001b40f000000]
CodeHeap 'profiled nmethods': size=120000Kb used=24749Kb max_used=24749Kb free=95250Kb
 bounds [0x000001b400000000, 0x000001b401830000, 0x000001b407530000]
CodeHeap 'non-nmethods': size=5760Kb used=2441Kb max_used=2497Kb free=3318Kb
 bounds [0x000001b407530000, 0x000001b4077b0000, 0x000001b407ad0000]
 total_blobs=13073 nmethods=12104 adapters=881
 compilation: enabled
              stopped_count=0, restarted_count=0
 full_count=0

Compilation events (20 events):
Event: 44.836 Thread 0x000001b47bae4320 13730   !   4       com.google.common.cache.LocalCache$Segment::put (439 bytes)
Event: 44.863 Thread 0x000001b47bae4320 nmethod 13730 0x000001b408220b90 code [0x000001b408220ec0, 0x000001b4082224c0]
Event: 45.506 Thread 0x000001b47bae4320 13731       4       com.google.common.cache.LocalCache$Segment::enqueueNotification (67 bytes)
Event: 45.508 Thread 0x000001b47bae4320 nmethod 13731 0x000001b408223f10 code [0x000001b4082240c0, 0x000001b408224278]
Event: 45.607 Thread 0x000001b47bae4320 13732       4       org.gradle.internal.time.DefaultCountdownTimer::hasExpired (15 bytes)
Event: 45.608 Thread 0x000001b47bae4320 nmethod 13732 0x000001b408224490 code [0x000001b408224620, 0x000001b4082247b8]
Event: 45.698 Thread 0x000001b47bae4320 13733       4       com.google.common.cache.LocalCache$AccessQueue::iterator (13 bytes)
Event: 45.700 Thread 0x000001b47bae4320 nmethod 13733 0x000001b408224990 code [0x000001b408224b20, 0x000001b408224db8]
Event: 45.727 Thread 0x000001b47bae5480 13734       3       java.util.HashMap$ValueSpliterator::characteristics (28 bytes)
Event: 45.728 Thread 0x000001b47bae5480 nmethod 13734 0x000001b40182df10 code [0x000001b40182e0c0, 0x000001b40182e298]
Event: 45.771 Thread 0x000001b47bae4320 13735       4       java.util.AbstractCollection::remove (67 bytes)
Event: 45.780 Thread 0x000001b47bae4320 nmethod 13735 0x000001b408224f10 code [0x000001b4082250e0, 0x000001b408225788]
Event: 45.794 Thread 0x000001b47bae4320 13736       4       com.google.common.collect.AbstractSequentialIterator::hasNext (13 bytes)
Event: 45.795 Thread 0x000001b47bae4320 nmethod 13736 0x000001b408225b10 code [0x000001b408225c80, 0x000001b408225d18]
Event: 45.796 Thread 0x000001b47bae4320 13737       4       com.google.common.cache.LocalCache$Segment::removeValueFromChain (67 bytes)
Event: 45.812 Thread 0x000001b47bae4320 nmethod 13737 0x000001b408225e10 code [0x000001b408226060, 0x000001b408226f48]
Event: 45.812 Thread 0x000001b47bae4320 13738       4       com.google.common.cache.LocalCache$Segment::removeEntryFromChain (73 bytes)
Event: 45.815 Thread 0x000001b47bae4320 nmethod 13738 0x000001b408227b90 code [0x000001b408227d40, 0x000001b408228078]
Event: 46.039 Thread 0x000001b47bae4320 13739 % !   4       java.nio.file.Files::walkFileTree @ 19 (297 bytes)
Event: 46.049 Thread 0x000001b47bae4320 nmethod 13739% 0x000001b408228490 code [0x000001b4082286c0, 0x000001b408228e40]

GC Heap History (20 events):
Event: 33.859 GC heap before
{Heap before GC invocations=19 (full 0):
 garbage-first heap   total 262144K, used 141672K [0x00000000e0000000, 0x0000000100000000)
  region size 1024K, 12 young (12288K), 8 survivors (8192K)
 Metaspace       used 83244K, committed 84096K, reserved 458752K
  class space    used 11476K, committed 11904K, reserved 327680K
}
Event: 33.868 GC heap after
{Heap after GC invocations=20 (full 0):
 garbage-first heap   total 262144K, used 139639K [0x00000000e0000000, 0x0000000100000000)
  region size 1024K, 2 young (2048K), 2 survivors (2048K)
 Metaspace       used 83244K, committed 84096K, reserved 458752K
  class space    used 11476K, committed 11904K, reserved 327680K
}
Event: 37.088 GC heap before
{Heap before GC invocations=20 (full 0):
 garbage-first heap   total 262144K, used 212343K [0x00000000e0000000, 0x0000000100000000)
  region size 1024K, 74 young (75776K), 2 survivors (2048K)
 Metaspace       used 84263K, committed 85120K, reserved 458752K
  class space    used 11545K, committed 11968K, reserved 327680K
}
Event: 37.101 GC heap after
{Heap after GC invocations=21 (full 0):
 garbage-first heap   total 262144K, used 143476K [0x00000000e0000000, 0x0000000100000000)
  region size 1024K, 6 young (6144K), 6 survivors (6144K)
 Metaspace       used 84263K, committed 85120K, reserved 458752K
  class space    used 11545K, committed 11968K, reserved 327680K
}
Event: 39.495 GC heap before
{Heap before GC invocations=22 (full 0):
 garbage-first heap   total 262144K, used 212732K [0x00000000e0000000, 0x0000000100000000)
  region size 1024K, 75 young (76800K), 6 survivors (6144K)
 Metaspace       used 87511K, committed 88320K, reserved 458752K
  class space    used 11915K, committed 12288K, reserved 327680K
}
Event: 39.513 GC heap after
{Heap after GC invocations=23 (full 0):
 garbage-first heap   total 262144K, used 150827K [0x00000000e0000000, 0x0000000100000000)
  region size 1024K, 9 young (9216K), 9 survivors (9216K)
 Metaspace       used 87511K, committed 88320K, reserved 458752K
  class space    used 11915K, committed 12288K, reserved 327680K
}
Event: 39.576 GC heap before
{Heap before GC invocations=23 (full 0):
 garbage-first heap   total 262144K, used 152875K [0x00000000e0000000, 0x0000000100000000)
  region size 1024K, 12 young (12288K), 9 survivors (9216K)
 Metaspace       used 87512K, committed 88320K, reserved 458752K
  class space    used 11915K, committed 12288K, reserved 327680K
}
Event: 39.592 GC heap after
{Heap after GC invocations=24 (full 0):
 garbage-first heap   total 262144K, used 149708K [0x00000000e0000000, 0x0000000100000000)
  region size 1024K, 2 young (2048K), 2 survivors (2048K)
 Metaspace       used 87512K, committed 88320K, reserved 458752K
  class space    used 11915K, committed 12288K, reserved 327680K
}
Event: 40.551 GC heap before
{Heap before GC invocations=24 (full 0):
 garbage-first heap   total 262144K, used 213196K [0x00000000e0000000, 0x0000000100000000)
  region size 1024K, 64 young (65536K), 2 survivors (2048K)
 Metaspace       used 87514K, committed 88320K, reserved 458752K
  class space    used 11916K, committed 12288K, reserved 327680K
}
Event: 40.558 GC heap after
{Heap after GC invocations=25 (full 0):
 garbage-first heap   total 262144K, used 153441K [0x00000000e0000000, 0x0000000100000000)
  region size 1024K, 6 young (6144K), 6 survivors (6144K)
 Metaspace       used 87514K, committed 88320K, reserved 458752K
  class space    used 11916K, committed 12288K, reserved 327680K
}
Event: 41.753 GC heap before
{Heap before GC invocations=26 (full 0):
 garbage-first heap   total 271360K, used 214881K [0x00000000e0000000, 0x0000000100000000)
  region size 1024K, 66 young (67584K), 6 survivors (6144K)
 Metaspace       used 87515K, committed 88320K, reserved 458752K
  class space    used 11916K, committed 12288K, reserved 327680K
}
Event: 41.765 GC heap after
{Heap after GC invocations=27 (full 0):
 garbage-first heap   total 271360K, used 155728K [0x00000000e0000000, 0x0000000100000000)
  region size 1024K, 5 young (5120K), 5 survivors (5120K)
 Metaspace       used 87515K, committed 88320K, reserved 458752K
  class space    used 11916K, committed 12288K, reserved 327680K
}
Event: 42.055 GC heap before
{Heap before GC invocations=27 (full 0):
 garbage-first heap   total 271360K, used 163920K [0x00000000e0000000, 0x0000000100000000)
  region size 1024K, 13 young (13312K), 5 survivors (5120K)
 Metaspace       used 87515K, committed 88320K, reserved 458752K
  class space    used 11916K, committed 12288K, reserved 327680K
}
Event: 42.072 GC heap after
{Heap after GC invocations=28 (full 0):
 garbage-first heap   total 271360K, used 153574K [0x00000000e0000000, 0x0000000100000000)
  region size 1024K, 2 young (2048K), 2 survivors (2048K)
 Metaspace       used 87515K, committed 88320K, reserved 458752K
  class space    used 11916K, committed 12288K, reserved 327680K
}
Event: 44.167 GC heap before
{Heap before GC invocations=28 (full 0):
 garbage-first heap   total 271360K, used 224230K [0x00000000e0000000, 0x0000000100000000)
  region size 1024K, 71 young (72704K), 2 survivors (2048K)
 Metaspace       used 87515K, committed 88320K, reserved 458752K
  class space    used 11916K, committed 12288K, reserved 327680K
}
Event: 44.173 GC heap after
{Heap after GC invocations=29 (full 0):
 garbage-first heap   total 271360K, used 157917K [0x00000000e0000000, 0x0000000100000000)
  region size 1024K, 7 young (7168K), 7 survivors (7168K)
 Metaspace       used 87515K, committed 88320K, reserved 458752K
  class space    used 11916K, committed 12288K, reserved 327680K
}
Event: 45.204 GC heap before
{Heap before GC invocations=29 (full 0):
 garbage-first heap   total 271360K, used 224477K [0x00000000e0000000, 0x0000000100000000)
  region size 1024K, 72 young (73728K), 7 survivors (7168K)
 Metaspace       used 87515K, committed 88320K, reserved 458752K
  class space    used 11916K, committed 12288K, reserved 327680K
}
Event: 45.217 GC heap after
{Heap after GC invocations=30 (full 0):
 garbage-first heap   total 271360K, used 161296K [0x00000000e0000000, 0x0000000100000000)
  region size 1024K, 6 young (6144K), 6 survivors (6144K)
 Metaspace       used 87515K, committed 88320K, reserved 458752K
  class space    used 11916K, committed 12288K, reserved 327680K
}
Event: 45.907 GC heap before
{Heap before GC invocations=30 (full 0):
 garbage-first heap   total 271360K, used 224784K [0x00000000e0000000, 0x0000000100000000)
  region size 1024K, 69 young (70656K), 6 survivors (6144K)
 Metaspace       used 87515K, committed 88320K, reserved 458752K
  class space    used 11916K, committed 12288K, reserved 327680K
}
Event: 45.920 GC heap after
{Heap after GC invocations=31 (full 0):
 garbage-first heap   total 271360K, used 163657K [0x00000000e0000000, 0x0000000100000000)
  region size 1024K, 5 young (5120K), 5 survivors (5120K)
 Metaspace       used 87515K, committed 88320K, reserved 458752K
  class space    used 11916K, committed 12288K, reserved 327680K
}

Deoptimization events (20 events):
Event: 38.998 Thread 0x000001b428cb11c0 Uncommon trap: trap_request=0xffffffde fr.pc=0x000001b407d8e874 relative=0x00000000000014d4
Event: 38.998 Thread 0x000001b428cb11c0 Uncommon trap: reason=class_check action=maybe_recompile pc=0x000001b407d8e874 method=org.gradle.internal.component.external.model.VariantMetadataRules.joinVariantAttributes(Lorg/gradle/internal/component/model/VariantResolveMetadata;Lorg/gradle/api/inter
Event: 38.998 Thread 0x000001b428cb11c0 DEOPT PACKING pc=0x000001b407d8e874 sp=0x0000009104cf8290
Event: 38.998 Thread 0x000001b428cb11c0 DEOPT UNPACKING pc=0x000001b407585ba3 sp=0x0000009104cf8180 mode 2
Event: 39.003 Thread 0x000001b42e0039f0 Uncommon trap: trap_request=0xfffffff4 fr.pc=0x000001b4080fd030 relative=0x0000000000000b50
Event: 39.003 Thread 0x000001b42e0039f0 Uncommon trap: reason=null_check action=make_not_entrant pc=0x000001b4080fd030 method=org.gradle.tooling.internal.provider.runner.ClientBuildEventGenerator$Enabled.accept(Lorg/gradle/internal/operations/BuildOperationDescriptor;)Lorg/gradle/tooling/intern
Event: 39.003 Thread 0x000001b42e0039f0 DEOPT PACKING pc=0x000001b4080fd030 sp=0x00000091087fe860
Event: 39.003 Thread 0x000001b42e0039f0 DEOPT UNPACKING pc=0x000001b407585ba3 sp=0x00000091087fe798 mode 2
Event: 39.003 Thread 0x000001b42e0039f0 Uncommon trap: trap_request=0xfffffff4 fr.pc=0x000001b407ee6a78 relative=0x00000000000000d8
Event: 39.003 Thread 0x000001b42e0039f0 Uncommon trap: reason=null_check action=make_not_entrant pc=0x000001b407ee6a78 method=org.gradle.tooling.internal.provider.runner.ClientBuildEventGenerator$Disabled.accept(Lorg/gradle/internal/operations/BuildOperationDescriptor;)Lorg/gradle/tooling/inter
Event: 39.003 Thread 0x000001b42e0039f0 DEOPT PACKING pc=0x000001b407ee6a78 sp=0x00000091087fe800
Event: 39.003 Thread 0x000001b42e0039f0 DEOPT UNPACKING pc=0x000001b407585ba3 sp=0x00000091087fe798 mode 2
Event: 39.003 Thread 0x000001b42e0039f0 Uncommon trap: trap_request=0xfffffff4 fr.pc=0x000001b407cd5138 relative=0x00000000000001f8
Event: 39.003 Thread 0x000001b42e0039f0 Uncommon trap: reason=null_check action=make_not_entrant pc=0x000001b407cd5138 method=org.gradle.tooling.internal.provider.runner.ClientBuildEventGenerator$Enabled.accept(Lorg/gradle/internal/operations/BuildOperationDescriptor;)Lorg/gradle/tooling/intern
Event: 39.003 Thread 0x000001b42e0039f0 DEOPT PACKING pc=0x000001b407cd5138 sp=0x00000091087fe7f0
Event: 39.003 Thread 0x000001b42e0039f0 DEOPT UNPACKING pc=0x000001b407585ba3 sp=0x00000091087fe788 mode 2
Event: 43.911 Thread 0x000001b428cb16d0 Uncommon trap: trap_request=0xffffff45 fr.pc=0x000001b4081e3144 relative=0x0000000000000124
Event: 43.911 Thread 0x000001b428cb16d0 Uncommon trap: reason=unstable_if action=reinterpret pc=0x000001b4081e3144 method=org.gradle.internal.time.DefaultCountdownTimer.hasExpired()Z @ 6 c2
Event: 43.912 Thread 0x000001b428cb16d0 DEOPT PACKING pc=0x000001b4081e3144 sp=0x00000091052fedc0
Event: 43.912 Thread 0x000001b428cb16d0 DEOPT UNPACKING pc=0x000001b407585ba3 sp=0x00000091052fed90 mode 2

Classes unloaded (0 events):
No events

Classes redefined (0 events):
No events

Internal exceptions (20 events):
Event: 38.297 Thread 0x000001b42d0bd570 Exception <a 'java/lang/NoSuchMethodError'{0x00000000edea1230}: static Lorg/jetbrains/kotlin/idea/gradleTooling/KotlinTaskPropertiesImpl;.<clinit>()V> (0x00000000edea1230) 
thrown [s\open\src\hotspot\share\prims\jni.cpp, line 1112]
Event: 38.736 Thread 0x000001b428cb11c0 Exception <a 'java/lang/ClassNotFoundException'{0x00000000edc359c8}: org/gradle/api/internal/artifacts/ivyservice/resolveengine/result/ComponentSelectionReasons$DefaultComponentSelectionReasonBeanInfo> (0x00000000edc359c8) 
thrown [s\open\src\hotspot\share\classfile\systemDictionary.cpp, line 256]
Event: 38.736 Thread 0x000001b428cb11c0 Exception <a 'java/lang/ClassNotFoundException'{0x00000000edc42e18}: org/gradle/api/internal/artifacts/ivyservice/resolveengine/result/ComponentSelectionReasons$DefaultComponentSelectionReasonCustomizer> (0x00000000edc42e18) 
thrown [s\open\src\hotspot\share\classfile\systemDictionary.cpp, line 256]
Event: 38.774 Thread 0x000001b42d0bd570 Exception <a 'java/lang/NoSuchMethodError'{0x00000000ed9471c8}: static Lorg/jetbrains/plugins/gradle/tooling/internal/jar/JarTaskManifestConfigurationImpl;.<clinit>()V> (0x00000000ed9471c8) 
thrown [s\open\src\hotspot\share\prims\jni.cpp, line 1112]
Event: 38.775 Thread 0x000001b42d0bd570 Exception <a 'java/lang/NoSuchMethodError'{0x00000000ed9d2148}: static Lorg/jetbrains/kotlin/idea/gradleTooling/model/parcelize/ParcelizeGradleModelImpl;.<clinit>()V> (0x00000000ed9d2148) 
thrown [s\open\src\hotspot\share\prims\jni.cpp, line 1112]
Event: 38.776 Thread 0x000001b42d0bd570 Exception <a 'java/lang/NoSuchMethodError'{0x00000000ed9da478}: static Lorg/jetbrains/kotlin/idea/gradleTooling/model/kapt/KaptGradleModelImpl;.<clinit>()V> (0x00000000ed9da478) 
thrown [s\open\src\hotspot\share\prims\jni.cpp, line 1112]
Event: 38.783 Thread 0x000001b42d0bd570 Exception <a 'java/lang/NoSuchMethodError'{0x00000000ed9e3190}: static Lorg/jetbrains/kotlin/idea/gradleTooling/model/assignment/AssignmentModelImpl;.<clinit>()V> (0x00000000ed9e3190) 
thrown [s\open\src\hotspot\share\prims\jni.cpp, line 1112]
Event: 38.790 Thread 0x000001b42d0bd570 Exception <a 'java/lang/NoSuchMethodError'{0x00000000ed9f29a0}: static Lorg/jetbrains/kotlin/idea/gradleTooling/model/samWithReceiver/SamWithReceiverModelImpl;.<clinit>()V> (0x00000000ed9f29a0) 
thrown [s\open\src\hotspot\share\prims\jni.cpp, line 1112]
Event: 38.796 Thread 0x000001b42d0bd570 Exception <a 'java/lang/NoSuchMethodError'{0x00000000ed9fb538}: static Lorg/jetbrains/kotlin/idea/gradleTooling/model/noarg/NoArgModelImpl;.<clinit>()V> (0x00000000ed9fb538) 
thrown [s\open\src\hotspot\share\prims\jni.cpp, line 1112]
Event: 38.800 Thread 0x000001b42d0bd570 Exception <a 'java/lang/NoSuchMethodError'{0x00000000ed884ad8}: static Lorg/jetbrains/kotlin/idea/gradleTooling/model/allopen/AllOpenModelImpl;.<clinit>()V> (0x00000000ed884ad8) 
thrown [s\open\src\hotspot\share\prims\jni.cpp, line 1112]
Event: 38.831 Thread 0x000001b428cb11c0 Exception <a 'java/lang/ClassNotFoundException'{0x00000000ed606778}: org/gradle/api/tasks/testing/Test_DecoratedBeanInfo> (0x00000000ed606778) 
thrown [s\open\src\hotspot\share\classfile\systemDictionary.cpp, line 256]
Event: 38.831 Thread 0x000001b428cb11c0 Exception <a 'java/lang/ClassNotFoundException'{0x00000000ed611eb8}: org/gradle/api/tasks/testing/TestBeanInfo> (0x00000000ed611eb8) 
thrown [s\open\src\hotspot\share\classfile\systemDictionary.cpp, line 256]
Event: 38.832 Thread 0x000001b428cb11c0 Exception <a 'java/lang/ClassNotFoundException'{0x00000000ed61d7f8}: org/gradle/api/tasks/testing/AbstractTestTaskBeanInfo> (0x00000000ed61d7f8) 
thrown [s\open\src\hotspot\share\classfile\systemDictionary.cpp, line 256]
Event: 38.832 Thread 0x000001b428cb11c0 Exception <a 'java/lang/ClassNotFoundException'{0x00000000ed629270}: org/gradle/api/tasks/testing/AbstractTestTaskCustomizer> (0x00000000ed629270) 
thrown [s\open\src\hotspot\share\classfile\systemDictionary.cpp, line 256]
Event: 38.834 Thread 0x000001b428cb11c0 Exception <a 'java/lang/ClassNotFoundException'{0x00000000ed651a68}: org/gradle/api/tasks/testing/TestCustomizer> (0x00000000ed651a68) 
thrown [s\open\src\hotspot\share\classfile\systemDictionary.cpp, line 256]
Event: 38.840 Thread 0x000001b428cb11c0 Exception <a 'java/lang/ClassNotFoundException'{0x00000000ed6e84e8}: org/gradle/api/tasks/testing/Test_DecoratedCustomizer> (0x00000000ed6e84e8) 
thrown [s\open\src\hotspot\share\classfile\systemDictionary.cpp, line 256]
Event: 38.860 Thread 0x000001b42d0bd570 Exception <a 'java/lang/NoSuchMethodError'{0x00000000ed40f188}: static Lorg/jetbrains/plugins/gradle/tooling/internal/VersionCatalogsModelImpl;.<clinit>()V> (0x00000000ed40f188) 
thrown [s\open\src\hotspot\share\prims\jni.cpp, line 1112]
Event: 39.003 Thread 0x000001b42e0039f0 Implicit null exception at 0x000001b4080fc970 to 0x000001b4080fd010
Event: 39.003 Thread 0x000001b42e0039f0 Implicit null exception at 0x000001b407ee69db to 0x000001b407ee6a6c
Event: 39.003 Thread 0x000001b42e0039f0 Implicit null exception at 0x000001b407cd4f84 to 0x000001b407cd512c

VM Operations (20 events):
Event: 40.751 Executing VM operation: G1Concurrent done
Event: 40.841 Executing VM operation: G1Concurrent
Event: 40.841 Executing VM operation: G1Concurrent done
Event: 41.753 Executing VM operation: G1CollectForAllocation
Event: 41.765 Executing VM operation: G1CollectForAllocation done
Event: 42.055 Executing VM operation: G1CollectForAllocation
Event: 42.072 Executing VM operation: G1CollectForAllocation done
Event: 43.081 Executing VM operation: Cleanup
Event: 43.081 Executing VM operation: Cleanup done
Event: 44.086 Executing VM operation: Cleanup
Event: 44.086 Executing VM operation: Cleanup done
Event: 44.167 Executing VM operation: G1CollectForAllocation
Event: 44.173 Executing VM operation: G1CollectForAllocation done
Event: 45.187 Executing VM operation: Cleanup
Event: 45.187 Executing VM operation: Cleanup done
Event: 45.204 Executing VM operation: G1CollectForAllocation
Event: 45.217 Executing VM operation: G1CollectForAllocation done
Event: 45.907 Executing VM operation: G1CollectForAllocation
Event: 45.920 Executing VM operation: G1CollectForAllocation done
Event: 46.082 Executing VM operation: G1Concurrent

Events (20 events):
Event: 30.680 Thread 0x000001b47baeaa80 flushing nmethod 0x000001b4012c4790
Event: 30.680 Thread 0x000001b47baeaa80 flushing nmethod 0x000001b4012c4d10
Event: 30.680 Thread 0x000001b47baeaa80 flushing nmethod 0x000001b4012c5110
Event: 31.521 loading class sun/security/ssl/Alert
Event: 31.526 loading class sun/security/ssl/Alert done
Event: 31.526 loading class sun/security/ssl/Alert$AlertConsumer
Event: 31.526 loading class sun/security/ssl/Alert$AlertConsumer done
Event: 31.526 loading class sun/security/ssl/Alert$Level
Event: 31.526 loading class sun/security/ssl/Alert$Level done
Event: 33.025 loading class sun/nio/cs/ISO_8859_1$Decoder
Event: 33.025 loading class sun/nio/cs/ISO_8859_1$Decoder done
Event: 34.809 Thread 0x000001b42cd89450 Thread exited: 0x000001b42cd89450
Event: 37.545 Thread 0x000001b47baeaa80 flushing nmethod 0x000001b400197410
Event: 37.546 Thread 0x000001b47baeaa80 flushing nmethod 0x000001b40036f690
Event: 37.549 Thread 0x000001b47baeaa80 flushing nmethod 0x000001b400744a10
Event: 37.549 Thread 0x000001b47baeaa80 flushing nmethod 0x000001b400745190
Event: 37.550 Thread 0x000001b47baeaa80 flushing nmethod 0x000001b40093d990
Event: 37.554 Thread 0x000001b47baeaa80 flushing nmethod 0x000001b401092310
Event: 37.981 loading class java/util/AbstractList$ListItr
Event: 37.981 loading class java/util/AbstractList$ListItr done


Dynamic libraries:
0x00007ff655f90000 - 0x00007ff655fa0000 	C:\Program Files\Java\jdk-17\bin\java.exe
0x00007ff8027b0000 - 0x00007ff8029c7000 	C:\WINDOWS\SYSTEM32\ntdll.dll
0x00007ff802300000 - 0x00007ff8023c4000 	C:\WINDOWS\System32\KERNEL32.DLL
0x00007ff8000f0000 - 0x00007ff8004aa000 	C:\WINDOWS\System32\KERNELBASE.dll
0x00007fffffd80000 - 0x00007fffffe91000 	C:\WINDOWS\System32\ucrtbase.dll
0x00007fffea500000 - 0x00007fffea519000 	C:\Program Files\Java\jdk-17\bin\jli.dll
0x00007fffd8610000 - 0x00007fffd862b000 	C:\Program Files\Java\jdk-17\bin\VCRUNTIME140.dll
0x00007ff801930000 - 0x00007ff8019e2000 	C:\WINDOWS\System32\ADVAPI32.dll
0x00007ff801ff0000 - 0x00007ff802097000 	C:\WINDOWS\System32\msvcrt.dll
0x00007ff800e40000 - 0x00007ff800ee7000 	C:\WINDOWS\System32\sechost.dll
0x00007ff8000c0000 - 0x00007ff8000e8000 	C:\WINDOWS\System32\bcrypt.dll
0x00007ff800520000 - 0x00007ff800634000 	C:\WINDOWS\System32\RPCRT4.dll
0x00007ff802150000 - 0x00007ff8022fe000 	C:\WINDOWS\System32\USER32.dll
0x00007fffffea0000 - 0x00007fffffec6000 	C:\WINDOWS\System32\win32u.dll
0x00007ff801dc0000 - 0x00007ff801de9000 	C:\WINDOWS\System32\GDI32.dll
0x00007fffffed0000 - 0x00007ffffffeb000 	C:\WINDOWS\System32\gdi32full.dll
0x00007ff800020000 - 0x00007ff8000ba000 	C:\WINDOWS\System32\msvcp_win.dll
0x00007ffff2320000 - 0x00007ffff232a000 	C:\WINDOWS\SYSTEM32\VERSION.dll
0x00007fffdb300000 - 0x00007fffdb592000 	C:\WINDOWS\WinSxS\amd64_microsoft.windows.common-controls_6595b64144ccf1df_6.0.22621.4541_none_2710d1c57384c085\COMCTL32.dll
0x00007ff802110000 - 0x00007ff802141000 	C:\WINDOWS\System32\IMM32.DLL
0x00007ffff8410000 - 0x00007ffff841c000 	C:\Program Files\Java\jdk-17\bin\vcruntime140_1.dll
0x00007fff9b910000 - 0x00007fff9b99e000 	C:\Program Files\Java\jdk-17\bin\msvcp140.dll
0x00007fff240a0000 - 0x00007fff24c80000 	C:\Program Files\Java\jdk-17\bin\server\jvm.dll
0x00007ff800510000 - 0x00007ff800518000 	C:\WINDOWS\System32\PSAPI.DLL
0x00007fffdfbf0000 - 0x00007fffdfbf9000 	C:\WINDOWS\SYSTEM32\WSOCK32.dll
0x00007ff801e00000 - 0x00007ff801e71000 	C:\WINDOWS\System32\WS2_32.dll
0x00007ffff5940000 - 0x00007ffff5974000 	C:\WINDOWS\SYSTEM32\WINMM.dll
0x00007ffffeab0000 - 0x00007ffffeac8000 	C:\WINDOWS\SYSTEM32\kernel.appcore.dll
0x00007fffea440000 - 0x00007fffea44a000 	C:\Program Files\Java\jdk-17\bin\jimage.dll
0x00007ffff9530000 - 0x00007ffff9762000 	C:\WINDOWS\SYSTEM32\DBGHELP.DLL
0x00007ff8023d0000 - 0x00007ff80275f000 	C:\WINDOWS\System32\combase.dll
0x00007ff800730000 - 0x00007ff800807000 	C:\WINDOWS\System32\OLEAUT32.dll
0x00007fffdc8c0000 - 0x00007fffdc8f2000 	C:\WINDOWS\SYSTEM32\dbgcore.DLL
0x00007fffffbc0000 - 0x00007fffffc3b000 	C:\WINDOWS\System32\bcryptPrimitives.dll
0x00007fffe6c70000 - 0x00007fffe6c7e000 	C:\Program Files\Java\jdk-17\bin\instrument.dll
0x00007fffd7600000 - 0x00007fffd7625000 	C:\Program Files\Java\jdk-17\bin\java.dll
0x00007fff961d0000 - 0x00007fff962a7000 	C:\Program Files\Java\jdk-17\bin\jsvml.dll
0x00007ff8010b0000 - 0x00007ff801928000 	C:\WINDOWS\System32\SHELL32.dll
0x00007ffffd9b0000 - 0x00007ffffe2b8000 	C:\WINDOWS\SYSTEM32\windows.storage.dll
0x00007ffffd870000 - 0x00007ffffd9af000 	C:\WINDOWS\SYSTEM32\wintypes.dll
0x00007ff801b50000 - 0x00007ff801c4a000 	C:\WINDOWS\System32\SHCORE.dll
0x00007ff8004b0000 - 0x00007ff80050e000 	C:\WINDOWS\System32\shlwapi.dll
0x00007fffff9a0000 - 0x00007fffff9cb000 	C:\WINDOWS\SYSTEM32\profapi.dll
0x00007fffc4310000 - 0x00007fffc4328000 	C:\Program Files\Java\jdk-17\bin\zip.dll
0x00007fffbeea0000 - 0x00007fffbeeb9000 	C:\Program Files\Java\jdk-17\bin\net.dll
0x00007ffff5160000 - 0x00007ffff5296000 	C:\WINDOWS\SYSTEM32\WINHTTP.dll
0x00007ffffef30000 - 0x00007ffffef99000 	C:\WINDOWS\system32\mswsock.dll
0x00007fffb5bd0000 - 0x00007fffb5be6000 	C:\Program Files\Java\jdk-17\bin\nio.dll
0x00007fffe6c40000 - 0x00007fffe6c50000 	C:\Program Files\Java\jdk-17\bin\verify.dll
0x00007fffe7cf0000 - 0x00007fffe7d17000 	C:\Users\Akshada\.gradle\native\c067742578af261105cb4f569cf0c3c89f3d7b1fecec35dd04571415982c5e48\windows-amd64\native-platform.dll
0x00007fff95f60000 - 0x00007fff960a4000 	C:\Users\Akshada\.gradle\native\100fb08df4bc3b14c8652ba06237920a3bd2aa13389f12d3474272988ae205f9\windows-amd64\native-platform-file-events.dll
0x00007fffe5aa0000 - 0x00007fffe5aaa000 	C:\Program Files\Java\jdk-17\bin\management.dll
0x00007fffe59f0000 - 0x00007fffe59fb000 	C:\Program Files\Java\jdk-17\bin\management_ext.dll
0x00007fffff190000 - 0x00007fffff1ab000 	C:\WINDOWS\SYSTEM32\CRYPTSP.dll
0x00007ffffea10000 - 0x00007ffffea45000 	C:\WINDOWS\system32\rsaenh.dll
0x00007fffff020000 - 0x00007fffff048000 	C:\WINDOWS\SYSTEM32\USERENV.dll
0x00007fffff180000 - 0x00007fffff18c000 	C:\WINDOWS\SYSTEM32\CRYPTBASE.dll
0x00007ffffe520000 - 0x00007ffffe54d000 	C:\WINDOWS\SYSTEM32\IPHLPAPI.DLL
0x00007ff8019f0000 - 0x00007ff8019f9000 	C:\WINDOWS\System32\NSI.dll
0x00007ffff50b0000 - 0x00007ffff50c9000 	C:\WINDOWS\SYSTEM32\dhcpcsvc6.DLL
0x00007ffff5090000 - 0x00007ffff50af000 	C:\WINDOWS\SYSTEM32\dhcpcsvc.DLL
0x00007ffffe590000 - 0x00007ffffe692000 	C:\WINDOWS\SYSTEM32\DNSAPI.dll
0x00007fffe58f0000 - 0x00007fffe58fe000 	C:\Program Files\Java\jdk-17\bin\sunmscapi.dll
0x00007fffffa50000 - 0x00007fffffbb6000 	C:\WINDOWS\System32\CRYPT32.dll
0x00007fffff320000 - 0x00007fffff34d000 	C:\WINDOWS\SYSTEM32\ncrypt.dll
0x00007fffff2e0000 - 0x00007fffff317000 	C:\WINDOWS\SYSTEM32\NTASN1.dll
0x00007fffc2df0000 - 0x00007fffc2df8000 	C:\WINDOWS\system32\wshunix.dll
0x00007fffc25f0000 - 0x00007fffc2607000 	C:\WINDOWS\system32\napinsp.dll
0x00007fff7fe90000 - 0x00007fff7feab000 	C:\WINDOWS\system32\pnrpnsp.dll
0x00007fff7fe70000 - 0x00007fff7fe81000 	C:\WINDOWS\System32\winrnr.dll
0x00007fffbe840000 - 0x00007fffbe855000 	C:\WINDOWS\system32\wshbth.dll
0x00007fff8f590000 - 0x00007fff8f5b7000 	C:\WINDOWS\system32\nlansp_c.dll
0x00007fffe80f0000 - 0x00007fffe80fa000 	C:\Windows\System32\rasadhlp.dll
0x00007ffff24d0000 - 0x00007ffff2553000 	C:\WINDOWS\System32\fwpuclnt.dll

dbghelp: loaded successfully - version: 4.0.5 - missing functions: none
symbol engine: initialized successfully - sym options: 0x614 - pdb path: .;C:\Program Files\Java\jdk-17\bin;C:\WINDOWS\SYSTEM32;C:\WINDOWS\WinSxS\amd64_microsoft.windows.common-controls_6595b64144ccf1df_6.0.22621.4541_none_2710d1c57384c085;C:\Program Files\Java\jdk-17\bin\server;C:\Users\Akshada\.gradle\native\c067742578af261105cb4f569cf0c3c89f3d7b1fecec35dd04571415982c5e48\windows-amd64;C:\Users\Akshada\.gradle\native\100fb08df4bc3b14c8652ba06237920a3bd2aa13389f12d3474272988ae205f9\windows-amd64

VM Arguments:
jvm_args: --add-opens=java.base/java.util=ALL-UNNAMED --add-opens=java.base/java.lang=ALL-UNNAMED --add-opens=java.base/java.lang.invoke=ALL-UNNAMED --add-opens=java.prefs/java.util.prefs=ALL-UNNAMED --add-exports=jdk.compiler/com.sun.tools.javac.api=ALL-UNNAMED --add-exports=jdk.compiler/com.sun.tools.javac.util=ALL-UNNAMED --add-opens=java.base/java.nio.charset=ALL-UNNAMED --add-opens=java.base/java.net=ALL-UNNAMED --add-opens=java.base/java.util.concurrent.atomic=ALL-UNNAMED -XX:MaxMetaspaceSize=384m -XX:+HeapDumpOnOutOfMemoryError -Xms256m -Xmx512m -Dfile.encoding=UTF-8 -Duser.country -Duser.language=en -Duser.variant -javaagent:C:\Users\Akshada\.gradle\wrapper\dists\gradle-8.10-bin\deqhafrv1ntovfmgh0nh3npr9\gradle-8.10\lib\agents\gradle-instrumentation-agent-8.10.jar 
java_command: org.gradle.launcher.daemon.bootstrap.GradleDaemon 8.10
java_class_path (initial): C:\Users\Akshada\.gradle\wrapper\dists\gradle-8.10-bin\deqhafrv1ntovfmgh0nh3npr9\gradle-8.10\lib\gradle-daemon-main-8.10.jar
Launcher Type: SUN_STANDARD

[Global flags]
     intx CICompilerCount                          = 3                                         {product} {ergonomic}
   size_t CompressedClassSpaceSize                 = 335544320                                 {product} {ergonomic}
     uint ConcGCThreads                            = 1                                         {product} {ergonomic}
     uint G1ConcRefinementThreads                  = 4                                         {product} {ergonomic}
   size_t G1HeapRegionSize                         = 1048576                                   {product} {ergonomic}
    uintx GCDrainStackTargetSize                   = 64                                        {product} {ergonomic}
     bool HeapDumpOnOutOfMemoryError               = true                                   {manageable} {command line}
   size_t InitialHeapSize                          = 268435456                                 {product} {command line}
   size_t MarkStackSize                            = 4194304                                   {product} {ergonomic}
   size_t MaxHeapSize                              = 536870912                                 {product} {command line}
   size_t MaxMetaspaceSize                         = 402653184                                 {product} {command line}
   size_t MaxNewSize                               = 321912832                                 {product} {ergonomic}
   size_t MinHeapDeltaBytes                        = 1048576                                   {product} {ergonomic}
   size_t MinHeapSize                              = 268435456                                 {product} {command line}
    uintx NonNMethodCodeHeapSize                   = 5832780                                {pd product} {ergonomic}
    uintx NonProfiledCodeHeapSize                  = 122912730                              {pd product} {ergonomic}
    uintx ProfiledCodeHeapSize                     = 122912730                              {pd product} {ergonomic}
    uintx ReservedCodeCacheSize                    = 251658240                              {pd product} {ergonomic}
     bool SegmentedCodeCache                       = true                                      {product} {ergonomic}
   size_t SoftMaxHeapSize                          = 536870912                              {manageable} {ergonomic}
     bool UseCompressedClassPointers               = true                           {product lp64_product} {ergonomic}
     bool UseCompressedOops                        = true                           {product lp64_product} {ergonomic}
     bool UseG1GC                                  = true                                      {product} {ergonomic}
     bool UseLargePagesIndividualAllocation        = false                                  {pd product} {ergonomic}

Logging:
Log output configuration:
 #0: stdout all=warning uptime,level,tags
 #1: stderr all=off uptime,level,tags

Environment Variables:
JAVA_HOME=C:\Program Files\Java\jdk-17
PATH=C:\Program Files\Common Files\Oracle\Java\javapath;C:\Users\Akshada\Downloads\WINDOWS.X64_193000_db_home\bin;C:\Python310\Scripts\;C:\Python310\;C:\WINDOWS\system32;C:\WINDOWS;C:\WINDOWS\System32\Wbem;C:\WINDOWS\System32\WindowsPowerShell\v1.0\;C:\WINDOWS\System32\OpenSSH\;C:\ProgramData\chocolatey\bin;C:\Program Files\Microsoft SQL Server\110\Tools\Binn\;C:\Program Files\Microsoft SQL Server\150\Tools\Binn\;C:\Program Files\Git\cmd;C:\Program Files\nodejs\;C:\Program Files\Java\jdk-21\bin;C:\Program Files\Java\jdk-17\bin;C:\Users\Akshada\AppData\Local\Android\Sdk\emulator;C:\Users\Akshada\AppData\Local\Android\Sdk\platform-tools;C:\Users\Akshada\AppData\Local\Android\Sdk\tools;C:\Users\Akshada\AppData\Local\jdk-11.0.2\bin;C:\Users\Akshada\AppData\Local\Android\Sdk\tools;C:\Users\Akshada\AppData\Local\jdk-11.0.2\bin;C:\Users\Akshada\AppData\Local\Android\Sdk\tools;C:\Users\Akshada\AppData\Local\jdk-11.0.2\bin;C:\Users\Akshada\AppData\Local\Programs\Python\Python312\Scripts\;C:\Users\Akshada\AppData\Local\Programs\Python\Python312\;C:\Users\Akshada\AppData\Local\Programs\Python\Launcher\;C:\Users\Akshada\AppData\Local\Microsoft\WindowsApps;C:\MinGW\bin;C:\Users\Akshada\AppData\Local\Programs\Microsoft VS Code\bin;C:\Users\Akshada\AppData\Local\Microsoft\WinGet\Packages\Schniz.fnm_Microsoft.Winget.Source_8wekyb3d8bbwe;C:\Users\Akshada\AppData\Roaming\npm
USERNAME=Akshada
OS=Windows_NT
PROCESSOR_IDENTIFIER=Intel64 Family 6 Model 126 Stepping 5, GenuineIntel



---------------  S Y S T E M  ---------------

OS:
 Windows 11 , 64 bit Build 22621 (10.0.22621.4391)
OS uptime: 2 days 18:41 hours

CPU: total 4 (initial active 4) (2 cores per cpu, 2 threads per core) family 6 model 126 stepping 5 microcode 0xa6, cx8, cmov, fxsr, ht, mmx, 3dnowpref, sse, sse2, sse3, ssse3, sse4.1, sse4.2, popcnt, lzcnt, tsc, tscinvbit, avx, avx2, aes, erms, clmul, bmi1, bmi2, adx, avx512f, avx512dq, avx512cd, avx512bw, avx512vl, sha, fma, vzeroupper, avx512_vpopcntdq, avx512_vpclmulqdq, avx512_vaes, avx512_vnni, clflush, clflushopt, avx512_vbmi2, avx512_vbmi

Memory: 4k page, system-wide physical 3877M (299M free)
TotalPageFile size 15653M (AvailPageFile size 20M)
current process WorkingSet (physical memory assigned to process): 327M, peak: 405M
current process commit charge ("private bytes"): 544M, peak: 561M

vm_info: Java HotSpot(TM) 64-Bit Server VM (17.0.12+8-LTS-286) for windows-amd64 JRE (17.0.12+8-LTS-286), built on Jun  5 2024 06:46:59 by "mach5one" with MS VC++ 17.6 (VS2022)

END.
