#
# There is insufficient memory for the Java Runtime Environment to continue.
# Native memory allocation (malloc) failed to allocate 1755696 bytes for Chunk::new
# Possible reasons:
#   The system is out of physical RAM or swap space
#   The process is running with CompressedOops enabled, and the Java Heap may be blocking the growth of the native heap
# Possible solutions:
#   Reduce memory load on the system
#   Increase physical memory or swap space
#   Check if swap backing store is full
#   Decrease Java heap size (-Xmx/-Xms)
#   Decrease number of Java threads
#   Decrease Java thread stack sizes (-Xss)
#   Set larger code cache with -XX:ReservedCodeCacheSize=
#   JVM is running with Unscaled Compressed Oops mode in which the Java heap is
#     placed in the first 4GB address space. The Java Heap base address is the
#     maximum limit for the native heap growth. Please use -XX:HeapBaseMinAddress
#     to set the Java Heap base and to place the Java Heap above 4GB virtual address.
# This output file may be truncated or incomplete.
#
#  Out of Memory Error (arena.cpp:189), pid=3044, tid=20084
#
# JRE version: Java(TM) SE Runtime Environment (17.0.12+8) (build 17.0.12+8-LTS-286)
# Java VM: Java HotSpot(TM) 64-Bit Server VM (17.0.12+8-LTS-286, mixed mode, sharing, tiered, compressed oops, compressed class ptrs, g1 gc, windows-amd64)
# No core dump will be written. Minidumps are not enabled by default on client versions of Windows
#

---------------  S U M M A R Y ------------

Command Line: --add-opens=java.base/java.util=ALL-UNNAMED --add-opens=java.base/java.lang=ALL-UNNAMED --add-opens=java.base/java.lang.invoke=ALL-UNNAMED --add-opens=java.prefs/java.util.prefs=ALL-UNNAMED --add-exports=jdk.compiler/com.sun.tools.javac.api=ALL-UNNAMED --add-exports=jdk.compiler/com.sun.tools.javac.util=ALL-UNNAMED --add-opens=java.base/java.nio.charset=ALL-UNNAMED --add-opens=java.base/java.net=ALL-UNNAMED --add-opens=java.base/java.util.concurrent.atomic=ALL-UNNAMED -XX:MaxMetaspaceSize=384m -XX:+HeapDumpOnOutOfMemoryError -Xms256m -Xmx512m -Dfile.encoding=UTF-8 -Duser.country -Duser.language=en -Duser.variant -javaagent:C:\Users\Akshada\.gradle\wrapper\dists\gradle-8.10-bin\deqhafrv1ntovfmgh0nh3npr9\gradle-8.10\lib\agents\gradle-instrumentation-agent-8.10.jar org.gradle.launcher.daemon.bootstrap.GradleDaemon 8.10

Host: Intel(R) Core(TM) i3-1005G1 CPU @ 1.20GHz, 4 cores, 3G,  Windows 11 , 64 bit Build 22621 (10.0.22621.4391)
Time: Thu Dec 19 15:42:42 2024 India Standard Time elapsed time: 95.340666 seconds (0d 0h 1m 35s)

---------------  T H R E A D  ---------------

Current thread (0x000001c1122e4d20):  JavaThread "C2 CompilerThread0" daemon [_thread_in_native, id=20084, stack(0x000000167a300000,0x000000167a400000)]


Current CompileTask:
C2:  95341 16988       4       javax.management.ObjectName::construct (1135 bytes)

Stack: [0x000000167a300000,0x000000167a400000]
Native frames: (J=compiled Java code, j=interpreted, Vv=VM code, C=native code)
V  [jvm.dll+0x67a04a]
V  [jvm.dll+0x7da4ed]
V  [jvm.dll+0x7dbe33]
V  [jvm.dll+0x7dc4a3]
V  [jvm.dll+0x24508f]
V  [jvm.dll+0xab773]
V  [jvm.dll+0xabd3c]
V  [jvm.dll+0x361b9f]
V  [jvm.dll+0x1ba64a]
V  [jvm.dll+0x216997]
V  [jvm.dll+0x215c6f]
V  [jvm.dll+0x1a2960]
V  [jvm.dll+0x22610b]
V  [jvm.dll+0x2242ab]
V  [jvm.dll+0x79075c]
V  [jvm.dll+0x78abea]
V  [jvm.dll+0x678f35]
C  [ucrtbase.dll+0x29333]
C  [KERNEL32.DLL+0x1259d]
C  [ntdll.dll+0x5af38]


---------------  P R O C E S S  ---------------

Threads class SMR info:
_java_thread_list=0x000001c130764730, length=84, elements={
0x000001c1781e7600, 0x000001c1122cadc0, 0x000001c1122cd790, 0x000001c1122e1be0,
0x000001c1122e24b0, 0x000001c1122e3390, 0x000001c1122e3c60, 0x000001c1122e4d20,
0x000001c1122f0790, 0x000001c112430570, 0x000001c1124d0850, 0x000001c1125b6040,
0x000001c12d1e7330, 0x000001c12d5c81a0, 0x000001c12dbb0af0, 0x000001c12dc1a1d0,
0x000001c12dd60300, 0x000001c12dd5e4a0, 0x000001c12dd5e9b0, 0x000001c12dd5d570,
0x000001c12dd5da80, 0x000001c12dd60810, 0x000001c12dd5eec0, 0x000001c12dd5d060,
0x000001c12dd5df90, 0x000001c12dd5f3d0, 0x000001c12dd5fdf0, 0x000001c11256c580,
0x000001c11256a720, 0x000001c1125697f0, 0x000001c112569d00, 0x000001c11256bb60,
0x000001c11256c070, 0x000001c11256ca90, 0x000001c11256fd30, 0x000001c11256e3e0,
0x000001c11256ac30, 0x000001c11256f820, 0x000001c112571170, 0x000001c11256cfa0,
0x000001c11256d4b0, 0x000001c11256b650, 0x000001c11256d9c0, 0x000001c11256ee00,
0x000001c112570240, 0x000001c11256a210, 0x000001c112570750, 0x000001c112570c60,
0x000001c12e1edce0, 0x000001c12e1ed7d0, 0x000001c12e1ebe80, 0x000001c12e1ea530,
0x000001c12e1ef630, 0x000001c12e1ec390, 0x000001c12e1f0a70, 0x000001c12e1ecdb0,
0x000001c12e1f0f80, 0x000001c12e1ed2c0, 0x000001c12e1ec8a0, 0x000001c12e1f0050,
0x000001c12e1ef120, 0x000001c12e1efb40, 0x000001c12e1eec10, 0x000001c12e1f0560,
0x000001c12e1f1490, 0x000001c12e1f19a0, 0x000001c12e1eaf50, 0x000001c12e1eb970,
0x000001c12c9e3590, 0x000001c12c9e6830, 0x000001c12c9e49d0, 0x000001c12c9df8d0,
0x000001c12c9e1220, 0x000001c12c9e1730, 0x000001c12c9e4ee0, 0x000001c12c9e3fb0,
0x000001c12c9e6d40, 0x000001c12c9e44c0, 0x000001c12c9e2150, 0x000001c12c9e1c40,
0x000001c12c9e3aa0, 0x000001c12c9e0800, 0x000001c12c9e02f0, 0x000001c12c9e2660
}

Java Threads: ( => current thread )
  0x000001c1781e7600 JavaThread "main" [_thread_blocked, id=20580, stack(0x0000001679600000,0x0000001679700000)]
  0x000001c1122cadc0 JavaThread "Reference Handler" daemon [_thread_blocked, id=15784, stack(0x0000001679d00000,0x0000001679e00000)]
  0x000001c1122cd790 JavaThread "Finalizer" daemon [_thread_blocked, id=3988, stack(0x0000001679e00000,0x0000001679f00000)]
  0x000001c1122e1be0 JavaThread "Signal Dispatcher" daemon [_thread_blocked, id=15780, stack(0x0000001679f00000,0x000000167a000000)]
  0x000001c1122e24b0 JavaThread "Attach Listener" daemon [_thread_blocked, id=12412, stack(0x000000167a000000,0x000000167a100000)]
  0x000001c1122e3390 JavaThread "Service Thread" daemon [_thread_blocked, id=14716, stack(0x000000167a100000,0x000000167a200000)]
  0x000001c1122e3c60 JavaThread "Monitor Deflation Thread" daemon [_thread_blocked, id=18680, stack(0x000000167a200000,0x000000167a300000)]
=>0x000001c1122e4d20 JavaThread "C2 CompilerThread0" daemon [_thread_in_native, id=20084, stack(0x000000167a300000,0x000000167a400000)]
  0x000001c1122f0790 JavaThread "C1 CompilerThread0" daemon [_thread_blocked, id=6684, stack(0x000000167a400000,0x000000167a500000)]
  0x000001c112430570 JavaThread "Sweeper thread" daemon [_thread_blocked, id=14436, stack(0x000000167a500000,0x000000167a600000)]
  0x000001c1124d0850 JavaThread "Common-Cleaner" daemon [_thread_blocked, id=13596, stack(0x000000167a600000,0x000000167a700000)]
  0x000001c1125b6040 JavaThread "Notification Thread" daemon [_thread_blocked, id=21144, stack(0x000000167a700000,0x000000167a800000)]
  0x000001c12d1e7330 JavaThread "Daemon health stats" [_thread_blocked, id=20664, stack(0x000000167a900000,0x000000167aa00000)]
  0x000001c12d5c81a0 JavaThread "Incoming local TCP Connector on port 59392" [_thread_in_native, id=16860, stack(0x000000167ad00000,0x000000167ae00000)]
  0x000001c12dbb0af0 JavaThread "Daemon periodic checks" [_thread_blocked, id=8412, stack(0x000000167ae00000,0x000000167af00000)]
  0x000001c12dc1a1d0 JavaThread "Daemon" [_thread_blocked, id=6264, stack(0x000000167af00000,0x000000167b000000)]
  0x000001c12dd60300 JavaThread "Handler for socket connection from /127.0.0.1:59392 to /127.0.0.1:59393" [_thread_in_native, id=15172, stack(0x000000167b000000,0x000000167b100000)]
  0x000001c12dd5e4a0 JavaThread "Cancel handler" [_thread_blocked, id=21420, stack(0x000000167b100000,0x000000167b200000)]
  0x000001c12dd5e9b0 JavaThread "Daemon worker" [_thread_in_native, id=19880, stack(0x000000167b200000,0x000000167b300000)]
  0x000001c12dd5d570 JavaThread "Asynchronous log dispatcher for DefaultDaemonConnection: socket connection from /127.0.0.1:59392 to /127.0.0.1:59393" [_thread_blocked, id=6256, stack(0x000000167b300000,0x000000167b400000)]
  0x000001c12dd5da80 JavaThread "Stdin handler" [_thread_blocked, id=17388, stack(0x000000167b400000,0x000000167b500000)]
  0x000001c12dd60810 JavaThread "Daemon client event forwarder" [_thread_blocked, id=2616, stack(0x000000167b500000,0x000000167b600000)]
  0x000001c12dd5eec0 JavaThread "Cache worker for journal cache (C:\Users\Akshada\.gradle\caches\journal-1)" [_thread_blocked, id=460, stack(0x000000167b600000,0x000000167b700000)]
  0x000001c12dd5d060 JavaThread "File lock request listener" [_thread_in_native, id=14680, stack(0x000000167b700000,0x000000167b800000)]
  0x000001c12dd5df90 JavaThread "Cache worker for file hash cache (C:\Users\Akshada\.gradle\caches\8.10\fileHashes)" [_thread_blocked, id=19972, stack(0x000000167b800000,0x000000167b900000)]
  0x000001c12dd5f3d0 JavaThread "Cache worker for file hash cache (C:\HyperMinds_Projects\Implant_Website\Implant_BE\BE-Hyper\.gradle\8.10\fileHashes)" [_thread_blocked, id=4672, stack(0x000000167b900000,0x000000167ba00000)]
  0x000001c12dd5fdf0 JavaThread "Cache worker for Build Output Cleanup Cache (C:\HyperMinds_Projects\Implant_Website\Implant_BE\BE-Hyper\.gradle\buildOutputCleanup)" [_thread_blocked, id=2708, stack(0x000000167ba00000,0x000000167bb00000)]
  0x000001c11256c580 JavaThread "File watcher server" daemon [_thread_in_native, id=9464, stack(0x000000167bb00000,0x000000167bc00000)]
  0x000001c11256a720 JavaThread "File watcher consumer" daemon [_thread_blocked, id=2500, stack(0x000000167bc00000,0x000000167bd00000)]
  0x000001c1125697f0 JavaThread "jar transforms" [_thread_blocked, id=17132, stack(0x000000167bd00000,0x000000167be00000)]
  0x000001c112569d00 JavaThread "jar transforms Thread 2" [_thread_blocked, id=5956, stack(0x000000167be00000,0x000000167bf00000)]
  0x000001c11256bb60 JavaThread "jar transforms Thread 3" [_thread_blocked, id=5336, stack(0x000000167bf00000,0x000000167c000000)]
  0x000001c11256c070 JavaThread "jar transforms Thread 4" [_thread_blocked, id=2428, stack(0x000000167c000000,0x000000167c100000)]
  0x000001c11256ca90 JavaThread "Cache worker for checksums cache (C:\HyperMinds_Projects\Implant_Website\Implant_BE\BE-Hyper\.gradle\8.10\checksums)" [_thread_blocked, id=8752, stack(0x000000167c100000,0x000000167c200000)]
  0x000001c11256fd30 JavaThread "Cache worker for file content cache (C:\Users\Akshada\.gradle\caches\8.10\fileContent)" [_thread_blocked, id=17840, stack(0x000000167c200000,0x000000167c300000)]
  0x000001c11256e3e0 JavaThread "Cache worker for cache directory md-rule (C:\Users\Akshada\.gradle\caches\8.10\md-rule)" [_thread_blocked, id=12064, stack(0x000000167c300000,0x000000167c400000)]
  0x000001c11256ac30 JavaThread "Cache worker for cache directory md-supplier (C:\Users\Akshada\.gradle\caches\8.10\md-supplier)" [_thread_blocked, id=16708, stack(0x000000167c400000,0x000000167c500000)]
  0x000001c11256f820 JavaThread "Unconstrained build operations" [_thread_blocked, id=10812, stack(0x000000167c600000,0x000000167c700000)]
  0x000001c112571170 JavaThread "Unconstrained build operations Thread 2" [_thread_blocked, id=11820, stack(0x000000167c700000,0x000000167c800000)]
  0x000001c11256cfa0 JavaThread "Unconstrained build operations Thread 3" [_thread_blocked, id=720, stack(0x000000167c800000,0x000000167c900000)]
  0x000001c11256d4b0 JavaThread "Unconstrained build operations Thread 4" [_thread_blocked, id=21320, stack(0x000000167c900000,0x000000167ca00000)]
  0x000001c11256b650 JavaThread "Unconstrained build operations Thread 5" [_thread_blocked, id=17744, stack(0x000000167ca00000,0x000000167cb00000)]
  0x000001c11256d9c0 JavaThread "Unconstrained build operations Thread 6" [_thread_blocked, id=10020, stack(0x000000167cb00000,0x000000167cc00000)]
  0x000001c11256ee00 JavaThread "Unconstrained build operations Thread 7" [_thread_blocked, id=19952, stack(0x000000167cc00000,0x000000167cd00000)]
  0x000001c112570240 JavaThread "Unconstrained build operations Thread 8" [_thread_blocked, id=6008, stack(0x000000167cd00000,0x000000167ce00000)]
  0x000001c11256a210 JavaThread "Unconstrained build operations Thread 9" [_thread_blocked, id=7000, stack(0x000000167ce00000,0x000000167cf00000)]
  0x000001c112570750 JavaThread "Unconstrained build operations Thread 10" [_thread_blocked, id=19072, stack(0x000000167d000000,0x000000167d100000)]
  0x000001c112570c60 JavaThread "Unconstrained build operations Thread 11" [_thread_blocked, id=4960, stack(0x000000167d100000,0x000000167d200000)]
  0x000001c12e1edce0 JavaThread "Unconstrained build operations Thread 12" [_thread_blocked, id=8284, stack(0x000000167d200000,0x000000167d300000)]
  0x000001c12e1ed7d0 JavaThread "Unconstrained build operations Thread 13" [_thread_blocked, id=17500, stack(0x000000167d300000,0x000000167d400000)]
  0x000001c12e1ebe80 JavaThread "Unconstrained build operations Thread 14" [_thread_blocked, id=18132, stack(0x000000167d400000,0x000000167d500000)]
  0x000001c12e1ea530 JavaThread "Unconstrained build operations Thread 15" [_thread_blocked, id=19396, stack(0x000000167d500000,0x000000167d600000)]
  0x000001c12e1ef630 JavaThread "build event listener" [_thread_blocked, id=15356, stack(0x000000167cf00000,0x000000167d000000)]
  0x000001c12e1ec390 JavaThread "Memory manager" [_thread_blocked, id=14456, stack(0x000000167d700000,0x000000167d800000)]
  0x000001c12e1f0a70 JavaThread "Execution worker" [_thread_blocked, id=9100, stack(0x000000167d900000,0x000000167da00000)]
  0x000001c12e1ecdb0 JavaThread "Execution worker Thread 2" [_thread_blocked, id=12524, stack(0x000000167da00000,0x000000167db00000)]
  0x000001c12e1f0f80 JavaThread "Execution worker Thread 3" [_thread_blocked, id=16912, stack(0x000000167db00000,0x000000167dc00000)]
  0x000001c12e1ed2c0 JavaThread "Cache worker for execution history cache (C:\HyperMinds_Projects\Implant_Website\Implant_BE\BE-Hyper\.gradle\8.10\executionHistory)" [_thread_blocked, id=18876, stack(0x000000167dc00000,0x000000167dd00000)]
  0x000001c12e1ec8a0 JavaThread "idea-tooling-model-converter" [_thread_blocked, id=12940, stack(0x000000167dd00000,0x000000167de00000)]
  0x000001c12e1f0050 JavaThread "Unconstrained build operations Thread 16" [_thread_blocked, id=10796, stack(0x000000167de00000,0x000000167df00000)]
  0x000001c12e1ef120 JavaThread "Unconstrained build operations Thread 17" [_thread_blocked, id=11104, stack(0x000000167df00000,0x000000167e000000)]
  0x000001c12e1efb40 JavaThread "Unconstrained build operations Thread 18" [_thread_blocked, id=9952, stack(0x000000167e000000,0x000000167e100000)]
  0x000001c12e1eec10 JavaThread "Unconstrained build operations Thread 19" [_thread_blocked, id=16620, stack(0x000000167e100000,0x000000167e200000)]
  0x000001c12e1f0560 JavaThread "Unconstrained build operations Thread 20" [_thread_blocked, id=18168, stack(0x000000167e200000,0x000000167e300000)]
  0x000001c12e1f1490 JavaThread "Unconstrained build operations Thread 21" [_thread_blocked, id=3684, stack(0x000000167e300000,0x000000167e400000)]
  0x000001c12e1f19a0 JavaThread "Unconstrained build operations Thread 22" [_thread_blocked, id=17632, stack(0x000000167e400000,0x000000167e500000)]
  0x000001c12e1eaf50 JavaThread "Unconstrained build operations Thread 23" [_thread_blocked, id=4952, stack(0x000000167e500000,0x000000167e600000)]
  0x000001c12e1eb970 JavaThread "Unconstrained build operations Thread 24" [_thread_blocked, id=21500, stack(0x000000167e600000,0x000000167e700000)]
  0x000001c12c9e3590 JavaThread "Unconstrained build operations Thread 25" [_thread_blocked, id=17928, stack(0x000000167e700000,0x000000167e800000)]
  0x000001c12c9e6830 JavaThread "Unconstrained build operations Thread 26" [_thread_blocked, id=19220, stack(0x000000167e800000,0x000000167e900000)]
  0x000001c12c9e49d0 JavaThread "Unconstrained build operations Thread 27" [_thread_blocked, id=6720, stack(0x000000167e900000,0x000000167ea00000)]
  0x000001c12c9df8d0 JavaThread "Unconstrained build operations Thread 28" [_thread_blocked, id=19216, stack(0x000000167ea00000,0x000000167eb00000)]
  0x000001c12c9e1220 JavaThread "Unconstrained build operations Thread 29" [_thread_blocked, id=13392, stack(0x000000167eb00000,0x000000167ec00000)]
  0x000001c12c9e1730 JavaThread "Unconstrained build operations Thread 30" [_thread_blocked, id=9928, stack(0x000000167ec00000,0x000000167ed00000)]
  0x000001c12c9e4ee0 JavaThread "Unconstrained build operations Thread 31" [_thread_blocked, id=11036, stack(0x000000167ed00000,0x000000167ee00000)]
  0x000001c12c9e3fb0 JavaThread "Unconstrained build operations Thread 32" [_thread_blocked, id=11184, stack(0x000000167ee00000,0x000000167ef00000)]
  0x000001c12c9e6d40 JavaThread "Unconstrained build operations Thread 33" [_thread_blocked, id=20600, stack(0x000000167ef00000,0x000000167f000000)]
  0x000001c12c9e44c0 JavaThread "Unconstrained build operations Thread 34" [_thread_blocked, id=18744, stack(0x000000167f000000,0x000000167f100000)]
  0x000001c12c9e2150 JavaThread "Unconstrained build operations Thread 35" [_thread_blocked, id=9304, stack(0x000000167f100000,0x000000167f200000)]
  0x000001c12c9e1c40 JavaThread "Unconstrained build operations Thread 36" [_thread_blocked, id=11848, stack(0x000000167f200000,0x000000167f300000)]
  0x000001c12c9e3aa0 JavaThread "Unconstrained build operations Thread 37" [_thread_blocked, id=9588, stack(0x000000167f300000,0x000000167f400000)]
  0x000001c12c9e0800 JavaThread "Unconstrained build operations Thread 38" [_thread_blocked, id=8824, stack(0x000000167f400000,0x000000167f500000)]
  0x000001c12c9e02f0 JavaThread "Unconstrained build operations Thread 39" [_thread_blocked, id=21192, stack(0x000000167f500000,0x000000167f600000)]
  0x000001c12c9e2660 JavaThread "Unconstrained build operations Thread 40" [_thread_blocked, id=9144, stack(0x000000167f600000,0x000000167f700000)]

Other Threads:
  0x000001c1122c6010 VMThread "VM Thread" [stack: 0x0000001679c00000,0x0000001679d00000] [id=19468]
  0x000001c1125b6730 WatcherThread [stack: 0x000000167a800000,0x000000167a900000] [id=20380]
  0x000001c1782150b0 GCTaskThread "GC Thread#0" [stack: 0x0000001679700000,0x0000001679800000] [id=4012]
  0x000001c11281eb60 GCTaskThread "GC Thread#1" [stack: 0x000000167aa00000,0x000000167ab00000] [id=4324]
  0x000001c1127dbe50 GCTaskThread "GC Thread#2" [stack: 0x000000167ab00000,0x000000167ac00000] [id=12532]
  0x000001c1127dc110 GCTaskThread "GC Thread#3" [stack: 0x000000167ac00000,0x000000167ad00000] [id=7752]
  0x000001c178219da0 ConcurrentGCThread "G1 Main Marker" [stack: 0x0000001679800000,0x0000001679900000] [id=20180]
  0x000001c17821a550 ConcurrentGCThread "G1 Conc#0" [stack: 0x0000001679900000,0x0000001679a00000] [id=21244]
  0x000001c1782aded0 ConcurrentGCThread "G1 Refine#0" [stack: 0x0000001679a00000,0x0000001679b00000] [id=19896]
  0x000001c12e742c80 ConcurrentGCThread "G1 Refine#1" [stack: 0x000000167c500000,0x000000167c600000] [id=20424]
  0x000001c12c1a4360 ConcurrentGCThread "G1 Refine#2" [stack: 0x000000167d600000,0x000000167d700000] [id=9964]
  0x000001c1782ae6a0 ConcurrentGCThread "G1 Service" [stack: 0x0000001679b00000,0x0000001679c00000] [id=9380]

Threads with active compile tasks:
C2 CompilerThread0    95463 16988       4       javax.management.ObjectName::construct (1135 bytes)

VM state: not at safepoint (normal execution)

VM Mutex/Monitor currently owned by a thread: None

Heap address: 0x00000000e0000000, size: 512 MB, Compressed Oops mode: 32-bit

CDS archive(s) mapped at: [0x000001c113000000-0x000001c113bd0000-0x000001c113bd0000), size 12386304, SharedBaseAddress: 0x000001c113000000, ArchiveRelocationMode: 1.
Compressed class space mapped at: 0x000001c114000000-0x000001c128000000, reserved size: 335544320
Narrow klass base: 0x000001c113000000, Narrow klass shift: 0, Narrow klass range: 0x100000000

GC Precious Log:
 CPUs: 4 total, 4 available
 Memory: 3877M
 Large Page Support: Disabled
 NUMA Support: Disabled
 Compressed Oops: Enabled (32-bit)
 Heap Region Size: 1M
 Heap Min Capacity: 256M
 Heap Initial Capacity: 256M
 Heap Max Capacity: 512M
 Pre-touch: Disabled
 Parallel Workers: 4
 Concurrent Workers: 1
 Concurrent Refinement Workers: 4
 Periodic GC: Disabled

Heap:
 garbage-first heap   total 307200K, used 163996K [0x00000000e0000000, 0x0000000100000000)
  region size 1024K, 9 young (9216K), 2 survivors (2048K)
 Metaspace       used 91555K, committed 92416K, reserved 458752K
  class space    used 12157K, committed 12544K, reserved 327680K

Heap Regions: E=young(eden), S=young(survivor), O=old, HS=humongous(starts), HC=humongous(continues), CS=collection set, F=free, OA=open archive, CA=closed archive, TAMS=top-at-mark-start (previous, next)
|   0|0x00000000e0000000, 0x00000000e0100000, 0x00000000e0100000|100%|HS|  |TAMS 0x00000000e0100000, 0x00000000e0000000| Complete 
|   1|0x00000000e0100000, 0x00000000e0200000, 0x00000000e0200000|100%|HC|  |TAMS 0x00000000e0200000, 0x00000000e0100000| Complete 
|   2|0x00000000e0200000, 0x00000000e0300000, 0x00000000e0300000|100%|HC|  |TAMS 0x00000000e0300000, 0x00000000e0200000| Complete 
|   3|0x00000000e0300000, 0x00000000e0400000, 0x00000000e0400000|100%|HC|  |TAMS 0x00000000e0400000, 0x00000000e0300000| Complete 
|   4|0x00000000e0400000, 0x00000000e0500000, 0x00000000e0500000|100%| O|  |TAMS 0x00000000e0500000, 0x00000000e0400000| Untracked 
|   5|0x00000000e0500000, 0x00000000e0600000, 0x00000000e0600000|100%| O|  |TAMS 0x00000000e0600000, 0x00000000e0500000| Untracked 
|   6|0x00000000e0600000, 0x00000000e0700000, 0x00000000e0700000|100%| O|  |TAMS 0x00000000e0700000, 0x00000000e0600000| Untracked 
|   7|0x00000000e0700000, 0x00000000e0800000, 0x00000000e0800000|100%| O|  |TAMS 0x00000000e0800000, 0x00000000e0700000| Untracked 
|   8|0x00000000e0800000, 0x00000000e0900000, 0x00000000e0900000|100%|HS|  |TAMS 0x00000000e0900000, 0x00000000e0800000| Complete 
|   9|0x00000000e0900000, 0x00000000e0a00000, 0x00000000e0a00000|100%| O|  |TAMS 0x00000000e0a00000, 0x00000000e0900000| Untracked 
|  10|0x00000000e0a00000, 0x00000000e0b00000, 0x00000000e0b00000|100%| O|  |TAMS 0x00000000e0b00000, 0x00000000e0a00000| Untracked 
|  11|0x00000000e0b00000, 0x00000000e0c00000, 0x00000000e0c00000|100%| O|  |TAMS 0x00000000e0c00000, 0x00000000e0b00000| Untracked 
|  12|0x00000000e0c00000, 0x00000000e0d00000, 0x00000000e0d00000|100%| O|  |TAMS 0x00000000e0d00000, 0x00000000e0c00000| Untracked 
|  13|0x00000000e0d00000, 0x00000000e0e00000, 0x00000000e0e00000|100%| O|  |TAMS 0x00000000e0e00000, 0x00000000e0d00000| Untracked 
|  14|0x00000000e0e00000, 0x00000000e0f00000, 0x00000000e0f00000|100%| O|  |TAMS 0x00000000e0f00000, 0x00000000e0e00000| Untracked 
|  15|0x00000000e0f00000, 0x00000000e1000000, 0x00000000e1000000|100%| O|  |TAMS 0x00000000e1000000, 0x00000000e0f00000| Untracked 
|  16|0x00000000e1000000, 0x00000000e1100000, 0x00000000e1100000|100%| O|  |TAMS 0x00000000e1100000, 0x00000000e1000000| Untracked 
|  17|0x00000000e1100000, 0x00000000e1200000, 0x00000000e1200000|100%| O|  |TAMS 0x00000000e1200000, 0x00000000e1100000| Untracked 
|  18|0x00000000e1200000, 0x00000000e1300000, 0x00000000e1300000|100%| O|  |TAMS 0x00000000e1300000, 0x00000000e1200000| Untracked 
|  19|0x00000000e1300000, 0x00000000e1400000, 0x00000000e1400000|100%| O|  |TAMS 0x00000000e1400000, 0x00000000e1300000| Untracked 
|  20|0x00000000e1400000, 0x00000000e1500000, 0x00000000e1500000|100%| O|  |TAMS 0x00000000e1500000, 0x00000000e1400000| Untracked 
|  21|0x00000000e1500000, 0x00000000e1600000, 0x00000000e1600000|100%| O|  |TAMS 0x00000000e1600000, 0x00000000e1500000| Untracked 
|  22|0x00000000e1600000, 0x00000000e1700000, 0x00000000e1700000|100%| O|  |TAMS 0x00000000e1700000, 0x00000000e1600000| Untracked 
|  23|0x00000000e1700000, 0x00000000e1800000, 0x00000000e1800000|100%|HS|  |TAMS 0x00000000e1800000, 0x00000000e1700000| Complete 
|  24|0x00000000e1800000, 0x00000000e1900000, 0x00000000e1900000|100%|HC|  |TAMS 0x00000000e1900000, 0x00000000e1800000| Complete 
|  25|0x00000000e1900000, 0x00000000e1a00000, 0x00000000e1a00000|100%|HC|  |TAMS 0x00000000e1a00000, 0x00000000e1900000| Complete 
|  26|0x00000000e1a00000, 0x00000000e1b00000, 0x00000000e1b00000|100%|HC|  |TAMS 0x00000000e1b00000, 0x00000000e1a00000| Complete 
|  27|0x00000000e1b00000, 0x00000000e1c00000, 0x00000000e1c00000|100%|HC|  |TAMS 0x00000000e1c00000, 0x00000000e1b00000| Complete 
|  28|0x00000000e1c00000, 0x00000000e1d00000, 0x00000000e1d00000|100%|HS|  |TAMS 0x00000000e1d00000, 0x00000000e1c00000| Complete 
|  29|0x00000000e1d00000, 0x00000000e1e00000, 0x00000000e1e00000|100%|HC|  |TAMS 0x00000000e1e00000, 0x00000000e1d00000| Complete 
|  30|0x00000000e1e00000, 0x00000000e1f00000, 0x00000000e1f00000|100%|HC|  |TAMS 0x00000000e1f00000, 0x00000000e1e00000| Complete 
|  31|0x00000000e1f00000, 0x00000000e2000000, 0x00000000e2000000|100%|HS|  |TAMS 0x00000000e2000000, 0x00000000e1f00000| Complete 
|  32|0x00000000e2000000, 0x00000000e2100000, 0x00000000e2100000|100%|HC|  |TAMS 0x00000000e2100000, 0x00000000e2000000| Complete 
|  33|0x00000000e2100000, 0x00000000e2200000, 0x00000000e2200000|100%| O|  |TAMS 0x00000000e2200000, 0x00000000e2100000| Untracked 
|  34|0x00000000e2200000, 0x00000000e2300000, 0x00000000e2300000|100%| O|  |TAMS 0x00000000e2300000, 0x00000000e2200000| Untracked 
|  35|0x00000000e2300000, 0x00000000e2400000, 0x00000000e2400000|100%| O|  |TAMS 0x00000000e2400000, 0x00000000e2300000| Untracked 
|  36|0x00000000e2400000, 0x00000000e2500000, 0x00000000e2500000|100%| O|  |TAMS 0x00000000e2500000, 0x00000000e2400000| Untracked 
|  37|0x00000000e2500000, 0x00000000e2600000, 0x00000000e2600000|100%| O|  |TAMS 0x00000000e2600000, 0x00000000e2500000| Untracked 
|  38|0x00000000e2600000, 0x00000000e2700000, 0x00000000e2700000|100%| O|  |TAMS 0x00000000e2700000, 0x00000000e2600000| Untracked 
|  39|0x00000000e2700000, 0x00000000e2800000, 0x00000000e2800000|100%| O|  |TAMS 0x00000000e2800000, 0x00000000e2700000| Untracked 
|  40|0x00000000e2800000, 0x00000000e2900000, 0x00000000e2900000|100%|HS|  |TAMS 0x00000000e2900000, 0x00000000e2800000| Complete 
|  41|0x00000000e2900000, 0x00000000e2a00000, 0x00000000e2a00000|100%| O|  |TAMS 0x00000000e2a00000, 0x00000000e2900000| Untracked 
|  42|0x00000000e2a00000, 0x00000000e2b00000, 0x00000000e2b00000|100%| O|  |TAMS 0x00000000e2b00000, 0x00000000e2a00000| Untracked 
|  43|0x00000000e2b00000, 0x00000000e2c00000, 0x00000000e2c00000|100%|HS|  |TAMS 0x00000000e2c00000, 0x00000000e2b00000| Complete 
|  44|0x00000000e2c00000, 0x00000000e2d00000, 0x00000000e2d00000|100%|HC|  |TAMS 0x00000000e2d00000, 0x00000000e2c00000| Complete 
|  45|0x00000000e2d00000, 0x00000000e2e00000, 0x00000000e2e00000|100%|HS|  |TAMS 0x00000000e2e00000, 0x00000000e2d00000| Complete 
|  46|0x00000000e2e00000, 0x00000000e2f00000, 0x00000000e2f00000|100%|HC|  |TAMS 0x00000000e2f00000, 0x00000000e2e00000| Complete 
|  47|0x00000000e2f00000, 0x00000000e3000000, 0x00000000e3000000|100%| O|  |TAMS 0x00000000e3000000, 0x00000000e2f00000| Untracked 
|  48|0x00000000e3000000, 0x00000000e3100000, 0x00000000e3100000|100%|HS|  |TAMS 0x00000000e3100000, 0x00000000e3000000| Complete 
|  49|0x00000000e3100000, 0x00000000e3200000, 0x00000000e3200000|100%|HC|  |TAMS 0x00000000e3200000, 0x00000000e3100000| Complete 
|  50|0x00000000e3200000, 0x00000000e3300000, 0x00000000e3300000|100%|HS|  |TAMS 0x00000000e3300000, 0x00000000e3200000| Complete 
|  51|0x00000000e3300000, 0x00000000e3400000, 0x00000000e3400000|100%|HC|  |TAMS 0x00000000e3400000, 0x00000000e3300000| Complete 
|  52|0x00000000e3400000, 0x00000000e3500000, 0x00000000e3500000|100%|HC|  |TAMS 0x00000000e3500000, 0x00000000e3400000| Complete 
|  53|0x00000000e3500000, 0x00000000e3600000, 0x00000000e3600000|100%|HC|  |TAMS 0x00000000e3600000, 0x00000000e3500000| Complete 
|  54|0x00000000e3600000, 0x00000000e3700000, 0x00000000e3700000|100%|HC|  |TAMS 0x00000000e3700000, 0x00000000e3600000| Complete 
|  55|0x00000000e3700000, 0x00000000e3800000, 0x00000000e3800000|100%|HS|  |TAMS 0x00000000e3800000, 0x00000000e3700000| Complete 
|  56|0x00000000e3800000, 0x00000000e3900000, 0x00000000e3900000|100%|HC|  |TAMS 0x00000000e3900000, 0x00000000e3800000| Complete 
|  57|0x00000000e3900000, 0x00000000e3a00000, 0x00000000e3a00000|100%|HC|  |TAMS 0x00000000e3a00000, 0x00000000e3900000| Complete 
|  58|0x00000000e3a00000, 0x00000000e3b00000, 0x00000000e3b00000|100%|HC|  |TAMS 0x00000000e3b00000, 0x00000000e3a00000| Complete 
|  59|0x00000000e3b00000, 0x00000000e3c00000, 0x00000000e3c00000|100%|HC|  |TAMS 0x00000000e3c00000, 0x00000000e3b00000| Complete 
|  60|0x00000000e3c00000, 0x00000000e3d00000, 0x00000000e3d00000|100%|HS|  |TAMS 0x00000000e3d00000, 0x00000000e3c00000| Complete 
|  61|0x00000000e3d00000, 0x00000000e3e00000, 0x00000000e3e00000|100%|HC|  |TAMS 0x00000000e3e00000, 0x00000000e3d00000| Complete 
|  62|0x00000000e3e00000, 0x00000000e3f00000, 0x00000000e3f00000|100%|HC|  |TAMS 0x00000000e3f00000, 0x00000000e3e00000| Complete 
|  63|0x00000000e3f00000, 0x00000000e4000000, 0x00000000e4000000|100%|HC|  |TAMS 0x00000000e4000000, 0x00000000e3f00000| Complete 
|  64|0x00000000e4000000, 0x00000000e4100000, 0x00000000e4100000|100%|HS|  |TAMS 0x00000000e4100000, 0x00000000e4000000| Complete 
|  65|0x00000000e4100000, 0x00000000e4200000, 0x00000000e4200000|100%|HC|  |TAMS 0x00000000e4200000, 0x00000000e4100000| Complete 
|  66|0x00000000e4200000, 0x00000000e4300000, 0x00000000e4300000|100%|HC|  |TAMS 0x00000000e4300000, 0x00000000e4200000| Complete 
|  67|0x00000000e4300000, 0x00000000e4400000, 0x00000000e4400000|100%|HC|  |TAMS 0x00000000e4400000, 0x00000000e4300000| Complete 
|  68|0x00000000e4400000, 0x00000000e4500000, 0x00000000e4500000|100%| O|  |TAMS 0x00000000e4500000, 0x00000000e4400000| Untracked 
|  69|0x00000000e4500000, 0x00000000e4600000, 0x00000000e4600000|100%| O|  |TAMS 0x00000000e4600000, 0x00000000e4500000| Untracked 
|  70|0x00000000e4600000, 0x00000000e4700000, 0x00000000e4700000|100%| O|  |TAMS 0x00000000e4700000, 0x00000000e4600000| Untracked 
|  71|0x00000000e4700000, 0x00000000e4800000, 0x00000000e4800000|100%| O|  |TAMS 0x00000000e4800000, 0x00000000e4700000| Untracked 
|  72|0x00000000e4800000, 0x00000000e4900000, 0x00000000e4900000|100%| O|  |TAMS 0x00000000e4900000, 0x00000000e4800000| Untracked 
|  73|0x00000000e4900000, 0x00000000e4a00000, 0x00000000e4a00000|100%| O|  |TAMS 0x00000000e4a00000, 0x00000000e4900000| Untracked 
|  74|0x00000000e4a00000, 0x00000000e4b00000, 0x00000000e4b00000|100%| O|  |TAMS 0x00000000e4b00000, 0x00000000e4a00000| Untracked 
|  75|0x00000000e4b00000, 0x00000000e4c00000, 0x00000000e4c00000|100%| O|  |TAMS 0x00000000e4c00000, 0x00000000e4b00000| Untracked 
|  76|0x00000000e4c00000, 0x00000000e4d00000, 0x00000000e4d00000|100%| O|  |TAMS 0x00000000e4d00000, 0x00000000e4c00000| Untracked 
|  77|0x00000000e4d00000, 0x00000000e4e00000, 0x00000000e4e00000|100%| O|  |TAMS 0x00000000e4e00000, 0x00000000e4d00000| Untracked 
|  78|0x00000000e4e00000, 0x00000000e4f00000, 0x00000000e4f00000|100%| O|  |TAMS 0x00000000e4f00000, 0x00000000e4e00000| Untracked 
|  79|0x00000000e4f00000, 0x00000000e5000000, 0x00000000e5000000|100%| O|  |TAMS 0x00000000e5000000, 0x00000000e4f00000| Untracked 
|  80|0x00000000e5000000, 0x00000000e5100000, 0x00000000e5100000|100%| O|  |TAMS 0x00000000e5100000, 0x00000000e5000000| Untracked 
|  81|0x00000000e5100000, 0x00000000e5200000, 0x00000000e5200000|100%| O|  |TAMS 0x00000000e5200000, 0x00000000e5100000| Untracked 
|  82|0x00000000e5200000, 0x00000000e5300000, 0x00000000e5300000|100%| O|  |TAMS 0x00000000e5300000, 0x00000000e5200000| Untracked 
|  83|0x00000000e5300000, 0x00000000e5400000, 0x00000000e5400000|100%| O|  |TAMS 0x00000000e5400000, 0x00000000e5300000| Untracked 
|  84|0x00000000e5400000, 0x00000000e5500000, 0x00000000e5500000|100%| O|  |TAMS 0x00000000e5500000, 0x00000000e5400000| Untracked 
|  85|0x00000000e5500000, 0x00000000e5600000, 0x00000000e5600000|100%| O|  |TAMS 0x00000000e5600000, 0x00000000e5500000| Untracked 
|  86|0x00000000e5600000, 0x00000000e5700000, 0x00000000e5700000|100%| O|  |TAMS 0x00000000e5700000, 0x00000000e5600000| Untracked 
|  87|0x00000000e5700000, 0x00000000e5800000, 0x00000000e5800000|100%| O|  |TAMS 0x00000000e5800000, 0x00000000e5700000| Untracked 
|  88|0x00000000e5800000, 0x00000000e5900000, 0x00000000e5900000|100%|HS|  |TAMS 0x00000000e5900000, 0x00000000e5800000| Complete 
|  89|0x00000000e5900000, 0x00000000e5a00000, 0x00000000e5a00000|100%|HC|  |TAMS 0x00000000e5a00000, 0x00000000e5900000| Complete 
|  90|0x00000000e5a00000, 0x00000000e5b00000, 0x00000000e5b00000|100%|HS|  |TAMS 0x00000000e5b00000, 0x00000000e5a00000| Complete 
|  91|0x00000000e5b00000, 0x00000000e5c00000, 0x00000000e5c00000|100%|HC|  |TAMS 0x00000000e5c00000, 0x00000000e5b00000| Complete 
|  92|0x00000000e5c00000, 0x00000000e5d00000, 0x00000000e5d00000|100%|HC|  |TAMS 0x00000000e5d00000, 0x00000000e5c00000| Complete 
|  93|0x00000000e5d00000, 0x00000000e5e00000, 0x00000000e5e00000|100%|HC|  |TAMS 0x00000000e5e00000, 0x00000000e5d00000| Complete 
|  94|0x00000000e5e00000, 0x00000000e5f00000, 0x00000000e5f00000|100%|HC|  |TAMS 0x00000000e5f00000, 0x00000000e5e00000| Complete 
|  95|0x00000000e5f00000, 0x00000000e6000000, 0x00000000e6000000|100%|HS|  |TAMS 0x00000000e6000000, 0x00000000e5f00000| Complete 
|  96|0x00000000e6000000, 0x00000000e6100000, 0x00000000e6100000|100%|HC|  |TAMS 0x00000000e6100000, 0x00000000e6000000| Complete 
|  97|0x00000000e6100000, 0x00000000e6200000, 0x00000000e6200000|100%|HC|  |TAMS 0x00000000e6200000, 0x00000000e6100000| Complete 
|  98|0x00000000e6200000, 0x00000000e6300000, 0x00000000e6300000|100%|HS|  |TAMS 0x00000000e6300000, 0x00000000e6200000| Complete 
|  99|0x00000000e6300000, 0x00000000e6400000, 0x00000000e6400000|100%|HC|  |TAMS 0x00000000e6400000, 0x00000000e6300000| Complete 
| 100|0x00000000e6400000, 0x00000000e6500000, 0x00000000e6500000|100%|HS|  |TAMS 0x00000000e6500000, 0x00000000e6400000| Complete 
| 101|0x00000000e6500000, 0x00000000e6600000, 0x00000000e6600000|100%| O|  |TAMS 0x00000000e6600000, 0x00000000e6500000| Untracked 
| 102|0x00000000e6600000, 0x00000000e6700000, 0x00000000e6700000|100%| O|  |TAMS 0x00000000e6700000, 0x00000000e6600000| Untracked 
| 103|0x00000000e6700000, 0x00000000e6800000, 0x00000000e6800000|100%| O|  |TAMS 0x00000000e6800000, 0x00000000e6700000| Untracked 
| 104|0x00000000e6800000, 0x00000000e6900000, 0x00000000e6900000|100%| O|  |TAMS 0x00000000e6900000, 0x00000000e6800000| Untracked 
| 105|0x00000000e6900000, 0x00000000e6a00000, 0x00000000e6a00000|100%| O|  |TAMS 0x00000000e6a00000, 0x00000000e6900000| Untracked 
| 106|0x00000000e6a00000, 0x00000000e6b00000, 0x00000000e6b00000|100%| O|  |TAMS 0x00000000e6b00000, 0x00000000e6a00000| Untracked 
| 107|0x00000000e6b00000, 0x00000000e6b00000, 0x00000000e6c00000|  0%| F|  |TAMS 0x00000000e6b00000, 0x00000000e6b00000| Untracked 
| 108|0x00000000e6c00000, 0x00000000e6d00000, 0x00000000e6d00000|100%| O|  |TAMS 0x00000000e6d00000, 0x00000000e6c00000| Untracked 
| 109|0x00000000e6d00000, 0x00000000e6e00000, 0x00000000e6e00000|100%| O|  |TAMS 0x00000000e6e00000, 0x00000000e6d00000| Untracked 
| 110|0x00000000e6e00000, 0x00000000e6f00000, 0x00000000e6f00000|100%| O|  |TAMS 0x00000000e6f00000, 0x00000000e6e00000| Untracked 
| 111|0x00000000e6f00000, 0x00000000e7000000, 0x00000000e7000000|100%| O|  |TAMS 0x00000000e7000000, 0x00000000e6f00000| Untracked 
| 112|0x00000000e7000000, 0x00000000e7100000, 0x00000000e7100000|100%| O|  |TAMS 0x00000000e7100000, 0x00000000e7000000| Untracked 
| 113|0x00000000e7100000, 0x00000000e7200000, 0x00000000e7200000|100%| O|  |TAMS 0x00000000e7200000, 0x00000000e7100000| Untracked 
| 114|0x00000000e7200000, 0x00000000e7300000, 0x00000000e7300000|100%| O|  |TAMS 0x00000000e7300000, 0x00000000e7200000| Untracked 
| 115|0x00000000e7300000, 0x00000000e7400000, 0x00000000e7400000|100%| O|  |TAMS 0x00000000e7400000, 0x00000000e7300000| Untracked 
| 116|0x00000000e7400000, 0x00000000e7500000, 0x00000000e7500000|100%| O|  |TAMS 0x00000000e7500000, 0x00000000e7400000| Untracked 
| 117|0x00000000e7500000, 0x00000000e7600000, 0x00000000e7600000|100%| O|  |TAMS 0x00000000e7600000, 0x00000000e7500000| Untracked 
| 118|0x00000000e7600000, 0x00000000e7700000, 0x00000000e7700000|100%| O|  |TAMS 0x00000000e7700000, 0x00000000e7600000| Untracked 
| 119|0x00000000e7700000, 0x00000000e7800000, 0x00000000e7800000|100%| O|  |TAMS 0x00000000e7800000, 0x00000000e7700000| Untracked 
| 120|0x00000000e7800000, 0x00000000e7900000, 0x00000000e7900000|100%| O|  |TAMS 0x00000000e7900000, 0x00000000e7800000| Untracked 
| 121|0x00000000e7900000, 0x00000000e7a00000, 0x00000000e7a00000|100%| O|  |TAMS 0x00000000e7a00000, 0x00000000e7900000| Untracked 
| 122|0x00000000e7a00000, 0x00000000e7b00000, 0x00000000e7b00000|100%| O|  |TAMS 0x00000000e7b00000, 0x00000000e7a00000| Untracked 
| 123|0x00000000e7b00000, 0x00000000e7b00000, 0x00000000e7c00000|  0%| F|  |TAMS 0x00000000e7b00000, 0x00000000e7b00000| Untracked 
| 124|0x00000000e7c00000, 0x00000000e7c00000, 0x00000000e7d00000|  0%| F|  |TAMS 0x00000000e7c00000, 0x00000000e7c00000| Untracked 
| 125|0x00000000e7d00000, 0x00000000e7e00000, 0x00000000e7e00000|100%| O|  |TAMS 0x00000000e7e00000, 0x00000000e7d00000| Untracked 
| 126|0x00000000e7e00000, 0x00000000e7f00000, 0x00000000e7f00000|100%| O|  |TAMS 0x00000000e7f00000, 0x00000000e7e00000| Untracked 
| 127|0x00000000e7f00000, 0x00000000e8000000, 0x00000000e8000000|100%| O|  |TAMS 0x00000000e8000000, 0x00000000e7f00000| Untracked 
| 128|0x00000000e8000000, 0x00000000e8100000, 0x00000000e8100000|100%| O|  |TAMS 0x00000000e8100000, 0x00000000e8000000| Untracked 
| 129|0x00000000e8100000, 0x00000000e8200000, 0x00000000e8200000|100%| O|  |TAMS 0x00000000e8200000, 0x00000000e8100000| Untracked 
| 130|0x00000000e8200000, 0x00000000e8300000, 0x00000000e8300000|100%| O|  |TAMS 0x00000000e8300000, 0x00000000e8200000| Untracked 
| 131|0x00000000e8300000, 0x00000000e8400000, 0x00000000e8400000|100%| O|  |TAMS 0x00000000e8300000, 0x00000000e8300000| Untracked 
| 132|0x00000000e8400000, 0x00000000e8400000, 0x00000000e8500000|  0%| F|  |TAMS 0x00000000e8400000, 0x00000000e8400000| Untracked 
| 133|0x00000000e8500000, 0x00000000e8600000, 0x00000000e8600000|100%| O|  |TAMS 0x00000000e8600000, 0x00000000e8500000| Untracked 
| 134|0x00000000e8600000, 0x00000000e8700000, 0x00000000e8700000|100%| O|  |TAMS 0x00000000e8700000, 0x00000000e8600000| Untracked 
| 135|0x00000000e8700000, 0x00000000e8800000, 0x00000000e8800000|100%| O|  |TAMS 0x00000000e8800000, 0x00000000e8700000| Untracked 
| 136|0x00000000e8800000, 0x00000000e8900000, 0x00000000e8900000|100%| O|  |TAMS 0x00000000e8800000, 0x00000000e8800000| Untracked 
| 137|0x00000000e8900000, 0x00000000e8a00000, 0x00000000e8a00000|100%| O|  |TAMS 0x00000000e8a00000, 0x00000000e8900000| Untracked 
| 138|0x00000000e8a00000, 0x00000000e8b00000, 0x00000000e8b00000|100%| O|  |TAMS 0x00000000e8a00000, 0x00000000e8a00000| Untracked 
| 139|0x00000000e8b00000, 0x00000000e8c00000, 0x00000000e8c00000|100%| O|  |TAMS 0x00000000e8c00000, 0x00000000e8b00000| Untracked 
| 140|0x00000000e8c00000, 0x00000000e8d00000, 0x00000000e8d00000|100%| O|  |TAMS 0x00000000e8d00000, 0x00000000e8c00000| Untracked 
| 141|0x00000000e8d00000, 0x00000000e8e00000, 0x00000000e8e00000|100%| O|  |TAMS 0x00000000e8e00000, 0x00000000e8d00000| Untracked 
| 142|0x00000000e8e00000, 0x00000000e8f00000, 0x00000000e8f00000|100%| O|  |TAMS 0x00000000e8f00000, 0x00000000e8e00000| Untracked 
| 143|0x00000000e8f00000, 0x00000000e9000000, 0x00000000e9000000|100%| O|  |TAMS 0x00000000e9000000, 0x00000000e8f00000| Untracked 
| 144|0x00000000e9000000, 0x00000000e9100000, 0x00000000e9100000|100%| O|  |TAMS 0x00000000e9100000, 0x00000000e9000000| Untracked 
| 145|0x00000000e9100000, 0x00000000e9200000, 0x00000000e9200000|100%| O|  |TAMS 0x00000000e9200000, 0x00000000e9100000| Untracked 
| 146|0x00000000e9200000, 0x00000000e9300000, 0x00000000e9300000|100%| O|  |TAMS 0x00000000e92cee00, 0x00000000e9200000| Untracked 
| 147|0x00000000e9300000, 0x00000000e9400000, 0x00000000e9400000|100%| O|  |TAMS 0x00000000e9300000, 0x00000000e9300000| Untracked 
| 148|0x00000000e9400000, 0x00000000e9500000, 0x00000000e9500000|100%| O|  |TAMS 0x00000000e9400000, 0x00000000e9400000| Untracked 
| 149|0x00000000e9500000, 0x00000000e9600000, 0x00000000e9600000|100%| O|  |TAMS 0x00000000e9500000, 0x00000000e9500000| Untracked 
| 150|0x00000000e9600000, 0x00000000e9700000, 0x00000000e9700000|100%| O|  |TAMS 0x00000000e9600000, 0x00000000e9600000| Untracked 
| 151|0x00000000e9700000, 0x00000000e9800000, 0x00000000e9800000|100%| O|  |TAMS 0x00000000e9700000, 0x00000000e9700000| Untracked 
| 152|0x00000000e9800000, 0x00000000e9900000, 0x00000000e9900000|100%| O|  |TAMS 0x00000000e9800000, 0x00000000e9800000| Untracked 
| 153|0x00000000e9900000, 0x00000000e9a00000, 0x00000000e9a00000|100%| O|  |TAMS 0x00000000e9900000, 0x00000000e9900000| Untracked 
| 154|0x00000000e9a00000, 0x00000000e9b00000, 0x00000000e9b00000|100%| O|  |TAMS 0x00000000e9a00000, 0x00000000e9a00000| Untracked 
| 155|0x00000000e9b00000, 0x00000000e9c00000, 0x00000000e9c00000|100%| O|  |TAMS 0x00000000e9b00000, 0x00000000e9b00000| Untracked 
| 156|0x00000000e9c00000, 0x00000000e9c27200, 0x00000000e9d00000| 15%| O|  |TAMS 0x00000000e9c00000, 0x00000000e9c00000| Untracked 
| 157|0x00000000e9d00000, 0x00000000e9d00000, 0x00000000e9e00000|  0%| F|  |TAMS 0x00000000e9d00000, 0x00000000e9d00000| Untracked 
| 158|0x00000000e9e00000, 0x00000000e9e00000, 0x00000000e9f00000|  0%| F|  |TAMS 0x00000000e9e00000, 0x00000000e9e00000| Untracked 
| 159|0x00000000e9f00000, 0x00000000e9f00000, 0x00000000ea000000|  0%| F|  |TAMS 0x00000000e9f00000, 0x00000000e9f00000| Untracked 
| 160|0x00000000ea000000, 0x00000000ea000000, 0x00000000ea100000|  0%| F|  |TAMS 0x00000000ea000000, 0x00000000ea000000| Untracked 
| 161|0x00000000ea100000, 0x00000000ea100000, 0x00000000ea200000|  0%| F|  |TAMS 0x00000000ea100000, 0x00000000ea100000| Untracked 
| 162|0x00000000ea200000, 0x00000000ea200000, 0x00000000ea300000|  0%| F|  |TAMS 0x00000000ea200000, 0x00000000ea200000| Untracked 
| 163|0x00000000ea300000, 0x00000000ea300000, 0x00000000ea400000|  0%| F|  |TAMS 0x00000000ea300000, 0x00000000ea300000| Untracked 
| 164|0x00000000ea400000, 0x00000000ea400000, 0x00000000ea500000|  0%| F|  |TAMS 0x00000000ea400000, 0x00000000ea400000| Untracked 
| 165|0x00000000ea500000, 0x00000000ea500000, 0x00000000ea600000|  0%| F|  |TAMS 0x00000000ea500000, 0x00000000ea500000| Untracked 
| 166|0x00000000ea600000, 0x00000000ea600000, 0x00000000ea700000|  0%| F|  |TAMS 0x00000000ea600000, 0x00000000ea600000| Untracked 
| 167|0x00000000ea700000, 0x00000000ea700000, 0x00000000ea800000|  0%| F|  |TAMS 0x00000000ea700000, 0x00000000ea700000| Untracked 
| 168|0x00000000ea800000, 0x00000000ea800000, 0x00000000ea900000|  0%| F|  |TAMS 0x00000000ea800000, 0x00000000ea800000| Untracked 
| 169|0x00000000ea900000, 0x00000000ea900000, 0x00000000eaa00000|  0%| F|  |TAMS 0x00000000ea900000, 0x00000000ea900000| Untracked 
| 170|0x00000000eaa00000, 0x00000000eaa00000, 0x00000000eab00000|  0%| F|  |TAMS 0x00000000eaa00000, 0x00000000eaa00000| Untracked 
| 171|0x00000000eab00000, 0x00000000eab00000, 0x00000000eac00000|  0%| F|  |TAMS 0x00000000eab00000, 0x00000000eab00000| Untracked 
| 172|0x00000000eac00000, 0x00000000eac00000, 0x00000000ead00000|  0%| F|  |TAMS 0x00000000eac00000, 0x00000000eac00000| Untracked 
| 173|0x00000000ead00000, 0x00000000ead00000, 0x00000000eae00000|  0%| F|  |TAMS 0x00000000ead00000, 0x00000000ead00000| Untracked 
| 174|0x00000000eae00000, 0x00000000eae00000, 0x00000000eaf00000|  0%| F|  |TAMS 0x00000000eae00000, 0x00000000eae00000| Untracked 
| 175|0x00000000eaf00000, 0x00000000eaf00000, 0x00000000eb000000|  0%| F|  |TAMS 0x00000000eaf00000, 0x00000000eaf00000| Untracked 
| 176|0x00000000eb000000, 0x00000000eb000000, 0x00000000eb100000|  0%| F|  |TAMS 0x00000000eb000000, 0x00000000eb000000| Untracked 
| 177|0x00000000eb100000, 0x00000000eb100000, 0x00000000eb200000|  0%| F|  |TAMS 0x00000000eb100000, 0x00000000eb100000| Untracked 
| 178|0x00000000eb200000, 0x00000000eb200000, 0x00000000eb300000|  0%| F|  |TAMS 0x00000000eb200000, 0x00000000eb200000| Untracked 
| 179|0x00000000eb300000, 0x00000000eb300000, 0x00000000eb400000|  0%| F|  |TAMS 0x00000000eb300000, 0x00000000eb300000| Untracked 
| 180|0x00000000eb400000, 0x00000000eb400000, 0x00000000eb500000|  0%| F|  |TAMS 0x00000000eb400000, 0x00000000eb400000| Untracked 
| 181|0x00000000eb500000, 0x00000000eb500000, 0x00000000eb600000|  0%| F|  |TAMS 0x00000000eb500000, 0x00000000eb500000| Untracked 
| 182|0x00000000eb600000, 0x00000000eb600000, 0x00000000eb700000|  0%| F|  |TAMS 0x00000000eb600000, 0x00000000eb600000| Untracked 
| 183|0x00000000eb700000, 0x00000000eb700000, 0x00000000eb800000|  0%| F|  |TAMS 0x00000000eb700000, 0x00000000eb700000| Untracked 
| 184|0x00000000eb800000, 0x00000000eb800000, 0x00000000eb900000|  0%| F|  |TAMS 0x00000000eb800000, 0x00000000eb800000| Untracked 
| 185|0x00000000eb900000, 0x00000000eb900000, 0x00000000eba00000|  0%| F|  |TAMS 0x00000000eb900000, 0x00000000eb900000| Untracked 
| 186|0x00000000eba00000, 0x00000000eba00000, 0x00000000ebb00000|  0%| F|  |TAMS 0x00000000eba00000, 0x00000000eba00000| Untracked 
| 187|0x00000000ebb00000, 0x00000000ebb00000, 0x00000000ebc00000|  0%| F|  |TAMS 0x00000000ebb00000, 0x00000000ebb00000| Untracked 
| 188|0x00000000ebc00000, 0x00000000ebc00000, 0x00000000ebd00000|  0%| F|  |TAMS 0x00000000ebc00000, 0x00000000ebc00000| Untracked 
| 189|0x00000000ebd00000, 0x00000000ebd00000, 0x00000000ebe00000|  0%| F|  |TAMS 0x00000000ebd00000, 0x00000000ebd00000| Untracked 
| 190|0x00000000ebe00000, 0x00000000ebe00000, 0x00000000ebf00000|  0%| F|  |TAMS 0x00000000ebe00000, 0x00000000ebe00000| Untracked 
| 191|0x00000000ebf00000, 0x00000000ebf00000, 0x00000000ec000000|  0%| F|  |TAMS 0x00000000ebf00000, 0x00000000ebf00000| Untracked 
| 192|0x00000000ec000000, 0x00000000ec000000, 0x00000000ec100000|  0%| F|  |TAMS 0x00000000ec000000, 0x00000000ec000000| Untracked 
| 193|0x00000000ec100000, 0x00000000ec100000, 0x00000000ec200000|  0%| F|  |TAMS 0x00000000ec100000, 0x00000000ec100000| Untracked 
| 194|0x00000000ec200000, 0x00000000ec200000, 0x00000000ec300000|  0%| F|  |TAMS 0x00000000ec200000, 0x00000000ec200000| Untracked 
| 195|0x00000000ec300000, 0x00000000ec300000, 0x00000000ec400000|  0%| F|  |TAMS 0x00000000ec300000, 0x00000000ec300000| Untracked 
| 196|0x00000000ec400000, 0x00000000ec400000, 0x00000000ec500000|  0%| F|  |TAMS 0x00000000ec400000, 0x00000000ec400000| Untracked 
| 197|0x00000000ec500000, 0x00000000ec500000, 0x00000000ec600000|  0%| F|  |TAMS 0x00000000ec500000, 0x00000000ec500000| Untracked 
| 198|0x00000000ec600000, 0x00000000ec600000, 0x00000000ec700000|  0%| F|  |TAMS 0x00000000ec600000, 0x00000000ec600000| Untracked 
| 199|0x00000000ec700000, 0x00000000ec700000, 0x00000000ec800000|  0%| F|  |TAMS 0x00000000ec700000, 0x00000000ec700000| Untracked 
| 200|0x00000000ec800000, 0x00000000ec800000, 0x00000000ec900000|  0%| F|  |TAMS 0x00000000ec800000, 0x00000000ec800000| Untracked 
| 201|0x00000000ec900000, 0x00000000ec900000, 0x00000000eca00000|  0%| F|  |TAMS 0x00000000ec900000, 0x00000000ec900000| Untracked 
| 202|0x00000000eca00000, 0x00000000eca00000, 0x00000000ecb00000|  0%| F|  |TAMS 0x00000000eca00000, 0x00000000eca00000| Untracked 
| 203|0x00000000ecb00000, 0x00000000ecb00000, 0x00000000ecc00000|  0%| F|  |TAMS 0x00000000ecb00000, 0x00000000ecb00000| Untracked 
| 204|0x00000000ecc00000, 0x00000000ecc00000, 0x00000000ecd00000|  0%| F|  |TAMS 0x00000000ecc00000, 0x00000000ecc00000| Untracked 
| 205|0x00000000ecd00000, 0x00000000ecd00000, 0x00000000ece00000|  0%| F|  |TAMS 0x00000000ecd00000, 0x00000000ecd00000| Untracked 
| 206|0x00000000ece00000, 0x00000000ece00000, 0x00000000ecf00000|  0%| F|  |TAMS 0x00000000ece00000, 0x00000000ece00000| Untracked 
| 207|0x00000000ecf00000, 0x00000000ecf00000, 0x00000000ed000000|  0%| F|  |TAMS 0x00000000ecf00000, 0x00000000ecf00000| Untracked 
| 208|0x00000000ed000000, 0x00000000ed000000, 0x00000000ed100000|  0%| F|  |TAMS 0x00000000ed000000, 0x00000000ed000000| Untracked 
| 209|0x00000000ed100000, 0x00000000ed100000, 0x00000000ed200000|  0%| F|  |TAMS 0x00000000ed100000, 0x00000000ed100000| Untracked 
| 210|0x00000000ed200000, 0x00000000ed200000, 0x00000000ed300000|  0%| F|  |TAMS 0x00000000ed200000, 0x00000000ed200000| Untracked 
| 211|0x00000000ed300000, 0x00000000ed300000, 0x00000000ed400000|  0%| F|  |TAMS 0x00000000ed300000, 0x00000000ed300000| Untracked 
| 212|0x00000000ed400000, 0x00000000ed400000, 0x00000000ed500000|  0%| F|  |TAMS 0x00000000ed400000, 0x00000000ed400000| Untracked 
| 213|0x00000000ed500000, 0x00000000ed500000, 0x00000000ed600000|  0%| F|  |TAMS 0x00000000ed500000, 0x00000000ed500000| Untracked 
| 214|0x00000000ed600000, 0x00000000ed600000, 0x00000000ed700000|  0%| F|  |TAMS 0x00000000ed600000, 0x00000000ed600000| Untracked 
| 215|0x00000000ed700000, 0x00000000ed700000, 0x00000000ed800000|  0%| F|  |TAMS 0x00000000ed700000, 0x00000000ed700000| Untracked 
| 216|0x00000000ed800000, 0x00000000ed800000, 0x00000000ed900000|  0%| F|  |TAMS 0x00000000ed800000, 0x00000000ed800000| Untracked 
| 217|0x00000000ed900000, 0x00000000ed900000, 0x00000000eda00000|  0%| F|  |TAMS 0x00000000ed900000, 0x00000000ed900000| Untracked 
| 218|0x00000000eda00000, 0x00000000eda00000, 0x00000000edb00000|  0%| F|  |TAMS 0x00000000eda00000, 0x00000000eda00000| Untracked 
| 219|0x00000000edb00000, 0x00000000edb00000, 0x00000000edc00000|  0%| F|  |TAMS 0x00000000edb00000, 0x00000000edb00000| Untracked 
| 220|0x00000000edc00000, 0x00000000edc00000, 0x00000000edd00000|  0%| F|  |TAMS 0x00000000edc00000, 0x00000000edc00000| Untracked 
| 221|0x00000000edd00000, 0x00000000edd00000, 0x00000000ede00000|  0%| F|  |TAMS 0x00000000edd00000, 0x00000000edd00000| Untracked 
| 222|0x00000000ede00000, 0x00000000ede00000, 0x00000000edf00000|  0%| F|  |TAMS 0x00000000ede00000, 0x00000000ede00000| Untracked 
| 223|0x00000000edf00000, 0x00000000edf00000, 0x00000000ee000000|  0%| F|  |TAMS 0x00000000edf00000, 0x00000000edf00000| Untracked 
| 224|0x00000000ee000000, 0x00000000ee000000, 0x00000000ee100000|  0%| F|  |TAMS 0x00000000ee000000, 0x00000000ee000000| Untracked 
| 225|0x00000000ee100000, 0x00000000ee100000, 0x00000000ee200000|  0%| F|  |TAMS 0x00000000ee100000, 0x00000000ee100000| Untracked 
| 226|0x00000000ee200000, 0x00000000ee200000, 0x00000000ee300000|  0%| F|  |TAMS 0x00000000ee200000, 0x00000000ee200000| Untracked 
| 227|0x00000000ee300000, 0x00000000ee300000, 0x00000000ee400000|  0%| F|  |TAMS 0x00000000ee300000, 0x00000000ee300000| Untracked 
| 228|0x00000000ee400000, 0x00000000ee400000, 0x00000000ee500000|  0%| F|  |TAMS 0x00000000ee400000, 0x00000000ee400000| Untracked 
| 229|0x00000000ee500000, 0x00000000ee500000, 0x00000000ee600000|  0%| F|  |TAMS 0x00000000ee500000, 0x00000000ee500000| Untracked 
| 230|0x00000000ee600000, 0x00000000ee600000, 0x00000000ee700000|  0%| F|  |TAMS 0x00000000ee600000, 0x00000000ee600000| Untracked 
| 231|0x00000000ee700000, 0x00000000ee700000, 0x00000000ee800000|  0%| F|  |TAMS 0x00000000ee700000, 0x00000000ee700000| Untracked 
| 232|0x00000000ee800000, 0x00000000ee800000, 0x00000000ee900000|  0%| F|  |TAMS 0x00000000ee800000, 0x00000000ee800000| Untracked 
| 233|0x00000000ee900000, 0x00000000ee900000, 0x00000000eea00000|  0%| F|  |TAMS 0x00000000ee900000, 0x00000000ee900000| Untracked 
| 234|0x00000000eea00000, 0x00000000eea00000, 0x00000000eeb00000|  0%| F|  |TAMS 0x00000000eea00000, 0x00000000eea00000| Untracked 
| 235|0x00000000eeb00000, 0x00000000eeb00000, 0x00000000eec00000|  0%| F|  |TAMS 0x00000000eeb00000, 0x00000000eeb00000| Untracked 
| 236|0x00000000eec00000, 0x00000000eec00000, 0x00000000eed00000|  0%| F|  |TAMS 0x00000000eec00000, 0x00000000eec00000| Untracked 
| 237|0x00000000eed00000, 0x00000000eed00000, 0x00000000eee00000|  0%| F|  |TAMS 0x00000000eed00000, 0x00000000eed00000| Untracked 
| 238|0x00000000eee00000, 0x00000000eee00000, 0x00000000eef00000|  0%| F|  |TAMS 0x00000000eee00000, 0x00000000eee00000| Untracked 
| 239|0x00000000eef00000, 0x00000000eef00000, 0x00000000ef000000|  0%| F|  |TAMS 0x00000000eef00000, 0x00000000eef00000| Untracked 
| 240|0x00000000ef000000, 0x00000000ef000000, 0x00000000ef100000|  0%| F|  |TAMS 0x00000000ef000000, 0x00000000ef000000| Untracked 
| 241|0x00000000ef100000, 0x00000000ef100000, 0x00000000ef200000|  0%| F|  |TAMS 0x00000000ef100000, 0x00000000ef100000| Untracked 
| 242|0x00000000ef200000, 0x00000000ef200000, 0x00000000ef300000|  0%| F|  |TAMS 0x00000000ef200000, 0x00000000ef200000| Untracked 
| 243|0x00000000ef300000, 0x00000000ef300000, 0x00000000ef400000|  0%| F|  |TAMS 0x00000000ef300000, 0x00000000ef300000| Untracked 
| 244|0x00000000ef400000, 0x00000000ef400000, 0x00000000ef500000|  0%| F|  |TAMS 0x00000000ef400000, 0x00000000ef400000| Untracked 
| 245|0x00000000ef500000, 0x00000000ef500000, 0x00000000ef600000|  0%| F|  |TAMS 0x00000000ef500000, 0x00000000ef500000| Untracked 
| 246|0x00000000ef600000, 0x00000000ef600000, 0x00000000ef700000|  0%| F|  |TAMS 0x00000000ef600000, 0x00000000ef600000| Untracked 
| 247|0x00000000ef700000, 0x00000000ef700000, 0x00000000ef800000|  0%| F|  |TAMS 0x00000000ef700000, 0x00000000ef700000| Untracked 
| 248|0x00000000ef800000, 0x00000000ef800000, 0x00000000ef900000|  0%| F|  |TAMS 0x00000000ef800000, 0x00000000ef800000| Untracked 
| 249|0x00000000ef900000, 0x00000000ef900000, 0x00000000efa00000|  0%| F|  |TAMS 0x00000000ef900000, 0x00000000ef900000| Untracked 
| 250|0x00000000efa00000, 0x00000000efa00000, 0x00000000efb00000|  0%| F|  |TAMS 0x00000000efa00000, 0x00000000efa00000| Untracked 
| 251|0x00000000efb00000, 0x00000000efb00000, 0x00000000efc00000|  0%| F|  |TAMS 0x00000000efb00000, 0x00000000efb00000| Untracked 
| 252|0x00000000efc00000, 0x00000000efc00000, 0x00000000efd00000|  0%| F|  |TAMS 0x00000000efc00000, 0x00000000efc00000| Untracked 
| 253|0x00000000efd00000, 0x00000000efd00000, 0x00000000efe00000|  0%| F|  |TAMS 0x00000000efd00000, 0x00000000efd00000| Untracked 
| 254|0x00000000efe00000, 0x00000000efe00000, 0x00000000eff00000|  0%| F|  |TAMS 0x00000000efe00000, 0x00000000efe00000| Untracked 
| 255|0x00000000eff00000, 0x00000000eff00000, 0x00000000f0000000|  0%| F|  |TAMS 0x00000000eff00000, 0x00000000eff00000| Untracked 
| 256|0x00000000f0000000, 0x00000000f0000000, 0x00000000f0100000|  0%| F|  |TAMS 0x00000000f0000000, 0x00000000f0000000| Untracked 
| 257|0x00000000f0100000, 0x00000000f0100000, 0x00000000f0200000|  0%| F|  |TAMS 0x00000000f0100000, 0x00000000f0100000| Untracked 
| 258|0x00000000f0200000, 0x00000000f0200000, 0x00000000f0300000|  0%| F|  |TAMS 0x00000000f0200000, 0x00000000f0200000| Untracked 
| 259|0x00000000f0300000, 0x00000000f0300000, 0x00000000f0400000|  0%| F|  |TAMS 0x00000000f0300000, 0x00000000f0300000| Untracked 
| 260|0x00000000f0400000, 0x00000000f0400000, 0x00000000f0500000|  0%| F|  |TAMS 0x00000000f0400000, 0x00000000f0400000| Untracked 
| 261|0x00000000f0500000, 0x00000000f0500000, 0x00000000f0600000|  0%| F|  |TAMS 0x00000000f0500000, 0x00000000f0500000| Untracked 
| 262|0x00000000f0600000, 0x00000000f0600000, 0x00000000f0700000|  0%| F|  |TAMS 0x00000000f0600000, 0x00000000f0600000| Untracked 
| 263|0x00000000f0700000, 0x00000000f0700000, 0x00000000f0800000|  0%| F|  |TAMS 0x00000000f0700000, 0x00000000f0700000| Untracked 
| 264|0x00000000f0800000, 0x00000000f0800000, 0x00000000f0900000|  0%| F|  |TAMS 0x00000000f0800000, 0x00000000f0800000| Untracked 
| 265|0x00000000f0900000, 0x00000000f0900000, 0x00000000f0a00000|  0%| F|  |TAMS 0x00000000f0900000, 0x00000000f0900000| Untracked 
| 266|0x00000000f0a00000, 0x00000000f0a00000, 0x00000000f0b00000|  0%| F|  |TAMS 0x00000000f0a00000, 0x00000000f0a00000| Untracked 
| 267|0x00000000f0b00000, 0x00000000f0b00000, 0x00000000f0c00000|  0%| F|  |TAMS 0x00000000f0b00000, 0x00000000f0b00000| Untracked 
| 268|0x00000000f0c00000, 0x00000000f0c00000, 0x00000000f0d00000|  0%| F|  |TAMS 0x00000000f0c00000, 0x00000000f0c00000| Untracked 
| 269|0x00000000f0d00000, 0x00000000f0d00000, 0x00000000f0e00000|  0%| F|  |TAMS 0x00000000f0d00000, 0x00000000f0d00000| Untracked 
| 270|0x00000000f0e00000, 0x00000000f0e00000, 0x00000000f0f00000|  0%| F|  |TAMS 0x00000000f0e00000, 0x00000000f0e00000| Untracked 
| 271|0x00000000f0f00000, 0x00000000f0f00000, 0x00000000f1000000|  0%| F|  |TAMS 0x00000000f0f00000, 0x00000000f0f00000| Untracked 
| 272|0x00000000f1000000, 0x00000000f1000000, 0x00000000f1100000|  0%| F|  |TAMS 0x00000000f1000000, 0x00000000f1000000| Untracked 
| 273|0x00000000f1100000, 0x00000000f1100000, 0x00000000f1200000|  0%| F|  |TAMS 0x00000000f1100000, 0x00000000f1100000| Untracked 
| 274|0x00000000f1200000, 0x00000000f1200000, 0x00000000f1300000|  0%| F|  |TAMS 0x00000000f1200000, 0x00000000f1200000| Untracked 
| 275|0x00000000f1300000, 0x00000000f1300000, 0x00000000f1400000|  0%| F|  |TAMS 0x00000000f1300000, 0x00000000f1300000| Untracked 
| 276|0x00000000f1400000, 0x00000000f1400000, 0x00000000f1500000|  0%| F|  |TAMS 0x00000000f1400000, 0x00000000f1400000| Untracked 
| 277|0x00000000f1500000, 0x00000000f1500000, 0x00000000f1600000|  0%| F|  |TAMS 0x00000000f1500000, 0x00000000f1500000| Untracked 
| 278|0x00000000f1600000, 0x00000000f1600000, 0x00000000f1700000|  0%| F|  |TAMS 0x00000000f1600000, 0x00000000f1600000| Untracked 
| 279|0x00000000f1700000, 0x00000000f1700000, 0x00000000f1800000|  0%| F|  |TAMS 0x00000000f1700000, 0x00000000f1700000| Untracked 
| 280|0x00000000f1800000, 0x00000000f1800000, 0x00000000f1900000|  0%| F|  |TAMS 0x00000000f1800000, 0x00000000f1800000| Untracked 
| 281|0x00000000f1900000, 0x00000000f1900000, 0x00000000f1a00000|  0%| F|  |TAMS 0x00000000f1900000, 0x00000000f1900000| Untracked 
| 282|0x00000000f1a00000, 0x00000000f1a00000, 0x00000000f1b00000|  0%| F|  |TAMS 0x00000000f1a00000, 0x00000000f1a00000| Untracked 
| 283|0x00000000f1b00000, 0x00000000f1b00000, 0x00000000f1c00000|  0%| F|  |TAMS 0x00000000f1b00000, 0x00000000f1b00000| Untracked 
| 284|0x00000000f1c00000, 0x00000000f1c00000, 0x00000000f1d00000|  0%| F|  |TAMS 0x00000000f1c00000, 0x00000000f1c00000| Untracked 
| 285|0x00000000f1d00000, 0x00000000f1d00000, 0x00000000f1e00000|  0%| F|  |TAMS 0x00000000f1d00000, 0x00000000f1d00000| Untracked 
| 286|0x00000000f1e00000, 0x00000000f1e00000, 0x00000000f1f00000|  0%| F|  |TAMS 0x00000000f1e00000, 0x00000000f1e00000| Untracked 
| 287|0x00000000f1f00000, 0x00000000f1f00000, 0x00000000f2000000|  0%| F|  |TAMS 0x00000000f1f00000, 0x00000000f1f00000| Untracked 
| 288|0x00000000f2000000, 0x00000000f2000000, 0x00000000f2100000|  0%| F|  |TAMS 0x00000000f2000000, 0x00000000f2000000| Untracked 
| 289|0x00000000f2100000, 0x00000000f2200000, 0x00000000f2200000|100%| S|CS|TAMS 0x00000000f2100000, 0x00000000f2100000| Complete 
| 290|0x00000000f2200000, 0x00000000f2300000, 0x00000000f2300000|100%| S|CS|TAMS 0x00000000f2200000, 0x00000000f2200000| Complete 
| 291|0x00000000f2300000, 0x00000000f2300000, 0x00000000f2400000|  0%| F|  |TAMS 0x00000000f2300000, 0x00000000f2300000| Untracked 
| 292|0x00000000f2400000, 0x00000000f2480800, 0x00000000f2500000| 50%| E|  |TAMS 0x00000000f2400000, 0x00000000f2400000| Complete 
| 293|0x00000000f2500000, 0x00000000f2600000, 0x00000000f2600000|100%| E|CS|TAMS 0x00000000f2500000, 0x00000000f2500000| Complete 
| 294|0x00000000f2600000, 0x00000000f2700000, 0x00000000f2700000|100%| E|CS|TAMS 0x00000000f2600000, 0x00000000f2600000| Complete 
| 295|0x00000000f2700000, 0x00000000f2800000, 0x00000000f2800000|100%| E|CS|TAMS 0x00000000f2700000, 0x00000000f2700000| Complete 
| 296|0x00000000f2800000, 0x00000000f2900000, 0x00000000f2900000|100%| E|CS|TAMS 0x00000000f2800000, 0x00000000f2800000| Complete 
| 297|0x00000000f2900000, 0x00000000f2a00000, 0x00000000f2a00000|100%| E|CS|TAMS 0x00000000f2900000, 0x00000000f2900000| Complete 
| 298|0x00000000f2a00000, 0x00000000f2b00000, 0x00000000f2b00000|100%| E|CS|TAMS 0x00000000f2a00000, 0x00000000f2a00000| Complete 
| 299|0x00000000f2b00000, 0x00000000f2c00000, 0x00000000f2c00000|100%| E|CS|TAMS 0x00000000f2b00000, 0x00000000f2b00000| Complete 

Card table byte_map: [0x000001c17faa0000,0x000001c17fba0000] _byte_map_base: 0x000001c17f3a0000

Marking Bits (Prev, Next): (CMBitMap*) 0x000001c1782154b0, (CMBitMap*) 0x000001c178215470
 Prev Bits: [0x000001c10f800000, 0x000001c110000000)
 Next Bits: [0x000001c10f000000, 0x000001c10f800000)

Polling page: 0x000001c176180000

Metaspace:

Usage:
  Non-class:     77.54 MB used.
      Class:     11.87 MB used.
       Both:     89.41 MB used.

Virtual space:
  Non-class space:      128.00 MB reserved,      78.00 MB ( 61%) committed,  2 nodes.
      Class space:      320.00 MB reserved,      12.25 MB (  4%) committed,  1 nodes.
             Both:      448.00 MB reserved,      90.25 MB ( 20%) committed. 

Chunk freelists:
   Non-Class:  1.91 MB
       Class:  3.65 MB
        Both:  5.56 MB

MaxMetaspaceSize: 384.00 MB
CompressedClassSpaceSize: 320.00 MB
Initial GC threshold: 21.00 MB
Current GC threshold: 150.44 MB
CDS: on
MetaspaceReclaimPolicy: balanced
 - commit_granule_bytes: 65536.
 - commit_granule_words: 8192.
 - virtual_space_node_default_size: 8388608.
 - enlarge_chunks_in_place: 1.
 - new_chunks_are_fully_committed: 0.
 - uncommit_free_chunks: 1.
 - use_allocation_guard: 0.
 - handle_deallocations: 1.


Internal statistics:

num_allocs_failed_limit: 18.
num_arena_births: 1142.
num_arena_deaths: 0.
num_vsnodes_births: 3.
num_vsnodes_deaths: 0.
num_space_committed: 1444.
num_space_uncommitted: 0.
num_chunks_returned_to_freelist: 18.
num_chunks_taken_from_freelist: 4911.
num_chunk_merges: 15.
num_chunk_splits: 3122.
num_chunks_enlarged: 1923.
num_inconsistent_stats: 0.

CodeHeap 'non-profiled nmethods': size=120000Kb used=10294Kb max_used=10294Kb free=109705Kb
 bounds [0x000001c107ad0000, 0x000001c1084e0000, 0x000001c10f000000]
CodeHeap 'profiled nmethods': size=120000Kb used=27720Kb max_used=30132Kb free=92280Kb
 bounds [0x000001c100000000, 0x000001c101d70000, 0x000001c107530000]
CodeHeap 'non-nmethods': size=5760Kb used=2447Kb max_used=2500Kb free=3312Kb
 bounds [0x000001c107530000, 0x000001c1077b0000, 0x000001c107ad0000]
 total_blobs=14823 nmethods=13848 adapters=887
 compilation: enabled
              stopped_count=0, restarted_count=0
 full_count=0

Compilation events (20 events):
Event: 93.450 Thread 0x000001c1122e4d20 nmethod 16979 0x000001c1084c5090 code [0x000001c1084c55c0, 0x000001c1084cb038]
Event: 93.450 Thread 0x000001c1122e4d20 16980       4       org.gradle.internal.snapshot.impl.DirectorySnapshotterStatistics$CollectingFileVisitor::visitFile (10 bytes)
Event: 93.452 Thread 0x000001c1122e4d20 nmethod 16980 0x000001c1084cf110 code [0x000001c1084cf2a0, 0x000001c1084cf3a8]
Event: 93.452 Thread 0x000001c1122e4d20 16981       4       org.gradle.internal.snapshot.impl.DirectorySnapshotter$PathVisitor::visitResolvedFile (44 bytes)
Event: 93.649 Thread 0x000001c1122e4d20 nmethod 16981 0x000001c1084cf510 code [0x000001c1084cf940, 0x000001c1084d4060]
Event: 93.869 Thread 0x000001c1122e4d20 16984       4       org.gradle.internal.snapshot.ChildMapFactory::childMapFromSorted (84 bytes)
Event: 93.874 Thread 0x000001c1122e4d20 nmethod 16984 0x000001c1084d6f10 code [0x000001c1084d70c0, 0x000001c1084d7418]
Event: 93.900 Thread 0x000001c1122e4d20 16985       4       java.util.Comparator$$Lambda$522/0x000001c11424bcf8::compare (14 bytes)
Event: 93.909 Thread 0x000001c1122e4d20 nmethod 16985 0x000001c1084d7710 code [0x000001c1084d78e0, 0x000001c1084d80f8]
Event: 93.909 Thread 0x000001c1122e4d20 16986       4       org.gradle.internal.snapshot.FileSystemLocationSnapshot$$Lambda$521/0x000001c11448daa8::compare (12 bytes)
Event: 93.916 Thread 0x000001c1122e4d20 nmethod 16986 0x000001c1084d8810 code [0x000001c1084d89c0, 0x000001c1084d9038]
Event: 94.240 Thread 0x000001c1122e4d20 16987       4       java.util.TimSort::sort (229 bytes)
Event: 94.311 Thread 0x000001c1122e4d20 nmethod 16987 0x000001c1084d9590 code [0x000001c1084d97e0, 0x000001c1084dc1d0]
Event: 94.773 Thread 0x000001c1122e4d20 16988       4       javax.management.ObjectName::construct (1135 bytes)
Event: 94.958 Thread 0x000001c1122f0790 16989       3       sun.nio.fs.WindowsPath::addPrefixIfNeeded (72 bytes)
Event: 94.961 Thread 0x000001c1122f0790 nmethod 16989 0x000001c1000f1b90 code [0x000001c1000f1e80, 0x000001c1000f2b78]
Event: 95.158 Thread 0x000001c1122f0790 16990   !   3       sun.nio.fs.WindowsNativeDispatcher::GetFullPathName (26 bytes)
Event: 95.159 Thread 0x000001c1122f0790 nmethod 16990 0x000001c10037a310 code [0x000001c10037a4e0, 0x000001c10037a7b8]
Event: 95.161 Thread 0x000001c1122f0790 16992   !   3       sun.nio.fs.WindowsPath::getAbsolutePath (477 bytes)
Event: 95.169 Thread 0x000001c1122f0790 nmethod 16992 0x000001c1013bf210 code [0x000001c1013bfe60, 0x000001c1013c63e8]

GC Heap History (20 events):
Event: 50.270 GC heap before
{Heap before GC invocations=26 (full 0):
 garbage-first heap   total 262144K, used 218450K [0x00000000e0000000, 0x0000000100000000)
  region size 1024K, 76 young (77824K), 1 survivors (1024K)
 Metaspace       used 86230K, committed 87104K, reserved 458752K
  class space    used 11678K, committed 12096K, reserved 327680K
}
Event: 50.282 GC heap after
{Heap after GC invocations=27 (full 0):
 garbage-first heap   total 262144K, used 147351K [0x00000000e0000000, 0x0000000100000000)
  region size 1024K, 6 young (6144K), 6 survivors (6144K)
 Metaspace       used 86230K, committed 87104K, reserved 458752K
  class space    used 11678K, committed 12096K, reserved 327680K
}
Event: 52.826 GC heap before
{Heap before GC invocations=28 (full 0):
 garbage-first heap   total 262144K, used 216983K [0x00000000e0000000, 0x0000000100000000)
  region size 1024K, 76 young (77824K), 6 survivors (6144K)
 Metaspace       used 86656K, committed 87488K, reserved 458752K
  class space    used 11684K, committed 12096K, reserved 327680K
}
Event: 52.851 GC heap after
{Heap after GC invocations=29 (full 0):
 garbage-first heap   total 262144K, used 150454K [0x00000000e0000000, 0x0000000100000000)
  region size 1024K, 10 young (10240K), 10 survivors (10240K)
 Metaspace       used 86656K, committed 87488K, reserved 458752K
  class space    used 11684K, committed 12096K, reserved 327680K
}
Event: 52.873 GC heap before
{Heap before GC invocations=29 (full 0):
 garbage-first heap   total 262144K, used 152502K [0x00000000e0000000, 0x0000000100000000)
  region size 1024K, 12 young (12288K), 10 survivors (10240K)
 Metaspace       used 86659K, committed 87488K, reserved 458752K
  class space    used 11684K, committed 12096K, reserved 327680K
}
Event: 52.879 GC heap after
{Heap after GC invocations=30 (full 0):
 garbage-first heap   total 262144K, used 143065K [0x00000000e0000000, 0x0000000100000000)
  region size 1024K, 2 young (2048K), 2 survivors (2048K)
 Metaspace       used 86659K, committed 87488K, reserved 458752K
  class space    used 11684K, committed 12096K, reserved 327680K
}
Event: 64.734 GC heap before
{Heap before GC invocations=30 (full 0):
 garbage-first heap   total 262144K, used 216793K [0x00000000e0000000, 0x0000000100000000)
  region size 1024K, 75 young (76800K), 2 survivors (2048K)
 Metaspace       used 87308K, committed 88064K, reserved 458752K
  class space    used 11721K, committed 12096K, reserved 327680K
}
Event: 64.753 GC heap after
{Heap after GC invocations=31 (full 0):
 garbage-first heap   total 262144K, used 146381K [0x00000000e0000000, 0x0000000100000000)
  region size 1024K, 5 young (5120K), 5 survivors (5120K)
 Metaspace       used 87308K, committed 88064K, reserved 458752K
  class space    used 11721K, committed 12096K, reserved 327680K
}
Event: 72.304 GC heap before
{Heap before GC invocations=32 (full 0):
 garbage-first heap   total 262144K, used 219085K [0x00000000e0000000, 0x0000000100000000)
  region size 1024K, 76 young (77824K), 5 survivors (5120K)
 Metaspace       used 89210K, committed 90048K, reserved 458752K
  class space    used 11899K, committed 12288K, reserved 327680K
}
Event: 72.334 GC heap after
{Heap after GC invocations=33 (full 0):
 garbage-first heap   total 262144K, used 150794K [0x00000000e0000000, 0x0000000100000000)
  region size 1024K, 9 young (9216K), 9 survivors (9216K)
 Metaspace       used 89210K, committed 90048K, reserved 458752K
  class space    used 11899K, committed 12288K, reserved 327680K
}
Event: 72.424 GC heap before
{Heap before GC invocations=33 (full 0):
 garbage-first heap   total 262144K, used 152842K [0x00000000e0000000, 0x0000000100000000)
  region size 1024K, 12 young (12288K), 9 survivors (9216K)
 Metaspace       used 89573K, committed 90432K, reserved 458752K
  class space    used 11928K, committed 12352K, reserved 327680K
}
Event: 72.472 GC heap after
{Heap after GC invocations=34 (full 0):
 garbage-first heap   total 262144K, used 148659K [0x00000000e0000000, 0x0000000100000000)
  region size 1024K, 2 young (2048K), 2 survivors (2048K)
 Metaspace       used 89573K, committed 90432K, reserved 458752K
  class space    used 11928K, committed 12352K, reserved 327680K
}
Event: 91.219 GC heap before
{Heap before GC invocations=34 (full 0):
 garbage-first heap   total 262144K, used 218291K [0x00000000e0000000, 0x0000000100000000)
  region size 1024K, 71 young (72704K), 2 survivors (2048K)
 Metaspace       used 91549K, committed 92416K, reserved 458752K
  class space    used 12157K, committed 12544K, reserved 327680K
}
Event: 91.287 GC heap after
{Heap after GC invocations=35 (full 0):
 garbage-first heap   total 262144K, used 154026K [0x00000000e0000000, 0x0000000100000000)
  region size 1024K, 7 young (7168K), 7 survivors (7168K)
 Metaspace       used 91549K, committed 92416K, reserved 458752K
  class space    used 12157K, committed 12544K, reserved 327680K
}
Event: 92.318 GC heap before
{Heap before GC invocations=35 (full 0):
 garbage-first heap   total 262144K, used 218538K [0x00000000e0000000, 0x0000000100000000)
  region size 1024K, 71 young (72704K), 7 survivors (7168K)
 Metaspace       used 91553K, committed 92416K, reserved 458752K
  class space    used 12157K, committed 12544K, reserved 327680K
}
Event: 92.341 GC heap after
{Heap after GC invocations=36 (full 0):
 garbage-first heap   total 262144K, used 157552K [0x00000000e0000000, 0x0000000100000000)
  region size 1024K, 6 young (6144K), 6 survivors (6144K)
 Metaspace       used 91553K, committed 92416K, reserved 458752K
  class space    used 12157K, committed 12544K, reserved 327680K
}
Event: 94.098 GC heap before
{Heap before GC invocations=37 (full 0):
 garbage-first heap   total 307200K, used 218992K [0x00000000e0000000, 0x0000000100000000)
  region size 1024K, 66 young (67584K), 6 survivors (6144K)
 Metaspace       used 91553K, committed 92416K, reserved 458752K
  class space    used 12157K, committed 12544K, reserved 327680K
}
Event: 94.154 GC heap after
{Heap after GC invocations=38 (full 0):
 garbage-first heap   total 307200K, used 160175K [0x00000000e0000000, 0x0000000100000000)
  region size 1024K, 6 young (6144K), 6 survivors (6144K)
 Metaspace       used 91553K, committed 92416K, reserved 458752K
  class space    used 12157K, committed 12544K, reserved 327680K
}
Event: 95.037 GC heap before
{Heap before GC invocations=38 (full 0):
 garbage-first heap   total 307200K, used 169391K [0x00000000e0000000, 0x0000000100000000)
  region size 1024K, 15 young (15360K), 6 survivors (6144K)
 Metaspace       used 91553K, committed 92416K, reserved 458752K
  class space    used 12157K, committed 12544K, reserved 327680K
}
Event: 95.081 GC heap after
{Heap after GC invocations=39 (full 0):
 garbage-first heap   total 307200K, used 157852K [0x00000000e0000000, 0x0000000100000000)
  region size 1024K, 2 young (2048K), 2 survivors (2048K)
 Metaspace       used 91553K, committed 92416K, reserved 458752K
  class space    used 12157K, committed 12544K, reserved 327680K
}

Deoptimization events (20 events):
Event: 78.126 Thread 0x000001c12dd5e9b0 Uncommon trap: trap_request=0xffffffc6 fr.pc=0x000001c108383818 relative=0x0000000000000258
Event: 78.126 Thread 0x000001c12dd5e9b0 Uncommon trap: reason=bimorphic_or_optimized_type_check action=maybe_recompile pc=0x000001c108383818 method=java.util.regex.Pattern$BranchConn.match(Ljava/util/regex/Matcher;ILjava/lang/CharSequence;)Z @ 7 c2
Event: 78.126 Thread 0x000001c12dd5e9b0 DEOPT PACKING pc=0x000001c108383818 sp=0x000000167b2f4ea0
Event: 78.127 Thread 0x000001c12dd5e9b0 DEOPT UNPACKING pc=0x000001c107585ba3 sp=0x000000167b2f4e28 mode 2
Event: 78.129 Thread 0x000001c12dd5e9b0 DEOPT PACKING pc=0x000001c101d401be sp=0x000000167b2f5780
Event: 78.129 Thread 0x000001c12dd5e9b0 DEOPT UNPACKING pc=0x000001c1075866e3 sp=0x000000167b2f4bb0 mode 0
Event: 79.685 Thread 0x000001c12dd5e9b0 DEOPT PACKING pc=0x000001c101d5af42 sp=0x000000167b2f5d60
Event: 79.685 Thread 0x000001c12dd5e9b0 DEOPT UNPACKING pc=0x000001c1075866e3 sp=0x000000167b2f5250 mode 0
Event: 79.881 Thread 0x000001c12dd5e9b0 DEOPT PACKING pc=0x000001c101d59fa8 sp=0x000000167b2f5ec0
Event: 79.881 Thread 0x000001c12dd5e9b0 DEOPT UNPACKING pc=0x000001c1075866e3 sp=0x000000167b2f5358 mode 0
Event: 86.808 Thread 0x000001c12dd60810 Uncommon trap: trap_request=0xffffff45 fr.pc=0x000001c1081be13c relative=0x0000000000000b3c
Event: 86.808 Thread 0x000001c12dd60810 Uncommon trap: reason=unstable_if action=reinterpret pc=0x000001c1081be13c method=java.util.concurrent.locks.AbstractQueuedSynchronizer$ConditionObject.awaitNanos(J)J @ 97 c2
Event: 86.808 Thread 0x000001c12dd60810 DEOPT PACKING pc=0x000001c1081be13c sp=0x000000167b5ff360
Event: 86.808 Thread 0x000001c12dd60810 DEOPT UNPACKING pc=0x000001c107585ba3 sp=0x000000167b5ff2e8 mode 2
Event: 89.754 Thread 0x000001c12dd5e9b0 DEOPT PACKING pc=0x000001c101d3f477 sp=0x000000167b2f6ef0
Event: 89.754 Thread 0x000001c12dd5e9b0 DEOPT UNPACKING pc=0x000001c1075866e3 sp=0x000000167b2f6310 mode 0
Event: 91.436 Thread 0x000001c12dd5e9b0 Uncommon trap: trap_request=0xffffff45 fr.pc=0x000001c1083f1ab0 relative=0x0000000000000090
Event: 91.436 Thread 0x000001c12dd5e9b0 Uncommon trap: reason=unstable_if action=reinterpret pc=0x000001c1083f1ab0 method=sun.nio.fs.WindowsPath.getPathForWin32Calls()Ljava/lang/String; @ 17 c2
Event: 91.436 Thread 0x000001c12dd5e9b0 DEOPT PACKING pc=0x000001c1083f1ab0 sp=0x000000167b2f6620
Event: 91.436 Thread 0x000001c12dd5e9b0 DEOPT UNPACKING pc=0x000001c107585ba3 sp=0x000000167b2f6590 mode 2

Classes unloaded (0 events):
No events

Classes redefined (0 events):
No events

Internal exceptions (20 events):
Event: 68.820 Thread 0x000001c12dd5e9b0 Exception <a 'java/lang/IncompatibleClassChangeError'{0x00000000ed98dda0}: Found class java.lang.Object, but interface was expected> (0x00000000ed98dda0) 
thrown [s\open\src\hotspot\share\interpreter\linkResolver.cpp, line 826]
Event: 74.415 Thread 0x000001c12e1ec8a0 Exception <a 'java/lang/NoSuchMethodError'{0x00000000ef10c828}: static Lorg/jetbrains/kotlin/idea/gradleTooling/KotlinGradleModelImpl;.<clinit>()V> (0x00000000ef10c828) 
thrown [s\open\src\hotspot\share\prims\jni.cpp, line 1112]
Event: 74.420 Thread 0x000001c12e1ec8a0 Exception <a 'java/lang/NoSuchMethodError'{0x00000000ef12f5c8}: static Lorg/jetbrains/kotlin/idea/gradleTooling/KotlinTaskPropertiesImpl;.<clinit>()V> (0x00000000ef12f5c8) 
thrown [s\open\src\hotspot\share\prims\jni.cpp, line 1112]
Event: 75.927 Thread 0x000001c12dd5e9b0 Exception <a 'java/lang/ClassNotFoundException'{0x00000000eef06690}: org/gradle/api/internal/artifacts/ivyservice/resolveengine/result/ComponentSelectionReasons$DefaultComponentSelectionReasonBeanInfo> (0x00000000eef06690) 
thrown [s\open\src\hotspot\share\classfile\systemDictionary.cpp, line 256]
Event: 75.929 Thread 0x000001c12dd5e9b0 Exception <a 'java/lang/ClassNotFoundException'{0x00000000eef13ae0}: org/gradle/api/internal/artifacts/ivyservice/resolveengine/result/ComponentSelectionReasons$DefaultComponentSelectionReasonCustomizer> (0x00000000eef13ae0) 
thrown [s\open\src\hotspot\share\classfile\systemDictionary.cpp, line 256]
Event: 76.083 Thread 0x000001c12e1ec8a0 Exception <a 'java/lang/NoSuchMethodError'{0x00000000eedfe410}: static Lorg/jetbrains/plugins/gradle/tooling/internal/jar/JarTaskManifestConfigurationImpl;.<clinit>()V> (0x00000000eedfe410) 
thrown [s\open\src\hotspot\share\prims\jni.cpp, line 1112]
Event: 76.101 Thread 0x000001c12e1ec8a0 Exception <a 'java/lang/NoSuchMethodError'{0x00000000eec1a8e0}: static Lorg/jetbrains/kotlin/idea/gradleTooling/model/parcelize/ParcelizeGradleModelImpl;.<clinit>()V> (0x00000000eec1a8e0) 
thrown [s\open\src\hotspot\share\prims\jni.cpp, line 1112]
Event: 76.123 Thread 0x000001c12e1ec8a0 Exception <a 'java/lang/NoSuchMethodError'{0x00000000eec22c30}: static Lorg/jetbrains/kotlin/idea/gradleTooling/model/kapt/KaptGradleModelImpl;.<clinit>()V> (0x00000000eec22c30) 
thrown [s\open\src\hotspot\share\prims\jni.cpp, line 1112]
Event: 76.132 Thread 0x000001c12e1ec8a0 Exception <a 'java/lang/NoSuchMethodError'{0x00000000eecab948}: static Lorg/jetbrains/kotlin/idea/gradleTooling/model/assignment/AssignmentModelImpl;.<clinit>()V> (0x00000000eecab948) 
thrown [s\open\src\hotspot\share\prims\jni.cpp, line 1112]
Event: 76.153 Thread 0x000001c12e1ec8a0 Exception <a 'java/lang/NoSuchMethodError'{0x00000000eecbb168}: static Lorg/jetbrains/kotlin/idea/gradleTooling/model/samWithReceiver/SamWithReceiverModelImpl;.<clinit>()V> (0x00000000eecbb168) 
thrown [s\open\src\hotspot\share\prims\jni.cpp, line 1112]
Event: 76.162 Thread 0x000001c12e1ec8a0 Exception <a 'java/lang/NoSuchMethodError'{0x00000000eecc3d00}: static Lorg/jetbrains/kotlin/idea/gradleTooling/model/noarg/NoArgModelImpl;.<clinit>()V> (0x00000000eecc3d00) 
thrown [s\open\src\hotspot\share\prims\jni.cpp, line 1112]
Event: 76.170 Thread 0x000001c12e1ec8a0 Exception <a 'java/lang/NoSuchMethodError'{0x00000000eeccc688}: static Lorg/jetbrains/kotlin/idea/gradleTooling/model/allopen/AllOpenModelImpl;.<clinit>()V> (0x00000000eeccc688) 
thrown [s\open\src\hotspot\share\prims\jni.cpp, line 1112]
Event: 76.251 Thread 0x000001c12dd5e9b0 Exception <a 'java/lang/ClassNotFoundException'{0x00000000eeaebdc8}: org/gradle/api/tasks/testing/Test_DecoratedBeanInfo> (0x00000000eeaebdc8) 
thrown [s\open\src\hotspot\share\classfile\systemDictionary.cpp, line 256]
Event: 76.254 Thread 0x000001c12dd5e9b0 Exception <a 'java/lang/ClassNotFoundException'{0x00000000eeaf7508}: org/gradle/api/tasks/testing/TestBeanInfo> (0x00000000eeaf7508) 
thrown [s\open\src\hotspot\share\classfile\systemDictionary.cpp, line 256]
Event: 76.255 Thread 0x000001c12dd5e9b0 Exception <a 'java/lang/ClassNotFoundException'{0x00000000ee903320}: org/gradle/api/tasks/testing/AbstractTestTaskBeanInfo> (0x00000000ee903320) 
thrown [s\open\src\hotspot\share\classfile\systemDictionary.cpp, line 256]
Event: 76.259 Thread 0x000001c12dd5e9b0 Exception <a 'java/lang/ClassNotFoundException'{0x00000000ee90ed98}: org/gradle/api/tasks/testing/AbstractTestTaskCustomizer> (0x00000000ee90ed98) 
thrown [s\open\src\hotspot\share\classfile\systemDictionary.cpp, line 256]
Event: 76.268 Thread 0x000001c12dd5e9b0 Exception <a 'java/lang/ClassNotFoundException'{0x00000000ee9375c0}: org/gradle/api/tasks/testing/TestCustomizer> (0x00000000ee9375c0) 
thrown [s\open\src\hotspot\share\classfile\systemDictionary.cpp, line 256]
Event: 76.298 Thread 0x000001c12dd5e9b0 Exception <a 'java/lang/ClassNotFoundException'{0x00000000ee9ce5c8}: org/gradle/api/tasks/testing/Test_DecoratedCustomizer> (0x00000000ee9ce5c8) 
thrown [s\open\src\hotspot\share\classfile\systemDictionary.cpp, line 256]
Event: 76.374 Thread 0x000001c12e1ec8a0 Exception <a 'java/lang/NoSuchMethodError'{0x00000000ee71b080}: static Lorg/jetbrains/plugins/gradle/tooling/internal/VersionCatalogsModelImpl;.<clinit>()V> (0x00000000ee71b080) 
thrown [s\open\src\hotspot\share\prims\jni.cpp, line 1112]
Event: 78.113 Thread 0x000001c12dd5e9b0 Implicit null exception at 0x000001c107cead0c to 0x000001c107ceae42

VM Operations (20 events):
Event: 86.439 Executing VM operation: Cleanup
Event: 86.440 Executing VM operation: Cleanup done
Event: 87.446 Executing VM operation: Cleanup
Event: 87.446 Executing VM operation: Cleanup done
Event: 90.471 Executing VM operation: Cleanup
Event: 90.471 Executing VM operation: Cleanup done
Event: 91.217 Executing VM operation: G1CollectForAllocation
Event: 91.288 Executing VM operation: G1CollectForAllocation done
Event: 92.296 Executing VM operation: Cleanup
Event: 92.296 Executing VM operation: Cleanup done
Event: 92.318 Executing VM operation: G1CollectForAllocation
Event: 92.341 Executing VM operation: G1CollectForAllocation done
Event: 93.066 Executing VM operation: G1Concurrent
Event: 93.081 Executing VM operation: G1Concurrent done
Event: 93.174 Executing VM operation: G1Concurrent
Event: 93.174 Executing VM operation: G1Concurrent done
Event: 94.098 Executing VM operation: G1CollectForAllocation
Event: 94.155 Executing VM operation: G1CollectForAllocation done
Event: 95.037 Executing VM operation: G1CollectForAllocation
Event: 95.081 Executing VM operation: G1CollectForAllocation done

Events (20 events):
Event: 86.480 Thread 0x000001c112430570 flushing nmethod 0x000001c101ae4690
Event: 86.480 Thread 0x000001c112430570 flushing nmethod 0x000001c101afa810
Event: 86.480 Thread 0x000001c112430570 flushing nmethod 0x000001c101b6d410
Event: 86.480 Thread 0x000001c112430570 flushing nmethod 0x000001c101b6d990
Event: 86.481 Thread 0x000001c112430570 flushing nmethod 0x000001c101c36690
Event: 86.481 Thread 0x000001c112430570 flushing nmethod 0x000001c101cdf110
Event: 86.481 Thread 0x000001c112430570 flushing nmethod 0x000001c101d28990
Event: 86.481 Thread 0x000001c112430570 flushing nmethod 0x000001c101d2f910
Event: 86.481 Thread 0x000001c112430570 flushing nmethod 0x000001c101d30810
Event: 86.481 Thread 0x000001c112430570 flushing nmethod 0x000001c101d30b90
Event: 86.481 Thread 0x000001c112430570 flushing nmethod 0x000001c101d31690
Event: 86.481 Thread 0x000001c112430570 flushing nmethod 0x000001c101d33490
Event: 86.481 Thread 0x000001c112430570 flushing nmethod 0x000001c101d33c90
Event: 86.481 Thread 0x000001c112430570 flushing nmethod 0x000001c101d34710
Event: 86.481 Thread 0x000001c112430570 flushing nmethod 0x000001c101d37f90
Event: 86.481 Thread 0x000001c112430570 flushing nmethod 0x000001c101d3e210
Event: 86.481 Thread 0x000001c112430570 flushing nmethod 0x000001c101d3f910
Event: 86.481 Thread 0x000001c112430570 flushing nmethod 0x000001c101d3fc90
Event: 86.481 Thread 0x000001c112430570 flushing nmethod 0x000001c101d40510
Event: 86.481 Thread 0x000001c112430570 flushing nmethod 0x000001c101d41a90


Dynamic libraries:
0x00007ff705ee0000 - 0x00007ff705ef0000 	C:\Program Files\Java\jdk-17\bin\java.exe
0x00007ff8027b0000 - 0x00007ff8029c7000 	C:\WINDOWS\SYSTEM32\ntdll.dll
0x00007ff802300000 - 0x00007ff8023c4000 	C:\WINDOWS\System32\KERNEL32.DLL
0x00007ff8000f0000 - 0x00007ff8004aa000 	C:\WINDOWS\System32\KERNELBASE.dll
0x00007fffffd80000 - 0x00007fffffe91000 	C:\WINDOWS\System32\ucrtbase.dll
0x00007fffea500000 - 0x00007fffea51b000 	C:\Program Files\Java\jdk-17\bin\VCRUNTIME140.dll
0x00007fffe5b50000 - 0x00007fffe5b69000 	C:\Program Files\Java\jdk-17\bin\jli.dll
0x00007ff801930000 - 0x00007ff8019e2000 	C:\WINDOWS\System32\ADVAPI32.dll
0x00007ff801ff0000 - 0x00007ff802097000 	C:\WINDOWS\System32\msvcrt.dll
0x00007ff800e40000 - 0x00007ff800ee7000 	C:\WINDOWS\System32\sechost.dll
0x00007ff8000c0000 - 0x00007ff8000e8000 	C:\WINDOWS\System32\bcrypt.dll
0x00007ff800520000 - 0x00007ff800634000 	C:\WINDOWS\System32\RPCRT4.dll
0x00007ff802150000 - 0x00007ff8022fe000 	C:\WINDOWS\System32\USER32.dll
0x00007fffffea0000 - 0x00007fffffec6000 	C:\WINDOWS\System32\win32u.dll
0x00007ff801dc0000 - 0x00007ff801de9000 	C:\WINDOWS\System32\GDI32.dll
0x00007fffffed0000 - 0x00007ffffffeb000 	C:\WINDOWS\System32\gdi32full.dll
0x00007ff800020000 - 0x00007ff8000ba000 	C:\WINDOWS\System32\msvcp_win.dll
0x00007fffdb300000 - 0x00007fffdb592000 	C:\WINDOWS\WinSxS\amd64_microsoft.windows.common-controls_6595b64144ccf1df_6.0.22621.4541_none_2710d1c57384c085\COMCTL32.dll
0x00007ffff2320000 - 0x00007ffff232a000 	C:\WINDOWS\SYSTEM32\VERSION.dll
0x00007ff802110000 - 0x00007ff802141000 	C:\WINDOWS\System32\IMM32.DLL
0x00007ffff8410000 - 0x00007ffff841c000 	C:\Program Files\Java\jdk-17\bin\vcruntime140_1.dll
0x00007fff9fde0000 - 0x00007fff9fe6e000 	C:\Program Files\Java\jdk-17\bin\msvcp140.dll
0x00007fff240a0000 - 0x00007fff24c80000 	C:\Program Files\Java\jdk-17\bin\server\jvm.dll
0x00007ff800510000 - 0x00007ff800518000 	C:\WINDOWS\System32\PSAPI.DLL
0x00007ffff5940000 - 0x00007ffff5974000 	C:\WINDOWS\SYSTEM32\WINMM.dll
0x00007fffdfbf0000 - 0x00007fffdfbf9000 	C:\WINDOWS\SYSTEM32\WSOCK32.dll
0x00007ff801e00000 - 0x00007ff801e71000 	C:\WINDOWS\System32\WS2_32.dll
0x00007ffffeab0000 - 0x00007ffffeac8000 	C:\WINDOWS\SYSTEM32\kernel.appcore.dll
0x00007fffea440000 - 0x00007fffea44a000 	C:\Program Files\Java\jdk-17\bin\jimage.dll
0x00007ffff9530000 - 0x00007ffff9762000 	C:\WINDOWS\SYSTEM32\DBGHELP.DLL
0x00007ff8023d0000 - 0x00007ff80275f000 	C:\WINDOWS\System32\combase.dll
0x00007ff800730000 - 0x00007ff800807000 	C:\WINDOWS\System32\OLEAUT32.dll
0x00007fffdc8c0000 - 0x00007fffdc8f2000 	C:\WINDOWS\SYSTEM32\dbgcore.DLL
0x00007fffffbc0000 - 0x00007fffffc3b000 	C:\WINDOWS\System32\bcryptPrimitives.dll
0x00007fffe6c70000 - 0x00007fffe6c7e000 	C:\Program Files\Java\jdk-17\bin\instrument.dll
0x00007fffd7600000 - 0x00007fffd7625000 	C:\Program Files\Java\jdk-17\bin\java.dll
0x00007fff9cad0000 - 0x00007fff9cba7000 	C:\Program Files\Java\jdk-17\bin\jsvml.dll
0x00007ff8010b0000 - 0x00007ff801928000 	C:\WINDOWS\System32\SHELL32.dll
0x00007ffffd9b0000 - 0x00007ffffe2b8000 	C:\WINDOWS\SYSTEM32\windows.storage.dll
0x00007ffffd870000 - 0x00007ffffd9af000 	C:\WINDOWS\SYSTEM32\wintypes.dll
0x00007ff801b50000 - 0x00007ff801c4a000 	C:\WINDOWS\System32\SHCORE.dll
0x00007ff8004b0000 - 0x00007ff80050e000 	C:\WINDOWS\System32\shlwapi.dll
0x00007fffff9a0000 - 0x00007fffff9cb000 	C:\WINDOWS\SYSTEM32\profapi.dll
0x00007fffd8610000 - 0x00007fffd8628000 	C:\Program Files\Java\jdk-17\bin\zip.dll
0x00007fffc4310000 - 0x00007fffc4329000 	C:\Program Files\Java\jdk-17\bin\net.dll
0x00007ffff5160000 - 0x00007ffff5296000 	C:\WINDOWS\SYSTEM32\WINHTTP.dll
0x00007ffffef30000 - 0x00007ffffef99000 	C:\WINDOWS\system32\mswsock.dll
0x00007fffbeea0000 - 0x00007fffbeeb6000 	C:\Program Files\Java\jdk-17\bin\nio.dll
0x00007fffe6c40000 - 0x00007fffe6c50000 	C:\Program Files\Java\jdk-17\bin\verify.dll
0x00007fffe7cf0000 - 0x00007fffe7d17000 	C:\Users\Akshada\.gradle\native\c067742578af261105cb4f569cf0c3c89f3d7b1fecec35dd04571415982c5e48\windows-amd64\native-platform.dll
0x00007fff7d290000 - 0x00007fff7d3d4000 	C:\Users\Akshada\.gradle\native\100fb08df4bc3b14c8652ba06237920a3bd2aa13389f12d3474272988ae205f9\windows-amd64\native-platform-file-events.dll
0x00007fffe5b40000 - 0x00007fffe5b4a000 	C:\Program Files\Java\jdk-17\bin\management.dll
0x00007fffe5aa0000 - 0x00007fffe5aab000 	C:\Program Files\Java\jdk-17\bin\management_ext.dll
0x00007fffff190000 - 0x00007fffff1ab000 	C:\WINDOWS\SYSTEM32\CRYPTSP.dll
0x00007ffffea10000 - 0x00007ffffea45000 	C:\WINDOWS\system32\rsaenh.dll
0x00007fffff020000 - 0x00007fffff048000 	C:\WINDOWS\SYSTEM32\USERENV.dll
0x00007fffff180000 - 0x00007fffff18c000 	C:\WINDOWS\SYSTEM32\CRYPTBASE.dll
0x00007ffffe520000 - 0x00007ffffe54d000 	C:\WINDOWS\SYSTEM32\IPHLPAPI.DLL
0x00007ff8019f0000 - 0x00007ff8019f9000 	C:\WINDOWS\System32\NSI.dll
0x00007ffff50b0000 - 0x00007ffff50c9000 	C:\WINDOWS\SYSTEM32\dhcpcsvc6.DLL
0x00007ffff5090000 - 0x00007ffff50af000 	C:\WINDOWS\SYSTEM32\dhcpcsvc.DLL
0x00007ffffe590000 - 0x00007ffffe692000 	C:\WINDOWS\SYSTEM32\DNSAPI.dll
0x00007fffe59f0000 - 0x00007fffe59fe000 	C:\Program Files\Java\jdk-17\bin\sunmscapi.dll
0x00007fffffa50000 - 0x00007fffffbb6000 	C:\WINDOWS\System32\CRYPT32.dll
0x00007fffff320000 - 0x00007fffff34d000 	C:\WINDOWS\SYSTEM32\ncrypt.dll
0x00007fffff2e0000 - 0x00007fffff317000 	C:\WINDOWS\SYSTEM32\NTASN1.dll
0x00007fffc2df0000 - 0x00007fffc2df8000 	C:\WINDOWS\system32\wshunix.dll
0x00007fffc25f0000 - 0x00007fffc2607000 	C:\WINDOWS\system32\napinsp.dll
0x00007fff7fe90000 - 0x00007fff7feab000 	C:\WINDOWS\system32\pnrpnsp.dll
0x00007fff7fe70000 - 0x00007fff7fe81000 	C:\WINDOWS\System32\winrnr.dll
0x00007fffbe840000 - 0x00007fffbe855000 	C:\WINDOWS\system32\wshbth.dll
0x00007fff8f590000 - 0x00007fff8f5b7000 	C:\WINDOWS\system32\nlansp_c.dll
0x00007fffe80f0000 - 0x00007fffe80fa000 	C:\Windows\System32\rasadhlp.dll
0x00007ffff24d0000 - 0x00007ffff2553000 	C:\WINDOWS\System32\fwpuclnt.dll

dbghelp: loaded successfully - version: 4.0.5 - missing functions: none
symbol engine: initialized successfully - sym options: 0x614 - pdb path: .;C:\Program Files\Java\jdk-17\bin;C:\WINDOWS\SYSTEM32;C:\WINDOWS\WinSxS\amd64_microsoft.windows.common-controls_6595b64144ccf1df_6.0.22621.4541_none_2710d1c57384c085;C:\Program Files\Java\jdk-17\bin\server;C:\Users\Akshada\.gradle\native\c067742578af261105cb4f569cf0c3c89f3d7b1fecec35dd04571415982c5e48\windows-amd64;C:\Users\Akshada\.gradle\native\100fb08df4bc3b14c8652ba06237920a3bd2aa13389f12d3474272988ae205f9\windows-amd64

VM Arguments:
jvm_args: --add-opens=java.base/java.util=ALL-UNNAMED --add-opens=java.base/java.lang=ALL-UNNAMED --add-opens=java.base/java.lang.invoke=ALL-UNNAMED --add-opens=java.prefs/java.util.prefs=ALL-UNNAMED --add-exports=jdk.compiler/com.sun.tools.javac.api=ALL-UNNAMED --add-exports=jdk.compiler/com.sun.tools.javac.util=ALL-UNNAMED --add-opens=java.base/java.nio.charset=ALL-UNNAMED --add-opens=java.base/java.net=ALL-UNNAMED --add-opens=java.base/java.util.concurrent.atomic=ALL-UNNAMED -XX:MaxMetaspaceSize=384m -XX:+HeapDumpOnOutOfMemoryError -Xms256m -Xmx512m -Dfile.encoding=UTF-8 -Duser.country -Duser.language=en -Duser.variant -javaagent:C:\Users\Akshada\.gradle\wrapper\dists\gradle-8.10-bin\deqhafrv1ntovfmgh0nh3npr9\gradle-8.10\lib\agents\gradle-instrumentation-agent-8.10.jar 
java_command: org.gradle.launcher.daemon.bootstrap.GradleDaemon 8.10
java_class_path (initial): C:\Users\Akshada\.gradle\wrapper\dists\gradle-8.10-bin\deqhafrv1ntovfmgh0nh3npr9\gradle-8.10\lib\gradle-daemon-main-8.10.jar
Launcher Type: SUN_STANDARD

[Global flags]
     intx CICompilerCount                          = 3                                         {product} {ergonomic}
   size_t CompressedClassSpaceSize                 = 335544320                                 {product} {ergonomic}
     uint ConcGCThreads                            = 1                                         {product} {ergonomic}
     uint G1ConcRefinementThreads                  = 4                                         {product} {ergonomic}
   size_t G1HeapRegionSize                         = 1048576                                   {product} {ergonomic}
    uintx GCDrainStackTargetSize                   = 64                                        {product} {ergonomic}
     bool HeapDumpOnOutOfMemoryError               = true                                   {manageable} {command line}
   size_t InitialHeapSize                          = 268435456                                 {product} {command line}
   size_t MarkStackSize                            = 4194304                                   {product} {ergonomic}
   size_t MaxHeapSize                              = 536870912                                 {product} {command line}
   size_t MaxMetaspaceSize                         = 402653184                                 {product} {command line}
   size_t MaxNewSize                               = 321912832                                 {product} {ergonomic}
   size_t MinHeapDeltaBytes                        = 1048576                                   {product} {ergonomic}
   size_t MinHeapSize                              = 268435456                                 {product} {command line}
    uintx NonNMethodCodeHeapSize                   = 5832780                                {pd product} {ergonomic}
    uintx NonProfiledCodeHeapSize                  = 122912730                              {pd product} {ergonomic}
    uintx ProfiledCodeHeapSize                     = 122912730                              {pd product} {ergonomic}
    uintx ReservedCodeCacheSize                    = 251658240                              {pd product} {ergonomic}
     bool SegmentedCodeCache                       = true                                      {product} {ergonomic}
   size_t SoftMaxHeapSize                          = 536870912                              {manageable} {ergonomic}
     bool UseCompressedClassPointers               = true                           {product lp64_product} {ergonomic}
     bool UseCompressedOops                        = true                           {product lp64_product} {ergonomic}
     bool UseG1GC                                  = true                                      {product} {ergonomic}
     bool UseLargePagesIndividualAllocation        = false                                  {pd product} {ergonomic}

Logging:
Log output configuration:
 #0: stdout all=warning uptime,level,tags
 #1: stderr all=off uptime,level,tags

Environment Variables:
JAVA_HOME=C:\Program Files\Java\jdk-17
PATH=C:\Program Files\Common Files\Oracle\Java\javapath;C:\Users\Akshada\Downloads\WINDOWS.X64_193000_db_home\bin;C:\Python310\Scripts\;C:\Python310\;C:\WINDOWS\system32;C:\WINDOWS;C:\WINDOWS\System32\Wbem;C:\WINDOWS\System32\WindowsPowerShell\v1.0\;C:\WINDOWS\System32\OpenSSH\;C:\ProgramData\chocolatey\bin;C:\Program Files\Microsoft SQL Server\110\Tools\Binn\;C:\Program Files\Microsoft SQL Server\150\Tools\Binn\;C:\Program Files\Git\cmd;C:\Program Files\nodejs\;C:\Program Files\Java\jdk-21\bin;C:\Program Files\Java\jdk-17\bin;C:\Users\Akshada\AppData\Local\Android\Sdk\emulator;C:\Users\Akshada\AppData\Local\Android\Sdk\platform-tools;C:\Users\Akshada\AppData\Local\Android\Sdk\tools;C:\Users\Akshada\AppData\Local\jdk-11.0.2\bin;C:\Users\Akshada\AppData\Local\Android\Sdk\tools;C:\Users\Akshada\AppData\Local\jdk-11.0.2\bin;C:\Users\Akshada\AppData\Local\Android\Sdk\tools;C:\Users\Akshada\AppData\Local\jdk-11.0.2\bin;C:\Users\Akshada\AppData\Local\Programs\Python\Python312\Scripts\;C:\Users\Akshada\AppData\Local\Programs\Python\Python312\;C:\Users\Akshada\AppData\Local\Programs\Python\Launcher\;C:\Users\Akshada\AppData\Local\Microsoft\WindowsApps;C:\MinGW\bin;C:\Users\Akshada\AppData\Local\Programs\Microsoft VS Code\bin;C:\Users\Akshada\AppData\Local\Microsoft\WinGet\Packages\Schniz.fnm_Microsoft.Winget.Source_8wekyb3d8bbwe;C:\Users\Akshada\AppData\Roaming\npm
USERNAME=Akshada
OS=Windows_NT
PROCESSOR_IDENTIFIER=Intel64 Family 6 Model 126 Stepping 5, GenuineIntel



---------------  S Y S T E M  ---------------

OS:
 Windows 11 , 64 bit Build 22621 (10.0.22621.4391)
OS uptime: 2 days 18:39 hours

CPU: total 4 (initial active 4) (2 cores per cpu, 2 threads per core) family 6 model 126 stepping 5 microcode 0xa6, cx8, cmov, fxsr, ht, mmx, 3dnowpref, sse, sse2, sse3, ssse3, sse4.1, sse4.2, popcnt, lzcnt, tsc, tscinvbit, avx, avx2, aes, erms, clmul, bmi1, bmi2, adx, avx512f, avx512dq, avx512cd, avx512bw, avx512vl, sha, fma, vzeroupper, avx512_vpopcntdq, avx512_vpclmulqdq, avx512_vaes, avx512_vnni, clflush, clflushopt, avx512_vbmi2, avx512_vbmi

Memory: 4k page, system-wide physical 3877M (264M free)
TotalPageFile size 15653M (AvailPageFile size 172M)
current process WorkingSet (physical memory assigned to process): 308M, peak: 415M
current process commit charge ("private bytes"): 599M, peak: 603M

vm_info: Java HotSpot(TM) 64-Bit Server VM (17.0.12+8-LTS-286) for windows-amd64 JRE (17.0.12+8-LTS-286), built on Jun  5 2024 06:46:59 by "mach5one" with MS VC++ 17.6 (VS2022)

END.
