#
# There is insufficient memory for the Java Runtime Environment to continue.
# Native memory allocation (malloc) failed to allocate 1698240 bytes for Chunk::new
# Possible reasons:
#   The system is out of physical RAM or swap space
#   The process is running with CompressedOops enabled, and the Java Heap may be blocking the growth of the native heap
# Possible solutions:
#   Reduce memory load on the system
#   Increase physical memory or swap space
#   Check if swap backing store is full
#   Decrease Java heap size (-Xmx/-Xms)
#   Decrease number of Java threads
#   Decrease Java thread stack sizes (-Xss)
#   Set larger code cache with -XX:ReservedCodeCacheSize=
#   JVM is running with Unscaled Compressed Oops mode in which the Java heap is
#     placed in the first 4GB address space. The Java Heap base address is the
#     maximum limit for the native heap growth. Please use -XX:HeapBaseMinAddress
#     to set the Java Heap base and to place the Java Heap above 4GB virtual address.
# This output file may be truncated or incomplete.
#
#  Out of Memory Error (arena.cpp:189), pid=20004, tid=17912
#
# JRE version: Java(TM) SE Runtime Environment (17.0.12+8) (build 17.0.12+8-LTS-286)
# Java VM: Java HotSpot(TM) 64-Bit Server VM (17.0.12+8-LTS-286, mixed mode, sharing, tiered, compressed oops, compressed class ptrs, g1 gc, windows-amd64)
# No core dump will be written. Minidumps are not enabled by default on client versions of Windows
#

---------------  S U M M A R Y ------------

Command Line: --add-opens=java.base/java.util=ALL-UNNAMED --add-opens=java.base/java.lang=ALL-UNNAMED --add-opens=java.base/java.lang.invoke=ALL-UNNAMED --add-opens=java.prefs/java.util.prefs=ALL-UNNAMED --add-exports=jdk.compiler/com.sun.tools.javac.api=ALL-UNNAMED --add-exports=jdk.compiler/com.sun.tools.javac.util=ALL-UNNAMED --add-opens=java.base/java.nio.charset=ALL-UNNAMED --add-opens=java.base/java.net=ALL-UNNAMED --add-opens=java.base/java.util.concurrent.atomic=ALL-UNNAMED -XX:MaxMetaspaceSize=384m -XX:+HeapDumpOnOutOfMemoryError -Xms256m -Xmx512m -Dfile.encoding=UTF-8 -Duser.country -Duser.language=en -Duser.variant -javaagent:C:\Users\Akshada\.gradle\wrapper\dists\gradle-8.10-bin\deqhafrv1ntovfmgh0nh3npr9\gradle-8.10\lib\agents\gradle-instrumentation-agent-8.10.jar org.gradle.launcher.daemon.bootstrap.GradleDaemon 8.10

Host: Intel(R) Core(TM) i3-1005G1 CPU @ 1.20GHz, 4 cores, 3G,  Windows 11 , 64 bit Build 22621 (10.0.22621.4391)
Time: Thu Dec 19 15:50:17 2024 India Standard Time elapsed time: 7.029471 seconds (0d 0h 0m 7s)

---------------  T H R E A D  ---------------

Current thread (0x000001f7ec3e8910):  JavaThread "C2 CompilerThread0" daemon [_thread_in_native, id=17912, stack(0x00000032f2200000,0x00000032f2300000)]


Current CompileTask:
C2:   7029 2467   !   4       java.net.URLClassLoader::findClass (47 bytes)

Stack: [0x00000032f2200000,0x00000032f2300000]
Native frames: (J=compiled Java code, j=interpreted, Vv=VM code, C=native code)
V  [jvm.dll+0x67a04a]
V  [jvm.dll+0x7da4ed]
V  [jvm.dll+0x7dbe33]
V  [jvm.dll+0x7dc4a3]
V  [jvm.dll+0x24508f]
V  [jvm.dll+0xab773]
V  [jvm.dll+0xabd3c]
V  [jvm.dll+0x361bee]
V  [jvm.dll+0x1ba64a]
V  [jvm.dll+0x216997]
V  [jvm.dll+0x215c6f]
V  [jvm.dll+0x1a2960]
V  [jvm.dll+0x22610b]
V  [jvm.dll+0x2242ab]
V  [jvm.dll+0x79075c]
V  [jvm.dll+0x78abea]
V  [jvm.dll+0x678f35]
C  [ucrtbase.dll+0x29333]
C  [KERNEL32.DLL+0x1259d]
C  [ntdll.dll+0x5af38]


---------------  P R O C E S S  ---------------

Threads class SMR info:
_java_thread_list=0x000001f7f2b48860, length=25, elements={
0x000001f7d23563c0, 0x000001f7ec3c4ec0, 0x000001f7ec3c5a80, 0x000001f7ec3dd690,
0x000001f7ec3de9f0, 0x000001f7ec3df5b0, 0x000001f7ec3e1f80, 0x000001f7ec3e8910,
0x000001f7ec3e9b60, 0x000001f7ec3ec570, 0x000001f7ec5eadc0, 0x000001f7ec62b370,
0x000001f7f2242f00, 0x000001f7f22f2970, 0x000001f7f246c5e0, 0x000001f7ec72bba0,
0x000001f7ec728e10, 0x000001f7ec72b690, 0x000001f7ec728900, 0x000001f7ec7283f0,
0x000001f7ec72a760, 0x000001f7ec729320, 0x000001f7ec72ac70, 0x000001f7ec729d40,
0x000001f7ec72b180
}

Java Threads: ( => current thread )
  0x000001f7d23563c0 JavaThread "main" [_thread_blocked, id=8316, stack(0x00000032f1500000,0x00000032f1600000)]
  0x000001f7ec3c4ec0 JavaThread "Reference Handler" daemon [_thread_blocked, id=20068, stack(0x00000032f1c00000,0x00000032f1d00000)]
  0x000001f7ec3c5a80 JavaThread "Finalizer" daemon [_thread_blocked, id=1120, stack(0x00000032f1d00000,0x00000032f1e00000)]
  0x000001f7ec3dd690 JavaThread "Signal Dispatcher" daemon [_thread_blocked, id=12684, stack(0x00000032f1e00000,0x00000032f1f00000)]
  0x000001f7ec3de9f0 JavaThread "Attach Listener" daemon [_thread_blocked, id=19668, stack(0x00000032f1f00000,0x00000032f2000000)]
  0x000001f7ec3df5b0 JavaThread "Service Thread" daemon [_thread_blocked, id=11676, stack(0x00000032f2000000,0x00000032f2100000)]
  0x000001f7ec3e1f80 JavaThread "Monitor Deflation Thread" daemon [_thread_blocked, id=20664, stack(0x00000032f2100000,0x00000032f2200000)]
=>0x000001f7ec3e8910 JavaThread "C2 CompilerThread0" daemon [_thread_in_native, id=17912, stack(0x00000032f2200000,0x00000032f2300000)]
  0x000001f7ec3e9b60 JavaThread "C1 CompilerThread0" daemon [_thread_blocked, id=18644, stack(0x00000032f2300000,0x00000032f2400000)]
  0x000001f7ec3ec570 JavaThread "Sweeper thread" daemon [_thread_blocked, id=11836, stack(0x00000032f2400000,0x00000032f2500000)]
  0x000001f7ec5eadc0 JavaThread "Common-Cleaner" daemon [_thread_blocked, id=19776, stack(0x00000032f2500000,0x00000032f2600000)]
  0x000001f7ec62b370 JavaThread "Notification Thread" daemon [_thread_blocked, id=17724, stack(0x00000032f2600000,0x00000032f2700000)]
  0x000001f7f2242f00 JavaThread "Daemon health stats" [_thread_blocked, id=19760, stack(0x00000032f2c00000,0x00000032f2d00000)]
  0x000001f7f22f2970 JavaThread "Incoming local TCP Connector on port 59580" [_thread_in_native, id=2628, stack(0x00000032f2d00000,0x00000032f2e00000)]
  0x000001f7f246c5e0 JavaThread "Daemon periodic checks" [_thread_blocked, id=20180, stack(0x00000032f2e00000,0x00000032f2f00000)]
  0x000001f7ec72bba0 JavaThread "Daemon" [_thread_blocked, id=2560, stack(0x00000032f2f00000,0x00000032f3000000)]
  0x000001f7ec728e10 JavaThread "Handler for socket connection from /127.0.0.1:59580 to /127.0.0.1:59581" [_thread_in_native, id=5948, stack(0x00000032f3000000,0x00000032f3100000)]
  0x000001f7ec72b690 JavaThread "Cancel handler" [_thread_blocked, id=20424, stack(0x00000032f3100000,0x00000032f3200000)]
  0x000001f7ec728900 JavaThread "Daemon worker" [_thread_in_native_trans, id=20396, stack(0x00000032f3200000,0x00000032f3300000)]
  0x000001f7ec7283f0 JavaThread "Asynchronous log dispatcher for DefaultDaemonConnection: socket connection from /127.0.0.1:59580 to /127.0.0.1:59581" [_thread_blocked, id=6720, stack(0x00000032f3300000,0x00000032f3400000)]
  0x000001f7ec72a760 JavaThread "Stdin handler" [_thread_blocked, id=13360, stack(0x00000032f3400000,0x00000032f3500000)]
  0x000001f7ec729320 JavaThread "Daemon client event forwarder" [_thread_blocked, id=18256, stack(0x00000032f3500000,0x00000032f3600000)]
  0x000001f7ec72ac70 JavaThread "Cache worker for journal cache (C:\Users\Akshada\.gradle\caches\journal-1)" [_thread_blocked, id=17536, stack(0x00000032f3600000,0x00000032f3700000)]
  0x000001f7ec729d40 JavaThread "File lock request listener" [_thread_in_native, id=11152, stack(0x00000032f3700000,0x00000032f3800000)]
  0x000001f7ec72b180 JavaThread "Cache worker for file hash cache (C:\Users\Akshada\.gradle\caches\8.10\fileHashes)" [_thread_blocked, id=20888, stack(0x00000032f3800000,0x00000032f3900000)]

Other Threads:
  0x000001f7ec3bfc70 VMThread "VM Thread" [stack: 0x00000032f1b00000,0x00000032f1c00000] [id=15964]
  0x000001f7d2356f80 WatcherThread [stack: 0x00000032f2700000,0x00000032f2800000] [id=14276]
  0x000001f7d23839d0 GCTaskThread "GC Thread#0" [stack: 0x00000032f1600000,0x00000032f1700000] [id=12756]
  0x000001f7ec7ac940 GCTaskThread "GC Thread#1" [stack: 0x00000032f2800000,0x00000032f2900000] [id=17136]
  0x000001f7ec7a9ce0 GCTaskThread "GC Thread#2" [stack: 0x00000032f2900000,0x00000032f2a00000] [id=18440]
  0x000001f7ec7a9fa0 GCTaskThread "GC Thread#3" [stack: 0x00000032f2a00000,0x00000032f2b00000] [id=8468]
  0x000001f7d23887c0 ConcurrentGCThread "G1 Main Marker" [stack: 0x00000032f1700000,0x00000032f1800000] [id=1324]
  0x000001f7d2389070 ConcurrentGCThread "G1 Conc#0" [stack: 0x00000032f1800000,0x00000032f1900000] [id=13428]
  0x000001f7d241eb70 ConcurrentGCThread "G1 Refine#0" [stack: 0x00000032f1900000,0x00000032f1a00000] [id=4012]
  0x000001f7f14071f0 ConcurrentGCThread "G1 Refine#1" [stack: 0x00000032f2b00000,0x00000032f2c00000] [id=17896]
  0x000001f7ec285d70 ConcurrentGCThread "G1 Service" [stack: 0x00000032f1a00000,0x00000032f1b00000] [id=20672]

Threads with active compile tasks:
C2 CompilerThread0     7070 2467   !   4       java.net.URLClassLoader::findClass (47 bytes)

VM state: not at safepoint (normal execution)

VM Mutex/Monitor currently owned by a thread: None

Heap address: 0x00000000e0000000, size: 512 MB, Compressed Oops mode: 32-bit

CDS archive(s) mapped at: [0x000001f780000000-0x000001f780bd0000-0x000001f780bd0000), size 12386304, SharedBaseAddress: 0x000001f780000000, ArchiveRelocationMode: 1.
Compressed class space mapped at: 0x000001f781000000-0x000001f795000000, reserved size: 335544320
Narrow klass base: 0x000001f780000000, Narrow klass shift: 0, Narrow klass range: 0x100000000

GC Precious Log:
 CPUs: 4 total, 4 available
 Memory: 3877M
 Large Page Support: Disabled
 NUMA Support: Disabled
 Compressed Oops: Enabled (32-bit)
 Heap Region Size: 1M
 Heap Min Capacity: 256M
 Heap Initial Capacity: 256M
 Heap Max Capacity: 512M
 Pre-touch: Disabled
 Parallel Workers: 4
 Concurrent Workers: 1
 Concurrent Refinement Workers: 4
 Periodic GC: Disabled

Heap:
 garbage-first heap   total 262144K, used 157932K [0x00000000e0000000, 0x0000000100000000)
  region size 1024K, 146 young (149504K), 3 survivors (3072K)
 Metaspace       used 18597K, committed 19008K, reserved 393216K
  class space    used 2680K, committed 2880K, reserved 327680K

Heap Regions: E=young(eden), S=young(survivor), O=old, HS=humongous(starts), HC=humongous(continues), CS=collection set, F=free, OA=open archive, CA=closed archive, TAMS=top-at-mark-start (previous, next)
|   0|0x00000000e0000000, 0x00000000e0100000, 0x00000000e0100000|100%|HS|  |TAMS 0x00000000e0000000, 0x00000000e0000000| Complete 
|   1|0x00000000e0100000, 0x00000000e0200000, 0x00000000e0200000|100%|HC|  |TAMS 0x00000000e0100000, 0x00000000e0100000| Complete 
|   2|0x00000000e0200000, 0x00000000e0300000, 0x00000000e0300000|100%|HC|  |TAMS 0x00000000e0200000, 0x00000000e0200000| Complete 
|   3|0x00000000e0300000, 0x00000000e0400000, 0x00000000e0400000|100%|HC|  |TAMS 0x00000000e0300000, 0x00000000e0300000| Complete 
|   4|0x00000000e0400000, 0x00000000e0500000, 0x00000000e0500000|100%| O|  |TAMS 0x00000000e0400000, 0x00000000e0400000| Untracked 
|   5|0x00000000e0500000, 0x00000000e0600000, 0x00000000e0600000|100%| O|  |TAMS 0x00000000e0500000, 0x00000000e0500000| Untracked 
|   6|0x00000000e0600000, 0x00000000e0700000, 0x00000000e0700000|100%| O|  |TAMS 0x00000000e0600000, 0x00000000e0600000| Untracked 
|   7|0x00000000e0700000, 0x00000000e073b200, 0x00000000e0800000| 23%| O|  |TAMS 0x00000000e0700000, 0x00000000e0700000| Untracked 
|   8|0x00000000e0800000, 0x00000000e0900000, 0x00000000e0900000|100%|HS|  |TAMS 0x00000000e0800000, 0x00000000e0800000| Complete 
|   9|0x00000000e0900000, 0x00000000e0a00000, 0x00000000e0a00000|100%|HS|  |TAMS 0x00000000e0900000, 0x00000000e0900000| Complete 
|  10|0x00000000e0a00000, 0x00000000e0a00000, 0x00000000e0b00000|  0%| F|  |TAMS 0x00000000e0a00000, 0x00000000e0a00000| Untracked 
|  11|0x00000000e0b00000, 0x00000000e0b00000, 0x00000000e0c00000|  0%| F|  |TAMS 0x00000000e0b00000, 0x00000000e0b00000| Untracked 
|  12|0x00000000e0c00000, 0x00000000e0c00000, 0x00000000e0d00000|  0%| F|  |TAMS 0x00000000e0c00000, 0x00000000e0c00000| Untracked 
|  13|0x00000000e0d00000, 0x00000000e0d00000, 0x00000000e0e00000|  0%| F|  |TAMS 0x00000000e0d00000, 0x00000000e0d00000| Untracked 
|  14|0x00000000e0e00000, 0x00000000e0e00000, 0x00000000e0f00000|  0%| F|  |TAMS 0x00000000e0e00000, 0x00000000e0e00000| Untracked 
|  15|0x00000000e0f00000, 0x00000000e0f00000, 0x00000000e1000000|  0%| F|  |TAMS 0x00000000e0f00000, 0x00000000e0f00000| Untracked 
|  16|0x00000000e1000000, 0x00000000e1000000, 0x00000000e1100000|  0%| F|  |TAMS 0x00000000e1000000, 0x00000000e1000000| Untracked 
|  17|0x00000000e1100000, 0x00000000e1100000, 0x00000000e1200000|  0%| F|  |TAMS 0x00000000e1100000, 0x00000000e1100000| Untracked 
|  18|0x00000000e1200000, 0x00000000e1200000, 0x00000000e1300000|  0%| F|  |TAMS 0x00000000e1200000, 0x00000000e1200000| Untracked 
|  19|0x00000000e1300000, 0x00000000e1300000, 0x00000000e1400000|  0%| F|  |TAMS 0x00000000e1300000, 0x00000000e1300000| Untracked 
|  20|0x00000000e1400000, 0x00000000e1400000, 0x00000000e1500000|  0%| F|  |TAMS 0x00000000e1400000, 0x00000000e1400000| Untracked 
|  21|0x00000000e1500000, 0x00000000e1500000, 0x00000000e1600000|  0%| F|  |TAMS 0x00000000e1500000, 0x00000000e1500000| Untracked 
|  22|0x00000000e1600000, 0x00000000e1600000, 0x00000000e1700000|  0%| F|  |TAMS 0x00000000e1600000, 0x00000000e1600000| Untracked 
|  23|0x00000000e1700000, 0x00000000e1700000, 0x00000000e1800000|  0%| F|  |TAMS 0x00000000e1700000, 0x00000000e1700000| Untracked 
|  24|0x00000000e1800000, 0x00000000e1800000, 0x00000000e1900000|  0%| F|  |TAMS 0x00000000e1800000, 0x00000000e1800000| Untracked 
|  25|0x00000000e1900000, 0x00000000e1900000, 0x00000000e1a00000|  0%| F|  |TAMS 0x00000000e1900000, 0x00000000e1900000| Untracked 
|  26|0x00000000e1a00000, 0x00000000e1a00000, 0x00000000e1b00000|  0%| F|  |TAMS 0x00000000e1a00000, 0x00000000e1a00000| Untracked 
|  27|0x00000000e1b00000, 0x00000000e1b00000, 0x00000000e1c00000|  0%| F|  |TAMS 0x00000000e1b00000, 0x00000000e1b00000| Untracked 
|  28|0x00000000e1c00000, 0x00000000e1c00000, 0x00000000e1d00000|  0%| F|  |TAMS 0x00000000e1c00000, 0x00000000e1c00000| Untracked 
|  29|0x00000000e1d00000, 0x00000000e1d00000, 0x00000000e1e00000|  0%| F|  |TAMS 0x00000000e1d00000, 0x00000000e1d00000| Untracked 
|  30|0x00000000e1e00000, 0x00000000e1e00000, 0x00000000e1f00000|  0%| F|  |TAMS 0x00000000e1e00000, 0x00000000e1e00000| Untracked 
|  31|0x00000000e1f00000, 0x00000000e1f00000, 0x00000000e2000000|  0%| F|  |TAMS 0x00000000e1f00000, 0x00000000e1f00000| Untracked 
|  32|0x00000000e2000000, 0x00000000e2000000, 0x00000000e2100000|  0%| F|  |TAMS 0x00000000e2000000, 0x00000000e2000000| Untracked 
|  33|0x00000000e2100000, 0x00000000e2100000, 0x00000000e2200000|  0%| F|  |TAMS 0x00000000e2100000, 0x00000000e2100000| Untracked 
|  34|0x00000000e2200000, 0x00000000e2200000, 0x00000000e2300000|  0%| F|  |TAMS 0x00000000e2200000, 0x00000000e2200000| Untracked 
|  35|0x00000000e2300000, 0x00000000e2300000, 0x00000000e2400000|  0%| F|  |TAMS 0x00000000e2300000, 0x00000000e2300000| Untracked 
|  36|0x00000000e2400000, 0x00000000e2400000, 0x00000000e2500000|  0%| F|  |TAMS 0x00000000e2400000, 0x00000000e2400000| Untracked 
|  37|0x00000000e2500000, 0x00000000e2500000, 0x00000000e2600000|  0%| F|  |TAMS 0x00000000e2500000, 0x00000000e2500000| Untracked 
|  38|0x00000000e2600000, 0x00000000e2600000, 0x00000000e2700000|  0%| F|  |TAMS 0x00000000e2600000, 0x00000000e2600000| Untracked 
|  39|0x00000000e2700000, 0x00000000e2700000, 0x00000000e2800000|  0%| F|  |TAMS 0x00000000e2700000, 0x00000000e2700000| Untracked 
|  40|0x00000000e2800000, 0x00000000e2800000, 0x00000000e2900000|  0%| F|  |TAMS 0x00000000e2800000, 0x00000000e2800000| Untracked 
|  41|0x00000000e2900000, 0x00000000e2900000, 0x00000000e2a00000|  0%| F|  |TAMS 0x00000000e2900000, 0x00000000e2900000| Untracked 
|  42|0x00000000e2a00000, 0x00000000e2a00000, 0x00000000e2b00000|  0%| F|  |TAMS 0x00000000e2a00000, 0x00000000e2a00000| Untracked 
|  43|0x00000000e2b00000, 0x00000000e2b00000, 0x00000000e2c00000|  0%| F|  |TAMS 0x00000000e2b00000, 0x00000000e2b00000| Untracked 
|  44|0x00000000e2c00000, 0x00000000e2c00000, 0x00000000e2d00000|  0%| F|  |TAMS 0x00000000e2c00000, 0x00000000e2c00000| Untracked 
|  45|0x00000000e2d00000, 0x00000000e2d00000, 0x00000000e2e00000|  0%| F|  |TAMS 0x00000000e2d00000, 0x00000000e2d00000| Untracked 
|  46|0x00000000e2e00000, 0x00000000e2e00000, 0x00000000e2f00000|  0%| F|  |TAMS 0x00000000e2e00000, 0x00000000e2e00000| Untracked 
|  47|0x00000000e2f00000, 0x00000000e2f00000, 0x00000000e3000000|  0%| F|  |TAMS 0x00000000e2f00000, 0x00000000e2f00000| Untracked 
|  48|0x00000000e3000000, 0x00000000e3000000, 0x00000000e3100000|  0%| F|  |TAMS 0x00000000e3000000, 0x00000000e3000000| Untracked 
|  49|0x00000000e3100000, 0x00000000e3100000, 0x00000000e3200000|  0%| F|  |TAMS 0x00000000e3100000, 0x00000000e3100000| Untracked 
|  50|0x00000000e3200000, 0x00000000e3200000, 0x00000000e3300000|  0%| F|  |TAMS 0x00000000e3200000, 0x00000000e3200000| Untracked 
|  51|0x00000000e3300000, 0x00000000e3300000, 0x00000000e3400000|  0%| F|  |TAMS 0x00000000e3300000, 0x00000000e3300000| Untracked 
|  52|0x00000000e3400000, 0x00000000e3400000, 0x00000000e3500000|  0%| F|  |TAMS 0x00000000e3400000, 0x00000000e3400000| Untracked 
|  53|0x00000000e3500000, 0x00000000e3500000, 0x00000000e3600000|  0%| F|  |TAMS 0x00000000e3500000, 0x00000000e3500000| Untracked 
|  54|0x00000000e3600000, 0x00000000e3600000, 0x00000000e3700000|  0%| F|  |TAMS 0x00000000e3600000, 0x00000000e3600000| Untracked 
|  55|0x00000000e3700000, 0x00000000e3700000, 0x00000000e3800000|  0%| F|  |TAMS 0x00000000e3700000, 0x00000000e3700000| Untracked 
|  56|0x00000000e3800000, 0x00000000e3800000, 0x00000000e3900000|  0%| F|  |TAMS 0x00000000e3800000, 0x00000000e3800000| Untracked 
|  57|0x00000000e3900000, 0x00000000e3900000, 0x00000000e3a00000|  0%| F|  |TAMS 0x00000000e3900000, 0x00000000e3900000| Untracked 
|  58|0x00000000e3a00000, 0x00000000e3a00000, 0x00000000e3b00000|  0%| F|  |TAMS 0x00000000e3a00000, 0x00000000e3a00000| Untracked 
|  59|0x00000000e3b00000, 0x00000000e3b00000, 0x00000000e3c00000|  0%| F|  |TAMS 0x00000000e3b00000, 0x00000000e3b00000| Untracked 
|  60|0x00000000e3c00000, 0x00000000e3c00000, 0x00000000e3d00000|  0%| F|  |TAMS 0x00000000e3c00000, 0x00000000e3c00000| Untracked 
|  61|0x00000000e3d00000, 0x00000000e3d00000, 0x00000000e3e00000|  0%| F|  |TAMS 0x00000000e3d00000, 0x00000000e3d00000| Untracked 
|  62|0x00000000e3e00000, 0x00000000e3e00000, 0x00000000e3f00000|  0%| F|  |TAMS 0x00000000e3e00000, 0x00000000e3e00000| Untracked 
|  63|0x00000000e3f00000, 0x00000000e3f00000, 0x00000000e4000000|  0%| F|  |TAMS 0x00000000e3f00000, 0x00000000e3f00000| Untracked 
|  64|0x00000000e4000000, 0x00000000e4000000, 0x00000000e4100000|  0%| F|  |TAMS 0x00000000e4000000, 0x00000000e4000000| Untracked 
|  65|0x00000000e4100000, 0x00000000e4100000, 0x00000000e4200000|  0%| F|  |TAMS 0x00000000e4100000, 0x00000000e4100000| Untracked 
|  66|0x00000000e4200000, 0x00000000e4200000, 0x00000000e4300000|  0%| F|  |TAMS 0x00000000e4200000, 0x00000000e4200000| Untracked 
|  67|0x00000000e4300000, 0x00000000e4300000, 0x00000000e4400000|  0%| F|  |TAMS 0x00000000e4300000, 0x00000000e4300000| Untracked 
|  68|0x00000000e4400000, 0x00000000e4400000, 0x00000000e4500000|  0%| F|  |TAMS 0x00000000e4400000, 0x00000000e4400000| Untracked 
|  69|0x00000000e4500000, 0x00000000e4500000, 0x00000000e4600000|  0%| F|  |TAMS 0x00000000e4500000, 0x00000000e4500000| Untracked 
|  70|0x00000000e4600000, 0x00000000e4600000, 0x00000000e4700000|  0%| F|  |TAMS 0x00000000e4600000, 0x00000000e4600000| Untracked 
|  71|0x00000000e4700000, 0x00000000e4700000, 0x00000000e4800000|  0%| F|  |TAMS 0x00000000e4700000, 0x00000000e4700000| Untracked 
|  72|0x00000000e4800000, 0x00000000e4800000, 0x00000000e4900000|  0%| F|  |TAMS 0x00000000e4800000, 0x00000000e4800000| Untracked 
|  73|0x00000000e4900000, 0x00000000e4900000, 0x00000000e4a00000|  0%| F|  |TAMS 0x00000000e4900000, 0x00000000e4900000| Untracked 
|  74|0x00000000e4a00000, 0x00000000e4a00000, 0x00000000e4b00000|  0%| F|  |TAMS 0x00000000e4a00000, 0x00000000e4a00000| Untracked 
|  75|0x00000000e4b00000, 0x00000000e4b00000, 0x00000000e4c00000|  0%| F|  |TAMS 0x00000000e4b00000, 0x00000000e4b00000| Untracked 
|  76|0x00000000e4c00000, 0x00000000e4c00000, 0x00000000e4d00000|  0%| F|  |TAMS 0x00000000e4c00000, 0x00000000e4c00000| Untracked 
|  77|0x00000000e4d00000, 0x00000000e4d00000, 0x00000000e4e00000|  0%| F|  |TAMS 0x00000000e4d00000, 0x00000000e4d00000| Untracked 
|  78|0x00000000e4e00000, 0x00000000e4e00000, 0x00000000e4f00000|  0%| F|  |TAMS 0x00000000e4e00000, 0x00000000e4e00000| Untracked 
|  79|0x00000000e4f00000, 0x00000000e4f00000, 0x00000000e5000000|  0%| F|  |TAMS 0x00000000e4f00000, 0x00000000e4f00000| Untracked 
|  80|0x00000000e5000000, 0x00000000e5000000, 0x00000000e5100000|  0%| F|  |TAMS 0x00000000e5000000, 0x00000000e5000000| Untracked 
|  81|0x00000000e5100000, 0x00000000e5100000, 0x00000000e5200000|  0%| F|  |TAMS 0x00000000e5100000, 0x00000000e5100000| Untracked 
|  82|0x00000000e5200000, 0x00000000e5200000, 0x00000000e5300000|  0%| F|  |TAMS 0x00000000e5200000, 0x00000000e5200000| Untracked 
|  83|0x00000000e5300000, 0x00000000e5300000, 0x00000000e5400000|  0%| F|  |TAMS 0x00000000e5300000, 0x00000000e5300000| Untracked 
|  84|0x00000000e5400000, 0x00000000e5400000, 0x00000000e5500000|  0%| F|  |TAMS 0x00000000e5400000, 0x00000000e5400000| Untracked 
|  85|0x00000000e5500000, 0x00000000e5500000, 0x00000000e5600000|  0%| F|  |TAMS 0x00000000e5500000, 0x00000000e5500000| Untracked 
|  86|0x00000000e5600000, 0x00000000e5600000, 0x00000000e5700000|  0%| F|  |TAMS 0x00000000e5600000, 0x00000000e5600000| Untracked 
|  87|0x00000000e5700000, 0x00000000e5700000, 0x00000000e5800000|  0%| F|  |TAMS 0x00000000e5700000, 0x00000000e5700000| Untracked 
|  88|0x00000000e5800000, 0x00000000e5800000, 0x00000000e5900000|  0%| F|  |TAMS 0x00000000e5800000, 0x00000000e5800000| Untracked 
|  89|0x00000000e5900000, 0x00000000e5900000, 0x00000000e5a00000|  0%| F|  |TAMS 0x00000000e5900000, 0x00000000e5900000| Untracked 
|  90|0x00000000e5a00000, 0x00000000e5a00000, 0x00000000e5b00000|  0%| F|  |TAMS 0x00000000e5a00000, 0x00000000e5a00000| Untracked 
|  91|0x00000000e5b00000, 0x00000000e5b00000, 0x00000000e5c00000|  0%| F|  |TAMS 0x00000000e5b00000, 0x00000000e5b00000| Untracked 
|  92|0x00000000e5c00000, 0x00000000e5c00000, 0x00000000e5d00000|  0%| F|  |TAMS 0x00000000e5c00000, 0x00000000e5c00000| Untracked 
|  93|0x00000000e5d00000, 0x00000000e5d00000, 0x00000000e5e00000|  0%| F|  |TAMS 0x00000000e5d00000, 0x00000000e5d00000| Untracked 
|  94|0x00000000e5e00000, 0x00000000e5e00000, 0x00000000e5f00000|  0%| F|  |TAMS 0x00000000e5e00000, 0x00000000e5e00000| Untracked 
|  95|0x00000000e5f00000, 0x00000000e5f00000, 0x00000000e6000000|  0%| F|  |TAMS 0x00000000e5f00000, 0x00000000e5f00000| Untracked 
|  96|0x00000000e6000000, 0x00000000e6000000, 0x00000000e6100000|  0%| F|  |TAMS 0x00000000e6000000, 0x00000000e6000000| Untracked 
|  97|0x00000000e6100000, 0x00000000e6100000, 0x00000000e6200000|  0%| F|  |TAMS 0x00000000e6100000, 0x00000000e6100000| Untracked 
|  98|0x00000000e6200000, 0x00000000e6200000, 0x00000000e6300000|  0%| F|  |TAMS 0x00000000e6200000, 0x00000000e6200000| Untracked 
|  99|0x00000000e6300000, 0x00000000e6300000, 0x00000000e6400000|  0%| F|  |TAMS 0x00000000e6300000, 0x00000000e6300000| Untracked 
| 100|0x00000000e6400000, 0x00000000e6400000, 0x00000000e6500000|  0%| F|  |TAMS 0x00000000e6400000, 0x00000000e6400000| Untracked 
| 101|0x00000000e6500000, 0x00000000e6500000, 0x00000000e6600000|  0%| F|  |TAMS 0x00000000e6500000, 0x00000000e6500000| Untracked 
| 102|0x00000000e6600000, 0x00000000e6600000, 0x00000000e6700000|  0%| F|  |TAMS 0x00000000e6600000, 0x00000000e6600000| Untracked 
| 103|0x00000000e6700000, 0x00000000e6700000, 0x00000000e6800000|  0%| F|  |TAMS 0x00000000e6700000, 0x00000000e6700000| Untracked 
| 104|0x00000000e6800000, 0x00000000e6800000, 0x00000000e6900000|  0%| F|  |TAMS 0x00000000e6800000, 0x00000000e6800000| Untracked 
| 105|0x00000000e6900000, 0x00000000e6900000, 0x00000000e6a00000|  0%| F|  |TAMS 0x00000000e6900000, 0x00000000e6900000| Untracked 
| 106|0x00000000e6a00000, 0x00000000e6a00000, 0x00000000e6b00000|  0%| F|  |TAMS 0x00000000e6a00000, 0x00000000e6a00000| Untracked 
| 107|0x00000000e6b00000, 0x00000000e6b00000, 0x00000000e6c00000|  0%| F|  |TAMS 0x00000000e6b00000, 0x00000000e6b00000| Untracked 
| 108|0x00000000e6c00000, 0x00000000e6c00000, 0x00000000e6d00000|  0%| F|  |TAMS 0x00000000e6c00000, 0x00000000e6c00000| Untracked 
| 109|0x00000000e6d00000, 0x00000000e6d80800, 0x00000000e6e00000| 50%| E|  |TAMS 0x00000000e6d00000, 0x00000000e6d00000| Complete 
| 110|0x00000000e6e00000, 0x00000000e6f00000, 0x00000000e6f00000|100%| E|CS|TAMS 0x00000000e6e00000, 0x00000000e6e00000| Complete 
| 111|0x00000000e6f00000, 0x00000000e7000000, 0x00000000e7000000|100%| E|CS|TAMS 0x00000000e6f00000, 0x00000000e6f00000| Complete 
| 112|0x00000000e7000000, 0x00000000e7100000, 0x00000000e7100000|100%| E|CS|TAMS 0x00000000e7000000, 0x00000000e7000000| Complete 
| 113|0x00000000e7100000, 0x00000000e7200000, 0x00000000e7200000|100%| E|CS|TAMS 0x00000000e7100000, 0x00000000e7100000| Complete 
| 114|0x00000000e7200000, 0x00000000e7300000, 0x00000000e7300000|100%| E|CS|TAMS 0x00000000e7200000, 0x00000000e7200000| Complete 
| 115|0x00000000e7300000, 0x00000000e7400000, 0x00000000e7400000|100%| E|CS|TAMS 0x00000000e7300000, 0x00000000e7300000| Complete 
| 116|0x00000000e7400000, 0x00000000e7500000, 0x00000000e7500000|100%| E|CS|TAMS 0x00000000e7400000, 0x00000000e7400000| Complete 
| 117|0x00000000e7500000, 0x00000000e7600000, 0x00000000e7600000|100%| E|CS|TAMS 0x00000000e7500000, 0x00000000e7500000| Complete 
| 118|0x00000000e7600000, 0x00000000e7700000, 0x00000000e7700000|100%| E|CS|TAMS 0x00000000e7600000, 0x00000000e7600000| Complete 
| 119|0x00000000e7700000, 0x00000000e7800000, 0x00000000e7800000|100%| E|CS|TAMS 0x00000000e7700000, 0x00000000e7700000| Complete 
| 120|0x00000000e7800000, 0x00000000e7900000, 0x00000000e7900000|100%| E|CS|TAMS 0x00000000e7800000, 0x00000000e7800000| Complete 
| 121|0x00000000e7900000, 0x00000000e7a00000, 0x00000000e7a00000|100%| E|CS|TAMS 0x00000000e7900000, 0x00000000e7900000| Complete 
| 122|0x00000000e7a00000, 0x00000000e7b00000, 0x00000000e7b00000|100%| E|CS|TAMS 0x00000000e7a00000, 0x00000000e7a00000| Complete 
| 123|0x00000000e7b00000, 0x00000000e7c00000, 0x00000000e7c00000|100%| E|CS|TAMS 0x00000000e7b00000, 0x00000000e7b00000| Complete 
| 124|0x00000000e7c00000, 0x00000000e7d00000, 0x00000000e7d00000|100%| E|CS|TAMS 0x00000000e7c00000, 0x00000000e7c00000| Complete 
| 125|0x00000000e7d00000, 0x00000000e7e00000, 0x00000000e7e00000|100%| E|CS|TAMS 0x00000000e7d00000, 0x00000000e7d00000| Complete 
| 126|0x00000000e7e00000, 0x00000000e7f00000, 0x00000000e7f00000|100%| E|CS|TAMS 0x00000000e7e00000, 0x00000000e7e00000| Complete 
| 127|0x00000000e7f00000, 0x00000000e8000000, 0x00000000e8000000|100%| E|CS|TAMS 0x00000000e7f00000, 0x00000000e7f00000| Complete 
| 128|0x00000000e8000000, 0x00000000e8100000, 0x00000000e8100000|100%| E|CS|TAMS 0x00000000e8000000, 0x00000000e8000000| Complete 
| 129|0x00000000e8100000, 0x00000000e8200000, 0x00000000e8200000|100%| E|CS|TAMS 0x00000000e8100000, 0x00000000e8100000| Complete 
| 130|0x00000000e8200000, 0x00000000e8300000, 0x00000000e8300000|100%| E|CS|TAMS 0x00000000e8200000, 0x00000000e8200000| Complete 
| 131|0x00000000e8300000, 0x00000000e8400000, 0x00000000e8400000|100%| E|CS|TAMS 0x00000000e8300000, 0x00000000e8300000| Complete 
| 132|0x00000000e8400000, 0x00000000e8500000, 0x00000000e8500000|100%| E|CS|TAMS 0x00000000e8400000, 0x00000000e8400000| Complete 
| 133|0x00000000e8500000, 0x00000000e8600000, 0x00000000e8600000|100%| E|CS|TAMS 0x00000000e8500000, 0x00000000e8500000| Complete 
| 134|0x00000000e8600000, 0x00000000e8700000, 0x00000000e8700000|100%| E|CS|TAMS 0x00000000e8600000, 0x00000000e8600000| Complete 
| 135|0x00000000e8700000, 0x00000000e8800000, 0x00000000e8800000|100%| E|CS|TAMS 0x00000000e8700000, 0x00000000e8700000| Complete 
| 136|0x00000000e8800000, 0x00000000e8900000, 0x00000000e8900000|100%| E|CS|TAMS 0x00000000e8800000, 0x00000000e8800000| Complete 
| 137|0x00000000e8900000, 0x00000000e8a00000, 0x00000000e8a00000|100%| E|CS|TAMS 0x00000000e8900000, 0x00000000e8900000| Complete 
| 138|0x00000000e8a00000, 0x00000000e8b00000, 0x00000000e8b00000|100%| E|CS|TAMS 0x00000000e8a00000, 0x00000000e8a00000| Complete 
| 139|0x00000000e8b00000, 0x00000000e8c00000, 0x00000000e8c00000|100%| E|CS|TAMS 0x00000000e8b00000, 0x00000000e8b00000| Complete 
| 140|0x00000000e8c00000, 0x00000000e8d00000, 0x00000000e8d00000|100%| E|CS|TAMS 0x00000000e8c00000, 0x00000000e8c00000| Complete 
| 141|0x00000000e8d00000, 0x00000000e8e00000, 0x00000000e8e00000|100%| E|CS|TAMS 0x00000000e8d00000, 0x00000000e8d00000| Complete 
| 142|0x00000000e8e00000, 0x00000000e8f00000, 0x00000000e8f00000|100%| E|CS|TAMS 0x00000000e8e00000, 0x00000000e8e00000| Complete 
| 143|0x00000000e8f00000, 0x00000000e9000000, 0x00000000e9000000|100%| E|CS|TAMS 0x00000000e8f00000, 0x00000000e8f00000| Complete 
| 144|0x00000000e9000000, 0x00000000e9100000, 0x00000000e9100000|100%| E|CS|TAMS 0x00000000e9000000, 0x00000000e9000000| Complete 
| 145|0x00000000e9100000, 0x00000000e9200000, 0x00000000e9200000|100%| E|CS|TAMS 0x00000000e9100000, 0x00000000e9100000| Complete 
| 146|0x00000000e9200000, 0x00000000e9300000, 0x00000000e9300000|100%| E|CS|TAMS 0x00000000e9200000, 0x00000000e9200000| Complete 
| 147|0x00000000e9300000, 0x00000000e9400000, 0x00000000e9400000|100%| E|CS|TAMS 0x00000000e9300000, 0x00000000e9300000| Complete 
| 148|0x00000000e9400000, 0x00000000e9500000, 0x00000000e9500000|100%| E|CS|TAMS 0x00000000e9400000, 0x00000000e9400000| Complete 
| 149|0x00000000e9500000, 0x00000000e9600000, 0x00000000e9600000|100%| E|CS|TAMS 0x00000000e9500000, 0x00000000e9500000| Complete 
| 150|0x00000000e9600000, 0x00000000e9700000, 0x00000000e9700000|100%| E|CS|TAMS 0x00000000e9600000, 0x00000000e9600000| Complete 
| 151|0x00000000e9700000, 0x00000000e9800000, 0x00000000e9800000|100%| E|CS|TAMS 0x00000000e9700000, 0x00000000e9700000| Complete 
| 152|0x00000000e9800000, 0x00000000e9900000, 0x00000000e9900000|100%| E|CS|TAMS 0x00000000e9800000, 0x00000000e9800000| Complete 
| 153|0x00000000e9900000, 0x00000000e9a00000, 0x00000000e9a00000|100%| E|CS|TAMS 0x00000000e9900000, 0x00000000e9900000| Complete 
| 154|0x00000000e9a00000, 0x00000000e9b00000, 0x00000000e9b00000|100%| E|CS|TAMS 0x00000000e9a00000, 0x00000000e9a00000| Complete 
| 155|0x00000000e9b00000, 0x00000000e9c00000, 0x00000000e9c00000|100%| E|CS|TAMS 0x00000000e9b00000, 0x00000000e9b00000| Complete 
| 156|0x00000000e9c00000, 0x00000000e9d00000, 0x00000000e9d00000|100%| E|CS|TAMS 0x00000000e9c00000, 0x00000000e9c00000| Complete 
| 157|0x00000000e9d00000, 0x00000000e9e00000, 0x00000000e9e00000|100%| E|CS|TAMS 0x00000000e9d00000, 0x00000000e9d00000| Complete 
| 158|0x00000000e9e00000, 0x00000000e9f00000, 0x00000000e9f00000|100%| E|CS|TAMS 0x00000000e9e00000, 0x00000000e9e00000| Complete 
| 159|0x00000000e9f00000, 0x00000000ea000000, 0x00000000ea000000|100%| E|CS|TAMS 0x00000000e9f00000, 0x00000000e9f00000| Complete 
| 160|0x00000000ea000000, 0x00000000ea100000, 0x00000000ea100000|100%| E|CS|TAMS 0x00000000ea000000, 0x00000000ea000000| Complete 
| 161|0x00000000ea100000, 0x00000000ea200000, 0x00000000ea200000|100%| E|CS|TAMS 0x00000000ea100000, 0x00000000ea100000| Complete 
| 162|0x00000000ea200000, 0x00000000ea300000, 0x00000000ea300000|100%| E|CS|TAMS 0x00000000ea200000, 0x00000000ea200000| Complete 
| 163|0x00000000ea300000, 0x00000000ea400000, 0x00000000ea400000|100%| E|CS|TAMS 0x00000000ea300000, 0x00000000ea300000| Complete 
| 164|0x00000000ea400000, 0x00000000ea500000, 0x00000000ea500000|100%| E|CS|TAMS 0x00000000ea400000, 0x00000000ea400000| Complete 
| 165|0x00000000ea500000, 0x00000000ea600000, 0x00000000ea600000|100%| E|CS|TAMS 0x00000000ea500000, 0x00000000ea500000| Complete 
| 166|0x00000000ea600000, 0x00000000ea700000, 0x00000000ea700000|100%| E|CS|TAMS 0x00000000ea600000, 0x00000000ea600000| Complete 
| 167|0x00000000ea700000, 0x00000000ea800000, 0x00000000ea800000|100%| E|CS|TAMS 0x00000000ea700000, 0x00000000ea700000| Complete 
| 168|0x00000000ea800000, 0x00000000ea900000, 0x00000000ea900000|100%| E|CS|TAMS 0x00000000ea800000, 0x00000000ea800000| Complete 
| 169|0x00000000ea900000, 0x00000000eaa00000, 0x00000000eaa00000|100%| E|CS|TAMS 0x00000000ea900000, 0x00000000ea900000| Complete 
| 170|0x00000000eaa00000, 0x00000000eab00000, 0x00000000eab00000|100%| E|CS|TAMS 0x00000000eaa00000, 0x00000000eaa00000| Complete 
| 171|0x00000000eab00000, 0x00000000eac00000, 0x00000000eac00000|100%| E|CS|TAMS 0x00000000eab00000, 0x00000000eab00000| Complete 
| 172|0x00000000eac00000, 0x00000000ead00000, 0x00000000ead00000|100%| E|CS|TAMS 0x00000000eac00000, 0x00000000eac00000| Complete 
| 173|0x00000000ead00000, 0x00000000eae00000, 0x00000000eae00000|100%| E|CS|TAMS 0x00000000ead00000, 0x00000000ead00000| Complete 
| 174|0x00000000eae00000, 0x00000000eaf00000, 0x00000000eaf00000|100%| E|CS|TAMS 0x00000000eae00000, 0x00000000eae00000| Complete 
| 175|0x00000000eaf00000, 0x00000000eb000000, 0x00000000eb000000|100%| E|CS|TAMS 0x00000000eaf00000, 0x00000000eaf00000| Complete 
| 176|0x00000000eb000000, 0x00000000eb100000, 0x00000000eb100000|100%| E|CS|TAMS 0x00000000eb000000, 0x00000000eb000000| Complete 
| 177|0x00000000eb100000, 0x00000000eb200000, 0x00000000eb200000|100%| E|CS|TAMS 0x00000000eb100000, 0x00000000eb100000| Complete 
| 178|0x00000000eb200000, 0x00000000eb300000, 0x00000000eb300000|100%| E|CS|TAMS 0x00000000eb200000, 0x00000000eb200000| Complete 
| 179|0x00000000eb300000, 0x00000000eb400000, 0x00000000eb400000|100%| E|CS|TAMS 0x00000000eb300000, 0x00000000eb300000| Complete 
| 180|0x00000000eb400000, 0x00000000eb500000, 0x00000000eb500000|100%| E|CS|TAMS 0x00000000eb400000, 0x00000000eb400000| Complete 
| 181|0x00000000eb500000, 0x00000000eb600000, 0x00000000eb600000|100%| E|CS|TAMS 0x00000000eb500000, 0x00000000eb500000| Complete 
| 182|0x00000000eb600000, 0x00000000eb700000, 0x00000000eb700000|100%| E|CS|TAMS 0x00000000eb600000, 0x00000000eb600000| Complete 
| 183|0x00000000eb700000, 0x00000000eb800000, 0x00000000eb800000|100%| E|CS|TAMS 0x00000000eb700000, 0x00000000eb700000| Complete 
| 184|0x00000000eb800000, 0x00000000eb900000, 0x00000000eb900000|100%| E|CS|TAMS 0x00000000eb800000, 0x00000000eb800000| Complete 
| 185|0x00000000eb900000, 0x00000000eba00000, 0x00000000eba00000|100%| E|CS|TAMS 0x00000000eb900000, 0x00000000eb900000| Complete 
| 186|0x00000000eba00000, 0x00000000ebb00000, 0x00000000ebb00000|100%| E|CS|TAMS 0x00000000eba00000, 0x00000000eba00000| Complete 
| 187|0x00000000ebb00000, 0x00000000ebc00000, 0x00000000ebc00000|100%| E|CS|TAMS 0x00000000ebb00000, 0x00000000ebb00000| Complete 
| 188|0x00000000ebc00000, 0x00000000ebd00000, 0x00000000ebd00000|100%| E|CS|TAMS 0x00000000ebc00000, 0x00000000ebc00000| Complete 
| 189|0x00000000ebd00000, 0x00000000ebe00000, 0x00000000ebe00000|100%| E|CS|TAMS 0x00000000ebd00000, 0x00000000ebd00000| Complete 
| 190|0x00000000ebe00000, 0x00000000ebf00000, 0x00000000ebf00000|100%| E|CS|TAMS 0x00000000ebe00000, 0x00000000ebe00000| Complete 
| 191|0x00000000ebf00000, 0x00000000ec000000, 0x00000000ec000000|100%| E|CS|TAMS 0x00000000ebf00000, 0x00000000ebf00000| Complete 
| 192|0x00000000ec000000, 0x00000000ec100000, 0x00000000ec100000|100%| E|CS|TAMS 0x00000000ec000000, 0x00000000ec000000| Complete 
| 193|0x00000000ec100000, 0x00000000ec200000, 0x00000000ec200000|100%| E|CS|TAMS 0x00000000ec100000, 0x00000000ec100000| Complete 
| 194|0x00000000ec200000, 0x00000000ec300000, 0x00000000ec300000|100%| E|CS|TAMS 0x00000000ec200000, 0x00000000ec200000| Complete 
| 195|0x00000000ec300000, 0x00000000ec400000, 0x00000000ec400000|100%| E|CS|TAMS 0x00000000ec300000, 0x00000000ec300000| Complete 
| 196|0x00000000ec400000, 0x00000000ec500000, 0x00000000ec500000|100%| E|CS|TAMS 0x00000000ec400000, 0x00000000ec400000| Complete 
| 197|0x00000000ec500000, 0x00000000ec600000, 0x00000000ec600000|100%| E|CS|TAMS 0x00000000ec500000, 0x00000000ec500000| Complete 
| 198|0x00000000ec600000, 0x00000000ec700000, 0x00000000ec700000|100%| E|CS|TAMS 0x00000000ec600000, 0x00000000ec600000| Complete 
| 199|0x00000000ec700000, 0x00000000ec800000, 0x00000000ec800000|100%| E|CS|TAMS 0x00000000ec700000, 0x00000000ec700000| Complete 
| 200|0x00000000ec800000, 0x00000000ec900000, 0x00000000ec900000|100%| E|CS|TAMS 0x00000000ec800000, 0x00000000ec800000| Complete 
| 201|0x00000000ec900000, 0x00000000eca00000, 0x00000000eca00000|100%| E|CS|TAMS 0x00000000ec900000, 0x00000000ec900000| Complete 
| 202|0x00000000eca00000, 0x00000000ecb00000, 0x00000000ecb00000|100%| E|CS|TAMS 0x00000000eca00000, 0x00000000eca00000| Complete 
| 203|0x00000000ecb00000, 0x00000000ecc00000, 0x00000000ecc00000|100%| E|CS|TAMS 0x00000000ecb00000, 0x00000000ecb00000| Complete 
| 204|0x00000000ecc00000, 0x00000000ecd00000, 0x00000000ecd00000|100%| E|CS|TAMS 0x00000000ecc00000, 0x00000000ecc00000| Complete 
| 205|0x00000000ecd00000, 0x00000000ece00000, 0x00000000ece00000|100%| E|CS|TAMS 0x00000000ecd00000, 0x00000000ecd00000| Complete 
| 206|0x00000000ece00000, 0x00000000ecf00000, 0x00000000ecf00000|100%| E|CS|TAMS 0x00000000ece00000, 0x00000000ece00000| Complete 
| 207|0x00000000ecf00000, 0x00000000ed000000, 0x00000000ed000000|100%| E|CS|TAMS 0x00000000ecf00000, 0x00000000ecf00000| Complete 
| 208|0x00000000ed000000, 0x00000000ed100000, 0x00000000ed100000|100%| E|CS|TAMS 0x00000000ed000000, 0x00000000ed000000| Complete 
| 209|0x00000000ed100000, 0x00000000ed200000, 0x00000000ed200000|100%| E|CS|TAMS 0x00000000ed100000, 0x00000000ed100000| Complete 
| 210|0x00000000ed200000, 0x00000000ed300000, 0x00000000ed300000|100%| E|CS|TAMS 0x00000000ed200000, 0x00000000ed200000| Complete 
| 211|0x00000000ed300000, 0x00000000ed400000, 0x00000000ed400000|100%| E|CS|TAMS 0x00000000ed300000, 0x00000000ed300000| Complete 
| 212|0x00000000ed400000, 0x00000000ed500000, 0x00000000ed500000|100%| E|CS|TAMS 0x00000000ed400000, 0x00000000ed400000| Complete 
| 213|0x00000000ed500000, 0x00000000ed600000, 0x00000000ed600000|100%| E|CS|TAMS 0x00000000ed500000, 0x00000000ed500000| Complete 
| 214|0x00000000ed600000, 0x00000000ed700000, 0x00000000ed700000|100%| E|CS|TAMS 0x00000000ed600000, 0x00000000ed600000| Complete 
| 215|0x00000000ed700000, 0x00000000ed800000, 0x00000000ed800000|100%| E|CS|TAMS 0x00000000ed700000, 0x00000000ed700000| Complete 
| 216|0x00000000ed800000, 0x00000000ed900000, 0x00000000ed900000|100%| E|CS|TAMS 0x00000000ed800000, 0x00000000ed800000| Complete 
| 217|0x00000000ed900000, 0x00000000eda00000, 0x00000000eda00000|100%| E|CS|TAMS 0x00000000ed900000, 0x00000000ed900000| Complete 
| 218|0x00000000eda00000, 0x00000000edb00000, 0x00000000edb00000|100%| E|CS|TAMS 0x00000000eda00000, 0x00000000eda00000| Complete 
| 219|0x00000000edb00000, 0x00000000edc00000, 0x00000000edc00000|100%| E|CS|TAMS 0x00000000edb00000, 0x00000000edb00000| Complete 
| 220|0x00000000edc00000, 0x00000000edd00000, 0x00000000edd00000|100%| E|CS|TAMS 0x00000000edc00000, 0x00000000edc00000| Complete 
| 221|0x00000000edd00000, 0x00000000ede00000, 0x00000000ede00000|100%| E|CS|TAMS 0x00000000edd00000, 0x00000000edd00000| Complete 
| 222|0x00000000ede00000, 0x00000000edf00000, 0x00000000edf00000|100%| E|CS|TAMS 0x00000000ede00000, 0x00000000ede00000| Complete 
| 223|0x00000000edf00000, 0x00000000ee000000, 0x00000000ee000000|100%| E|CS|TAMS 0x00000000edf00000, 0x00000000edf00000| Complete 
| 224|0x00000000ee000000, 0x00000000ee100000, 0x00000000ee100000|100%| E|CS|TAMS 0x00000000ee000000, 0x00000000ee000000| Complete 
| 225|0x00000000ee100000, 0x00000000ee200000, 0x00000000ee200000|100%| E|CS|TAMS 0x00000000ee100000, 0x00000000ee100000| Complete 
| 226|0x00000000ee200000, 0x00000000ee300000, 0x00000000ee300000|100%| E|CS|TAMS 0x00000000ee200000, 0x00000000ee200000| Complete 
| 227|0x00000000ee300000, 0x00000000ee400000, 0x00000000ee400000|100%| E|CS|TAMS 0x00000000ee300000, 0x00000000ee300000| Complete 
| 228|0x00000000ee400000, 0x00000000ee500000, 0x00000000ee500000|100%| E|CS|TAMS 0x00000000ee400000, 0x00000000ee400000| Complete 
| 229|0x00000000ee500000, 0x00000000ee600000, 0x00000000ee600000|100%| E|CS|TAMS 0x00000000ee500000, 0x00000000ee500000| Complete 
| 230|0x00000000ee600000, 0x00000000ee700000, 0x00000000ee700000|100%| E|CS|TAMS 0x00000000ee600000, 0x00000000ee600000| Complete 
| 231|0x00000000ee700000, 0x00000000ee800000, 0x00000000ee800000|100%| E|CS|TAMS 0x00000000ee700000, 0x00000000ee700000| Complete 
| 232|0x00000000ee800000, 0x00000000ee900000, 0x00000000ee900000|100%| S|CS|TAMS 0x00000000ee800000, 0x00000000ee800000| Complete 
| 233|0x00000000ee900000, 0x00000000eea00000, 0x00000000eea00000|100%| S|CS|TAMS 0x00000000ee900000, 0x00000000ee900000| Complete 
| 234|0x00000000eea00000, 0x00000000eeb00000, 0x00000000eeb00000|100%| S|CS|TAMS 0x00000000eea00000, 0x00000000eea00000| Complete 
| 235|0x00000000eeb00000, 0x00000000eec00000, 0x00000000eec00000|100%| E|CS|TAMS 0x00000000eeb00000, 0x00000000eeb00000| Complete 
| 236|0x00000000eec00000, 0x00000000eed00000, 0x00000000eed00000|100%| E|CS|TAMS 0x00000000eec00000, 0x00000000eec00000| Complete 
| 237|0x00000000eed00000, 0x00000000eee00000, 0x00000000eee00000|100%| E|CS|TAMS 0x00000000eed00000, 0x00000000eed00000| Complete 
| 238|0x00000000eee00000, 0x00000000eef00000, 0x00000000eef00000|100%| E|CS|TAMS 0x00000000eee00000, 0x00000000eee00000| Complete 
| 239|0x00000000eef00000, 0x00000000ef000000, 0x00000000ef000000|100%| E|CS|TAMS 0x00000000eef00000, 0x00000000eef00000| Complete 
| 240|0x00000000ef000000, 0x00000000ef100000, 0x00000000ef100000|100%| E|CS|TAMS 0x00000000ef000000, 0x00000000ef000000| Complete 
| 241|0x00000000ef100000, 0x00000000ef200000, 0x00000000ef200000|100%| E|CS|TAMS 0x00000000ef100000, 0x00000000ef100000| Complete 
| 242|0x00000000ef200000, 0x00000000ef300000, 0x00000000ef300000|100%| E|CS|TAMS 0x00000000ef200000, 0x00000000ef200000| Complete 
| 243|0x00000000ef300000, 0x00000000ef400000, 0x00000000ef400000|100%| E|CS|TAMS 0x00000000ef300000, 0x00000000ef300000| Complete 
| 244|0x00000000ef400000, 0x00000000ef500000, 0x00000000ef500000|100%| E|CS|TAMS 0x00000000ef400000, 0x00000000ef400000| Complete 
| 245|0x00000000ef500000, 0x00000000ef600000, 0x00000000ef600000|100%| E|CS|TAMS 0x00000000ef500000, 0x00000000ef500000| Complete 
| 246|0x00000000ef600000, 0x00000000ef700000, 0x00000000ef700000|100%| E|CS|TAMS 0x00000000ef600000, 0x00000000ef600000| Complete 
| 247|0x00000000ef700000, 0x00000000ef800000, 0x00000000ef800000|100%| E|CS|TAMS 0x00000000ef700000, 0x00000000ef700000| Complete 
| 248|0x00000000ef800000, 0x00000000ef900000, 0x00000000ef900000|100%| E|CS|TAMS 0x00000000ef800000, 0x00000000ef800000| Complete 
| 249|0x00000000ef900000, 0x00000000efa00000, 0x00000000efa00000|100%| E|CS|TAMS 0x00000000ef900000, 0x00000000ef900000| Complete 
| 250|0x00000000efa00000, 0x00000000efb00000, 0x00000000efb00000|100%| E|CS|TAMS 0x00000000efa00000, 0x00000000efa00000| Complete 
| 251|0x00000000efb00000, 0x00000000efc00000, 0x00000000efc00000|100%| E|CS|TAMS 0x00000000efb00000, 0x00000000efb00000| Complete 
| 252|0x00000000efc00000, 0x00000000efd00000, 0x00000000efd00000|100%| E|CS|TAMS 0x00000000efc00000, 0x00000000efc00000| Complete 
| 253|0x00000000efd00000, 0x00000000efe00000, 0x00000000efe00000|100%| E|CS|TAMS 0x00000000efd00000, 0x00000000efd00000| Complete 
| 254|0x00000000efe00000, 0x00000000eff00000, 0x00000000eff00000|100%| E|CS|TAMS 0x00000000efe00000, 0x00000000efe00000| Complete 
| 255|0x00000000eff00000, 0x00000000f0000000, 0x00000000f0000000|100%| E|CS|TAMS 0x00000000eff00000, 0x00000000eff00000| Complete 

Card table byte_map: [0x000001f7e8c10000,0x000001f7e8d10000] _byte_map_base: 0x000001f7e8510000

Marking Bits (Prev, Next): (CMBitMap*) 0x000001f7d2383e90, (CMBitMap*) 0x000001f7d2383ed0
 Prev Bits: [0x000001f7e8e10000, 0x000001f7e9610000)
 Next Bits: [0x000001f7e9610000, 0x000001f7e9e10000)

Polling page: 0x000001f7d0320000

Metaspace:

Usage:
  Non-class:     15.62 MB used.
      Class:      2.64 MB used.
       Both:     18.26 MB used.

Virtual space:
  Non-class space:       64.00 MB reserved,      15.81 MB ( 25%) committed,  1 nodes.
      Class space:      320.00 MB reserved,       2.81 MB ( <1%) committed,  1 nodes.
             Both:      384.00 MB reserved,      18.62 MB (  5%) committed. 

Chunk freelists:
   Non-Class:  15.78 MB
       Class:  13.02 MB
        Both:  28.80 MB

MaxMetaspaceSize: 384.00 MB
CompressedClassSpaceSize: 320.00 MB
Initial GC threshold: 21.00 MB
Current GC threshold: 21.00 MB
CDS: on
MetaspaceReclaimPolicy: balanced
 - commit_granule_bytes: 65536.
 - commit_granule_words: 8192.
 - virtual_space_node_default_size: 8388608.
 - enlarge_chunks_in_place: 1.
 - new_chunks_are_fully_committed: 0.
 - uncommit_free_chunks: 1.
 - use_allocation_guard: 0.
 - handle_deallocations: 1.


Internal statistics:

num_allocs_failed_limit: 0.
num_arena_births: 224.
num_arena_deaths: 0.
num_vsnodes_births: 2.
num_vsnodes_deaths: 0.
num_space_committed: 298.
num_space_uncommitted: 0.
num_chunks_returned_to_freelist: 0.
num_chunks_taken_from_freelist: 876.
num_chunk_merges: 0.
num_chunk_splits: 570.
num_chunks_enlarged: 406.
num_inconsistent_stats: 0.

CodeHeap 'non-profiled nmethods': size=120000Kb used=1234Kb max_used=1234Kb free=118765Kb
 bounds [0x000001f7e16e0000, 0x000001f7e1950000, 0x000001f7e8c10000]
CodeHeap 'profiled nmethods': size=120000Kb used=5236Kb max_used=5236Kb free=114763Kb
 bounds [0x000001f7d9c10000, 0x000001f7da130000, 0x000001f7e1140000]
CodeHeap 'non-nmethods': size=5760Kb used=1245Kb max_used=1275Kb free=4514Kb
 bounds [0x000001f7e1140000, 0x000001f7e13b0000, 0x000001f7e16e0000]
 total_blobs=3078 nmethods=2535 adapters=455
 compilation: enabled
              stopped_count=0, restarted_count=0
 full_count=0

Compilation events (20 events):
Event: 6.967 Thread 0x000001f7ec3e9b60 2522   !   3       sun.reflect.annotation.AnnotationParser::parseClassValue (56 bytes)
Event: 6.967 Thread 0x000001f7ec3e9b60 nmethod 2522 0x000001f7da124190 code [0x000001f7da1243c0, 0x000001f7da124968]
Event: 6.982 Thread 0x000001f7ec3e9b60 2524       3       java.lang.Class::getDeclaredConstructors (27 bytes)
Event: 6.982 Thread 0x000001f7ec3e9b60 nmethod 2524 0x000001f7da124c10 code [0x000001f7da124e00, 0x000001f7da125118]
Event: 6.995 Thread 0x000001f7ec3e9b60 2525   !   3       jdk.proxy1.$Proxy4::value (29 bytes)
Event: 6.995 Thread 0x000001f7ec3e9b60 nmethod 2525 0x000001f7da125290 code [0x000001f7da125460, 0x000001f7da125858]
Event: 7.003 Thread 0x000001f7ec3e9b60 2526       3       org.gradle.internal.service.AbstractServiceMethod::<init> (42 bytes)
Event: 7.006 Thread 0x000001f7ec3e9b60 nmethod 2526 0x000001f7da125a10 code [0x000001f7da125d60, 0x000001f7da1278e8]
Event: 7.006 Thread 0x000001f7ec3e9b60 2527       3       org.gradle.internal.service.DefaultServiceRegistry::determineAccessScope (30 bytes)
Event: 7.007 Thread 0x000001f7ec3e9b60 nmethod 2527 0x000001f7da128090 code [0x000001f7da1282e0, 0x000001f7da128e18]
Event: 7.007 Thread 0x000001f7ec3e9b60 2528       3       org.gradle.internal.service.DefaultServiceRegistry$FactoryMethodService::<init> (17 bytes)
Event: 7.007 Thread 0x000001f7ec3e9b60 nmethod 2528 0x000001f7da129190 code [0x000001f7da129340, 0x000001f7da1294f8]
Event: 7.007 Thread 0x000001f7ec3e9b60 2529       3       org.gradle.internal.service.DefaultServiceRegistry$FactoryMethodService::serviceTypesOf (42 bytes)
Event: 7.008 Thread 0x000001f7ec3e9b60 nmethod 2529 0x000001f7da129610 code [0x000001f7da1298e0, 0x000001f7da12a9f8]
Event: 7.008 Thread 0x000001f7ec3e9b60 2530   !   3       jdk.proxy1.$Proxy2::value (29 bytes)
Event: 7.008 Thread 0x000001f7ec3e9b60 nmethod 2530 0x000001f7da12af90 code [0x000001f7da12b160, 0x000001f7da12b558]
Event: 7.008 Thread 0x000001f7ec3e9b60 2531       3       org.gradle.internal.service.DefaultServiceRegistry$FactoryMethodService::<init> (34 bytes)
Event: 7.009 Thread 0x000001f7ec3e9b60 nmethod 2531 0x000001f7da12b710 code [0x000001f7da12b8e0, 0x000001f7da12bd38]
Event: 7.022 Thread 0x000001f7ec3e9b60 2534       3       java.lang.invoke.MethodHandles$Lookup::getDirectMethodNoSecurityManager (18 bytes)
Event: 7.022 Thread 0x000001f7ec3e9b60 nmethod 2534 0x000001f7da12bf90 code [0x000001f7da12c120, 0x000001f7da12c268]

GC Heap History (4 events):
Event: 0.853 GC heap before
{Heap before GC invocations=0 (full 0):
 garbage-first heap   total 262144K, used 13312K [0x00000000e0000000, 0x0000000100000000)
  region size 1024K, 13 young (13312K), 0 survivors (0K)
 Metaspace       used 776K, committed 896K, reserved 393216K
  class space    used 61K, committed 128K, reserved 327680K
}
Event: 0.857 GC heap after
{Heap after GC invocations=1 (full 0):
 garbage-first heap   total 262144K, used 1280K [0x00000000e0000000, 0x0000000100000000)
  region size 1024K, 2 young (2048K), 2 survivors (2048K)
 Metaspace       used 776K, committed 896K, reserved 393216K
  class space    used 61K, committed 128K, reserved 327680K
}
Event: 2.210 GC heap before
{Heap before GC invocations=1 (full 0):
 garbage-first heap   total 262144K, used 23808K [0x00000000e0000000, 0x0000000100000000)
  region size 1024K, 21 young (21504K), 2 survivors (2048K)
 Metaspace       used 3141K, committed 3392K, reserved 393216K
  class space    used 387K, committed 512K, reserved 327680K
}
Event: 2.218 GC heap after
{Heap after GC invocations=2 (full 0):
 garbage-first heap   total 262144K, used 10476K [0x00000000e0000000, 0x0000000100000000)
  region size 1024K, 3 young (3072K), 3 survivors (3072K)
 Metaspace       used 3141K, committed 3392K, reserved 393216K
  class space    used 387K, committed 512K, reserved 327680K
}

Deoptimization events (20 events):
Event: 6.021 Thread 0x000001f7ec728900 DEOPT PACKING pc=0x000001f7e17b0f68 sp=0x00000032f32fb400
Event: 6.021 Thread 0x000001f7ec728900 DEOPT UNPACKING pc=0x000001f7e1195ba3 sp=0x00000032f32fb378 mode 2
Event: 6.362 Thread 0x000001f7ec728900 DEOPT PACKING pc=0x000001f7d9cfa4bc sp=0x00000032f32fa230
Event: 6.362 Thread 0x000001f7ec728900 DEOPT UNPACKING pc=0x000001f7e11966e3 sp=0x00000032f32f96c8 mode 0
Event: 6.394 Thread 0x000001f7ec728900 Uncommon trap: trap_request=0xffffff45 fr.pc=0x000001f7e17c3974 relative=0x0000000000000074
Event: 6.394 Thread 0x000001f7ec728900 Uncommon trap: reason=unstable_if action=reinterpret pc=0x000001f7e17c3974 method=jdk.internal.misc.Unsafe.convEndian(ZI)I @ 4 c2
Event: 6.394 Thread 0x000001f7ec728900 DEOPT PACKING pc=0x000001f7e17c3974 sp=0x00000032f32fa820
Event: 6.394 Thread 0x000001f7ec728900 DEOPT UNPACKING pc=0x000001f7e1195ba3 sp=0x00000032f32fa728 mode 2
Event: 6.420 Thread 0x000001f7ec728900 Uncommon trap: trap_request=0xffffff45 fr.pc=0x000001f7e16fd794 relative=0x0000000000000b94
Event: 6.420 Thread 0x000001f7ec728900 Uncommon trap: reason=unstable_if action=reinterpret pc=0x000001f7e16fd794 method=java.io.WinNTFileSystem.resolve(Ljava/lang/String;Ljava/lang/String;)Ljava/lang/String; @ 19 c2
Event: 6.420 Thread 0x000001f7ec728900 DEOPT PACKING pc=0x000001f7e16fd794 sp=0x00000032f32fad40
Event: 6.420 Thread 0x000001f7ec728900 DEOPT UNPACKING pc=0x000001f7e1195ba3 sp=0x00000032f32face8 mode 2
Event: 6.422 Thread 0x000001f7ec728900 Uncommon trap: trap_request=0xffffff45 fr.pc=0x000001f7e1773074 relative=0x0000000000000634
Event: 6.422 Thread 0x000001f7ec728900 Uncommon trap: reason=unstable_if action=reinterpret pc=0x000001f7e1773074 method=java.io.File.getName()Ljava/lang/String; @ 16 c2
Event: 6.422 Thread 0x000001f7ec728900 DEOPT PACKING pc=0x000001f7e1773074 sp=0x00000032f32facf0
Event: 6.422 Thread 0x000001f7ec728900 DEOPT UNPACKING pc=0x000001f7e1195ba3 sp=0x00000032f32facc0 mode 2
Event: 6.495 Thread 0x000001f7ec728900 Uncommon trap: trap_request=0xffffff45 fr.pc=0x000001f7e170dcf8 relative=0x00000000000000d8
Event: 6.495 Thread 0x000001f7ec728900 Uncommon trap: reason=unstable_if action=reinterpret pc=0x000001f7e170dcf8 method=java.util.HashMap.hash(Ljava/lang/Object;)I @ 1 c2
Event: 6.495 Thread 0x000001f7ec728900 DEOPT PACKING pc=0x000001f7e170dcf8 sp=0x00000032f32fbd00
Event: 6.495 Thread 0x000001f7ec728900 DEOPT UNPACKING pc=0x000001f7e1195ba3 sp=0x00000032f32fbc40 mode 2

Classes unloaded (0 events):
No events

Classes redefined (0 events):
No events

Internal exceptions (20 events):
Event: 5.789 Thread 0x000001f7ec72bba0 Exception <a 'java/lang/NoSuchMethodError'{0x00000000ea777cb0}: 'void java.lang.invoke.DirectMethodHandle$Holder.invokeSpecial(java.lang.Object, java.lang.Object, java.lang.Object)'> (0x00000000ea777cb0) 
thrown [s\open\src\hotspot\share\interpreter\linkResolver.cpp, line 759]
Event: 5.881 Thread 0x000001f7ec728900 Exception <a 'java/lang/NoSuchMethodError'{0x00000000ea2d9790}: 'long java.lang.invoke.DirectMethodHandle$Holder.invokeInterface(java.lang.Object, java.lang.Object)'> (0x00000000ea2d9790) 
thrown [s\open\src\hotspot\share\interpreter\linkResolver.cpp, line 759]
Event: 5.979 Thread 0x000001f7ec728900 Exception <a 'java/lang/NoSuchMethodError'{0x00000000e9d50e28}: 'void java.lang.invoke.DirectMethodHandle$Holder.invokeStatic(java.lang.Object, java.lang.Object)'> (0x00000000e9d50e28) 
thrown [s\open\src\hotspot\share\interpreter\linkResolver.cpp, line 759]
Event: 6.029 Thread 0x000001f7ec728900 Exception <a 'java/lang/NoSuchMethodError'{0x00000000e9b6ad30}: 'int java.lang.invoke.DirectMethodHandle$Holder.invokeVirtual(java.lang.Object, java.lang.Object, java.lang.Object)'> (0x00000000e9b6ad30) 
thrown [s\open\src\hotspot\share\interpreter\linkResolver.cpp, line 759]
Event: 6.074 Thread 0x000001f7ec728900 Exception <a 'java/lang/NoSuchMethodError'{0x00000000e99ff1b0}: 'java.lang.Object java.lang.invoke.DirectMethodHandle$Holder.newInvokeSpecial(java.lang.Object, java.lang.Object, java.lang.Object, java.lang.Object, java.lang.Object, java.lang.Object)'> (0x00000000e99ff1b0) 
thrown [s\open\src\hotspot\share\interpreter\linkResolver.cpp, line 759]
Event: 6.076 Thread 0x000001f7ec728900 Exception <a 'java/lang/NoSuchMethodError'{0x00000000e981aaf8}: 'void java.lang.invoke.DirectMethodHandle$Holder.invokeSpecial(java.lang.Object, java.lang.Object, java.lang.Object, java.lang.Object, java.lang.Object)'> (0x00000000e981aaf8) 
thrown [s\open\src\hotspot\share\interpreter\linkResolver.cpp, line 759]
Event: 6.079 Thread 0x000001f7ec728900 Exception <a 'java/lang/NoSuchMethodError'{0x00000000e982e4f0}: 'void java.lang.invoke.DirectMethodHandle$Holder.invokeStaticInit(java.lang.Object, java.lang.Object)'> (0x00000000e982e4f0) 
thrown [s\open\src\hotspot\share\interpreter\linkResolver.cpp, line 759]
Event: 6.146 Thread 0x000001f7ec728900 Exception <a 'java/lang/NoSuchMethodError'{0x00000000e95012d8}: 'void java.lang.invoke.DelegatingMethodHandle$Holder.reinvoke_L(java.lang.Object, java.lang.Object, java.lang.Object, java.lang.Object, java.lang.Object, java.lang.Object, java.lang.Object, java.lang.Object, java.lang.Object, java.lang.Object)'> (0x00000000e95012d8) 
thrown [s\open\src\hotspot\share\interpreter\linkResolver.cpp, line 759]
Event: 6.147 Thread 0x000001f7ec728900 Exception <a 'java/lang/NoSuchMethodError'{0x00000000e9509748}: 'java.lang.Object java.lang.invoke.DirectMethodHandle$Holder.invokeSpecial(java.lang.Object, java.lang.Object, java.lang.Object, java.lang.Object, java.lang.Object, java.lang.Object, java.lang.Object, java.lang.Object, java.lang.Object, java.lang.Object)'> (0x00000000e9509748) 
thrown [s\open\src\hotspot\share\interpreter\linkResolver.cpp, line 759]
Event: 6.147 Thread 0x000001f7ec728900 Exception <a 'java/lang/NoSuchMethodError'{0x00000000e950e018}: 'java.lang.Object java.lang.invoke.Invokers$Holder.invoker(java.lang.Object, java.lang.Object, java.lang.Object, java.lang.Object, java.lang.Object, java.lang.Object, java.lang.Object, java.lang.Object, java.lang.Object, java.lang.Object)'> (0x00000000e950e018) 
thrown [s\open\src\hotspot\share\interpreter\linkResolver.cpp, line 759]
Event: 6.148 Thread 0x000001f7ec728900 Exception <a 'java/lang/NoSuchMethodError'{0x00000000e9513c20}: 'java.lang.Object java.lang.invoke.DirectMethodHandle$Holder.invokeSpecial(java.lang.Object, java.lang.Object, java.lang.Object, java.lang.Object, java.lang.Object, java.lang.Object, java.lang.Object, java.lang.Object, java.lang.Object, java.lang.Object, java.lang.Object)'> (0x00000000e9513c20) 
thrown [s\open\src\hotspot\share\interpreter\linkResolver.cpp, line 759]
Event: 6.332 Thread 0x000001f7ec728900 Exception <a 'java/lang/NoSuchMethodError'{0x00000000e8e4b2e0}: 'java.lang.Object java.lang.invoke.DirectMethodHandle$Holder.newInvokeSpecial(java.lang.Object, java.lang.Object, int)'> (0x00000000e8e4b2e0) 
thrown [s\open\src\hotspot\share\interpreter\linkResolver.cpp, line 759]
Event: 6.460 Thread 0x000001f7ec728900 Exception <a 'java/lang/NoSuchMethodError'{0x00000000e88bb270}: 'int java.lang.invoke.DirectMethodHandle$Holder.invokeSpecialIFC(java.lang.Object, java.lang.Object, java.lang.Object, java.lang.Object)'> (0x00000000e88bb270) 
thrown [s\open\src\hotspot\share\interpreter\linkResolver.cpp, line 759]
Event: 6.461 Thread 0x000001f7ec728900 Exception <a 'java/lang/NoSuchMethodError'{0x00000000e88ca388}: 'java.lang.Object java.lang.invoke.DirectMethodHandle$Holder.invokeInterface(java.lang.Object, java.lang.Object, java.lang.Object)'> (0x00000000e88ca388) 
thrown [s\open\src\hotspot\share\interpreter\linkResolver.cpp, line 759]
Event: 6.462 Thread 0x000001f7ec728900 Exception <a 'java/lang/IncompatibleClassChangeError'{0x00000000e88ce248}: Found class java.lang.Object, but interface was expected> (0x00000000e88ce248) 
thrown [s\open\src\hotspot\share\interpreter\linkResolver.cpp, line 826]
Event: 6.495 Thread 0x000001f7ec728900 Implicit null exception at 0x000001f7e170dc58 to 0x000001f7e170dcee
Event: 6.522 Thread 0x000001f7ec728900 Exception <a 'java/lang/NoSuchMethodError'{0x00000000e86bdc80}: 'int java.lang.invoke.DirectMethodHandle$Holder.invokeStatic(java.lang.Object, java.lang.Object, java.lang.Object, java.lang.Object)'> (0x00000000e86bdc80) 
thrown [s\open\src\hotspot\share\interpreter\linkResolver.cpp, line 759]
Event: 6.523 Thread 0x000001f7ec728900 Exception <a 'java/lang/NoSuchMethodError'{0x00000000e86c1b50}: 'java.lang.Object java.lang.invoke.Invokers$Holder.invokeExact_MT(java.lang.Object, java.lang.Object, java.lang.Object, java.lang.Object, java.lang.Object, java.lang.Object)'> (0x00000000e86c1b50) 
thrown [s\open\src\hotspot\share\interpreter\linkResolver.cpp, line 759]
Event: 6.624 Thread 0x000001f7ec728900 Exception <a 'java/lang/IncompatibleClassChangeError'{0x00000000e8398170}: Found class java.lang.Object, but interface was expected> (0x00000000e8398170) 
thrown [s\open\src\hotspot\share\interpreter\linkResolver.cpp, line 826]
Event: 6.912 Thread 0x000001f7ec728900 Exception <a 'java/lang/NoSuchMethodError'{0x00000000e766fb50}: 'int java.lang.invoke.DirectMethodHandle$Holder.invokeStaticInit(java.lang.Object, java.lang.Object, java.lang.Object)'> (0x00000000e766fb50) 
thrown [s\open\src\hotspot\share\interpreter\linkResolver.cpp, line 759]

VM Operations (20 events):
Event: 4.708 Executing VM operation: HandshakeAllThreads
Event: 4.708 Executing VM operation: HandshakeAllThreads done
Event: 4.773 Executing VM operation: HandshakeAllThreads
Event: 4.773 Executing VM operation: HandshakeAllThreads done
Event: 4.851 Executing VM operation: HandshakeAllThreads
Event: 4.851 Executing VM operation: HandshakeAllThreads done
Event: 4.949 Executing VM operation: HandshakeAllThreads
Event: 4.950 Executing VM operation: HandshakeAllThreads done
Event: 5.292 Executing VM operation: HandshakeAllThreads
Event: 5.292 Executing VM operation: HandshakeAllThreads done
Event: 5.660 Executing VM operation: HandshakeAllThreads
Event: 5.660 Executing VM operation: HandshakeAllThreads done
Event: 5.660 Executing VM operation: Cleanup
Event: 5.660 Executing VM operation: Cleanup done
Event: 6.596 Executing VM operation: HandshakeAllThreads
Event: 6.597 Executing VM operation: HandshakeAllThreads done
Event: 6.597 Executing VM operation: HandshakeAllThreads
Event: 6.597 Executing VM operation: HandshakeAllThreads done
Event: 6.876 Executing VM operation: ICBufferFull
Event: 6.876 Executing VM operation: ICBufferFull done

Events (20 events):
Event: 6.421 loading class java/io/File$TempDirectory
Event: 6.421 loading class java/io/File$TempDirectory done
Event: 6.426 loading class java/io/PrintWriter
Event: 6.426 loading class java/io/PrintWriter done
Event: 6.456 loading class java/util/concurrent/Semaphore
Event: 6.456 loading class java/util/concurrent/Semaphore done
Event: 6.458 loading class java/nio/file/FileVisitOption
Event: 6.458 loading class java/nio/file/FileVisitOption done
Event: 6.463 loading class java/util/stream/ReduceOps$1
Event: 6.463 loading class java/util/stream/ReduceOps$1 done
Event: 6.463 loading class java/util/stream/ReduceOps$1ReducingSink
Event: 6.464 loading class java/util/stream/ReduceOps$1ReducingSink done
Event: 6.643 loading class java/util/Collections$2
Event: 6.644 loading class java/util/Collections$2 done
Event: 6.775 loading class java/util/function/LongFunction
Event: 6.775 loading class java/util/function/LongFunction done
Event: 6.842 loading class java/security/InvalidKeyException
Event: 6.842 loading class java/security/KeyException
Event: 6.842 loading class java/security/KeyException done
Event: 6.842 loading class java/security/InvalidKeyException done


Dynamic libraries:
0x00007ff6c4080000 - 0x00007ff6c4090000 	C:\Program Files\Java\jdk-17\bin\java.exe
0x00007ff8027b0000 - 0x00007ff8029c7000 	C:\WINDOWS\SYSTEM32\ntdll.dll
0x00007ff802300000 - 0x00007ff8023c4000 	C:\WINDOWS\System32\KERNEL32.DLL
0x00007ff8000f0000 - 0x00007ff8004aa000 	C:\WINDOWS\System32\KERNELBASE.dll
0x00007fffffd80000 - 0x00007fffffe91000 	C:\WINDOWS\System32\ucrtbase.dll
0x00007fffea590000 - 0x00007fffea5ab000 	C:\Program Files\Java\jdk-17\bin\VCRUNTIME140.dll
0x00007fffe7d00000 - 0x00007fffe7d19000 	C:\Program Files\Java\jdk-17\bin\jli.dll
0x00007ff801930000 - 0x00007ff8019e2000 	C:\WINDOWS\System32\ADVAPI32.dll
0x00007ff801ff0000 - 0x00007ff802097000 	C:\WINDOWS\System32\msvcrt.dll
0x00007ff800e40000 - 0x00007ff800ee7000 	C:\WINDOWS\System32\sechost.dll
0x00007ff8000c0000 - 0x00007ff8000e8000 	C:\WINDOWS\System32\bcrypt.dll
0x00007ff800520000 - 0x00007ff800634000 	C:\WINDOWS\System32\RPCRT4.dll
0x00007ff802150000 - 0x00007ff8022fe000 	C:\WINDOWS\System32\USER32.dll
0x00007fffffea0000 - 0x00007fffffec6000 	C:\WINDOWS\System32\win32u.dll
0x00007ff801dc0000 - 0x00007ff801de9000 	C:\WINDOWS\System32\GDI32.dll
0x00007fffffed0000 - 0x00007ffffffeb000 	C:\WINDOWS\System32\gdi32full.dll
0x00007ff800020000 - 0x00007ff8000ba000 	C:\WINDOWS\System32\msvcp_win.dll
0x00007ffff2320000 - 0x00007ffff232a000 	C:\WINDOWS\SYSTEM32\VERSION.dll
0x00007fffdb300000 - 0x00007fffdb592000 	C:\WINDOWS\WinSxS\amd64_microsoft.windows.common-controls_6595b64144ccf1df_6.0.22621.4541_none_2710d1c57384c085\COMCTL32.dll
0x00007ff802110000 - 0x00007ff802141000 	C:\WINDOWS\System32\IMM32.DLL
0x00007fffea580000 - 0x00007fffea58c000 	C:\Program Files\Java\jdk-17\bin\vcruntime140_1.dll
0x00007fff9b760000 - 0x00007fff9b7ee000 	C:\Program Files\Java\jdk-17\bin\msvcp140.dll
0x00007fff240a0000 - 0x00007fff24c80000 	C:\Program Files\Java\jdk-17\bin\server\jvm.dll
0x00007ff800510000 - 0x00007ff800518000 	C:\WINDOWS\System32\PSAPI.DLL
0x00007fffdfbf0000 - 0x00007fffdfbf9000 	C:\WINDOWS\SYSTEM32\WSOCK32.dll
0x00007ff801e00000 - 0x00007ff801e71000 	C:\WINDOWS\System32\WS2_32.dll
0x00007ffff5940000 - 0x00007ffff5974000 	C:\WINDOWS\SYSTEM32\WINMM.dll
0x00007ffffeab0000 - 0x00007ffffeac8000 	C:\WINDOWS\SYSTEM32\kernel.appcore.dll
0x00007fffe7cf0000 - 0x00007fffe7cfa000 	C:\Program Files\Java\jdk-17\bin\jimage.dll
0x00007ffff9530000 - 0x00007ffff9762000 	C:\WINDOWS\SYSTEM32\DBGHELP.DLL
0x00007ff8023d0000 - 0x00007ff80275f000 	C:\WINDOWS\System32\combase.dll
0x00007ff800730000 - 0x00007ff800807000 	C:\WINDOWS\System32\OLEAUT32.dll
0x00007fffdc8c0000 - 0x00007fffdc8f2000 	C:\WINDOWS\SYSTEM32\dbgcore.DLL
0x00007fffffbc0000 - 0x00007fffffc3b000 	C:\WINDOWS\System32\bcryptPrimitives.dll
0x00007fffe6c70000 - 0x00007fffe6c7e000 	C:\Program Files\Java\jdk-17\bin\instrument.dll
0x00007fffe5b40000 - 0x00007fffe5b65000 	C:\Program Files\Java\jdk-17\bin\java.dll
0x00007fff9b680000 - 0x00007fff9b757000 	C:\Program Files\Java\jdk-17\bin\jsvml.dll
0x00007ff8010b0000 - 0x00007ff801928000 	C:\WINDOWS\System32\SHELL32.dll
0x00007ffffd9b0000 - 0x00007ffffe2b8000 	C:\WINDOWS\SYSTEM32\windows.storage.dll
0x00007ffffd870000 - 0x00007ffffd9af000 	C:\WINDOWS\SYSTEM32\wintypes.dll
0x00007ff801b50000 - 0x00007ff801c4a000 	C:\WINDOWS\System32\SHCORE.dll
0x00007ff8004b0000 - 0x00007ff80050e000 	C:\WINDOWS\System32\shlwapi.dll
0x00007fffff9a0000 - 0x00007fffff9cb000 	C:\WINDOWS\SYSTEM32\profapi.dll
0x00007fffd8610000 - 0x00007fffd8628000 	C:\Program Files\Java\jdk-17\bin\zip.dll
0x00007fffd7650000 - 0x00007fffd7669000 	C:\Program Files\Java\jdk-17\bin\net.dll
0x00007ffff5160000 - 0x00007ffff5296000 	C:\WINDOWS\SYSTEM32\WINHTTP.dll
0x00007ffffef30000 - 0x00007ffffef99000 	C:\WINDOWS\system32\mswsock.dll
0x00007fffd7630000 - 0x00007fffd7646000 	C:\Program Files\Java\jdk-17\bin\nio.dll
0x00007fffe6c40000 - 0x00007fffe6c50000 	C:\Program Files\Java\jdk-17\bin\verify.dll
0x00007fffd7600000 - 0x00007fffd7627000 	C:\Users\Akshada\.gradle\native\c067742578af261105cb4f569cf0c3c89f3d7b1fecec35dd04571415982c5e48\windows-amd64\native-platform.dll
0x00007fff7d290000 - 0x00007fff7d3d4000 	C:\Users\Akshada\.gradle\native\100fb08df4bc3b14c8652ba06237920a3bd2aa13389f12d3474272988ae205f9\windows-amd64\native-platform-file-events.dll
0x00007fffe5aa0000 - 0x00007fffe5aaa000 	C:\Program Files\Java\jdk-17\bin\management.dll
0x00007fffe59f0000 - 0x00007fffe59fb000 	C:\Program Files\Java\jdk-17\bin\management_ext.dll
0x00007fffff190000 - 0x00007fffff1ab000 	C:\WINDOWS\SYSTEM32\CRYPTSP.dll
0x00007ffffea10000 - 0x00007ffffea45000 	C:\WINDOWS\system32\rsaenh.dll
0x00007fffff020000 - 0x00007fffff048000 	C:\WINDOWS\SYSTEM32\USERENV.dll
0x00007fffff180000 - 0x00007fffff18c000 	C:\WINDOWS\SYSTEM32\CRYPTBASE.dll
0x00007ffffe520000 - 0x00007ffffe54d000 	C:\WINDOWS\SYSTEM32\IPHLPAPI.DLL
0x00007ff8019f0000 - 0x00007ff8019f9000 	C:\WINDOWS\System32\NSI.dll
0x00007ffff50b0000 - 0x00007ffff50c9000 	C:\WINDOWS\SYSTEM32\dhcpcsvc6.DLL
0x00007ffff5090000 - 0x00007ffff50af000 	C:\WINDOWS\SYSTEM32\dhcpcsvc.DLL
0x00007ffffe590000 - 0x00007ffffe692000 	C:\WINDOWS\SYSTEM32\DNSAPI.dll
0x00007fffe58f0000 - 0x00007fffe58fe000 	C:\Program Files\Java\jdk-17\bin\sunmscapi.dll
0x00007fffffa50000 - 0x00007fffffbb6000 	C:\WINDOWS\System32\CRYPT32.dll
0x00007fffff320000 - 0x00007fffff34d000 	C:\WINDOWS\SYSTEM32\ncrypt.dll
0x00007fffff2e0000 - 0x00007fffff317000 	C:\WINDOWS\SYSTEM32\NTASN1.dll
0x00007fffc2df0000 - 0x00007fffc2df8000 	C:\WINDOWS\system32\wshunix.dll

dbghelp: loaded successfully - version: 4.0.5 - missing functions: none
symbol engine: initialized successfully - sym options: 0x614 - pdb path: .;C:\Program Files\Java\jdk-17\bin;C:\WINDOWS\SYSTEM32;C:\WINDOWS\WinSxS\amd64_microsoft.windows.common-controls_6595b64144ccf1df_6.0.22621.4541_none_2710d1c57384c085;C:\Program Files\Java\jdk-17\bin\server;C:\Users\Akshada\.gradle\native\c067742578af261105cb4f569cf0c3c89f3d7b1fecec35dd04571415982c5e48\windows-amd64;C:\Users\Akshada\.gradle\native\100fb08df4bc3b14c8652ba06237920a3bd2aa13389f12d3474272988ae205f9\windows-amd64

VM Arguments:
jvm_args: --add-opens=java.base/java.util=ALL-UNNAMED --add-opens=java.base/java.lang=ALL-UNNAMED --add-opens=java.base/java.lang.invoke=ALL-UNNAMED --add-opens=java.prefs/java.util.prefs=ALL-UNNAMED --add-exports=jdk.compiler/com.sun.tools.javac.api=ALL-UNNAMED --add-exports=jdk.compiler/com.sun.tools.javac.util=ALL-UNNAMED --add-opens=java.base/java.nio.charset=ALL-UNNAMED --add-opens=java.base/java.net=ALL-UNNAMED --add-opens=java.base/java.util.concurrent.atomic=ALL-UNNAMED -XX:MaxMetaspaceSize=384m -XX:+HeapDumpOnOutOfMemoryError -Xms256m -Xmx512m -Dfile.encoding=UTF-8 -Duser.country -Duser.language=en -Duser.variant -javaagent:C:\Users\Akshada\.gradle\wrapper\dists\gradle-8.10-bin\deqhafrv1ntovfmgh0nh3npr9\gradle-8.10\lib\agents\gradle-instrumentation-agent-8.10.jar 
java_command: org.gradle.launcher.daemon.bootstrap.GradleDaemon 8.10
java_class_path (initial): C:\Users\Akshada\.gradle\wrapper\dists\gradle-8.10-bin\deqhafrv1ntovfmgh0nh3npr9\gradle-8.10\lib\gradle-daemon-main-8.10.jar
Launcher Type: SUN_STANDARD

[Global flags]
     intx CICompilerCount                          = 3                                         {product} {ergonomic}
   size_t CompressedClassSpaceSize                 = 335544320                                 {product} {ergonomic}
     uint ConcGCThreads                            = 1                                         {product} {ergonomic}
     uint G1ConcRefinementThreads                  = 4                                         {product} {ergonomic}
   size_t G1HeapRegionSize                         = 1048576                                   {product} {ergonomic}
    uintx GCDrainStackTargetSize                   = 64                                        {product} {ergonomic}
     bool HeapDumpOnOutOfMemoryError               = true                                   {manageable} {command line}
   size_t InitialHeapSize                          = 268435456                                 {product} {command line}
   size_t MarkStackSize                            = 4194304                                   {product} {ergonomic}
   size_t MaxHeapSize                              = 536870912                                 {product} {command line}
   size_t MaxMetaspaceSize                         = 402653184                                 {product} {command line}
   size_t MaxNewSize                               = 321912832                                 {product} {ergonomic}
   size_t MinHeapDeltaBytes                        = 1048576                                   {product} {ergonomic}
   size_t MinHeapSize                              = 268435456                                 {product} {command line}
    uintx NonNMethodCodeHeapSize                   = 5832780                                {pd product} {ergonomic}
    uintx NonProfiledCodeHeapSize                  = 122912730                              {pd product} {ergonomic}
    uintx ProfiledCodeHeapSize                     = 122912730                              {pd product} {ergonomic}
    uintx ReservedCodeCacheSize                    = 251658240                              {pd product} {ergonomic}
     bool SegmentedCodeCache                       = true                                      {product} {ergonomic}
   size_t SoftMaxHeapSize                          = 536870912                              {manageable} {ergonomic}
     bool UseCompressedClassPointers               = true                           {product lp64_product} {ergonomic}
     bool UseCompressedOops                        = true                           {product lp64_product} {ergonomic}
     bool UseG1GC                                  = true                                      {product} {ergonomic}
     bool UseLargePagesIndividualAllocation        = false                                  {pd product} {ergonomic}

Logging:
Log output configuration:
 #0: stdout all=warning uptime,level,tags
 #1: stderr all=off uptime,level,tags

Environment Variables:
JAVA_HOME=C:\Program Files\Java\jdk-17
PATH=C:\Program Files\Common Files\Oracle\Java\javapath;C:\Users\Akshada\Downloads\WINDOWS.X64_193000_db_home\bin;C:\Python310\Scripts\;C:\Python310\;C:\WINDOWS\system32;C:\WINDOWS;C:\WINDOWS\System32\Wbem;C:\WINDOWS\System32\WindowsPowerShell\v1.0\;C:\WINDOWS\System32\OpenSSH\;C:\ProgramData\chocolatey\bin;C:\Program Files\Microsoft SQL Server\110\Tools\Binn\;C:\Program Files\Microsoft SQL Server\150\Tools\Binn\;C:\Program Files\Git\cmd;C:\Program Files\nodejs\;C:\Program Files\Java\jdk-21\bin;C:\Program Files\Java\jdk-17\bin;C:\Users\Akshada\AppData\Local\Android\Sdk\emulator;C:\Users\Akshada\AppData\Local\Android\Sdk\platform-tools;C:\Users\Akshada\AppData\Local\Android\Sdk\tools;C:\Users\Akshada\AppData\Local\jdk-11.0.2\bin;C:\Users\Akshada\AppData\Local\Android\Sdk\tools;C:\Users\Akshada\AppData\Local\jdk-11.0.2\bin;C:\Users\Akshada\AppData\Local\Android\Sdk\tools;C:\Users\Akshada\AppData\Local\jdk-11.0.2\bin;C:\Users\Akshada\AppData\Local\Programs\Python\Python312\Scripts\;C:\Users\Akshada\AppData\Local\Programs\Python\Python312\;C:\Users\Akshada\AppData\Local\Programs\Python\Launcher\;C:\Users\Akshada\AppData\Local\Microsoft\WindowsApps;C:\MinGW\bin;C:\Users\Akshada\AppData\Local\Programs\Microsoft VS Code\bin;C:\Users\Akshada\AppData\Local\Microsoft\WinGet\Packages\Schniz.fnm_Microsoft.Winget.Source_8wekyb3d8bbwe;C:\Users\Akshada\AppData\Roaming\npm
USERNAME=Akshada
OS=Windows_NT
PROCESSOR_IDENTIFIER=Intel64 Family 6 Model 126 Stepping 5, GenuineIntel



---------------  S Y S T E M  ---------------

OS:
 Windows 11 , 64 bit Build 22621 (10.0.22621.4391)
OS uptime: 2 days 18:47 hours

CPU: total 4 (initial active 4) (2 cores per cpu, 2 threads per core) family 6 model 126 stepping 5 microcode 0xa6, cx8, cmov, fxsr, ht, mmx, 3dnowpref, sse, sse2, sse3, ssse3, sse4.1, sse4.2, popcnt, lzcnt, tsc, tscinvbit, avx, avx2, aes, erms, clmul, bmi1, bmi2, adx, avx512f, avx512dq, avx512cd, avx512bw, avx512vl, sha, fma, vzeroupper, avx512_vpopcntdq, avx512_vpclmulqdq, avx512_vaes, avx512_vnni, clflush, clflushopt, avx512_vbmi2, avx512_vbmi

Memory: 4k page, system-wide physical 3877M (323M free)
TotalPageFile size 15653M (AvailPageFile size 5M)
current process WorkingSet (physical memory assigned to process): 258M, peak: 258M
current process commit charge ("private bytes"): 405M, peak: 406M

vm_info: Java HotSpot(TM) 64-Bit Server VM (17.0.12+8-LTS-286) for windows-amd64 JRE (17.0.12+8-LTS-286), built on Jun  5 2024 06:46:59 by "mach5one" with MS VC++ 17.6 (VS2022)

END.
