#
# There is insufficient memory for the Java Runtime Environment to continue.
# Native memory allocation (malloc) failed to allocate 1418576 bytes for Chunk::new
# Possible reasons:
#   The system is out of physical RAM or swap space
#   The process is running with CompressedOops enabled, and the Java Heap may be blocking the growth of the native heap
# Possible solutions:
#   Reduce memory load on the system
#   Increase physical memory or swap space
#   Check if swap backing store is full
#   Decrease Java heap size (-Xmx/-Xms)
#   Decrease number of Java threads
#   Decrease Java thread stack sizes (-Xss)
#   Set larger code cache with -XX:ReservedCodeCacheSize=
#   JVM is running with Unscaled Compressed Oops mode in which the Java heap is
#     placed in the first 4GB address space. The Java Heap base address is the
#     maximum limit for the native heap growth. Please use -XX:HeapBaseMinAddress
#     to set the Java Heap base and to place the Java Heap above 4GB virtual address.
# This output file may be truncated or incomplete.
#
#  Out of Memory Error (arena.cpp:189), pid=16860, tid=16940
#
# JRE version: Java(TM) SE Runtime Environment (17.0.12+8) (build 17.0.12+8-LTS-286)
# Java VM: Java HotSpot(TM) 64-Bit Server VM (17.0.12+8-LTS-286, mixed mode, sharing, tiered, compressed oops, compressed class ptrs, g1 gc, windows-amd64)
# No core dump will be written. Minidumps are not enabled by default on client versions of Windows
#

---------------  S U M M A R Y ------------

Command Line: --add-opens=java.base/java.util=ALL-UNNAMED --add-opens=java.base/java.lang=ALL-UNNAMED --add-opens=java.base/java.lang.invoke=ALL-UNNAMED --add-opens=java.prefs/java.util.prefs=ALL-UNNAMED --add-exports=jdk.compiler/com.sun.tools.javac.api=ALL-UNNAMED --add-exports=jdk.compiler/com.sun.tools.javac.util=ALL-UNNAMED --add-opens=java.base/java.nio.charset=ALL-UNNAMED --add-opens=java.base/java.net=ALL-UNNAMED --add-opens=java.base/java.util.concurrent.atomic=ALL-UNNAMED -XX:MaxMetaspaceSize=384m -XX:+HeapDumpOnOutOfMemoryError -Xms256m -Xmx512m -Dfile.encoding=UTF-8 -Duser.country -Duser.language=en -Duser.variant -javaagent:C:\Users\Akshada\.gradle\wrapper\dists\gradle-8.10-bin\deqhafrv1ntovfmgh0nh3npr9\gradle-8.10\lib\agents\gradle-instrumentation-agent-8.10.jar org.gradle.launcher.daemon.bootstrap.GradleDaemon 8.10

Host: Intel(R) Core(TM) i3-1005G1 CPU @ 1.20GHz, 4 cores, 3G,  Windows 11 , 64 bit Build 22621 (10.0.22621.4391)
Time: Thu Dec 19 15:51:54 2024 India Standard Time elapsed time: 7.808757 seconds (0d 0h 0m 7s)

---------------  T H R E A D  ---------------

Current thread (0x000001cad3c255c0):  JavaThread "C2 CompilerThread0" daemon [_thread_in_native, id=16940, stack(0x0000006aa9200000,0x0000006aa9300000)]


Current CompileTask:
C2:   7809 3586 %     4       jdk.internal.loader.URLClassPath::getResource @ 39 (74 bytes)

Stack: [0x0000006aa9200000,0x0000006aa9300000]
Native frames: (J=compiled Java code, j=interpreted, Vv=VM code, C=native code)
V  [jvm.dll+0x67a04a]
V  [jvm.dll+0x7da4ed]
V  [jvm.dll+0x7dbe33]
V  [jvm.dll+0x7dc4a3]
V  [jvm.dll+0x24508f]
V  [jvm.dll+0xab773]
V  [jvm.dll+0xabd3c]
V  [jvm.dll+0x361bee]
V  [jvm.dll+0x1ba64a]
V  [jvm.dll+0x216997]
V  [jvm.dll+0x215c6f]
V  [jvm.dll+0x1a2960]
V  [jvm.dll+0x22610b]
V  [jvm.dll+0x2242ab]
V  [jvm.dll+0x79075c]
V  [jvm.dll+0x78abea]
V  [jvm.dll+0x678f35]
C  [ucrtbase.dll+0x29333]
C  [KERNEL32.DLL+0x1259d]
C  [ntdll.dll+0x5af38]


---------------  P R O C E S S  ---------------

Threads class SMR info:
_java_thread_list=0x000001caf00c3460, length=37, elements={
0x000001cab9b9b240, 0x000001cad3c0c480, 0x000001cad3c0d040, 0x000001cad3c1e7c0,
0x000001cad3c1f380, 0x000001cad3c23e60, 0x000001cad3c24820, 0x000001cad3c255c0,
0x000001cad3c28080, 0x000001cad3c29a90, 0x000001caed0533d0, 0x000001caed14b0e0,
0x000001caee4ef8f0, 0x000001caee099aa0, 0x000001caeeceb320, 0x000001caeec63020,
0x000001caee8717a0, 0x000001caee86ef20, 0x000001caee86f430, 0x000001caee86fe50,
0x000001caee86f940, 0x000001caee870d80, 0x000001caee870360, 0x000001caee870870,
0x000001caee871290, 0x000001caee871cb0, 0x000001caee86ea10, 0x000001caed52dfc0,
0x000001caed52e4d0, 0x000001caed52dab0, 0x000001caed52f400, 0x000001caed52bc50,
0x000001caed52d5a0, 0x000001caed52cb80, 0x000001caed52e9e0, 0x000001caed52c160,
0x000001caed52d090
}

Java Threads: ( => current thread )
  0x000001cab9b9b240 JavaThread "main" [_thread_blocked, id=7388, stack(0x0000006aa8500000,0x0000006aa8600000)]
  0x000001cad3c0c480 JavaThread "Reference Handler" daemon [_thread_blocked, id=2488, stack(0x0000006aa8c00000,0x0000006aa8d00000)]
  0x000001cad3c0d040 JavaThread "Finalizer" daemon [_thread_blocked, id=21296, stack(0x0000006aa8d00000,0x0000006aa8e00000)]
  0x000001cad3c1e7c0 JavaThread "Signal Dispatcher" daemon [_thread_blocked, id=1292, stack(0x0000006aa8e00000,0x0000006aa8f00000)]
  0x000001cad3c1f380 JavaThread "Attach Listener" daemon [_thread_blocked, id=10876, stack(0x0000006aa8f00000,0x0000006aa9000000)]
  0x000001cad3c23e60 JavaThread "Service Thread" daemon [_thread_blocked, id=2584, stack(0x0000006aa9000000,0x0000006aa9100000)]
  0x000001cad3c24820 JavaThread "Monitor Deflation Thread" daemon [_thread_blocked, id=16452, stack(0x0000006aa9100000,0x0000006aa9200000)]
=>0x000001cad3c255c0 JavaThread "C2 CompilerThread0" daemon [_thread_in_native, id=16940, stack(0x0000006aa9200000,0x0000006aa9300000)]
  0x000001cad3c28080 JavaThread "C1 CompilerThread0" daemon [_thread_blocked, id=11504, stack(0x0000006aa9300000,0x0000006aa9400000)]
  0x000001cad3c29a90 JavaThread "Sweeper thread" daemon [_thread_blocked, id=17108, stack(0x0000006aa9400000,0x0000006aa9500000)]
  0x000001caed0533d0 JavaThread "Common-Cleaner" daemon [_thread_blocked, id=13284, stack(0x0000006aa9500000,0x0000006aa9600000)]
  0x000001caed14b0e0 JavaThread "Notification Thread" daemon [_thread_blocked, id=17388, stack(0x0000006aa9600000,0x0000006aa9700000)]
  0x000001caee4ef8f0 JavaThread "Daemon health stats" [_thread_blocked, id=12088, stack(0x0000006aa9b00000,0x0000006aa9c00000)]
  0x000001caee099aa0 JavaThread "Incoming local TCP Connector on port 59601" [_thread_in_native, id=9316, stack(0x0000006aa9c00000,0x0000006aa9d00000)]
  0x000001caeeceb320 JavaThread "Daemon periodic checks" [_thread_blocked, id=19252, stack(0x0000006aa9d00000,0x0000006aa9e00000)]
  0x000001caeec63020 JavaThread "Daemon" [_thread_blocked, id=12880, stack(0x0000006aa9e00000,0x0000006aa9f00000)]
  0x000001caee8717a0 JavaThread "Handler for socket connection from /127.0.0.1:59601 to /127.0.0.1:59602" [_thread_in_native, id=6428, stack(0x0000006aa9f00000,0x0000006aaa000000)]
  0x000001caee86ef20 JavaThread "Cancel handler" [_thread_blocked, id=21272, stack(0x0000006aaa000000,0x0000006aaa100000)]
  0x000001caee86f430 JavaThread "Daemon worker" [_thread_in_vm, id=13760, stack(0x0000006aaa100000,0x0000006aaa200000)]
  0x000001caee86fe50 JavaThread "Asynchronous log dispatcher for DefaultDaemonConnection: socket connection from /127.0.0.1:59601 to /127.0.0.1:59602" [_thread_blocked, id=1016, stack(0x0000006aaa200000,0x0000006aaa300000)]
  0x000001caee86f940 JavaThread "Stdin handler" [_thread_blocked, id=19108, stack(0x0000006aaa300000,0x0000006aaa400000)]
  0x000001caee870d80 JavaThread "Daemon client event forwarder" [_thread_blocked, id=8376, stack(0x0000006aaa400000,0x0000006aaa500000)]
  0x000001caee870360 JavaThread "Cache worker for journal cache (C:\Users\Akshada\.gradle\caches\journal-1)" [_thread_blocked, id=12964, stack(0x0000006aaa500000,0x0000006aaa600000)]
  0x000001caee870870 JavaThread "File lock request listener" [_thread_in_native, id=12764, stack(0x0000006aaa600000,0x0000006aaa700000)]
  0x000001caee871290 JavaThread "Cache worker for file hash cache (C:\Users\Akshada\.gradle\caches\8.10\fileHashes)" [_thread_blocked, id=15060, stack(0x0000006aaa700000,0x0000006aaa800000)]
  0x000001caee871cb0 JavaThread "Cache worker for file hash cache (C:\HyperMinds_Projects\Implant_Website\Implant_BE\BE-Hyper\.gradle\8.10\fileHashes)" [_thread_blocked, id=8256, stack(0x0000006aaa800000,0x0000006aaa900000)]
  0x000001caee86ea10 JavaThread "Cache worker for Build Output Cleanup Cache (C:\HyperMinds_Projects\Implant_Website\Implant_BE\BE-Hyper\.gradle\buildOutputCleanup)" [_thread_blocked, id=8716, stack(0x0000006aaa900000,0x0000006aaaa00000)]
  0x000001caed52dfc0 JavaThread "File watcher server" daemon [_thread_in_native, id=21192, stack(0x0000006aaaa00000,0x0000006aaab00000)]
  0x000001caed52e4d0 JavaThread "File watcher consumer" daemon [_thread_blocked, id=15072, stack(0x0000006aaab00000,0x0000006aaac00000)]
  0x000001caed52dab0 JavaThread "jar transforms" [_thread_blocked, id=16552, stack(0x0000006aaac00000,0x0000006aaad00000)]
  0x000001caed52f400 JavaThread "jar transforms Thread 2" [_thread_blocked, id=3144, stack(0x0000006aaad00000,0x0000006aaae00000)]
  0x000001caed52bc50 JavaThread "jar transforms Thread 3" [_thread_blocked, id=18564, stack(0x0000006aaae00000,0x0000006aaaf00000)]
  0x000001caed52d5a0 JavaThread "jar transforms Thread 4" [_thread_blocked, id=4652, stack(0x0000006aaaf00000,0x0000006aab000000)]
  0x000001caed52cb80 JavaThread "Cache worker for checksums cache (C:\HyperMinds_Projects\Implant_Website\Implant_BE\BE-Hyper\.gradle\8.10\checksums)" [_thread_blocked, id=3396, stack(0x0000006aab000000,0x0000006aab100000)]
  0x000001caed52e9e0 JavaThread "Cache worker for file content cache (C:\Users\Akshada\.gradle\caches\8.10\fileContent)" [_thread_blocked, id=8112, stack(0x0000006aab100000,0x0000006aab200000)]
  0x000001caed52c160 JavaThread "Cache worker for cache directory md-rule (C:\Users\Akshada\.gradle\caches\8.10\md-rule)" [_thread_blocked, id=15748, stack(0x0000006aab200000,0x0000006aab300000)]
  0x000001caed52d090 JavaThread "Cache worker for cache directory md-supplier (C:\Users\Akshada\.gradle\caches\8.10\md-supplier)" [_thread_blocked, id=3864, stack(0x0000006aab300000,0x0000006aab400000)]

Other Threads:
  0x000001cad3c015b0 VMThread "VM Thread" [stack: 0x0000006aa8b00000,0x0000006aa8c00000] [id=15564]
  0x000001cab9b9bed0 WatcherThread [stack: 0x0000006aa9700000,0x0000006aa9800000] [id=9516]
  0x000001cab9bc7aa0 GCTaskThread "GC Thread#0" [stack: 0x0000006aa8600000,0x0000006aa8700000] [id=16548]
  0x000001caed222dd0 GCTaskThread "GC Thread#1" [stack: 0x0000006aa9800000,0x0000006aa9900000] [id=5300]
  0x000001caed223090 GCTaskThread "GC Thread#2" [stack: 0x0000006aa9900000,0x0000006aa9a00000] [id=8864]
  0x000001caed3d9110 GCTaskThread "GC Thread#3" [stack: 0x0000006aa9a00000,0x0000006aa9b00000] [id=11392]
  0x000001cab7b8ea40 ConcurrentGCThread "G1 Main Marker" [stack: 0x0000006aa8700000,0x0000006aa8800000] [id=9296]
  0x000001cab9bc94b0 ConcurrentGCThread "G1 Conc#0" [stack: 0x0000006aa8800000,0x0000006aa8900000] [id=20568]
  0x000001cab9c5e5a0 ConcurrentGCThread "G1 Refine#0" [stack: 0x0000006aa8900000,0x0000006aa8a00000] [id=6560]
  0x000001cad3ac60d0 ConcurrentGCThread "G1 Service" [stack: 0x0000006aa8a00000,0x0000006aa8b00000] [id=13324]

Threads with active compile tasks:
C2 CompilerThread0     7853 3586 %     4       jdk.internal.loader.URLClassPath::getResource @ 39 (74 bytes)
C1 CompilerThread0     7853 3731       2       org.codehaus.groovy.reflection.CachedMethod::getModifiers (8 bytes)

VM state: not at safepoint (normal execution)

VM Mutex/Monitor currently owned by a thread: None

Heap address: 0x00000000e0000000, size: 512 MB, Compressed Oops mode: 32-bit

CDS archive(s) mapped at: [0x000001cad4000000-0x000001cad4bd0000-0x000001cad4bd0000), size 12386304, SharedBaseAddress: 0x000001cad4000000, ArchiveRelocationMode: 1.
Compressed class space mapped at: 0x000001cad5000000-0x000001cae9000000, reserved size: 335544320
Narrow klass base: 0x000001cad4000000, Narrow klass shift: 0, Narrow klass range: 0x100000000

GC Precious Log:
 CPUs: 4 total, 4 available
 Memory: 3877M
 Large Page Support: Disabled
 NUMA Support: Disabled
 Compressed Oops: Enabled (32-bit)
 Heap Region Size: 1M
 Heap Min Capacity: 256M
 Heap Initial Capacity: 256M
 Heap Max Capacity: 512M
 Pre-touch: Disabled
 Parallel Workers: 4
 Concurrent Workers: 1
 Concurrent Refinement Workers: 4
 Periodic GC: Disabled

Heap:
 garbage-first heap   total 262144K, used 122777K [0x00000000e0000000, 0x0000000100000000)
  region size 1024K, 90 young (92160K), 2 survivors (2048K)
 Metaspace       used 32880K, committed 33280K, reserved 393216K
  class space    used 4789K, committed 4992K, reserved 327680K

Heap Regions: E=young(eden), S=young(survivor), O=old, HS=humongous(starts), HC=humongous(continues), CS=collection set, F=free, OA=open archive, CA=closed archive, TAMS=top-at-mark-start (previous, next)
|   0|0x00000000e0000000, 0x00000000e0100000, 0x00000000e0100000|100%|HS|  |TAMS 0x00000000e0100000, 0x00000000e0000000| Complete 
|   1|0x00000000e0100000, 0x00000000e0200000, 0x00000000e0200000|100%|HC|  |TAMS 0x00000000e0200000, 0x00000000e0100000| Complete 
|   2|0x00000000e0200000, 0x00000000e0300000, 0x00000000e0300000|100%|HC|  |TAMS 0x00000000e0300000, 0x00000000e0200000| Complete 
|   3|0x00000000e0300000, 0x00000000e0400000, 0x00000000e0400000|100%|HC|  |TAMS 0x00000000e0400000, 0x00000000e0300000| Complete 
|   4|0x00000000e0400000, 0x00000000e0500000, 0x00000000e0500000|100%| O|  |TAMS 0x00000000e0500000, 0x00000000e0400000| Untracked 
|   5|0x00000000e0500000, 0x00000000e0600000, 0x00000000e0600000|100%| O|  |TAMS 0x00000000e0600000, 0x00000000e0500000| Untracked 
|   6|0x00000000e0600000, 0x00000000e0700000, 0x00000000e0700000|100%| O|  |TAMS 0x00000000e0700000, 0x00000000e0600000| Untracked 
|   7|0x00000000e0700000, 0x00000000e0800000, 0x00000000e0800000|100%| O|  |TAMS 0x00000000e0747a00, 0x00000000e0700000| Untracked 
|   8|0x00000000e0800000, 0x00000000e0900000, 0x00000000e0900000|100%|HS|  |TAMS 0x00000000e0900000, 0x00000000e0800000| Complete 
|   9|0x00000000e0900000, 0x00000000e0a00000, 0x00000000e0a00000|100%| O|  |TAMS 0x00000000e0900000, 0x00000000e0900000| Untracked 
|  10|0x00000000e0a00000, 0x00000000e0b00000, 0x00000000e0b00000|100%| O|  |TAMS 0x00000000e0a00000, 0x00000000e0a00000| Untracked 
|  11|0x00000000e0b00000, 0x00000000e0c00000, 0x00000000e0c00000|100%| O|  |TAMS 0x00000000e0b00000, 0x00000000e0b00000| Untracked 
|  12|0x00000000e0c00000, 0x00000000e0d00000, 0x00000000e0d00000|100%| O|  |TAMS 0x00000000e0c00000, 0x00000000e0c00000| Untracked 
|  13|0x00000000e0d00000, 0x00000000e0e00000, 0x00000000e0e00000|100%| O|  |TAMS 0x00000000e0d00000, 0x00000000e0d00000| Untracked 
|  14|0x00000000e0e00000, 0x00000000e0f00000, 0x00000000e0f00000|100%| O|  |TAMS 0x00000000e0e00000, 0x00000000e0e00000| Untracked 
|  15|0x00000000e0f00000, 0x00000000e1000000, 0x00000000e1000000|100%| O|  |TAMS 0x00000000e0f00000, 0x00000000e0f00000| Untracked 
|  16|0x00000000e1000000, 0x00000000e1100000, 0x00000000e1100000|100%| O|  |TAMS 0x00000000e1000000, 0x00000000e1000000| Untracked 
|  17|0x00000000e1100000, 0x00000000e1200000, 0x00000000e1200000|100%| O|  |TAMS 0x00000000e1100000, 0x00000000e1100000| Untracked 
|  18|0x00000000e1200000, 0x00000000e1300000, 0x00000000e1300000|100%| O|  |TAMS 0x00000000e1200000, 0x00000000e1200000| Untracked 
|  19|0x00000000e1300000, 0x00000000e1400000, 0x00000000e1400000|100%| O|  |TAMS 0x00000000e1300000, 0x00000000e1300000| Untracked 
|  20|0x00000000e1400000, 0x00000000e1500000, 0x00000000e1500000|100%| O|  |TAMS 0x00000000e1400000, 0x00000000e1400000| Untracked 
|  21|0x00000000e1500000, 0x00000000e1600000, 0x00000000e1600000|100%| O|  |TAMS 0x00000000e1500000, 0x00000000e1500000| Untracked 
|  22|0x00000000e1600000, 0x00000000e167e000, 0x00000000e1700000| 49%| O|  |TAMS 0x00000000e1600000, 0x00000000e1600000| Untracked 
|  23|0x00000000e1700000, 0x00000000e1800000, 0x00000000e1800000|100%|HS|  |TAMS 0x00000000e1700000, 0x00000000e1700000| Complete 
|  24|0x00000000e1800000, 0x00000000e1900000, 0x00000000e1900000|100%|HC|  |TAMS 0x00000000e1800000, 0x00000000e1800000| Complete 
|  25|0x00000000e1900000, 0x00000000e1a00000, 0x00000000e1a00000|100%|HC|  |TAMS 0x00000000e1900000, 0x00000000e1900000| Complete 
|  26|0x00000000e1a00000, 0x00000000e1b00000, 0x00000000e1b00000|100%|HC|  |TAMS 0x00000000e1a00000, 0x00000000e1a00000| Complete 
|  27|0x00000000e1b00000, 0x00000000e1c00000, 0x00000000e1c00000|100%|HC|  |TAMS 0x00000000e1b00000, 0x00000000e1b00000| Complete 
|  28|0x00000000e1c00000, 0x00000000e1d00000, 0x00000000e1d00000|100%|HS|  |TAMS 0x00000000e1c00000, 0x00000000e1c00000| Complete 
|  29|0x00000000e1d00000, 0x00000000e1e00000, 0x00000000e1e00000|100%|HC|  |TAMS 0x00000000e1d00000, 0x00000000e1d00000| Complete 
|  30|0x00000000e1e00000, 0x00000000e1f00000, 0x00000000e1f00000|100%|HC|  |TAMS 0x00000000e1e00000, 0x00000000e1e00000| Complete 
|  31|0x00000000e1f00000, 0x00000000e2000000, 0x00000000e2000000|100%|HS|  |TAMS 0x00000000e1f00000, 0x00000000e1f00000| Complete 
|  32|0x00000000e2000000, 0x00000000e2100000, 0x00000000e2100000|100%|HC|  |TAMS 0x00000000e2000000, 0x00000000e2000000| Complete 
|  33|0x00000000e2100000, 0x00000000e2100000, 0x00000000e2200000|  0%| F|  |TAMS 0x00000000e2100000, 0x00000000e2100000| Untracked 
|  34|0x00000000e2200000, 0x00000000e2200000, 0x00000000e2300000|  0%| F|  |TAMS 0x00000000e2200000, 0x00000000e2200000| Untracked 
|  35|0x00000000e2300000, 0x00000000e2300000, 0x00000000e2400000|  0%| F|  |TAMS 0x00000000e2300000, 0x00000000e2300000| Untracked 
|  36|0x00000000e2400000, 0x00000000e2400000, 0x00000000e2500000|  0%| F|  |TAMS 0x00000000e2400000, 0x00000000e2400000| Untracked 
|  37|0x00000000e2500000, 0x00000000e2500000, 0x00000000e2600000|  0%| F|  |TAMS 0x00000000e2500000, 0x00000000e2500000| Untracked 
|  38|0x00000000e2600000, 0x00000000e2600000, 0x00000000e2700000|  0%| F|  |TAMS 0x00000000e2600000, 0x00000000e2600000| Untracked 
|  39|0x00000000e2700000, 0x00000000e2700000, 0x00000000e2800000|  0%| F|  |TAMS 0x00000000e2700000, 0x00000000e2700000| Untracked 
|  40|0x00000000e2800000, 0x00000000e2800000, 0x00000000e2900000|  0%| F|  |TAMS 0x00000000e2800000, 0x00000000e2800000| Untracked 
|  41|0x00000000e2900000, 0x00000000e2900000, 0x00000000e2a00000|  0%| F|  |TAMS 0x00000000e2900000, 0x00000000e2900000| Untracked 
|  42|0x00000000e2a00000, 0x00000000e2a00000, 0x00000000e2b00000|  0%| F|  |TAMS 0x00000000e2a00000, 0x00000000e2a00000| Untracked 
|  43|0x00000000e2b00000, 0x00000000e2b00000, 0x00000000e2c00000|  0%| F|  |TAMS 0x00000000e2b00000, 0x00000000e2b00000| Untracked 
|  44|0x00000000e2c00000, 0x00000000e2c00000, 0x00000000e2d00000|  0%| F|  |TAMS 0x00000000e2c00000, 0x00000000e2c00000| Untracked 
|  45|0x00000000e2d00000, 0x00000000e2d00000, 0x00000000e2e00000|  0%| F|  |TAMS 0x00000000e2d00000, 0x00000000e2d00000| Untracked 
|  46|0x00000000e2e00000, 0x00000000e2e00000, 0x00000000e2f00000|  0%| F|  |TAMS 0x00000000e2e00000, 0x00000000e2e00000| Untracked 
|  47|0x00000000e2f00000, 0x00000000e2f00000, 0x00000000e3000000|  0%| F|  |TAMS 0x00000000e2f00000, 0x00000000e2f00000| Untracked 
|  48|0x00000000e3000000, 0x00000000e3000000, 0x00000000e3100000|  0%| F|  |TAMS 0x00000000e3000000, 0x00000000e3000000| Untracked 
|  49|0x00000000e3100000, 0x00000000e3100000, 0x00000000e3200000|  0%| F|  |TAMS 0x00000000e3100000, 0x00000000e3100000| Untracked 
|  50|0x00000000e3200000, 0x00000000e3200000, 0x00000000e3300000|  0%| F|  |TAMS 0x00000000e3200000, 0x00000000e3200000| Untracked 
|  51|0x00000000e3300000, 0x00000000e3300000, 0x00000000e3400000|  0%| F|  |TAMS 0x00000000e3300000, 0x00000000e3300000| Untracked 
|  52|0x00000000e3400000, 0x00000000e3400000, 0x00000000e3500000|  0%| F|  |TAMS 0x00000000e3400000, 0x00000000e3400000| Untracked 
|  53|0x00000000e3500000, 0x00000000e3500000, 0x00000000e3600000|  0%| F|  |TAMS 0x00000000e3500000, 0x00000000e3500000| Untracked 
|  54|0x00000000e3600000, 0x00000000e3600000, 0x00000000e3700000|  0%| F|  |TAMS 0x00000000e3600000, 0x00000000e3600000| Untracked 
|  55|0x00000000e3700000, 0x00000000e3700000, 0x00000000e3800000|  0%| F|  |TAMS 0x00000000e3700000, 0x00000000e3700000| Untracked 
|  56|0x00000000e3800000, 0x00000000e3800000, 0x00000000e3900000|  0%| F|  |TAMS 0x00000000e3800000, 0x00000000e3800000| Untracked 
|  57|0x00000000e3900000, 0x00000000e3900000, 0x00000000e3a00000|  0%| F|  |TAMS 0x00000000e3900000, 0x00000000e3900000| Untracked 
|  58|0x00000000e3a00000, 0x00000000e3a00000, 0x00000000e3b00000|  0%| F|  |TAMS 0x00000000e3a00000, 0x00000000e3a00000| Untracked 
|  59|0x00000000e3b00000, 0x00000000e3b00000, 0x00000000e3c00000|  0%| F|  |TAMS 0x00000000e3b00000, 0x00000000e3b00000| Untracked 
|  60|0x00000000e3c00000, 0x00000000e3c00000, 0x00000000e3d00000|  0%| F|  |TAMS 0x00000000e3c00000, 0x00000000e3c00000| Untracked 
|  61|0x00000000e3d00000, 0x00000000e3d00000, 0x00000000e3e00000|  0%| F|  |TAMS 0x00000000e3d00000, 0x00000000e3d00000| Untracked 
|  62|0x00000000e3e00000, 0x00000000e3e00000, 0x00000000e3f00000|  0%| F|  |TAMS 0x00000000e3e00000, 0x00000000e3e00000| Untracked 
|  63|0x00000000e3f00000, 0x00000000e3f00000, 0x00000000e4000000|  0%| F|  |TAMS 0x00000000e3f00000, 0x00000000e3f00000| Untracked 
|  64|0x00000000e4000000, 0x00000000e4000000, 0x00000000e4100000|  0%| F|  |TAMS 0x00000000e4000000, 0x00000000e4000000| Untracked 
|  65|0x00000000e4100000, 0x00000000e4100000, 0x00000000e4200000|  0%| F|  |TAMS 0x00000000e4100000, 0x00000000e4100000| Untracked 
|  66|0x00000000e4200000, 0x00000000e4200000, 0x00000000e4300000|  0%| F|  |TAMS 0x00000000e4200000, 0x00000000e4200000| Untracked 
|  67|0x00000000e4300000, 0x00000000e4300000, 0x00000000e4400000|  0%| F|  |TAMS 0x00000000e4300000, 0x00000000e4300000| Untracked 
|  68|0x00000000e4400000, 0x00000000e4400000, 0x00000000e4500000|  0%| F|  |TAMS 0x00000000e4400000, 0x00000000e4400000| Untracked 
|  69|0x00000000e4500000, 0x00000000e4500000, 0x00000000e4600000|  0%| F|  |TAMS 0x00000000e4500000, 0x00000000e4500000| Untracked 
|  70|0x00000000e4600000, 0x00000000e4600000, 0x00000000e4700000|  0%| F|  |TAMS 0x00000000e4600000, 0x00000000e4600000| Untracked 
|  71|0x00000000e4700000, 0x00000000e4700000, 0x00000000e4800000|  0%| F|  |TAMS 0x00000000e4700000, 0x00000000e4700000| Untracked 
|  72|0x00000000e4800000, 0x00000000e4800000, 0x00000000e4900000|  0%| F|  |TAMS 0x00000000e4800000, 0x00000000e4800000| Untracked 
|  73|0x00000000e4900000, 0x00000000e4900000, 0x00000000e4a00000|  0%| F|  |TAMS 0x00000000e4900000, 0x00000000e4900000| Untracked 
|  74|0x00000000e4a00000, 0x00000000e4a00000, 0x00000000e4b00000|  0%| F|  |TAMS 0x00000000e4a00000, 0x00000000e4a00000| Untracked 
|  75|0x00000000e4b00000, 0x00000000e4b00000, 0x00000000e4c00000|  0%| F|  |TAMS 0x00000000e4b00000, 0x00000000e4b00000| Untracked 
|  76|0x00000000e4c00000, 0x00000000e4c00000, 0x00000000e4d00000|  0%| F|  |TAMS 0x00000000e4c00000, 0x00000000e4c00000| Untracked 
|  77|0x00000000e4d00000, 0x00000000e4d00000, 0x00000000e4e00000|  0%| F|  |TAMS 0x00000000e4d00000, 0x00000000e4d00000| Untracked 
|  78|0x00000000e4e00000, 0x00000000e4e00000, 0x00000000e4f00000|  0%| F|  |TAMS 0x00000000e4e00000, 0x00000000e4e00000| Untracked 
|  79|0x00000000e4f00000, 0x00000000e4f00000, 0x00000000e5000000|  0%| F|  |TAMS 0x00000000e4f00000, 0x00000000e4f00000| Untracked 
|  80|0x00000000e5000000, 0x00000000e5000000, 0x00000000e5100000|  0%| F|  |TAMS 0x00000000e5000000, 0x00000000e5000000| Untracked 
|  81|0x00000000e5100000, 0x00000000e5100000, 0x00000000e5200000|  0%| F|  |TAMS 0x00000000e5100000, 0x00000000e5100000| Untracked 
|  82|0x00000000e5200000, 0x00000000e5200000, 0x00000000e5300000|  0%| F|  |TAMS 0x00000000e5200000, 0x00000000e5200000| Untracked 
|  83|0x00000000e5300000, 0x00000000e5300000, 0x00000000e5400000|  0%| F|  |TAMS 0x00000000e5300000, 0x00000000e5300000| Untracked 
|  84|0x00000000e5400000, 0x00000000e5400000, 0x00000000e5500000|  0%| F|  |TAMS 0x00000000e5400000, 0x00000000e5400000| Untracked 
|  85|0x00000000e5500000, 0x00000000e5500000, 0x00000000e5600000|  0%| F|  |TAMS 0x00000000e5500000, 0x00000000e5500000| Untracked 
|  86|0x00000000e5600000, 0x00000000e5600000, 0x00000000e5700000|  0%| F|  |TAMS 0x00000000e5600000, 0x00000000e5600000| Untracked 
|  87|0x00000000e5700000, 0x00000000e5700000, 0x00000000e5800000|  0%| F|  |TAMS 0x00000000e5700000, 0x00000000e5700000| Untracked 
|  88|0x00000000e5800000, 0x00000000e5800000, 0x00000000e5900000|  0%| F|  |TAMS 0x00000000e5800000, 0x00000000e5800000| Untracked 
|  89|0x00000000e5900000, 0x00000000e5900000, 0x00000000e5a00000|  0%| F|  |TAMS 0x00000000e5900000, 0x00000000e5900000| Untracked 
|  90|0x00000000e5a00000, 0x00000000e5a00000, 0x00000000e5b00000|  0%| F|  |TAMS 0x00000000e5a00000, 0x00000000e5a00000| Untracked 
|  91|0x00000000e5b00000, 0x00000000e5b00000, 0x00000000e5c00000|  0%| F|  |TAMS 0x00000000e5b00000, 0x00000000e5b00000| Untracked 
|  92|0x00000000e5c00000, 0x00000000e5c00000, 0x00000000e5d00000|  0%| F|  |TAMS 0x00000000e5c00000, 0x00000000e5c00000| Untracked 
|  93|0x00000000e5d00000, 0x00000000e5d00000, 0x00000000e5e00000|  0%| F|  |TAMS 0x00000000e5d00000, 0x00000000e5d00000| Untracked 
|  94|0x00000000e5e00000, 0x00000000e5e00000, 0x00000000e5f00000|  0%| F|  |TAMS 0x00000000e5e00000, 0x00000000e5e00000| Untracked 
|  95|0x00000000e5f00000, 0x00000000e5f00000, 0x00000000e6000000|  0%| F|  |TAMS 0x00000000e5f00000, 0x00000000e5f00000| Untracked 
|  96|0x00000000e6000000, 0x00000000e6000000, 0x00000000e6100000|  0%| F|  |TAMS 0x00000000e6000000, 0x00000000e6000000| Untracked 
|  97|0x00000000e6100000, 0x00000000e6100000, 0x00000000e6200000|  0%| F|  |TAMS 0x00000000e6100000, 0x00000000e6100000| Untracked 
|  98|0x00000000e6200000, 0x00000000e6200000, 0x00000000e6300000|  0%| F|  |TAMS 0x00000000e6200000, 0x00000000e6200000| Untracked 
|  99|0x00000000e6300000, 0x00000000e6300000, 0x00000000e6400000|  0%| F|  |TAMS 0x00000000e6300000, 0x00000000e6300000| Untracked 
| 100|0x00000000e6400000, 0x00000000e6400000, 0x00000000e6500000|  0%| F|  |TAMS 0x00000000e6400000, 0x00000000e6400000| Untracked 
| 101|0x00000000e6500000, 0x00000000e6500000, 0x00000000e6600000|  0%| F|  |TAMS 0x00000000e6500000, 0x00000000e6500000| Untracked 
| 102|0x00000000e6600000, 0x00000000e6600000, 0x00000000e6700000|  0%| F|  |TAMS 0x00000000e6600000, 0x00000000e6600000| Untracked 
| 103|0x00000000e6700000, 0x00000000e6700000, 0x00000000e6800000|  0%| F|  |TAMS 0x00000000e6700000, 0x00000000e6700000| Untracked 
| 104|0x00000000e6800000, 0x00000000e6800000, 0x00000000e6900000|  0%| F|  |TAMS 0x00000000e6800000, 0x00000000e6800000| Untracked 
| 105|0x00000000e6900000, 0x00000000e6900000, 0x00000000e6a00000|  0%| F|  |TAMS 0x00000000e6900000, 0x00000000e6900000| Untracked 
| 106|0x00000000e6a00000, 0x00000000e6a00000, 0x00000000e6b00000|  0%| F|  |TAMS 0x00000000e6a00000, 0x00000000e6a00000| Untracked 
| 107|0x00000000e6b00000, 0x00000000e6b00000, 0x00000000e6c00000|  0%| F|  |TAMS 0x00000000e6b00000, 0x00000000e6b00000| Untracked 
| 108|0x00000000e6c00000, 0x00000000e6c00000, 0x00000000e6d00000|  0%| F|  |TAMS 0x00000000e6c00000, 0x00000000e6c00000| Untracked 
| 109|0x00000000e6d00000, 0x00000000e6d00000, 0x00000000e6e00000|  0%| F|  |TAMS 0x00000000e6d00000, 0x00000000e6d00000| Untracked 
| 110|0x00000000e6e00000, 0x00000000e6e00000, 0x00000000e6f00000|  0%| F|  |TAMS 0x00000000e6e00000, 0x00000000e6e00000| Untracked 
| 111|0x00000000e6f00000, 0x00000000e6f00000, 0x00000000e7000000|  0%| F|  |TAMS 0x00000000e6f00000, 0x00000000e6f00000| Untracked 
| 112|0x00000000e7000000, 0x00000000e7000000, 0x00000000e7100000|  0%| F|  |TAMS 0x00000000e7000000, 0x00000000e7000000| Untracked 
| 113|0x00000000e7100000, 0x00000000e7100000, 0x00000000e7200000|  0%| F|  |TAMS 0x00000000e7100000, 0x00000000e7100000| Untracked 
| 114|0x00000000e7200000, 0x00000000e7200000, 0x00000000e7300000|  0%| F|  |TAMS 0x00000000e7200000, 0x00000000e7200000| Untracked 
| 115|0x00000000e7300000, 0x00000000e7300000, 0x00000000e7400000|  0%| F|  |TAMS 0x00000000e7300000, 0x00000000e7300000| Untracked 
| 116|0x00000000e7400000, 0x00000000e7400000, 0x00000000e7500000|  0%| F|  |TAMS 0x00000000e7400000, 0x00000000e7400000| Untracked 
| 117|0x00000000e7500000, 0x00000000e7500000, 0x00000000e7600000|  0%| F|  |TAMS 0x00000000e7500000, 0x00000000e7500000| Untracked 
| 118|0x00000000e7600000, 0x00000000e7600000, 0x00000000e7700000|  0%| F|  |TAMS 0x00000000e7600000, 0x00000000e7600000| Untracked 
| 119|0x00000000e7700000, 0x00000000e7700000, 0x00000000e7800000|  0%| F|  |TAMS 0x00000000e7700000, 0x00000000e7700000| Untracked 
| 120|0x00000000e7800000, 0x00000000e7800000, 0x00000000e7900000|  0%| F|  |TAMS 0x00000000e7800000, 0x00000000e7800000| Untracked 
| 121|0x00000000e7900000, 0x00000000e7900000, 0x00000000e7a00000|  0%| F|  |TAMS 0x00000000e7900000, 0x00000000e7900000| Untracked 
| 122|0x00000000e7a00000, 0x00000000e7a00000, 0x00000000e7b00000|  0%| F|  |TAMS 0x00000000e7a00000, 0x00000000e7a00000| Untracked 
| 123|0x00000000e7b00000, 0x00000000e7b00000, 0x00000000e7c00000|  0%| F|  |TAMS 0x00000000e7b00000, 0x00000000e7b00000| Untracked 
| 124|0x00000000e7c00000, 0x00000000e7c00000, 0x00000000e7d00000|  0%| F|  |TAMS 0x00000000e7c00000, 0x00000000e7c00000| Untracked 
| 125|0x00000000e7d00000, 0x00000000e7d00000, 0x00000000e7e00000|  0%| F|  |TAMS 0x00000000e7d00000, 0x00000000e7d00000| Untracked 
| 126|0x00000000e7e00000, 0x00000000e7e00000, 0x00000000e7f00000|  0%| F|  |TAMS 0x00000000e7e00000, 0x00000000e7e00000| Untracked 
| 127|0x00000000e7f00000, 0x00000000e7f00000, 0x00000000e8000000|  0%| F|  |TAMS 0x00000000e7f00000, 0x00000000e7f00000| Untracked 
| 128|0x00000000e8000000, 0x00000000e8000000, 0x00000000e8100000|  0%| F|  |TAMS 0x00000000e8000000, 0x00000000e8000000| Untracked 
| 129|0x00000000e8100000, 0x00000000e8100000, 0x00000000e8200000|  0%| F|  |TAMS 0x00000000e8100000, 0x00000000e8100000| Untracked 
| 130|0x00000000e8200000, 0x00000000e8200000, 0x00000000e8300000|  0%| F|  |TAMS 0x00000000e8200000, 0x00000000e8200000| Untracked 
| 131|0x00000000e8300000, 0x00000000e8300000, 0x00000000e8400000|  0%| F|  |TAMS 0x00000000e8300000, 0x00000000e8300000| Untracked 
| 132|0x00000000e8400000, 0x00000000e8400000, 0x00000000e8500000|  0%| F|  |TAMS 0x00000000e8400000, 0x00000000e8400000| Untracked 
| 133|0x00000000e8500000, 0x00000000e8500000, 0x00000000e8600000|  0%| F|  |TAMS 0x00000000e8500000, 0x00000000e8500000| Untracked 
| 134|0x00000000e8600000, 0x00000000e8600000, 0x00000000e8700000|  0%| F|  |TAMS 0x00000000e8600000, 0x00000000e8600000| Untracked 
| 135|0x00000000e8700000, 0x00000000e8700000, 0x00000000e8800000|  0%| F|  |TAMS 0x00000000e8700000, 0x00000000e8700000| Untracked 
| 136|0x00000000e8800000, 0x00000000e8800000, 0x00000000e8900000|  0%| F|  |TAMS 0x00000000e8800000, 0x00000000e8800000| Untracked 
| 137|0x00000000e8900000, 0x00000000e8900000, 0x00000000e8a00000|  0%| F|  |TAMS 0x00000000e8900000, 0x00000000e8900000| Untracked 
| 138|0x00000000e8a00000, 0x00000000e8a00000, 0x00000000e8b00000|  0%| F|  |TAMS 0x00000000e8a00000, 0x00000000e8a00000| Untracked 
| 139|0x00000000e8b00000, 0x00000000e8b00000, 0x00000000e8c00000|  0%| F|  |TAMS 0x00000000e8b00000, 0x00000000e8b00000| Untracked 
| 140|0x00000000e8c00000, 0x00000000e8c00000, 0x00000000e8d00000|  0%| F|  |TAMS 0x00000000e8c00000, 0x00000000e8c00000| Untracked 
| 141|0x00000000e8d00000, 0x00000000e8d00000, 0x00000000e8e00000|  0%| F|  |TAMS 0x00000000e8d00000, 0x00000000e8d00000| Untracked 
| 142|0x00000000e8e00000, 0x00000000e8e00000, 0x00000000e8f00000|  0%| F|  |TAMS 0x00000000e8e00000, 0x00000000e8e00000| Untracked 
| 143|0x00000000e8f00000, 0x00000000e8f00000, 0x00000000e9000000|  0%| F|  |TAMS 0x00000000e8f00000, 0x00000000e8f00000| Untracked 
| 144|0x00000000e9000000, 0x00000000e9000000, 0x00000000e9100000|  0%| F|  |TAMS 0x00000000e9000000, 0x00000000e9000000| Untracked 
| 145|0x00000000e9100000, 0x00000000e9100000, 0x00000000e9200000|  0%| F|  |TAMS 0x00000000e9100000, 0x00000000e9100000| Untracked 
| 146|0x00000000e9200000, 0x00000000e9200000, 0x00000000e9300000|  0%| F|  |TAMS 0x00000000e9200000, 0x00000000e9200000| Untracked 
| 147|0x00000000e9300000, 0x00000000e9300000, 0x00000000e9400000|  0%| F|  |TAMS 0x00000000e9300000, 0x00000000e9300000| Untracked 
| 148|0x00000000e9400000, 0x00000000e9400000, 0x00000000e9500000|  0%| F|  |TAMS 0x00000000e9400000, 0x00000000e9400000| Untracked 
| 149|0x00000000e9500000, 0x00000000e9500000, 0x00000000e9600000|  0%| F|  |TAMS 0x00000000e9500000, 0x00000000e9500000| Untracked 
| 150|0x00000000e9600000, 0x00000000e9600000, 0x00000000e9700000|  0%| F|  |TAMS 0x00000000e9600000, 0x00000000e9600000| Untracked 
| 151|0x00000000e9700000, 0x00000000e9700000, 0x00000000e9800000|  0%| F|  |TAMS 0x00000000e9700000, 0x00000000e9700000| Untracked 
| 152|0x00000000e9800000, 0x00000000e9800000, 0x00000000e9900000|  0%| F|  |TAMS 0x00000000e9800000, 0x00000000e9800000| Untracked 
| 153|0x00000000e9900000, 0x00000000e9900000, 0x00000000e9a00000|  0%| F|  |TAMS 0x00000000e9900000, 0x00000000e9900000| Untracked 
| 154|0x00000000e9a00000, 0x00000000e9a00000, 0x00000000e9b00000|  0%| F|  |TAMS 0x00000000e9a00000, 0x00000000e9a00000| Untracked 
| 155|0x00000000e9b00000, 0x00000000e9b00000, 0x00000000e9c00000|  0%| F|  |TAMS 0x00000000e9b00000, 0x00000000e9b00000| Untracked 
| 156|0x00000000e9c00000, 0x00000000e9c00000, 0x00000000e9d00000|  0%| F|  |TAMS 0x00000000e9c00000, 0x00000000e9c00000| Untracked 
| 157|0x00000000e9d00000, 0x00000000e9d00000, 0x00000000e9e00000|  0%| F|  |TAMS 0x00000000e9d00000, 0x00000000e9d00000| Untracked 
| 158|0x00000000e9e00000, 0x00000000e9e00000, 0x00000000e9f00000|  0%| F|  |TAMS 0x00000000e9e00000, 0x00000000e9e00000| Untracked 
| 159|0x00000000e9f00000, 0x00000000e9f00000, 0x00000000ea000000|  0%| F|  |TAMS 0x00000000e9f00000, 0x00000000e9f00000| Untracked 
| 160|0x00000000ea000000, 0x00000000ea000000, 0x00000000ea100000|  0%| F|  |TAMS 0x00000000ea000000, 0x00000000ea000000| Untracked 
| 161|0x00000000ea100000, 0x00000000ea100000, 0x00000000ea200000|  0%| F|  |TAMS 0x00000000ea100000, 0x00000000ea100000| Untracked 
| 162|0x00000000ea200000, 0x00000000ea200000, 0x00000000ea300000|  0%| F|  |TAMS 0x00000000ea200000, 0x00000000ea200000| Untracked 
| 163|0x00000000ea300000, 0x00000000ea300000, 0x00000000ea400000|  0%| F|  |TAMS 0x00000000ea300000, 0x00000000ea300000| Untracked 
| 164|0x00000000ea400000, 0x00000000ea400000, 0x00000000ea500000|  0%| F|  |TAMS 0x00000000ea400000, 0x00000000ea400000| Untracked 
| 165|0x00000000ea500000, 0x00000000ea500000, 0x00000000ea600000|  0%| F|  |TAMS 0x00000000ea500000, 0x00000000ea500000| Untracked 
| 166|0x00000000ea600000, 0x00000000ea700000, 0x00000000ea700000|100%| E|  |TAMS 0x00000000ea600000, 0x00000000ea600000| Complete 
| 167|0x00000000ea700000, 0x00000000ea800000, 0x00000000ea800000|100%| E|CS|TAMS 0x00000000ea700000, 0x00000000ea700000| Complete 
| 168|0x00000000ea800000, 0x00000000ea900000, 0x00000000ea900000|100%| E|CS|TAMS 0x00000000ea800000, 0x00000000ea800000| Complete 
| 169|0x00000000ea900000, 0x00000000eaa00000, 0x00000000eaa00000|100%| E|CS|TAMS 0x00000000ea900000, 0x00000000ea900000| Complete 
| 170|0x00000000eaa00000, 0x00000000eab00000, 0x00000000eab00000|100%| E|CS|TAMS 0x00000000eaa00000, 0x00000000eaa00000| Complete 
| 171|0x00000000eab00000, 0x00000000eac00000, 0x00000000eac00000|100%| E|CS|TAMS 0x00000000eab00000, 0x00000000eab00000| Complete 
| 172|0x00000000eac00000, 0x00000000ead00000, 0x00000000ead00000|100%| E|CS|TAMS 0x00000000eac00000, 0x00000000eac00000| Complete 
| 173|0x00000000ead00000, 0x00000000eae00000, 0x00000000eae00000|100%| E|CS|TAMS 0x00000000ead00000, 0x00000000ead00000| Complete 
| 174|0x00000000eae00000, 0x00000000eaf00000, 0x00000000eaf00000|100%| E|CS|TAMS 0x00000000eae00000, 0x00000000eae00000| Complete 
| 175|0x00000000eaf00000, 0x00000000eb000000, 0x00000000eb000000|100%| E|CS|TAMS 0x00000000eaf00000, 0x00000000eaf00000| Complete 
| 176|0x00000000eb000000, 0x00000000eb100000, 0x00000000eb100000|100%| E|CS|TAMS 0x00000000eb000000, 0x00000000eb000000| Complete 
| 177|0x00000000eb100000, 0x00000000eb200000, 0x00000000eb200000|100%| E|CS|TAMS 0x00000000eb100000, 0x00000000eb100000| Complete 
| 178|0x00000000eb200000, 0x00000000eb300000, 0x00000000eb300000|100%| E|CS|TAMS 0x00000000eb200000, 0x00000000eb200000| Complete 
| 179|0x00000000eb300000, 0x00000000eb400000, 0x00000000eb400000|100%| E|CS|TAMS 0x00000000eb300000, 0x00000000eb300000| Complete 
| 180|0x00000000eb400000, 0x00000000eb500000, 0x00000000eb500000|100%| E|CS|TAMS 0x00000000eb400000, 0x00000000eb400000| Complete 
| 181|0x00000000eb500000, 0x00000000eb600000, 0x00000000eb600000|100%| E|CS|TAMS 0x00000000eb500000, 0x00000000eb500000| Complete 
| 182|0x00000000eb600000, 0x00000000eb700000, 0x00000000eb700000|100%| E|CS|TAMS 0x00000000eb600000, 0x00000000eb600000| Complete 
| 183|0x00000000eb700000, 0x00000000eb800000, 0x00000000eb800000|100%| E|CS|TAMS 0x00000000eb700000, 0x00000000eb700000| Complete 
| 184|0x00000000eb800000, 0x00000000eb900000, 0x00000000eb900000|100%| E|CS|TAMS 0x00000000eb800000, 0x00000000eb800000| Complete 
| 185|0x00000000eb900000, 0x00000000eba00000, 0x00000000eba00000|100%| E|CS|TAMS 0x00000000eb900000, 0x00000000eb900000| Complete 
| 186|0x00000000eba00000, 0x00000000ebb00000, 0x00000000ebb00000|100%| E|CS|TAMS 0x00000000eba00000, 0x00000000eba00000| Complete 
| 187|0x00000000ebb00000, 0x00000000ebc00000, 0x00000000ebc00000|100%| E|CS|TAMS 0x00000000ebb00000, 0x00000000ebb00000| Complete 
| 188|0x00000000ebc00000, 0x00000000ebd00000, 0x00000000ebd00000|100%| E|CS|TAMS 0x00000000ebc00000, 0x00000000ebc00000| Complete 
| 189|0x00000000ebd00000, 0x00000000ebe00000, 0x00000000ebe00000|100%| E|CS|TAMS 0x00000000ebd00000, 0x00000000ebd00000| Complete 
| 190|0x00000000ebe00000, 0x00000000ebf00000, 0x00000000ebf00000|100%| E|CS|TAMS 0x00000000ebe00000, 0x00000000ebe00000| Complete 
| 191|0x00000000ebf00000, 0x00000000ec000000, 0x00000000ec000000|100%| E|CS|TAMS 0x00000000ebf00000, 0x00000000ebf00000| Complete 
| 192|0x00000000ec000000, 0x00000000ec100000, 0x00000000ec100000|100%| E|CS|TAMS 0x00000000ec000000, 0x00000000ec000000| Complete 
| 193|0x00000000ec100000, 0x00000000ec200000, 0x00000000ec200000|100%| E|CS|TAMS 0x00000000ec100000, 0x00000000ec100000| Complete 
| 194|0x00000000ec200000, 0x00000000ec300000, 0x00000000ec300000|100%| E|CS|TAMS 0x00000000ec200000, 0x00000000ec200000| Complete 
| 195|0x00000000ec300000, 0x00000000ec400000, 0x00000000ec400000|100%| E|CS|TAMS 0x00000000ec300000, 0x00000000ec300000| Complete 
| 196|0x00000000ec400000, 0x00000000ec500000, 0x00000000ec500000|100%| E|CS|TAMS 0x00000000ec400000, 0x00000000ec400000| Complete 
| 197|0x00000000ec500000, 0x00000000ec600000, 0x00000000ec600000|100%| E|CS|TAMS 0x00000000ec500000, 0x00000000ec500000| Complete 
| 198|0x00000000ec600000, 0x00000000ec700000, 0x00000000ec700000|100%| E|CS|TAMS 0x00000000ec600000, 0x00000000ec600000| Complete 
| 199|0x00000000ec700000, 0x00000000ec800000, 0x00000000ec800000|100%| E|CS|TAMS 0x00000000ec700000, 0x00000000ec700000| Complete 
| 200|0x00000000ec800000, 0x00000000ec900000, 0x00000000ec900000|100%| E|CS|TAMS 0x00000000ec800000, 0x00000000ec800000| Complete 
| 201|0x00000000ec900000, 0x00000000eca00000, 0x00000000eca00000|100%| E|CS|TAMS 0x00000000ec900000, 0x00000000ec900000| Complete 
| 202|0x00000000eca00000, 0x00000000ecb00000, 0x00000000ecb00000|100%| E|CS|TAMS 0x00000000eca00000, 0x00000000eca00000| Complete 
| 203|0x00000000ecb00000, 0x00000000ecc00000, 0x00000000ecc00000|100%| E|CS|TAMS 0x00000000ecb00000, 0x00000000ecb00000| Complete 
| 204|0x00000000ecc00000, 0x00000000ecd00000, 0x00000000ecd00000|100%| E|CS|TAMS 0x00000000ecc00000, 0x00000000ecc00000| Complete 
| 205|0x00000000ecd00000, 0x00000000ece00000, 0x00000000ece00000|100%| E|CS|TAMS 0x00000000ecd00000, 0x00000000ecd00000| Complete 
| 206|0x00000000ece00000, 0x00000000ecf00000, 0x00000000ecf00000|100%| E|CS|TAMS 0x00000000ece00000, 0x00000000ece00000| Complete 
| 207|0x00000000ecf00000, 0x00000000ed000000, 0x00000000ed000000|100%| E|CS|TAMS 0x00000000ecf00000, 0x00000000ecf00000| Complete 
| 208|0x00000000ed000000, 0x00000000ed100000, 0x00000000ed100000|100%| E|CS|TAMS 0x00000000ed000000, 0x00000000ed000000| Complete 
| 209|0x00000000ed100000, 0x00000000ed200000, 0x00000000ed200000|100%| E|CS|TAMS 0x00000000ed100000, 0x00000000ed100000| Complete 
| 210|0x00000000ed200000, 0x00000000ed300000, 0x00000000ed300000|100%| E|CS|TAMS 0x00000000ed200000, 0x00000000ed200000| Complete 
| 211|0x00000000ed300000, 0x00000000ed400000, 0x00000000ed400000|100%| E|CS|TAMS 0x00000000ed300000, 0x00000000ed300000| Complete 
| 212|0x00000000ed400000, 0x00000000ed500000, 0x00000000ed500000|100%| E|CS|TAMS 0x00000000ed400000, 0x00000000ed400000| Complete 
| 213|0x00000000ed500000, 0x00000000ed600000, 0x00000000ed600000|100%| E|CS|TAMS 0x00000000ed500000, 0x00000000ed500000| Complete 
| 214|0x00000000ed600000, 0x00000000ed700000, 0x00000000ed700000|100%| E|CS|TAMS 0x00000000ed600000, 0x00000000ed600000| Complete 
| 215|0x00000000ed700000, 0x00000000ed800000, 0x00000000ed800000|100%| E|CS|TAMS 0x00000000ed700000, 0x00000000ed700000| Complete 
| 216|0x00000000ed800000, 0x00000000ed900000, 0x00000000ed900000|100%| E|CS|TAMS 0x00000000ed800000, 0x00000000ed800000| Complete 
| 217|0x00000000ed900000, 0x00000000eda00000, 0x00000000eda00000|100%| E|CS|TAMS 0x00000000ed900000, 0x00000000ed900000| Complete 
| 218|0x00000000eda00000, 0x00000000edb00000, 0x00000000edb00000|100%| E|CS|TAMS 0x00000000eda00000, 0x00000000eda00000| Complete 
| 219|0x00000000edb00000, 0x00000000edc00000, 0x00000000edc00000|100%| E|CS|TAMS 0x00000000edb00000, 0x00000000edb00000| Complete 
| 220|0x00000000edc00000, 0x00000000edd00000, 0x00000000edd00000|100%| E|CS|TAMS 0x00000000edc00000, 0x00000000edc00000| Complete 
| 221|0x00000000edd00000, 0x00000000ede00000, 0x00000000ede00000|100%| E|CS|TAMS 0x00000000edd00000, 0x00000000edd00000| Complete 
| 222|0x00000000ede00000, 0x00000000edf00000, 0x00000000edf00000|100%| E|CS|TAMS 0x00000000ede00000, 0x00000000ede00000| Complete 
| 223|0x00000000edf00000, 0x00000000ee000000, 0x00000000ee000000|100%| E|CS|TAMS 0x00000000edf00000, 0x00000000edf00000| Complete 
| 224|0x00000000ee000000, 0x00000000ee100000, 0x00000000ee100000|100%| E|CS|TAMS 0x00000000ee000000, 0x00000000ee000000| Complete 
| 225|0x00000000ee100000, 0x00000000ee200000, 0x00000000ee200000|100%| E|CS|TAMS 0x00000000ee100000, 0x00000000ee100000| Complete 
| 226|0x00000000ee200000, 0x00000000ee300000, 0x00000000ee300000|100%| E|CS|TAMS 0x00000000ee200000, 0x00000000ee200000| Complete 
| 227|0x00000000ee300000, 0x00000000ee400000, 0x00000000ee400000|100%| E|CS|TAMS 0x00000000ee300000, 0x00000000ee300000| Complete 
| 228|0x00000000ee400000, 0x00000000ee500000, 0x00000000ee500000|100%| E|CS|TAMS 0x00000000ee400000, 0x00000000ee400000| Complete 
| 229|0x00000000ee500000, 0x00000000ee600000, 0x00000000ee600000|100%| E|CS|TAMS 0x00000000ee500000, 0x00000000ee500000| Complete 
| 230|0x00000000ee600000, 0x00000000ee700000, 0x00000000ee700000|100%| E|CS|TAMS 0x00000000ee600000, 0x00000000ee600000| Complete 
| 231|0x00000000ee700000, 0x00000000ee800000, 0x00000000ee800000|100%| E|CS|TAMS 0x00000000ee700000, 0x00000000ee700000| Complete 
| 232|0x00000000ee800000, 0x00000000ee900000, 0x00000000ee900000|100%| E|CS|TAMS 0x00000000ee800000, 0x00000000ee800000| Complete 
| 233|0x00000000ee900000, 0x00000000eea00000, 0x00000000eea00000|100%| E|CS|TAMS 0x00000000ee900000, 0x00000000ee900000| Complete 
| 234|0x00000000eea00000, 0x00000000eeb00000, 0x00000000eeb00000|100%| E|CS|TAMS 0x00000000eea00000, 0x00000000eea00000| Complete 
| 235|0x00000000eeb00000, 0x00000000eec00000, 0x00000000eec00000|100%| E|CS|TAMS 0x00000000eeb00000, 0x00000000eeb00000| Complete 
| 236|0x00000000eec00000, 0x00000000eed00000, 0x00000000eed00000|100%| E|CS|TAMS 0x00000000eec00000, 0x00000000eec00000| Complete 
| 237|0x00000000eed00000, 0x00000000eed687d8, 0x00000000eee00000| 40%| S|CS|TAMS 0x00000000eed00000, 0x00000000eed00000| Complete 
| 238|0x00000000eee00000, 0x00000000eef00000, 0x00000000eef00000|100%| S|CS|TAMS 0x00000000eee00000, 0x00000000eee00000| Complete 
| 239|0x00000000eef00000, 0x00000000ef000000, 0x00000000ef000000|100%| E|CS|TAMS 0x00000000eef00000, 0x00000000eef00000| Complete 
| 240|0x00000000ef000000, 0x00000000ef100000, 0x00000000ef100000|100%| E|CS|TAMS 0x00000000ef000000, 0x00000000ef000000| Complete 
| 241|0x00000000ef100000, 0x00000000ef200000, 0x00000000ef200000|100%| E|  |TAMS 0x00000000ef100000, 0x00000000ef100000| Complete 
| 242|0x00000000ef200000, 0x00000000ef300000, 0x00000000ef300000|100%| E|CS|TAMS 0x00000000ef200000, 0x00000000ef200000| Complete 
| 243|0x00000000ef300000, 0x00000000ef400000, 0x00000000ef400000|100%| E|CS|TAMS 0x00000000ef300000, 0x00000000ef300000| Complete 
| 244|0x00000000ef400000, 0x00000000ef500000, 0x00000000ef500000|100%| E|CS|TAMS 0x00000000ef400000, 0x00000000ef400000| Complete 
| 245|0x00000000ef500000, 0x00000000ef600000, 0x00000000ef600000|100%| E|CS|TAMS 0x00000000ef500000, 0x00000000ef500000| Complete 
| 246|0x00000000ef600000, 0x00000000ef700000, 0x00000000ef700000|100%| E|CS|TAMS 0x00000000ef600000, 0x00000000ef600000| Complete 
| 247|0x00000000ef700000, 0x00000000ef800000, 0x00000000ef800000|100%| E|CS|TAMS 0x00000000ef700000, 0x00000000ef700000| Complete 
| 248|0x00000000ef800000, 0x00000000ef900000, 0x00000000ef900000|100%| E|CS|TAMS 0x00000000ef800000, 0x00000000ef800000| Complete 
| 249|0x00000000ef900000, 0x00000000efa00000, 0x00000000efa00000|100%| E|CS|TAMS 0x00000000ef900000, 0x00000000ef900000| Complete 
| 250|0x00000000efa00000, 0x00000000efb00000, 0x00000000efb00000|100%| E|CS|TAMS 0x00000000efa00000, 0x00000000efa00000| Complete 
| 251|0x00000000efb00000, 0x00000000efc00000, 0x00000000efc00000|100%| E|CS|TAMS 0x00000000efb00000, 0x00000000efb00000| Complete 
| 252|0x00000000efc00000, 0x00000000efd00000, 0x00000000efd00000|100%| E|CS|TAMS 0x00000000efc00000, 0x00000000efc00000| Complete 
| 253|0x00000000efd00000, 0x00000000efe00000, 0x00000000efe00000|100%| E|CS|TAMS 0x00000000efd00000, 0x00000000efd00000| Complete 
| 254|0x00000000efe00000, 0x00000000eff00000, 0x00000000eff00000|100%| E|CS|TAMS 0x00000000efe00000, 0x00000000efe00000| Complete 
| 255|0x00000000eff00000, 0x00000000f0000000, 0x00000000f0000000|100%| E|CS|TAMS 0x00000000eff00000, 0x00000000eff00000| Complete 

Card table byte_map: [0x000001cad0450000,0x000001cad0550000] _byte_map_base: 0x000001cacfd50000

Marking Bits (Prev, Next): (CMBitMap*) 0x000001cab7b8b160, (CMBitMap*) 0x000001cab7b8b120
 Prev Bits: [0x000001cad0e50000, 0x000001cad1650000)
 Next Bits: [0x000001cad0650000, 0x000001cad0e50000)

Polling page: 0x000001cab7a80000

Metaspace:

Usage:
  Non-class:     27.50 MB used.
      Class:      4.68 MB used.
       Both:     32.18 MB used.

Virtual space:
  Non-class space:       64.00 MB reserved,      27.75 MB ( 43%) committed,  1 nodes.
      Class space:      320.00 MB reserved,       4.88 MB (  2%) committed,  1 nodes.
             Both:      384.00 MB reserved,      32.62 MB (  8%) committed. 

Chunk freelists:
   Non-Class:  4.11 MB
       Class:  11.13 MB
        Both:  15.24 MB

MaxMetaspaceSize: 384.00 MB
CompressedClassSpaceSize: 320.00 MB
Initial GC threshold: 21.00 MB
Current GC threshold: 35.12 MB
CDS: on
MetaspaceReclaimPolicy: balanced
 - commit_granule_bytes: 65536.
 - commit_granule_words: 8192.
 - virtual_space_node_default_size: 8388608.
 - enlarge_chunks_in_place: 1.
 - new_chunks_are_fully_committed: 0.
 - uncommit_free_chunks: 1.
 - use_allocation_guard: 0.
 - handle_deallocations: 1.


Internal statistics:

num_allocs_failed_limit: 3.
num_arena_births: 476.
num_arena_deaths: 0.
num_vsnodes_births: 2.
num_vsnodes_deaths: 0.
num_space_committed: 522.
num_space_uncommitted: 0.
num_chunks_returned_to_freelist: 3.
num_chunks_taken_from_freelist: 1764.
num_chunk_merges: 3.
num_chunk_splits: 1135.
num_chunks_enlarged: 754.
num_inconsistent_stats: 0.

CodeHeap 'non-profiled nmethods': size=120000Kb used=1948Kb max_used=1948Kb free=118051Kb
 bounds [0x000001cac8f20000, 0x000001cac9190000, 0x000001cad0450000]
CodeHeap 'profiled nmethods': size=120000Kb used=7858Kb max_used=7858Kb free=112141Kb
 bounds [0x000001cac1450000, 0x000001cac1c00000, 0x000001cac8980000]
CodeHeap 'non-nmethods': size=5760Kb used=1269Kb max_used=1307Kb free=4490Kb
 bounds [0x000001cac8980000, 0x000001cac8bf0000, 0x000001cac8f20000]
 total_blobs=4292 nmethods=3723 adapters=481
 compilation: enabled
              stopped_count=0, restarted_count=0
 full_count=0

Compilation events (20 events):
Event: 7.749 Thread 0x000001cad3c28080 3694       2       org.codehaus.groovy.reflection.ReflectionCache::setAssignableFrom (1 bytes)
Event: 7.749 Thread 0x000001cad3c28080 nmethod 3694 0x000001cac1be5490 code [0x000001cac1be5620, 0x000001cac1be56f8]
Event: 7.767 Thread 0x000001cad3c28080 3695       2       java.lang.ClassValue$ClassValueMap::checkCacheLoad (16 bytes)
Event: 7.767 Thread 0x000001cad3c28080 nmethod 3695 0x000001cac1be5790 code [0x000001cac1be5920, 0x000001cac1be5a48]
Event: 7.767 Thread 0x000001cad3c28080 3696       2       java.lang.ClassValue$ClassValueMap::addToCache (92 bytes)
Event: 7.768 Thread 0x000001cad3c28080 nmethod 3696 0x000001cac1be5b10 code [0x000001cac1be5d20, 0x000001cac1be6538]
Event: 7.776 Thread 0x000001cad3c28080 3697       2       org.codehaus.groovy.reflection.ParameterTypes::setParametersTypes (32 bytes)
Event: 7.777 Thread 0x000001cad3c28080 nmethod 3697 0x000001cac1be6b10 code [0x000001cac1be6ca0, 0x000001cac1be6e78]
Event: 7.785 Thread 0x000001cad3c28080 3698       2       java.util.stream.ReduceOps$ReduceOp::<init> (10 bytes)
Event: 7.785 Thread 0x000001cad3c28080 nmethod 3698 0x000001cac1be6f90 code [0x000001cac1be7120, 0x000001cac1be7278]
Event: 7.785 Thread 0x000001cad3c28080 3699       2       java.util.stream.ReduceOps$ReduceOp::evaluateSequential (18 bytes)
Event: 7.786 Thread 0x000001cad3c28080 nmethod 3699 0x000001cac1be7310 code [0x000001cac1be74c0, 0x000001cac1be76a8]
Event: 7.786 Thread 0x000001cad3c28080 3700       2       java.util.stream.ReduceOps$Box::<init> (5 bytes)
Event: 7.786 Thread 0x000001cad3c28080 nmethod 3700 0x000001cac1be7790 code [0x000001cac1be7920, 0x000001cac1be7a18]
Event: 7.790 Thread 0x000001cad3c28080 3701       2       org.codehaus.groovy.reflection.ParameterTypes::getParameterTypes (16 bytes)
Event: 7.790 Thread 0x000001cad3c28080 nmethod 3701 0x000001cac1be7a90 code [0x000001cac1be7c20, 0x000001cac1be7d68]
Event: 7.794 Thread 0x000001cad3c28080 3702       2       java.util.LinkedList$ListItr::next (56 bytes)
Event: 7.794 Thread 0x000001cad3c28080 nmethod 3702 0x000001cac1be7e10 code [0x000001cac1be7fe0, 0x000001cac1be8378]
Event: 7.794 Thread 0x000001cad3c28080 3703       2       jdk.internal.loader.URLClassPath$1::next (59 bytes)
Event: 7.794 Thread 0x000001cad3c28080 nmethod 3703 0x000001cac1be8510 code [0x000001cac1be86e0, 0x000001cac1be89b8]

GC Heap History (8 events):
Event: 0.864 GC heap before
{Heap before GC invocations=0 (full 0):
 garbage-first heap   total 262144K, used 13312K [0x00000000e0000000, 0x0000000100000000)
  region size 1024K, 13 young (13312K), 0 survivors (0K)
 Metaspace       used 775K, committed 896K, reserved 393216K
  class space    used 61K, committed 128K, reserved 327680K
}
Event: 0.871 GC heap after
{Heap after GC invocations=1 (full 0):
 garbage-first heap   total 262144K, used 1280K [0x00000000e0000000, 0x0000000100000000)
  region size 1024K, 2 young (2048K), 2 survivors (2048K)
 Metaspace       used 775K, committed 896K, reserved 393216K
  class space    used 61K, committed 128K, reserved 327680K
}
Event: 1.810 GC heap before
{Heap before GC invocations=1 (full 0):
 garbage-first heap   total 262144K, used 23808K [0x00000000e0000000, 0x0000000100000000)
  region size 1024K, 21 young (21504K), 2 survivors (2048K)
 Metaspace       used 3131K, committed 3328K, reserved 393216K
  class space    used 387K, committed 512K, reserved 327680K
}
Event: 1.815 GC heap after
{Heap after GC invocations=2 (full 0):
 garbage-first heap   total 262144K, used 10526K [0x00000000e0000000, 0x0000000100000000)
  region size 1024K, 3 young (3072K), 3 survivors (3072K)
 Metaspace       used 3131K, committed 3328K, reserved 393216K
  class space    used 387K, committed 512K, reserved 327680K
}
Event: 5.350 GC heap before
{Heap before GC invocations=2 (full 0):
 garbage-first heap   total 262144K, used 166174K [0x00000000e0000000, 0x0000000100000000)
  region size 1024K, 153 young (156672K), 3 survivors (3072K)
 Metaspace       used 19444K, committed 19776K, reserved 393216K
  class space    used 2818K, committed 3008K, reserved 327680K
}
Event: 5.366 GC heap after
{Heap after GC invocations=3 (full 0):
 garbage-first heap   total 262144K, used 22951K [0x00000000e0000000, 0x0000000100000000)
  region size 1024K, 15 young (15360K), 15 survivors (15360K)
 Metaspace       used 19444K, committed 19776K, reserved 393216K
  class space    used 2818K, committed 3008K, reserved 327680K
}
Event: 5.731 GC heap before
{Heap before GC invocations=3 (full 0):
 garbage-first heap   total 262144K, used 39335K [0x00000000e0000000, 0x0000000100000000)
  region size 1024K, 32 young (32768K), 15 survivors (15360K)
 Metaspace       used 21183K, committed 21504K, reserved 393216K
  class space    used 3096K, committed 3264K, reserved 327680K
}
Event: 5.749 GC heap after
{Heap after GC invocations=4 (full 0):
 garbage-first heap   total 262144K, used 24473K [0x00000000e0000000, 0x0000000100000000)
  region size 1024K, 2 young (2048K), 2 survivors (2048K)
 Metaspace       used 21183K, committed 21504K, reserved 393216K
  class space    used 3096K, committed 3264K, reserved 327680K
}

Deoptimization events (20 events):
Event: 7.489 Thread 0x000001caee86f430 Uncommon trap: trap_request=0xffffffc6 fr.pc=0x000001cac90b6260 relative=0x00000000000008c0
Event: 7.489 Thread 0x000001caee86f430 Uncommon trap: reason=bimorphic_or_optimized_type_check action=maybe_recompile pc=0x000001cac90b6260 method=java.io.BufferedInputStream.read([BII)I @ 101 c2
Event: 7.489 Thread 0x000001caee86f430 DEOPT PACKING pc=0x000001cac90b6260 sp=0x0000006aaa1f6c70
Event: 7.489 Thread 0x000001caee86f430 DEOPT UNPACKING pc=0x000001cac89d5ba3 sp=0x0000006aaa1f6c28 mode 2
Event: 7.490 Thread 0x000001caee86f430 Uncommon trap: trap_request=0xffffffc6 fr.pc=0x000001cac90b6260 relative=0x00000000000008c0
Event: 7.490 Thread 0x000001caee86f430 Uncommon trap: reason=bimorphic_or_optimized_type_check action=maybe_recompile pc=0x000001cac90b6260 method=java.io.BufferedInputStream.read([BII)I @ 101 c2
Event: 7.490 Thread 0x000001caee86f430 DEOPT PACKING pc=0x000001cac90b6260 sp=0x0000006aaa1f6c50
Event: 7.490 Thread 0x000001caee86f430 DEOPT UNPACKING pc=0x000001cac89d5ba3 sp=0x0000006aaa1f6c08 mode 2
Event: 7.516 Thread 0x000001caee86f430 Uncommon trap: trap_request=0xffffff45 fr.pc=0x000001cac908ea90 relative=0x00000000000005b0
Event: 7.516 Thread 0x000001caee86f430 Uncommon trap: reason=unstable_if action=reinterpret pc=0x000001cac908ea90 method=jdk.internal.org.objectweb.asm.MethodWriter.visitVarInsn(II)V @ 108 c2
Event: 7.516 Thread 0x000001caee86f430 DEOPT PACKING pc=0x000001cac908ea90 sp=0x0000006aaa1efdf0
Event: 7.516 Thread 0x000001caee86f430 DEOPT UNPACKING pc=0x000001cac89d5ba3 sp=0x0000006aaa1efdb8 mode 2
Event: 7.552 Thread 0x000001caee86f430 Uncommon trap: trap_request=0xffffff45 fr.pc=0x000001cac90ecc40 relative=0x0000000000001c40
Event: 7.552 Thread 0x000001caee86f430 Uncommon trap: reason=unstable_if action=reinterpret pc=0x000001cac90ecc40 method=java.util.concurrent.ConcurrentHashMap.computeIfAbsent(Ljava/lang/Object;Ljava/util/function/Function;)Ljava/lang/Object; @ 312 c2
Event: 7.552 Thread 0x000001caee86f430 DEOPT PACKING pc=0x000001cac90ecc40 sp=0x0000006aaa1f3e70
Event: 7.552 Thread 0x000001caee86f430 DEOPT UNPACKING pc=0x000001cac89d5ba3 sp=0x0000006aaa1f3e08 mode 2
Event: 7.656 Thread 0x000001caee86f430 Uncommon trap: trap_request=0xffffff45 fr.pc=0x000001cac9006c50 relative=0x00000000000005b0
Event: 7.656 Thread 0x000001caee86f430 Uncommon trap: reason=unstable_if action=reinterpret pc=0x000001cac9006c50 method=java.util.Properties$LineReader.readLine()I @ 95 c2
Event: 7.656 Thread 0x000001caee86f430 DEOPT PACKING pc=0x000001cac9006c50 sp=0x0000006aaa1f6cc0
Event: 7.656 Thread 0x000001caee86f430 DEOPT UNPACKING pc=0x000001cac89d5ba3 sp=0x0000006aaa1f6c70 mode 2

Classes unloaded (0 events):
No events

Classes redefined (0 events):
No events

Internal exceptions (20 events):
Event: 6.285 Thread 0x000001caee86f430 Exception <a 'java/lang/NoSuchMethodError'{0x00000000ee946c90}: 'java.lang.Object java.lang.invoke.Invokers$Holder.linkToTargetMethod(java.lang.Object, java.lang.Object, int, java.lang.Object)'> (0x00000000ee946c90) 
thrown [s\open\src\hotspot\share\interpreter\linkResolver.cpp, line 759]
Event: 6.384 Thread 0x000001caee86f430 Exception <a 'java/lang/NoSuchMethodError'{0x00000000ee6ed480}: 'void java.lang.invoke.DirectMethodHandle$Holder.invokeStaticInit(java.lang.Object, java.lang.Object, java.lang.Object, java.lang.Object)'> (0x00000000ee6ed480) 
thrown [s\open\src\hotspot\share\interpreter\linkResolver.cpp, line 759]
Event: 6.519 Thread 0x000001caee86f430 Exception <a 'java/lang/NoSuchMethodError'{0x00000000edf24b68}: 'void java.lang.invoke.DirectMethodHandle$Holder.invokeStatic(java.lang.Object, java.lang.Object, java.lang.Object, java.lang.Object, java.lang.Object, java.lang.Object, java.lang.Object)'> (0x00000000edf24b68) 
thrown [s\open\src\hotspot\share\interpreter\linkResolver.cpp, line 759]
Event: 6.649 Thread 0x000001caee86f430 Exception <a 'java/lang/NoSuchMethodError'{0x00000000ed80d720}: 'java.lang.Object java.lang.invoke.DirectMethodHandle$Holder.newInvokeSpecial(java.lang.Object, java.lang.Object, int, int)'> (0x00000000ed80d720) 
thrown [s\open\src\hotspot\share\interpreter\linkResolver.cpp, line 759]
Event: 6.790 Thread 0x000001caee86f430 Exception <a 'java/lang/NoSuchMethodError'{0x00000000ed115410}: 'java.lang.Object java.lang.invoke.DirectMethodHandle$Holder.invokeSpecialIFC(java.lang.Object, java.lang.Object, java.lang.Object, java.lang.Object)'> (0x00000000ed115410) 
thrown [s\open\src\hotspot\share\interpreter\linkResolver.cpp, line 759]
Event: 6.798 Thread 0x000001caee86f430 Exception <a 'java/lang/NoSuchMethodError'{0x00000000ed166ba8}: 'java.lang.Object java.lang.invoke.DirectMethodHandle$Holder.newInvokeSpecial(java.lang.Object, java.lang.Object, java.lang.Object, java.lang.Object, java.lang.Object, java.lang.Object, java.lang.Object, java.lang.Object, java.lang.Object, java.lang.Object)'> (0x00000000ed166ba8) 
thrown [s\open\src\hotspot\share\interpreter\linkResolver.cpp, line 759]
Event: 6.798 Thread 0x000001caee86f430 Exception <a 'java/lang/NoSuchMethodError'{0x00000000ed16bd38}: 'java.lang.Object java.lang.invoke.Invokers$Holder.linkToTargetMethod(java.lang.Object, java.lang.Object, java.lang.Object, java.lang.Object, java.lang.Object, java.lang.Object, java.lang.Object, java.lang.Object, java.lang.Object, java.lang.Object)'> (0x00000000ed16bd38) 
thrown [s\open\src\hotspot\share\interpreter\linkResolver.cpp, line 759]
Event: 6.877 Thread 0x000001caee86f430 Implicit null exception at 0x000001cac8f68f0a to 0x000001cac8f69434
Event: 7.064 Thread 0x000001caee86f430 Exception <a 'java/lang/NoSuchMethodError'{0x00000000ec594a38}: 'java.lang.Object java.lang.invoke.DirectMethodHandle$Holder.invokeStaticInit(java.lang.Object, java.lang.Object, java.lang.Object)'> (0x00000000ec594a38) 
thrown [s\open\src\hotspot\share\interpreter\linkResolver.cpp, line 759]
Event: 7.103 Thread 0x000001caee86f430 Exception <a 'java/lang/NoSuchMethodError'{0x00000000ec4e1e08}: 'java.lang.Object java.lang.invoke.DirectMethodHandle$Holder.newInvokeSpecial(java.lang.Object, java.lang.Object, java.lang.Object, java.lang.Object, java.lang.Object, java.lang.Object, java.lang.Object, java.lang.Object, java.lang.Object, java.lang.Object, java.lang.Object)'> (0x00000000ec4e1e08) 
thrown [s\open\src\hotspot\share\interpreter\linkResolver.cpp, line 759]
Event: 7.104 Thread 0x000001caee86f430 Exception <a 'java/lang/NoSuchMethodError'{0x00000000ec4e7be8}: 'java.lang.Object java.lang.invoke.DirectMethodHandle$Holder.invokeSpecial(java.lang.Object, java.lang.Object, java.lang.Object, java.lang.Object, java.lang.Object, java.lang.Object, java.lang.Object, java.lang.Object, java.lang.Object, java.lang.Object, java.lang.Object, java.lang.Object)'> (0x00000000ec4e7be8) 
thrown [s\open\src\hotspot\share\interpreter\linkResolver.cpp, line 759]
Event: 7.104 Thread 0x000001caee86f430 Exception <a 'java/lang/NoSuchMethodError'{0x00000000ec4ed528}: 'java.lang.Object java.lang.invoke.Invokers$Holder.linkToTargetMethod(java.lang.Object, java.lang.Object, java.lang.Object, java.lang.Object, java.lang.Object, java.lang.Object, java.lang.Object, java.lang.Object, java.lang.Object, java.lang.Object, java.lang.Object)'> (0x00000000ec4ed528) 
thrown [s\open\src\hotspot\share\interpreter\linkResolver.cpp, line 759]
Event: 7.245 Thread 0x000001caee86f430 Exception <a 'java/lang/IncompatibleClassChangeError'{0x00000000ebc481e0}: Found class java.lang.Object, but interface was expected> (0x00000000ebc481e0) 
thrown [s\open\src\hotspot\share\interpreter\linkResolver.cpp, line 826]
Event: 7.286 Thread 0x000001caee86f430 Exception <a 'java/lang/NoSuchMethodError'{0x00000000ebbaac68}: 'java.lang.Object java.lang.invoke.DirectMethodHandle$Holder.invokeVirtual(java.lang.Object, java.lang.Object, int)'> (0x00000000ebbaac68) 
thrown [s\open\src\hotspot\share\interpreter\linkResolver.cpp, line 759]
Event: 7.293 Thread 0x000001caee86f430 Exception <a 'java/lang/NoSuchMethodError'{0x00000000ebbda7f0}: 'void java.lang.invoke.DirectMethodHandle$Holder.invokeStatic(java.lang.Object, java.lang.Object, java.lang.Object, int)'> (0x00000000ebbda7f0) 
thrown [s\open\src\hotspot\share\interpreter\linkResolver.cpp, line 759]
Event: 7.411 Thread 0x000001caee86f430 Exception <a 'java/lang/NoSuchMethodError'{0x00000000eb7ee6e0}: 'java.lang.Object java.lang.invoke.DirectMethodHandle$Holder.invokeSpecial(java.lang.Object, java.lang.Object, java.lang.Object, int, java.lang.Object, java.lang.Object)'> (0x00000000eb7ee6e0) 
thrown [s\open\src\hotspot\share\interpreter\linkResolver.cpp, line 759]
Event: 7.516 Thread 0x000001caee86f430 Implicit null exception at 0x000001cac908e5eb to 0x000001cac908ea84
Event: 7.547 Thread 0x000001caee86f430 Exception <a 'java/lang/NoSuchMethodError'{0x00000000eaf72f18}: 'void java.lang.invoke.DirectMethodHandle$Holder.invokeStaticInit(java.lang.Object, java.lang.Object, java.lang.Object)'> (0x00000000eaf72f18) 
thrown [s\open\src\hotspot\share\interpreter\linkResolver.cpp, line 759]
Event: 7.549 Thread 0x000001caee86f430 Exception <a 'java/lang/NoSuchMethodError'{0x00000000eaf985b8}: 'void java.lang.invoke.DirectMethodHandle$Holder.invokeStaticInit(java.lang.Object, java.lang.Object, java.lang.Object, java.lang.Object, java.lang.Object)'> (0x00000000eaf985b8) 
thrown [s\open\src\hotspot\share\interpreter\linkResolver.cpp, line 759]
Event: 7.560 Thread 0x000001caee86f430 Exception <a 'java/lang/NoSuchMethodError'{0x00000000eaff47f0}: 'int java.lang.invoke.DirectMethodHandle$Holder.invokeStaticInit(java.lang.Object, java.lang.Object, java.lang.Object, java.lang.Object)'> (0x00000000eaff47f0) 
thrown [s\open\src\hotspot\share\interpreter\linkResolver.cpp, line 759]

VM Operations (20 events):
Event: 6.482 Executing VM operation: HandshakeAllThreads
Event: 6.482 Executing VM operation: HandshakeAllThreads done
Event: 6.483 Executing VM operation: HandshakeAllThreads
Event: 6.483 Executing VM operation: HandshakeAllThreads done
Event: 6.881 Executing VM operation: HandshakeAllThreads
Event: 6.881 Executing VM operation: HandshakeAllThreads done
Event: 6.881 Executing VM operation: Cleanup
Event: 6.881 Executing VM operation: Cleanup done
Event: 7.037 Executing VM operation: HandshakeAllThreads
Event: 7.037 Executing VM operation: HandshakeAllThreads done
Event: 7.248 Executing VM operation: HandshakeAllThreads
Event: 7.248 Executing VM operation: HandshakeAllThreads done
Event: 7.369 Executing VM operation: HandshakeAllThreads
Event: 7.369 Executing VM operation: HandshakeAllThreads done
Event: 7.370 Executing VM operation: HandshakeAllThreads
Event: 7.370 Executing VM operation: HandshakeAllThreads done
Event: 7.509 Executing VM operation: HandshakeAllThreads
Event: 7.509 Executing VM operation: HandshakeAllThreads done
Event: 7.552 Executing VM operation: ICBufferFull
Event: 7.552 Executing VM operation: ICBufferFull done

Events (20 events):
Event: 7.771 loading class javax/swing/MenuSelectionManager
Event: 7.771 loading class javax/swing/MenuSelectionManager done
Event: 7.772 loading class javax/swing/event/TableModelListener
Event: 7.773 loading class javax/swing/event/TableModelListener done
Event: 7.778 loading class javax/swing/Icon
Event: 7.778 loading class javax/swing/Icon done
Event: 7.778 loading class javax/swing/AbstractButton$Handler
Event: 7.779 loading class javax/swing/event/ChangeListener
Event: 7.779 loading class javax/swing/event/ChangeListener done
Event: 7.779 loading class javax/swing/AbstractButton$Handler done
Event: 7.779 loading class java/awt/LayoutManager
Event: 7.779 loading class java/awt/LayoutManager done
Event: 7.780 loading class javax/swing/ButtonModel
Event: 7.781 loading class javax/swing/ButtonModel done
Event: 7.781 loading class javax/swing/plaf/ButtonUI
Event: 7.781 loading class javax/swing/plaf/ButtonUI done
Event: 7.781 loading class java/awt/event/ItemEvent
Event: 7.781 loading class java/awt/event/ItemEvent done
Event: 7.783 loading class javax/swing/event/TableModelEvent
Event: 7.783 loading class javax/swing/event/TableModelEvent done


Dynamic libraries:
0x00007ff758700000 - 0x00007ff758710000 	C:\Program Files\Java\jdk-17\bin\java.exe
0x00007ff8027b0000 - 0x00007ff8029c7000 	C:\WINDOWS\SYSTEM32\ntdll.dll
0x00007ff802300000 - 0x00007ff8023c4000 	C:\WINDOWS\System32\KERNEL32.DLL
0x00007ff8000f0000 - 0x00007ff8004aa000 	C:\WINDOWS\System32\KERNELBASE.dll
0x00007fffffd80000 - 0x00007fffffe91000 	C:\WINDOWS\System32\ucrtbase.dll
0x00007fffea590000 - 0x00007fffea5ab000 	C:\Program Files\Java\jdk-17\bin\VCRUNTIME140.dll
0x00007fffea5b0000 - 0x00007fffea5c9000 	C:\Program Files\Java\jdk-17\bin\jli.dll
0x00007ff801930000 - 0x00007ff8019e2000 	C:\WINDOWS\System32\ADVAPI32.dll
0x00007ff801ff0000 - 0x00007ff802097000 	C:\WINDOWS\System32\msvcrt.dll
0x00007ff800e40000 - 0x00007ff800ee7000 	C:\WINDOWS\System32\sechost.dll
0x00007ff8000c0000 - 0x00007ff8000e8000 	C:\WINDOWS\System32\bcrypt.dll
0x00007ff800520000 - 0x00007ff800634000 	C:\WINDOWS\System32\RPCRT4.dll
0x00007ff802150000 - 0x00007ff8022fe000 	C:\WINDOWS\System32\USER32.dll
0x00007fffffea0000 - 0x00007fffffec6000 	C:\WINDOWS\System32\win32u.dll
0x00007ff801dc0000 - 0x00007ff801de9000 	C:\WINDOWS\System32\GDI32.dll
0x00007fffffed0000 - 0x00007ffffffeb000 	C:\WINDOWS\System32\gdi32full.dll
0x00007ff800020000 - 0x00007ff8000ba000 	C:\WINDOWS\System32\msvcp_win.dll
0x00007fffdb300000 - 0x00007fffdb592000 	C:\WINDOWS\WinSxS\amd64_microsoft.windows.common-controls_6595b64144ccf1df_6.0.22621.4541_none_2710d1c57384c085\COMCTL32.dll
0x00007ffff2320000 - 0x00007ffff232a000 	C:\WINDOWS\SYSTEM32\VERSION.dll
0x00007ff802110000 - 0x00007ff802141000 	C:\WINDOWS\System32\IMM32.DLL
0x00007fffea580000 - 0x00007fffea58c000 	C:\Program Files\Java\jdk-17\bin\vcruntime140_1.dll
0x00007fffb0030000 - 0x00007fffb00be000 	C:\Program Files\Java\jdk-17\bin\msvcp140.dll
0x00007fff240a0000 - 0x00007fff24c80000 	C:\Program Files\Java\jdk-17\bin\server\jvm.dll
0x00007ff800510000 - 0x00007ff800518000 	C:\WINDOWS\System32\PSAPI.DLL
0x00007fffdfbf0000 - 0x00007fffdfbf9000 	C:\WINDOWS\SYSTEM32\WSOCK32.dll
0x00007ff801e00000 - 0x00007ff801e71000 	C:\WINDOWS\System32\WS2_32.dll
0x00007ffff5940000 - 0x00007ffff5974000 	C:\WINDOWS\SYSTEM32\WINMM.dll
0x00007ffffeab0000 - 0x00007ffffeac8000 	C:\WINDOWS\SYSTEM32\kernel.appcore.dll
0x00007fffe7d10000 - 0x00007fffe7d1a000 	C:\Program Files\Java\jdk-17\bin\jimage.dll
0x00007ffff9530000 - 0x00007ffff9762000 	C:\WINDOWS\SYSTEM32\DBGHELP.DLL
0x00007ff8023d0000 - 0x00007ff80275f000 	C:\WINDOWS\System32\combase.dll
0x00007ff800730000 - 0x00007ff800807000 	C:\WINDOWS\System32\OLEAUT32.dll
0x00007fffdc8c0000 - 0x00007fffdc8f2000 	C:\WINDOWS\SYSTEM32\dbgcore.DLL
0x00007fffffbc0000 - 0x00007fffffc3b000 	C:\WINDOWS\System32\bcryptPrimitives.dll
0x00007fffe7d00000 - 0x00007fffe7d0e000 	C:\Program Files\Java\jdk-17\bin\instrument.dll
0x00007fffe5b40000 - 0x00007fffe5b65000 	C:\Program Files\Java\jdk-17\bin\java.dll
0x00007fff9b710000 - 0x00007fff9b7e7000 	C:\Program Files\Java\jdk-17\bin\jsvml.dll
0x00007ff8010b0000 - 0x00007ff801928000 	C:\WINDOWS\System32\SHELL32.dll
0x00007ffffd9b0000 - 0x00007ffffe2b8000 	C:\WINDOWS\SYSTEM32\windows.storage.dll
0x00007ffffd870000 - 0x00007ffffd9af000 	C:\WINDOWS\SYSTEM32\wintypes.dll
0x00007ff801b50000 - 0x00007ff801c4a000 	C:\WINDOWS\System32\SHCORE.dll
0x00007ff8004b0000 - 0x00007ff80050e000 	C:\WINDOWS\System32\shlwapi.dll
0x00007fffff9a0000 - 0x00007fffff9cb000 	C:\WINDOWS\SYSTEM32\profapi.dll
0x00007fffd8610000 - 0x00007fffd8628000 	C:\Program Files\Java\jdk-17\bin\zip.dll
0x00007fffd7650000 - 0x00007fffd7669000 	C:\Program Files\Java\jdk-17\bin\net.dll
0x00007ffff5160000 - 0x00007ffff5296000 	C:\WINDOWS\SYSTEM32\WINHTTP.dll
0x00007ffffef30000 - 0x00007ffffef99000 	C:\WINDOWS\system32\mswsock.dll
0x00007fffd7630000 - 0x00007fffd7646000 	C:\Program Files\Java\jdk-17\bin\nio.dll
0x00007fffe7cf0000 - 0x00007fffe7d00000 	C:\Program Files\Java\jdk-17\bin\verify.dll
0x00007fffd7600000 - 0x00007fffd7627000 	C:\Users\Akshada\.gradle\native\c067742578af261105cb4f569cf0c3c89f3d7b1fecec35dd04571415982c5e48\windows-amd64\native-platform.dll
0x00007fff7d290000 - 0x00007fff7d3d4000 	C:\Users\Akshada\.gradle\native\100fb08df4bc3b14c8652ba06237920a3bd2aa13389f12d3474272988ae205f9\windows-amd64\native-platform-file-events.dll
0x00007fffe6c70000 - 0x00007fffe6c7a000 	C:\Program Files\Java\jdk-17\bin\management.dll
0x00007fffe6c40000 - 0x00007fffe6c4b000 	C:\Program Files\Java\jdk-17\bin\management_ext.dll
0x00007fffff190000 - 0x00007fffff1ab000 	C:\WINDOWS\SYSTEM32\CRYPTSP.dll
0x00007ffffea10000 - 0x00007ffffea45000 	C:\WINDOWS\system32\rsaenh.dll
0x00007fffff020000 - 0x00007fffff048000 	C:\WINDOWS\SYSTEM32\USERENV.dll
0x00007fffff180000 - 0x00007fffff18c000 	C:\WINDOWS\SYSTEM32\CRYPTBASE.dll
0x00007ffffe520000 - 0x00007ffffe54d000 	C:\WINDOWS\SYSTEM32\IPHLPAPI.DLL
0x00007ff8019f0000 - 0x00007ff8019f9000 	C:\WINDOWS\System32\NSI.dll
0x00007ffff50b0000 - 0x00007ffff50c9000 	C:\WINDOWS\SYSTEM32\dhcpcsvc6.DLL
0x00007ffff5090000 - 0x00007ffff50af000 	C:\WINDOWS\SYSTEM32\dhcpcsvc.DLL
0x00007ffffe590000 - 0x00007ffffe692000 	C:\WINDOWS\SYSTEM32\DNSAPI.dll
0x00007fffe5aa0000 - 0x00007fffe5aae000 	C:\Program Files\Java\jdk-17\bin\sunmscapi.dll
0x00007fffffa50000 - 0x00007fffffbb6000 	C:\WINDOWS\System32\CRYPT32.dll
0x00007fffff320000 - 0x00007fffff34d000 	C:\WINDOWS\SYSTEM32\ncrypt.dll
0x00007fffff2e0000 - 0x00007fffff317000 	C:\WINDOWS\SYSTEM32\NTASN1.dll
0x00007fffc2df0000 - 0x00007fffc2df8000 	C:\WINDOWS\system32\wshunix.dll

dbghelp: loaded successfully - version: 4.0.5 - missing functions: none
symbol engine: initialized successfully - sym options: 0x614 - pdb path: .;C:\Program Files\Java\jdk-17\bin;C:\WINDOWS\SYSTEM32;C:\WINDOWS\WinSxS\amd64_microsoft.windows.common-controls_6595b64144ccf1df_6.0.22621.4541_none_2710d1c57384c085;C:\Program Files\Java\jdk-17\bin\server;C:\Users\Akshada\.gradle\native\c067742578af261105cb4f569cf0c3c89f3d7b1fecec35dd04571415982c5e48\windows-amd64;C:\Users\Akshada\.gradle\native\100fb08df4bc3b14c8652ba06237920a3bd2aa13389f12d3474272988ae205f9\windows-amd64

VM Arguments:
jvm_args: --add-opens=java.base/java.util=ALL-UNNAMED --add-opens=java.base/java.lang=ALL-UNNAMED --add-opens=java.base/java.lang.invoke=ALL-UNNAMED --add-opens=java.prefs/java.util.prefs=ALL-UNNAMED --add-exports=jdk.compiler/com.sun.tools.javac.api=ALL-UNNAMED --add-exports=jdk.compiler/com.sun.tools.javac.util=ALL-UNNAMED --add-opens=java.base/java.nio.charset=ALL-UNNAMED --add-opens=java.base/java.net=ALL-UNNAMED --add-opens=java.base/java.util.concurrent.atomic=ALL-UNNAMED -XX:MaxMetaspaceSize=384m -XX:+HeapDumpOnOutOfMemoryError -Xms256m -Xmx512m -Dfile.encoding=UTF-8 -Duser.country -Duser.language=en -Duser.variant -javaagent:C:\Users\Akshada\.gradle\wrapper\dists\gradle-8.10-bin\deqhafrv1ntovfmgh0nh3npr9\gradle-8.10\lib\agents\gradle-instrumentation-agent-8.10.jar 
java_command: org.gradle.launcher.daemon.bootstrap.GradleDaemon 8.10
java_class_path (initial): C:\Users\Akshada\.gradle\wrapper\dists\gradle-8.10-bin\deqhafrv1ntovfmgh0nh3npr9\gradle-8.10\lib\gradle-daemon-main-8.10.jar
Launcher Type: SUN_STANDARD

[Global flags]
     intx CICompilerCount                          = 3                                         {product} {ergonomic}
   size_t CompressedClassSpaceSize                 = 335544320                                 {product} {ergonomic}
     uint ConcGCThreads                            = 1                                         {product} {ergonomic}
     uint G1ConcRefinementThreads                  = 4                                         {product} {ergonomic}
   size_t G1HeapRegionSize                         = 1048576                                   {product} {ergonomic}
    uintx GCDrainStackTargetSize                   = 64                                        {product} {ergonomic}
     bool HeapDumpOnOutOfMemoryError               = true                                   {manageable} {command line}
   size_t InitialHeapSize                          = 268435456                                 {product} {command line}
   size_t MarkStackSize                            = 4194304                                   {product} {ergonomic}
   size_t MaxHeapSize                              = 536870912                                 {product} {command line}
   size_t MaxMetaspaceSize                         = 402653184                                 {product} {command line}
   size_t MaxNewSize                               = 321912832                                 {product} {ergonomic}
   size_t MinHeapDeltaBytes                        = 1048576                                   {product} {ergonomic}
   size_t MinHeapSize                              = 268435456                                 {product} {command line}
    uintx NonNMethodCodeHeapSize                   = 5832780                                {pd product} {ergonomic}
    uintx NonProfiledCodeHeapSize                  = 122912730                              {pd product} {ergonomic}
    uintx ProfiledCodeHeapSize                     = 122912730                              {pd product} {ergonomic}
    uintx ReservedCodeCacheSize                    = 251658240                              {pd product} {ergonomic}
     bool SegmentedCodeCache                       = true                                      {product} {ergonomic}
   size_t SoftMaxHeapSize                          = 536870912                              {manageable} {ergonomic}
     bool UseCompressedClassPointers               = true                           {product lp64_product} {ergonomic}
     bool UseCompressedOops                        = true                           {product lp64_product} {ergonomic}
     bool UseG1GC                                  = true                                      {product} {ergonomic}
     bool UseLargePagesIndividualAllocation        = false                                  {pd product} {ergonomic}

Logging:
Log output configuration:
 #0: stdout all=warning uptime,level,tags
 #1: stderr all=off uptime,level,tags

Environment Variables:
JAVA_HOME=C:\Program Files\Java\jdk-17
PATH=C:\Program Files\Common Files\Oracle\Java\javapath;C:\Users\Akshada\Downloads\WINDOWS.X64_193000_db_home\bin;C:\Python310\Scripts\;C:\Python310\;C:\WINDOWS\system32;C:\WINDOWS;C:\WINDOWS\System32\Wbem;C:\WINDOWS\System32\WindowsPowerShell\v1.0\;C:\WINDOWS\System32\OpenSSH\;C:\ProgramData\chocolatey\bin;C:\Program Files\Microsoft SQL Server\110\Tools\Binn\;C:\Program Files\Microsoft SQL Server\150\Tools\Binn\;C:\Program Files\Git\cmd;C:\Program Files\nodejs\;C:\Program Files\Java\jdk-21\bin;C:\Program Files\Java\jdk-17\bin;C:\Users\Akshada\AppData\Local\Android\Sdk\emulator;C:\Users\Akshada\AppData\Local\Android\Sdk\platform-tools;C:\Users\Akshada\AppData\Local\Android\Sdk\tools;C:\Users\Akshada\AppData\Local\jdk-11.0.2\bin;C:\Users\Akshada\AppData\Local\Android\Sdk\tools;C:\Users\Akshada\AppData\Local\jdk-11.0.2\bin;C:\Users\Akshada\AppData\Local\Android\Sdk\tools;C:\Users\Akshada\AppData\Local\jdk-11.0.2\bin;C:\Users\Akshada\AppData\Local\Programs\Python\Python312\Scripts\;C:\Users\Akshada\AppData\Local\Programs\Python\Python312\;C:\Users\Akshada\AppData\Local\Programs\Python\Launcher\;C:\Users\Akshada\AppData\Local\Microsoft\WindowsApps;C:\MinGW\bin;C:\Users\Akshada\AppData\Local\Programs\Microsoft VS Code\bin;C:\Users\Akshada\AppData\Local\Microsoft\WinGet\Packages\Schniz.fnm_Microsoft.Winget.Source_8wekyb3d8bbwe;C:\Users\Akshada\AppData\Roaming\npm
USERNAME=Akshada
OS=Windows_NT
PROCESSOR_IDENTIFIER=Intel64 Family 6 Model 126 Stepping 5, GenuineIntel



---------------  S Y S T E M  ---------------

OS:
 Windows 11 , 64 bit Build 22621 (10.0.22621.4391)
OS uptime: 2 days 18:49 hours

CPU: total 4 (initial active 4) (2 cores per cpu, 2 threads per core) family 6 model 126 stepping 5 microcode 0xa6, cx8, cmov, fxsr, ht, mmx, 3dnowpref, sse, sse2, sse3, ssse3, sse4.1, sse4.2, popcnt, lzcnt, tsc, tscinvbit, avx, avx2, aes, erms, clmul, bmi1, bmi2, adx, avx512f, avx512dq, avx512cd, avx512bw, avx512vl, sha, fma, vzeroupper, avx512_vpopcntdq, avx512_vpclmulqdq, avx512_vaes, avx512_vnni, clflush, clflushopt, avx512_vbmi2, avx512_vbmi

Memory: 4k page, system-wide physical 3877M (253M free)
TotalPageFile size 15653M (AvailPageFile size 6M)
current process WorkingSet (physical memory assigned to process): 328M, peak: 329M
current process commit charge ("private bytes"): 428M, peak: 429M

vm_info: Java HotSpot(TM) 64-Bit Server VM (17.0.12+8-LTS-286) for windows-amd64 JRE (17.0.12+8-LTS-286), built on Jun  5 2024 06:46:59 by "mach5one" with MS VC++ 17.6 (VS2022)

END.
