#
# There is insufficient memory for the Java Runtime Environment to continue.
# Native memory allocation (malloc) failed to allocate 2248768 bytes for Chunk::new
# Possible reasons:
#   The system is out of physical RAM or swap space
#   The process is running with CompressedOops enabled, and the Java Heap may be blocking the growth of the native heap
# Possible solutions:
#   Reduce memory load on the system
#   Increase physical memory or swap space
#   Check if swap backing store is full
#   Decrease Java heap size (-Xmx/-Xms)
#   Decrease number of Java threads
#   Decrease Java thread stack sizes (-Xss)
#   Set larger code cache with -XX:ReservedCodeCacheSize=
#   JVM is running with Unscaled Compressed Oops mode in which the Java heap is
#     placed in the first 4GB address space. The Java Heap base address is the
#     maximum limit for the native heap growth. Please use -XX:HeapBaseMinAddress
#     to set the Java Heap base and to place the Java Heap above 4GB virtual address.
# This output file may be truncated or incomplete.
#
#  Out of Memory Error (arena.cpp:189), pid=8, tid=10664
#
# JRE version: Java(TM) SE Runtime Environment (17.0.12+8) (build 17.0.12+8-LTS-286)
# Java VM: Java HotSpot(TM) 64-Bit Server VM (17.0.12+8-LTS-286, mixed mode, sharing, tiered, compressed oops, compressed class ptrs, g1 gc, windows-amd64)
# No core dump will be written. Minidumps are not enabled by default on client versions of Windows
#

---------------  S U M M A R Y ------------

Command Line: --add-opens=java.base/java.util=ALL-UNNAMED --add-opens=java.base/java.lang=ALL-UNNAMED --add-opens=java.base/java.lang.invoke=ALL-UNNAMED --add-opens=java.prefs/java.util.prefs=ALL-UNNAMED --add-exports=jdk.compiler/com.sun.tools.javac.api=ALL-UNNAMED --add-exports=jdk.compiler/com.sun.tools.javac.util=ALL-UNNAMED --add-opens=java.base/java.nio.charset=ALL-UNNAMED --add-opens=java.base/java.net=ALL-UNNAMED --add-opens=java.base/java.util.concurrent.atomic=ALL-UNNAMED -XX:MaxMetaspaceSize=384m -XX:+HeapDumpOnOutOfMemoryError -Xms256m -Xmx512m -Dfile.encoding=UTF-8 -Duser.country -Duser.language=en -Duser.variant -javaagent:C:\Users\Akshada\.gradle\wrapper\dists\gradle-8.10-bin\deqhafrv1ntovfmgh0nh3npr9\gradle-8.10\lib\agents\gradle-instrumentation-agent-8.10.jar org.gradle.launcher.daemon.bootstrap.GradleDaemon 8.10

Host: Intel(R) Core(TM) i3-1005G1 CPU @ 1.20GHz, 4 cores, 3G,  Windows 11 , 64 bit Build 22621 (10.0.22621.4391)
Time: Thu Dec 19 15:49:16 2024 India Standard Time elapsed time: 23.822897 seconds (0d 0h 0m 23s)

---------------  T H R E A D  ---------------

Current thread (0x00000230474fb230):  JavaThread "C2 CompilerThread0" daemon [_thread_in_native, id=10664, stack(0x0000003d78a00000,0x0000003d78b00000)]


Current CompileTask:
C2:  23823 8358       4       org.gradle.internal.instantiation.generator.AbstractClassGenerator::inspectType (560 bytes)

Stack: [0x0000003d78a00000,0x0000003d78b00000]
Native frames: (J=compiled Java code, j=interpreted, Vv=VM code, C=native code)
V  [jvm.dll+0x67a04a]
V  [jvm.dll+0x7da4ed]
V  [jvm.dll+0x7dbe33]
V  [jvm.dll+0x7dc4a3]
V  [jvm.dll+0x24508f]
V  [jvm.dll+0xab773]
V  [jvm.dll+0xabd3c]
V  [jvm.dll+0x361bee]
V  [jvm.dll+0x1ba64a]
V  [jvm.dll+0x216997]
V  [jvm.dll+0x215c6f]
V  [jvm.dll+0x1a2960]
V  [jvm.dll+0x22610b]
V  [jvm.dll+0x2242ab]
V  [jvm.dll+0x79075c]
V  [jvm.dll+0x78abea]
V  [jvm.dll+0x678f35]
C  [ucrtbase.dll+0x29333]
C  [KERNEL32.DLL+0x1259d]
C  [ntdll.dll+0x5af38]


---------------  P R O C E S S  ---------------

Threads class SMR info:
_java_thread_list=0x0000023064475350, length=60, elements={
0x000002302d465810, 0x00000230474d5880, 0x00000230474d6be0, 0x00000230474ecf60,
0x00000230474edb20, 0x00000230474ee6e0, 0x00000230474f3e70, 0x00000230474fb230,
0x00000230474fc500, 0x0000023047500e20, 0x0000023047713f70, 0x00000230477ad4b0,
0x000002306266d6c0, 0x0000023061e04a60, 0x0000023062753da0, 0x000002306292f080,
0x0000023062931950, 0x0000023062933cc0, 0x00000230629332a0, 0x0000023062934bf0,
0x00000230629341d0, 0x00000230629346e0, 0x0000023062935100, 0x0000023062931e60,
0x00000230629337b0, 0x0000023062932d90, 0x0000023062932370, 0x0000023062932880,
0x0000023063507a40, 0x0000023063504cb0, 0x0000023063505be0, 0x0000023063506600,
0x0000023063504290, 0x0000023063506b10, 0x00000230635056d0, 0x00000230635047a0,
0x0000023063507020, 0x0000023064dc53d0, 0x0000023064dc3060, 0x0000023064dc3570,
0x0000023064dc44a0, 0x0000023064dc6810, 0x0000023064dc6300, 0x0000023064dc6d20,
0x0000023064dc95a0, 0x0000023064dc7740, 0x0000023064dc7c50, 0x0000023064dc3f90,
0x0000023064dc58e0, 0x0000023064dc8160, 0x0000023064dc8b80, 0x0000023064dc8670,
0x0000023064dc5df0, 0x0000023064dc9fc0, 0x0000023064dc9ab0, 0x0000023064dca4d0,
0x0000023065822b60, 0x0000023065823fa0, 0x00000230658249c0, 0x0000023064d498a0
}

Java Threads: ( => current thread )
  0x000002302d465810 JavaThread "main" [_thread_blocked, id=16552, stack(0x0000003d77d00000,0x0000003d77e00000)]
  0x00000230474d5880 JavaThread "Reference Handler" daemon [_thread_blocked, id=21136, stack(0x0000003d78400000,0x0000003d78500000)]
  0x00000230474d6be0 JavaThread "Finalizer" daemon [_thread_blocked, id=20324, stack(0x0000003d78500000,0x0000003d78600000)]
  0x00000230474ecf60 JavaThread "Signal Dispatcher" daemon [_thread_blocked, id=14172, stack(0x0000003d78600000,0x0000003d78700000)]
  0x00000230474edb20 JavaThread "Attach Listener" daemon [_thread_blocked, id=18276, stack(0x0000003d78700000,0x0000003d78800000)]
  0x00000230474ee6e0 JavaThread "Service Thread" daemon [_thread_blocked, id=18796, stack(0x0000003d78800000,0x0000003d78900000)]
  0x00000230474f3e70 JavaThread "Monitor Deflation Thread" daemon [_thread_blocked, id=10924, stack(0x0000003d78900000,0x0000003d78a00000)]
=>0x00000230474fb230 JavaThread "C2 CompilerThread0" daemon [_thread_in_native, id=10664, stack(0x0000003d78a00000,0x0000003d78b00000)]
  0x00000230474fc500 JavaThread "C1 CompilerThread0" daemon [_thread_blocked, id=10928, stack(0x0000003d78b00000,0x0000003d78c00000)]
  0x0000023047500e20 JavaThread "Sweeper thread" daemon [_thread_blocked, id=17448, stack(0x0000003d78c00000,0x0000003d78d00000)]
  0x0000023047713f70 JavaThread "Common-Cleaner" daemon [_thread_blocked, id=7084, stack(0x0000003d78d00000,0x0000003d78e00000)]
  0x00000230477ad4b0 JavaThread "Notification Thread" daemon [_thread_blocked, id=12596, stack(0x0000003d78e00000,0x0000003d78f00000)]
  0x000002306266d6c0 JavaThread "Daemon health stats" [_thread_blocked, id=20776, stack(0x0000003d79300000,0x0000003d79400000)]
  0x0000023061e04a60 JavaThread "Incoming local TCP Connector on port 59553" [_thread_in_native, id=20188, stack(0x0000003d79400000,0x0000003d79500000)]
  0x0000023062753da0 JavaThread "Daemon periodic checks" [_thread_blocked, id=9520, stack(0x0000003d79500000,0x0000003d79600000)]
  0x000002306292f080 JavaThread "Daemon" [_thread_blocked, id=12176, stack(0x0000003d79600000,0x0000003d79700000)]
  0x0000023062931950 JavaThread "Handler for socket connection from /127.0.0.1:59553 to /127.0.0.1:59554" [_thread_in_native, id=12496, stack(0x0000003d79700000,0x0000003d79800000)]
  0x0000023062933cc0 JavaThread "Cancel handler" [_thread_blocked, id=3144, stack(0x0000003d79800000,0x0000003d79900000)]
  0x00000230629332a0 JavaThread "Daemon worker" [_thread_in_Java, id=18564, stack(0x0000003d79900000,0x0000003d79a00000)]
  0x0000023062934bf0 JavaThread "Asynchronous log dispatcher for DefaultDaemonConnection: socket connection from /127.0.0.1:59553 to /127.0.0.1:59554" [_thread_blocked, id=10968, stack(0x0000003d79a00000,0x0000003d79b00000)]
  0x00000230629341d0 JavaThread "Stdin handler" [_thread_blocked, id=12508, stack(0x0000003d79b00000,0x0000003d79c00000)]
  0x00000230629346e0 JavaThread "Daemon client event forwarder" [_thread_blocked, id=21456, stack(0x0000003d79c00000,0x0000003d79d00000)]
  0x0000023062935100 JavaThread "Cache worker for journal cache (C:\Users\Akshada\.gradle\caches\journal-1)" [_thread_blocked, id=4652, stack(0x0000003d79d00000,0x0000003d79e00000)]
  0x0000023062931e60 JavaThread "File lock request listener" [_thread_in_native, id=18120, stack(0x0000003d79e00000,0x0000003d79f00000)]
  0x00000230629337b0 JavaThread "Cache worker for file hash cache (C:\Users\Akshada\.gradle\caches\8.10\fileHashes)" [_thread_blocked, id=15224, stack(0x0000003d79f00000,0x0000003d7a000000)]
  0x0000023062932d90 JavaThread "Cache worker for file hash cache (C:\HyperMinds_Projects\Implant_Website\Implant_BE\BE-Hyper\.gradle\8.10\fileHashes)" [_thread_blocked, id=14716, stack(0x0000003d7a000000,0x0000003d7a100000)]
  0x0000023062932370 JavaThread "Cache worker for Build Output Cleanup Cache (C:\HyperMinds_Projects\Implant_Website\Implant_BE\BE-Hyper\.gradle\buildOutputCleanup)" [_thread_blocked, id=18072, stack(0x0000003d7a100000,0x0000003d7a200000)]
  0x0000023062932880 JavaThread "File watcher server" daemon [_thread_in_native, id=10476, stack(0x0000003d7a300000,0x0000003d7a400000)]
  0x0000023063507a40 JavaThread "File watcher consumer" daemon [_thread_blocked, id=21264, stack(0x0000003d7a400000,0x0000003d7a500000)]
  0x0000023063504cb0 JavaThread "jar transforms" [_thread_blocked, id=13064, stack(0x0000003d7a500000,0x0000003d7a600000)]
  0x0000023063505be0 JavaThread "jar transforms Thread 2" [_thread_blocked, id=19060, stack(0x0000003d7a600000,0x0000003d7a700000)]
  0x0000023063506600 JavaThread "jar transforms Thread 3" [_thread_blocked, id=11168, stack(0x0000003d7a700000,0x0000003d7a800000)]
  0x0000023063504290 JavaThread "jar transforms Thread 4" [_thread_blocked, id=21212, stack(0x0000003d7a800000,0x0000003d7a900000)]
  0x0000023063506b10 JavaThread "Cache worker for checksums cache (C:\HyperMinds_Projects\Implant_Website\Implant_BE\BE-Hyper\.gradle\8.10\checksums)" [_thread_blocked, id=9644, stack(0x0000003d7a900000,0x0000003d7aa00000)]
  0x00000230635056d0 JavaThread "Cache worker for file content cache (C:\Users\Akshada\.gradle\caches\8.10\fileContent)" [_thread_blocked, id=2044, stack(0x0000003d7aa00000,0x0000003d7ab00000)]
  0x00000230635047a0 JavaThread "Cache worker for cache directory md-rule (C:\Users\Akshada\.gradle\caches\8.10\md-rule)" [_thread_blocked, id=17388, stack(0x0000003d7ab00000,0x0000003d7ac00000)]
  0x0000023063507020 JavaThread "Cache worker for cache directory md-supplier (C:\Users\Akshada\.gradle\caches\8.10\md-supplier)" [_thread_blocked, id=13136, stack(0x0000003d7ac00000,0x0000003d7ad00000)]
  0x0000023064dc53d0 JavaThread "Unconstrained build operations" [_thread_blocked, id=14652, stack(0x0000003d7af00000,0x0000003d7b000000)]
  0x0000023064dc3060 JavaThread "Unconstrained build operations Thread 2" [_thread_blocked, id=6264, stack(0x0000003d7b000000,0x0000003d7b100000)]
  0x0000023064dc3570 JavaThread "Unconstrained build operations Thread 3" [_thread_blocked, id=14284, stack(0x0000003d7b100000,0x0000003d7b200000)]
  0x0000023064dc44a0 JavaThread "Unconstrained build operations Thread 4" [_thread_blocked, id=2804, stack(0x0000003d7b200000,0x0000003d7b300000)]
  0x0000023064dc6810 JavaThread "Unconstrained build operations Thread 5" [_thread_blocked, id=13516, stack(0x0000003d7b300000,0x0000003d7b400000)]
  0x0000023064dc6300 JavaThread "Unconstrained build operations Thread 6" [_thread_blocked, id=12240, stack(0x0000003d7b400000,0x0000003d7b500000)]
  0x0000023064dc6d20 JavaThread "Unconstrained build operations Thread 7" [_thread_blocked, id=14568, stack(0x0000003d7b500000,0x0000003d7b600000)]
  0x0000023064dc95a0 JavaThread "Unconstrained build operations Thread 8" [_thread_blocked, id=13760, stack(0x0000003d7b600000,0x0000003d7b700000)]
  0x0000023064dc7740 JavaThread "Unconstrained build operations Thread 9" [_thread_blocked, id=9868, stack(0x0000003d7b700000,0x0000003d7b800000)]
  0x0000023064dc7c50 JavaThread "Unconstrained build operations Thread 10" [_thread_blocked, id=20476, stack(0x0000003d7b800000,0x0000003d7b900000)]
  0x0000023064dc3f90 JavaThread "Unconstrained build operations Thread 11" [_thread_blocked, id=7304, stack(0x0000003d7b900000,0x0000003d7ba00000)]
  0x0000023064dc58e0 JavaThread "Unconstrained build operations Thread 12" [_thread_blocked, id=8588, stack(0x0000003d7ba00000,0x0000003d7bb00000)]
  0x0000023064dc8160 JavaThread "Unconstrained build operations Thread 13" [_thread_blocked, id=18640, stack(0x0000003d7bb00000,0x0000003d7bc00000)]
  0x0000023064dc8b80 JavaThread "Unconstrained build operations Thread 14" [_thread_blocked, id=12244, stack(0x0000003d7bc00000,0x0000003d7bd00000)]
  0x0000023064dc8670 JavaThread "Unconstrained build operations Thread 15" [_thread_blocked, id=7604, stack(0x0000003d7bd00000,0x0000003d7be00000)]
  0x0000023064dc5df0 JavaThread "build event listener" [_thread_blocked, id=20508, stack(0x0000003d7a200000,0x0000003d7a300000)]
  0x0000023064dc9fc0 JavaThread "Memory manager" [_thread_blocked, id=16964, stack(0x0000003d7bf00000,0x0000003d7c000000)]
  0x0000023064dc9ab0 JavaThread "included builds" [_thread_blocked, id=6316, stack(0x0000003d7be00000,0x0000003d7bf00000)]
  0x0000023064dca4d0 JavaThread "Execution worker" [_thread_blocked, id=6108, stack(0x0000003d7c000000,0x0000003d7c100000)]
  0x0000023065822b60 JavaThread "Execution worker Thread 2" [_thread_blocked, id=7956, stack(0x0000003d7c100000,0x0000003d7c200000)]
  0x0000023065823fa0 JavaThread "Execution worker Thread 3" [_thread_blocked, id=9732, stack(0x0000003d7c200000,0x0000003d7c300000)]
  0x00000230658249c0 JavaThread "Cache worker for execution history cache (C:\HyperMinds_Projects\Implant_Website\Implant_BE\BE-Hyper\.gradle\8.10\executionHistory)" [_thread_blocked, id=21440, stack(0x0000003d7c300000,0x0000003d7c400000)]
  0x0000023064d498a0 JavaThread "C2 CompilerThread1" daemon [_thread_in_native, id=5608, stack(0x0000003d7c400000,0x0000003d7c500000)]

Other Threads:
  0x00000230474d0630 VMThread "VM Thread" [stack: 0x0000003d78300000,0x0000003d78400000] [id=8512]
  0x000002302d466690 WatcherThread [stack: 0x0000003d78f00000,0x0000003d79000000] [id=4960]
  0x000002302d493ba0 GCTaskThread "GC Thread#0" [stack: 0x0000003d77e00000,0x0000003d77f00000] [id=11160]
  0x0000023047a5ec00 GCTaskThread "GC Thread#1" [stack: 0x0000003d79000000,0x0000003d79100000] [id=16464]
  0x0000023047919430 GCTaskThread "GC Thread#2" [stack: 0x0000003d79100000,0x0000003d79200000] [id=3988]
  0x00000230479196f0 GCTaskThread "GC Thread#3" [stack: 0x0000003d79200000,0x0000003d79300000] [id=16092]
  0x000002302d498af0 ConcurrentGCThread "G1 Main Marker" [stack: 0x0000003d77f00000,0x0000003d78000000] [id=21220]
  0x000002302d499500 ConcurrentGCThread "G1 Conc#0" [stack: 0x0000003d78000000,0x0000003d78100000] [id=19304]
  0x000002302d52d0e0 ConcurrentGCThread "G1 Refine#0" [stack: 0x0000003d78100000,0x0000003d78200000] [id=20548]
  0x0000023047826920 ConcurrentGCThread "G1 Refine#1" [stack: 0x0000003d7ad00000,0x0000003d7ae00000] [id=4380]
  0x0000023062e16e80 ConcurrentGCThread "G1 Refine#2" [stack: 0x0000003d7ae00000,0x0000003d7af00000] [id=6076]
  0x000002302d52eb20 ConcurrentGCThread "G1 Service" [stack: 0x0000003d78200000,0x0000003d78300000] [id=18900]

Threads with active compile tasks:
C2 CompilerThread0    23899 8358       4       org.gradle.internal.instantiation.generator.AbstractClassGenerator::inspectType (560 bytes)
C2 CompilerThread1    23899 8465       4       org.objectweb.asm.Type::getType (122 bytes)

VM state: not at safepoint (normal execution)

VM Mutex/Monitor currently owned by a thread: None

Heap address: 0x00000000e0000000, size: 512 MB, Compressed Oops mode: 32-bit

CDS archive(s) mapped at: [0x0000023048000000-0x0000023048bd0000-0x0000023048bd0000), size 12386304, SharedBaseAddress: 0x0000023048000000, ArchiveRelocationMode: 1.
Compressed class space mapped at: 0x0000023049000000-0x000002305d000000, reserved size: 335544320
Narrow klass base: 0x0000023048000000, Narrow klass shift: 0, Narrow klass range: 0x100000000

GC Precious Log:
 CPUs: 4 total, 4 available
 Memory: 3877M
 Large Page Support: Disabled
 NUMA Support: Disabled
 Compressed Oops: Enabled (32-bit)
 Heap Region Size: 1M
 Heap Min Capacity: 256M
 Heap Initial Capacity: 256M
 Heap Max Capacity: 512M
 Pre-touch: Disabled
 Parallel Workers: 4
 Concurrent Workers: 1
 Concurrent Refinement Workers: 4
 Periodic GC: Disabled

Heap:
 garbage-first heap   total 262144K, used 140544K [0x00000000e0000000, 0x0000000100000000)
  region size 1024K, 36 young (36864K), 11 survivors (11264K)
 Metaspace       used 70561K, committed 71360K, reserved 393216K
  class space    used 10077K, committed 10496K, reserved 327680K

Heap Regions: E=young(eden), S=young(survivor), O=old, HS=humongous(starts), HC=humongous(continues), CS=collection set, F=free, OA=open archive, CA=closed archive, TAMS=top-at-mark-start (previous, next)
|   0|0x00000000e0000000, 0x00000000e0100000, 0x00000000e0100000|100%|HS|  |TAMS 0x00000000e0100000, 0x00000000e0000000| Complete 
|   1|0x00000000e0100000, 0x00000000e0200000, 0x00000000e0200000|100%|HC|  |TAMS 0x00000000e0200000, 0x00000000e0100000| Complete 
|   2|0x00000000e0200000, 0x00000000e0300000, 0x00000000e0300000|100%|HC|  |TAMS 0x00000000e0300000, 0x00000000e0200000| Complete 
|   3|0x00000000e0300000, 0x00000000e0400000, 0x00000000e0400000|100%|HC|  |TAMS 0x00000000e0400000, 0x00000000e0300000| Complete 
|   4|0x00000000e0400000, 0x00000000e0500000, 0x00000000e0500000|100%| O|  |TAMS 0x00000000e0500000, 0x00000000e0400000| Untracked 
|   5|0x00000000e0500000, 0x00000000e0600000, 0x00000000e0600000|100%| O|  |TAMS 0x00000000e0600000, 0x00000000e0500000| Untracked 
|   6|0x00000000e0600000, 0x00000000e0700000, 0x00000000e0700000|100%| O|  |TAMS 0x00000000e0700000, 0x00000000e0600000| Untracked 
|   7|0x00000000e0700000, 0x00000000e0800000, 0x00000000e0800000|100%| O|  |TAMS 0x00000000e0800000, 0x00000000e0700000| Untracked 
|   8|0x00000000e0800000, 0x00000000e0900000, 0x00000000e0900000|100%|HS|  |TAMS 0x00000000e0900000, 0x00000000e0800000| Complete 
|   9|0x00000000e0900000, 0x00000000e0a00000, 0x00000000e0a00000|100%| O|  |TAMS 0x00000000e0a00000, 0x00000000e0900000| Untracked 
|  10|0x00000000e0a00000, 0x00000000e0b00000, 0x00000000e0b00000|100%| O|  |TAMS 0x00000000e0b00000, 0x00000000e0a00000| Untracked 
|  11|0x00000000e0b00000, 0x00000000e0c00000, 0x00000000e0c00000|100%| O|  |TAMS 0x00000000e0c00000, 0x00000000e0b00000| Untracked 
|  12|0x00000000e0c00000, 0x00000000e0d00000, 0x00000000e0d00000|100%| O|  |TAMS 0x00000000e0d00000, 0x00000000e0c00000| Untracked 
|  13|0x00000000e0d00000, 0x00000000e0e00000, 0x00000000e0e00000|100%| O|  |TAMS 0x00000000e0e00000, 0x00000000e0d00000| Untracked 
|  14|0x00000000e0e00000, 0x00000000e0f00000, 0x00000000e0f00000|100%| O|  |TAMS 0x00000000e0f00000, 0x00000000e0e00000| Untracked 
|  15|0x00000000e0f00000, 0x00000000e1000000, 0x00000000e1000000|100%| O|  |TAMS 0x00000000e1000000, 0x00000000e0f00000| Untracked 
|  16|0x00000000e1000000, 0x00000000e1100000, 0x00000000e1100000|100%| O|  |TAMS 0x00000000e1000000, 0x00000000e1000000| Untracked 
|  17|0x00000000e1100000, 0x00000000e1200000, 0x00000000e1200000|100%| O|  |TAMS 0x00000000e1200000, 0x00000000e1100000| Untracked 
|  18|0x00000000e1200000, 0x00000000e1300000, 0x00000000e1300000|100%| O|  |TAMS 0x00000000e1300000, 0x00000000e1200000| Untracked 
|  19|0x00000000e1300000, 0x00000000e1400000, 0x00000000e1400000|100%| O|  |TAMS 0x00000000e1400000, 0x00000000e1300000| Untracked 
|  20|0x00000000e1400000, 0x00000000e1500000, 0x00000000e1500000|100%| O|  |TAMS 0x00000000e1500000, 0x00000000e1400000| Untracked 
|  21|0x00000000e1500000, 0x00000000e1600000, 0x00000000e1600000|100%| O|  |TAMS 0x00000000e1600000, 0x00000000e1500000| Untracked 
|  22|0x00000000e1600000, 0x00000000e1700000, 0x00000000e1700000|100%| O|  |TAMS 0x00000000e1700000, 0x00000000e1600000| Untracked 
|  23|0x00000000e1700000, 0x00000000e1800000, 0x00000000e1800000|100%|HS|  |TAMS 0x00000000e1800000, 0x00000000e1700000| Complete 
|  24|0x00000000e1800000, 0x00000000e1900000, 0x00000000e1900000|100%|HC|  |TAMS 0x00000000e1900000, 0x00000000e1800000| Complete 
|  25|0x00000000e1900000, 0x00000000e1a00000, 0x00000000e1a00000|100%|HC|  |TAMS 0x00000000e1a00000, 0x00000000e1900000| Complete 
|  26|0x00000000e1a00000, 0x00000000e1b00000, 0x00000000e1b00000|100%|HC|  |TAMS 0x00000000e1b00000, 0x00000000e1a00000| Complete 
|  27|0x00000000e1b00000, 0x00000000e1c00000, 0x00000000e1c00000|100%|HC|  |TAMS 0x00000000e1c00000, 0x00000000e1b00000| Complete 
|  28|0x00000000e1c00000, 0x00000000e1d00000, 0x00000000e1d00000|100%|HS|  |TAMS 0x00000000e1d00000, 0x00000000e1c00000| Complete 
|  29|0x00000000e1d00000, 0x00000000e1e00000, 0x00000000e1e00000|100%|HC|  |TAMS 0x00000000e1e00000, 0x00000000e1d00000| Complete 
|  30|0x00000000e1e00000, 0x00000000e1f00000, 0x00000000e1f00000|100%|HC|  |TAMS 0x00000000e1f00000, 0x00000000e1e00000| Complete 
|  31|0x00000000e1f00000, 0x00000000e2000000, 0x00000000e2000000|100%|HS|  |TAMS 0x00000000e2000000, 0x00000000e1f00000| Complete 
|  32|0x00000000e2000000, 0x00000000e2100000, 0x00000000e2100000|100%|HC|  |TAMS 0x00000000e2100000, 0x00000000e2000000| Complete 
|  33|0x00000000e2100000, 0x00000000e2200000, 0x00000000e2200000|100%| O|  |TAMS 0x00000000e2200000, 0x00000000e2100000| Untracked 
|  34|0x00000000e2200000, 0x00000000e2300000, 0x00000000e2300000|100%| O|  |TAMS 0x00000000e2300000, 0x00000000e2200000| Untracked 
|  35|0x00000000e2300000, 0x00000000e2400000, 0x00000000e2400000|100%| O|  |TAMS 0x00000000e2400000, 0x00000000e2300000| Untracked 
|  36|0x00000000e2400000, 0x00000000e2500000, 0x00000000e2500000|100%| O|  |TAMS 0x00000000e2500000, 0x00000000e2400000| Untracked 
|  37|0x00000000e2500000, 0x00000000e2600000, 0x00000000e2600000|100%| O|  |TAMS 0x00000000e2600000, 0x00000000e2500000| Untracked 
|  38|0x00000000e2600000, 0x00000000e2700000, 0x00000000e2700000|100%|HS|  |TAMS 0x00000000e2700000, 0x00000000e2600000| Complete 
|  39|0x00000000e2700000, 0x00000000e2800000, 0x00000000e2800000|100%|HC|  |TAMS 0x00000000e2800000, 0x00000000e2700000| Complete 
|  40|0x00000000e2800000, 0x00000000e2900000, 0x00000000e2900000|100%|HS|  |TAMS 0x00000000e2900000, 0x00000000e2800000| Complete 
|  41|0x00000000e2900000, 0x00000000e2a00000, 0x00000000e2a00000|100%|HC|  |TAMS 0x00000000e2a00000, 0x00000000e2900000| Complete 
|  42|0x00000000e2a00000, 0x00000000e2b00000, 0x00000000e2b00000|100%|HC|  |TAMS 0x00000000e2b00000, 0x00000000e2a00000| Complete 
|  43|0x00000000e2b00000, 0x00000000e2c00000, 0x00000000e2c00000|100%|HC|  |TAMS 0x00000000e2c00000, 0x00000000e2b00000| Complete 
|  44|0x00000000e2c00000, 0x00000000e2d00000, 0x00000000e2d00000|100%|HC|  |TAMS 0x00000000e2d00000, 0x00000000e2c00000| Complete 
|  45|0x00000000e2d00000, 0x00000000e2e00000, 0x00000000e2e00000|100%|HS|  |TAMS 0x00000000e2e00000, 0x00000000e2d00000| Complete 
|  46|0x00000000e2e00000, 0x00000000e2f00000, 0x00000000e2f00000|100%|HC|  |TAMS 0x00000000e2f00000, 0x00000000e2e00000| Complete 
|  47|0x00000000e2f00000, 0x00000000e3000000, 0x00000000e3000000|100%|HC|  |TAMS 0x00000000e3000000, 0x00000000e2f00000| Complete 
|  48|0x00000000e3000000, 0x00000000e3100000, 0x00000000e3100000|100%|HC|  |TAMS 0x00000000e3100000, 0x00000000e3000000| Complete 
|  49|0x00000000e3100000, 0x00000000e3200000, 0x00000000e3200000|100%|HC|  |TAMS 0x00000000e3200000, 0x00000000e3100000| Complete 
|  50|0x00000000e3200000, 0x00000000e3300000, 0x00000000e3300000|100%| O|  |TAMS 0x00000000e3300000, 0x00000000e3200000| Untracked 
|  51|0x00000000e3300000, 0x00000000e3400000, 0x00000000e3400000|100%| O|  |TAMS 0x00000000e3400000, 0x00000000e3300000| Untracked 
|  52|0x00000000e3400000, 0x00000000e3500000, 0x00000000e3500000|100%| O|  |TAMS 0x00000000e3500000, 0x00000000e3400000| Untracked 
|  53|0x00000000e3500000, 0x00000000e3600000, 0x00000000e3600000|100%| O|  |TAMS 0x00000000e3600000, 0x00000000e3500000| Untracked 
|  54|0x00000000e3600000, 0x00000000e3700000, 0x00000000e3700000|100%| O|  |TAMS 0x00000000e3700000, 0x00000000e3600000| Untracked 
|  55|0x00000000e3700000, 0x00000000e3800000, 0x00000000e3800000|100%| O|  |TAMS 0x00000000e3800000, 0x00000000e3700000| Untracked 
|  56|0x00000000e3800000, 0x00000000e3900000, 0x00000000e3900000|100%| O|  |TAMS 0x00000000e3900000, 0x00000000e3800000| Untracked 
|  57|0x00000000e3900000, 0x00000000e3a00000, 0x00000000e3a00000|100%| O|  |TAMS 0x00000000e3a00000, 0x00000000e3900000| Untracked 
|  58|0x00000000e3a00000, 0x00000000e3b00000, 0x00000000e3b00000|100%| O|  |TAMS 0x00000000e3b00000, 0x00000000e3a00000| Untracked 
|  59|0x00000000e3b00000, 0x00000000e3c00000, 0x00000000e3c00000|100%| O|  |TAMS 0x00000000e3c00000, 0x00000000e3b00000| Untracked 
|  60|0x00000000e3c00000, 0x00000000e3d00000, 0x00000000e3d00000|100%| O|  |TAMS 0x00000000e3d00000, 0x00000000e3c00000| Untracked 
|  61|0x00000000e3d00000, 0x00000000e3e00000, 0x00000000e3e00000|100%| O|  |TAMS 0x00000000e3e00000, 0x00000000e3d00000| Untracked 
|  62|0x00000000e3e00000, 0x00000000e3f00000, 0x00000000e3f00000|100%| O|  |TAMS 0x00000000e3f00000, 0x00000000e3e00000| Untracked 
|  63|0x00000000e3f00000, 0x00000000e4000000, 0x00000000e4000000|100%| O|  |TAMS 0x00000000e4000000, 0x00000000e3f00000| Untracked 
|  64|0x00000000e4000000, 0x00000000e4100000, 0x00000000e4100000|100%| O|  |TAMS 0x00000000e4100000, 0x00000000e4000000| Untracked 
|  65|0x00000000e4100000, 0x00000000e4200000, 0x00000000e4200000|100%| O|  |TAMS 0x00000000e4200000, 0x00000000e4100000| Untracked 
|  66|0x00000000e4200000, 0x00000000e4300000, 0x00000000e4300000|100%| O|  |TAMS 0x00000000e420ee00, 0x00000000e4200000| Untracked 
|  67|0x00000000e4300000, 0x00000000e4400000, 0x00000000e4400000|100%|HS|  |TAMS 0x00000000e4400000, 0x00000000e4300000| Complete 
|  68|0x00000000e4400000, 0x00000000e4500000, 0x00000000e4500000|100%|HC|  |TAMS 0x00000000e4500000, 0x00000000e4400000| Complete 
|  69|0x00000000e4500000, 0x00000000e4600000, 0x00000000e4600000|100%|HS|  |TAMS 0x00000000e4600000, 0x00000000e4500000| Complete 
|  70|0x00000000e4600000, 0x00000000e4700000, 0x00000000e4700000|100%|HC|  |TAMS 0x00000000e4700000, 0x00000000e4600000| Complete 
|  71|0x00000000e4700000, 0x00000000e4800000, 0x00000000e4800000|100%|HS|  |TAMS 0x00000000e4800000, 0x00000000e4700000| Complete 
|  72|0x00000000e4800000, 0x00000000e4900000, 0x00000000e4900000|100%|HC|  |TAMS 0x00000000e4900000, 0x00000000e4800000| Complete 
|  73|0x00000000e4900000, 0x00000000e4a00000, 0x00000000e4a00000|100%|HC|  |TAMS 0x00000000e4a00000, 0x00000000e4900000| Complete 
|  74|0x00000000e4a00000, 0x00000000e4b00000, 0x00000000e4b00000|100%|HC|  |TAMS 0x00000000e4b00000, 0x00000000e4a00000| Complete 
|  75|0x00000000e4b00000, 0x00000000e4c00000, 0x00000000e4c00000|100%|HS|  |TAMS 0x00000000e4c00000, 0x00000000e4b00000| Complete 
|  76|0x00000000e4c00000, 0x00000000e4d00000, 0x00000000e4d00000|100%|HC|  |TAMS 0x00000000e4d00000, 0x00000000e4c00000| Complete 
|  77|0x00000000e4d00000, 0x00000000e4e00000, 0x00000000e4e00000|100%|HC|  |TAMS 0x00000000e4e00000, 0x00000000e4d00000| Complete 
|  78|0x00000000e4e00000, 0x00000000e4f00000, 0x00000000e4f00000|100%|HC|  |TAMS 0x00000000e4f00000, 0x00000000e4e00000| Complete 
|  79|0x00000000e4f00000, 0x00000000e5000000, 0x00000000e5000000|100%| O|  |TAMS 0x00000000e4f00000, 0x00000000e4f00000| Untracked 
|  80|0x00000000e5000000, 0x00000000e5100000, 0x00000000e5100000|100%| O|  |TAMS 0x00000000e5000000, 0x00000000e5000000| Untracked 
|  81|0x00000000e5100000, 0x00000000e5200000, 0x00000000e5200000|100%| O|  |TAMS 0x00000000e5100000, 0x00000000e5100000| Untracked 
|  82|0x00000000e5200000, 0x00000000e5300000, 0x00000000e5300000|100%| O|  |TAMS 0x00000000e5200000, 0x00000000e5200000| Untracked 
|  83|0x00000000e5300000, 0x00000000e5400000, 0x00000000e5400000|100%| O|  |TAMS 0x00000000e5300000, 0x00000000e5300000| Untracked 
|  84|0x00000000e5400000, 0x00000000e5500000, 0x00000000e5500000|100%| O|  |TAMS 0x00000000e5400000, 0x00000000e5400000| Untracked 
|  85|0x00000000e5500000, 0x00000000e5600000, 0x00000000e5600000|100%| O|  |TAMS 0x00000000e5500000, 0x00000000e5500000| Untracked 
|  86|0x00000000e5600000, 0x00000000e5700000, 0x00000000e5700000|100%| O|  |TAMS 0x00000000e5600000, 0x00000000e5600000| Untracked 
|  87|0x00000000e5700000, 0x00000000e5800000, 0x00000000e5800000|100%| O|  |TAMS 0x00000000e5700000, 0x00000000e5700000| Untracked 
|  88|0x00000000e5800000, 0x00000000e5873000, 0x00000000e5900000| 44%| O|  |TAMS 0x00000000e5800000, 0x00000000e5800000| Untracked 
|  89|0x00000000e5900000, 0x00000000e5a00000, 0x00000000e5a00000|100%|HS|  |TAMS 0x00000000e5900000, 0x00000000e5900000| Complete 
|  90|0x00000000e5a00000, 0x00000000e5b00000, 0x00000000e5b00000|100%|HC|  |TAMS 0x00000000e5a00000, 0x00000000e5a00000| Complete 
|  91|0x00000000e5b00000, 0x00000000e5c00000, 0x00000000e5c00000|100%|HS|  |TAMS 0x00000000e5b00000, 0x00000000e5b00000| Complete 
|  92|0x00000000e5c00000, 0x00000000e5d00000, 0x00000000e5d00000|100%|HS|  |TAMS 0x00000000e5c00000, 0x00000000e5c00000| Complete 
|  93|0x00000000e5d00000, 0x00000000e5e00000, 0x00000000e5e00000|100%|HC|  |TAMS 0x00000000e5d00000, 0x00000000e5d00000| Complete 
|  94|0x00000000e5e00000, 0x00000000e5f00000, 0x00000000e5f00000|100%|HC|  |TAMS 0x00000000e5e00000, 0x00000000e5e00000| Complete 
|  95|0x00000000e5f00000, 0x00000000e6000000, 0x00000000e6000000|100%|HC|  |TAMS 0x00000000e5f00000, 0x00000000e5f00000| Complete 
|  96|0x00000000e6000000, 0x00000000e6100000, 0x00000000e6100000|100%|HC|  |TAMS 0x00000000e6000000, 0x00000000e6000000| Complete 
|  97|0x00000000e6100000, 0x00000000e6200000, 0x00000000e6200000|100%|HS|  |TAMS 0x00000000e6100000, 0x00000000e6100000| Complete 
|  98|0x00000000e6200000, 0x00000000e6300000, 0x00000000e6300000|100%|HC|  |TAMS 0x00000000e6200000, 0x00000000e6200000| Complete 
|  99|0x00000000e6300000, 0x00000000e6400000, 0x00000000e6400000|100%|HC|  |TAMS 0x00000000e6300000, 0x00000000e6300000| Complete 
| 100|0x00000000e6400000, 0x00000000e6500000, 0x00000000e6500000|100%|HS|  |TAMS 0x00000000e6400000, 0x00000000e6400000| Complete 
| 101|0x00000000e6500000, 0x00000000e6600000, 0x00000000e6600000|100%|HC|  |TAMS 0x00000000e6500000, 0x00000000e6500000| Complete 
| 102|0x00000000e6600000, 0x00000000e6700000, 0x00000000e6700000|100%|HS|  |TAMS 0x00000000e6600000, 0x00000000e6600000| Complete 
| 103|0x00000000e6700000, 0x00000000e6700000, 0x00000000e6800000|  0%| F|  |TAMS 0x00000000e6700000, 0x00000000e6700000| Untracked 
| 104|0x00000000e6800000, 0x00000000e6800000, 0x00000000e6900000|  0%| F|  |TAMS 0x00000000e6800000, 0x00000000e6800000| Untracked 
| 105|0x00000000e6900000, 0x00000000e6900000, 0x00000000e6a00000|  0%| F|  |TAMS 0x00000000e6900000, 0x00000000e6900000| Untracked 
| 106|0x00000000e6a00000, 0x00000000e6a00000, 0x00000000e6b00000|  0%| F|  |TAMS 0x00000000e6a00000, 0x00000000e6a00000| Untracked 
| 107|0x00000000e6b00000, 0x00000000e6b00000, 0x00000000e6c00000|  0%| F|  |TAMS 0x00000000e6b00000, 0x00000000e6b00000| Untracked 
| 108|0x00000000e6c00000, 0x00000000e6c00000, 0x00000000e6d00000|  0%| F|  |TAMS 0x00000000e6c00000, 0x00000000e6c00000| Untracked 
| 109|0x00000000e6d00000, 0x00000000e6d00000, 0x00000000e6e00000|  0%| F|  |TAMS 0x00000000e6d00000, 0x00000000e6d00000| Untracked 
| 110|0x00000000e6e00000, 0x00000000e6e00000, 0x00000000e6f00000|  0%| F|  |TAMS 0x00000000e6e00000, 0x00000000e6e00000| Untracked 
| 111|0x00000000e6f00000, 0x00000000e6f00000, 0x00000000e7000000|  0%| F|  |TAMS 0x00000000e6f00000, 0x00000000e6f00000| Untracked 
| 112|0x00000000e7000000, 0x00000000e7000000, 0x00000000e7100000|  0%| F|  |TAMS 0x00000000e7000000, 0x00000000e7000000| Untracked 
| 113|0x00000000e7100000, 0x00000000e7100000, 0x00000000e7200000|  0%| F|  |TAMS 0x00000000e7100000, 0x00000000e7100000| Untracked 
| 114|0x00000000e7200000, 0x00000000e7200000, 0x00000000e7300000|  0%| F|  |TAMS 0x00000000e7200000, 0x00000000e7200000| Untracked 
| 115|0x00000000e7300000, 0x00000000e7300000, 0x00000000e7400000|  0%| F|  |TAMS 0x00000000e7300000, 0x00000000e7300000| Untracked 
| 116|0x00000000e7400000, 0x00000000e7400000, 0x00000000e7500000|  0%| F|  |TAMS 0x00000000e7400000, 0x00000000e7400000| Untracked 
| 117|0x00000000e7500000, 0x00000000e7500000, 0x00000000e7600000|  0%| F|  |TAMS 0x00000000e7500000, 0x00000000e7500000| Untracked 
| 118|0x00000000e7600000, 0x00000000e7600000, 0x00000000e7700000|  0%| F|  |TAMS 0x00000000e7600000, 0x00000000e7600000| Untracked 
| 119|0x00000000e7700000, 0x00000000e7700000, 0x00000000e7800000|  0%| F|  |TAMS 0x00000000e7700000, 0x00000000e7700000| Untracked 
| 120|0x00000000e7800000, 0x00000000e7800000, 0x00000000e7900000|  0%| F|  |TAMS 0x00000000e7800000, 0x00000000e7800000| Untracked 
| 121|0x00000000e7900000, 0x00000000e7900000, 0x00000000e7a00000|  0%| F|  |TAMS 0x00000000e7900000, 0x00000000e7900000| Untracked 
| 122|0x00000000e7a00000, 0x00000000e7a00000, 0x00000000e7b00000|  0%| F|  |TAMS 0x00000000e7a00000, 0x00000000e7a00000| Untracked 
| 123|0x00000000e7b00000, 0x00000000e7b00000, 0x00000000e7c00000|  0%| F|  |TAMS 0x00000000e7b00000, 0x00000000e7b00000| Untracked 
| 124|0x00000000e7c00000, 0x00000000e7c00000, 0x00000000e7d00000|  0%| F|  |TAMS 0x00000000e7c00000, 0x00000000e7c00000| Untracked 
| 125|0x00000000e7d00000, 0x00000000e7d00000, 0x00000000e7e00000|  0%| F|  |TAMS 0x00000000e7d00000, 0x00000000e7d00000| Untracked 
| 126|0x00000000e7e00000, 0x00000000e7e00000, 0x00000000e7f00000|  0%| F|  |TAMS 0x00000000e7e00000, 0x00000000e7e00000| Untracked 
| 127|0x00000000e7f00000, 0x00000000e7f00000, 0x00000000e8000000|  0%| F|  |TAMS 0x00000000e7f00000, 0x00000000e7f00000| Untracked 
| 128|0x00000000e8000000, 0x00000000e8000000, 0x00000000e8100000|  0%| F|  |TAMS 0x00000000e8000000, 0x00000000e8000000| Untracked 
| 129|0x00000000e8100000, 0x00000000e8100000, 0x00000000e8200000|  0%| F|  |TAMS 0x00000000e8100000, 0x00000000e8100000| Untracked 
| 130|0x00000000e8200000, 0x00000000e8200000, 0x00000000e8300000|  0%| F|  |TAMS 0x00000000e8200000, 0x00000000e8200000| Untracked 
| 131|0x00000000e8300000, 0x00000000e83cd140, 0x00000000e8400000| 80%| S|CS|TAMS 0x00000000e8300000, 0x00000000e8300000| Complete 
| 132|0x00000000e8400000, 0x00000000e8500000, 0x00000000e8500000|100%| S|CS|TAMS 0x00000000e8400000, 0x00000000e8400000| Complete 
| 133|0x00000000e8500000, 0x00000000e8600000, 0x00000000e8600000|100%| S|CS|TAMS 0x00000000e8500000, 0x00000000e8500000| Complete 
| 134|0x00000000e8600000, 0x00000000e8700000, 0x00000000e8700000|100%| S|CS|TAMS 0x00000000e8600000, 0x00000000e8600000| Complete 
| 135|0x00000000e8700000, 0x00000000e8800000, 0x00000000e8800000|100%| S|CS|TAMS 0x00000000e8700000, 0x00000000e8700000| Complete 
| 136|0x00000000e8800000, 0x00000000e8900000, 0x00000000e8900000|100%| S|CS|TAMS 0x00000000e8800000, 0x00000000e8800000| Complete 
| 137|0x00000000e8900000, 0x00000000e8a00000, 0x00000000e8a00000|100%| S|CS|TAMS 0x00000000e8900000, 0x00000000e8900000| Complete 
| 138|0x00000000e8a00000, 0x00000000e8b00000, 0x00000000e8b00000|100%| S|CS|TAMS 0x00000000e8a00000, 0x00000000e8a00000| Complete 
| 139|0x00000000e8b00000, 0x00000000e8c00000, 0x00000000e8c00000|100%| S|CS|TAMS 0x00000000e8b00000, 0x00000000e8b00000| Complete 
| 140|0x00000000e8c00000, 0x00000000e8d00000, 0x00000000e8d00000|100%| S|CS|TAMS 0x00000000e8c00000, 0x00000000e8c00000| Complete 
| 141|0x00000000e8d00000, 0x00000000e8e00000, 0x00000000e8e00000|100%| S|CS|TAMS 0x00000000e8d00000, 0x00000000e8d00000| Complete 
| 142|0x00000000e8e00000, 0x00000000e8e00000, 0x00000000e8f00000|  0%| F|  |TAMS 0x00000000e8e00000, 0x00000000e8e00000| Untracked 
| 143|0x00000000e8f00000, 0x00000000e8f00000, 0x00000000e9000000|  0%| F|  |TAMS 0x00000000e8f00000, 0x00000000e8f00000| Untracked 
| 144|0x00000000e9000000, 0x00000000e9000000, 0x00000000e9100000|  0%| F|  |TAMS 0x00000000e9000000, 0x00000000e9000000| Untracked 
| 145|0x00000000e9100000, 0x00000000e9100000, 0x00000000e9200000|  0%| F|  |TAMS 0x00000000e9100000, 0x00000000e9100000| Untracked 
| 146|0x00000000e9200000, 0x00000000e9200000, 0x00000000e9300000|  0%| F|  |TAMS 0x00000000e9200000, 0x00000000e9200000| Untracked 
| 147|0x00000000e9300000, 0x00000000e9300000, 0x00000000e9400000|  0%| F|  |TAMS 0x00000000e9300000, 0x00000000e9300000| Untracked 
| 148|0x00000000e9400000, 0x00000000e9400000, 0x00000000e9500000|  0%| F|  |TAMS 0x00000000e9400000, 0x00000000e9400000| Untracked 
| 149|0x00000000e9500000, 0x00000000e9500000, 0x00000000e9600000|  0%| F|  |TAMS 0x00000000e9500000, 0x00000000e9500000| Untracked 
| 150|0x00000000e9600000, 0x00000000e9600000, 0x00000000e9700000|  0%| F|  |TAMS 0x00000000e9600000, 0x00000000e9600000| Untracked 
| 151|0x00000000e9700000, 0x00000000e9700000, 0x00000000e9800000|  0%| F|  |TAMS 0x00000000e9700000, 0x00000000e9700000| Untracked 
| 152|0x00000000e9800000, 0x00000000e9800000, 0x00000000e9900000|  0%| F|  |TAMS 0x00000000e9800000, 0x00000000e9800000| Untracked 
| 153|0x00000000e9900000, 0x00000000e9900000, 0x00000000e9a00000|  0%| F|  |TAMS 0x00000000e9900000, 0x00000000e9900000| Untracked 
| 154|0x00000000e9a00000, 0x00000000e9a00000, 0x00000000e9b00000|  0%| F|  |TAMS 0x00000000e9a00000, 0x00000000e9a00000| Untracked 
| 155|0x00000000e9b00000, 0x00000000e9b00000, 0x00000000e9c00000|  0%| F|  |TAMS 0x00000000e9b00000, 0x00000000e9b00000| Untracked 
| 156|0x00000000e9c00000, 0x00000000e9c00000, 0x00000000e9d00000|  0%| F|  |TAMS 0x00000000e9c00000, 0x00000000e9c00000| Untracked 
| 157|0x00000000e9d00000, 0x00000000e9d00000, 0x00000000e9e00000|  0%| F|  |TAMS 0x00000000e9d00000, 0x00000000e9d00000| Untracked 
| 158|0x00000000e9e00000, 0x00000000e9e00000, 0x00000000e9f00000|  0%| F|  |TAMS 0x00000000e9e00000, 0x00000000e9e00000| Untracked 
| 159|0x00000000e9f00000, 0x00000000e9f00000, 0x00000000ea000000|  0%| F|  |TAMS 0x00000000e9f00000, 0x00000000e9f00000| Untracked 
| 160|0x00000000ea000000, 0x00000000ea000000, 0x00000000ea100000|  0%| F|  |TAMS 0x00000000ea000000, 0x00000000ea000000| Untracked 
| 161|0x00000000ea100000, 0x00000000ea100000, 0x00000000ea200000|  0%| F|  |TAMS 0x00000000ea100000, 0x00000000ea100000| Untracked 
| 162|0x00000000ea200000, 0x00000000ea200000, 0x00000000ea300000|  0%| F|  |TAMS 0x00000000ea200000, 0x00000000ea200000| Untracked 
| 163|0x00000000ea300000, 0x00000000ea300000, 0x00000000ea400000|  0%| F|  |TAMS 0x00000000ea300000, 0x00000000ea300000| Untracked 
| 164|0x00000000ea400000, 0x00000000ea400000, 0x00000000ea500000|  0%| F|  |TAMS 0x00000000ea400000, 0x00000000ea400000| Untracked 
| 165|0x00000000ea500000, 0x00000000ea500000, 0x00000000ea600000|  0%| F|  |TAMS 0x00000000ea500000, 0x00000000ea500000| Untracked 
| 166|0x00000000ea600000, 0x00000000ea600000, 0x00000000ea700000|  0%| F|  |TAMS 0x00000000ea600000, 0x00000000ea600000| Untracked 
| 167|0x00000000ea700000, 0x00000000ea700000, 0x00000000ea800000|  0%| F|  |TAMS 0x00000000ea700000, 0x00000000ea700000| Untracked 
| 168|0x00000000ea800000, 0x00000000ea800000, 0x00000000ea900000|  0%| F|  |TAMS 0x00000000ea800000, 0x00000000ea800000| Untracked 
| 169|0x00000000ea900000, 0x00000000ea900000, 0x00000000eaa00000|  0%| F|  |TAMS 0x00000000ea900000, 0x00000000ea900000| Untracked 
| 170|0x00000000eaa00000, 0x00000000eaa00000, 0x00000000eab00000|  0%| F|  |TAMS 0x00000000eaa00000, 0x00000000eaa00000| Untracked 
| 171|0x00000000eab00000, 0x00000000eab00000, 0x00000000eac00000|  0%| F|  |TAMS 0x00000000eab00000, 0x00000000eab00000| Untracked 
| 172|0x00000000eac00000, 0x00000000eac00000, 0x00000000ead00000|  0%| F|  |TAMS 0x00000000eac00000, 0x00000000eac00000| Untracked 
| 173|0x00000000ead00000, 0x00000000ead00000, 0x00000000eae00000|  0%| F|  |TAMS 0x00000000ead00000, 0x00000000ead00000| Untracked 
| 174|0x00000000eae00000, 0x00000000eae00000, 0x00000000eaf00000|  0%| F|  |TAMS 0x00000000eae00000, 0x00000000eae00000| Untracked 
| 175|0x00000000eaf00000, 0x00000000eaf00000, 0x00000000eb000000|  0%| F|  |TAMS 0x00000000eaf00000, 0x00000000eaf00000| Untracked 
| 176|0x00000000eb000000, 0x00000000eb000000, 0x00000000eb100000|  0%| F|  |TAMS 0x00000000eb000000, 0x00000000eb000000| Untracked 
| 177|0x00000000eb100000, 0x00000000eb100000, 0x00000000eb200000|  0%| F|  |TAMS 0x00000000eb100000, 0x00000000eb100000| Untracked 
| 178|0x00000000eb200000, 0x00000000eb200000, 0x00000000eb300000|  0%| F|  |TAMS 0x00000000eb200000, 0x00000000eb200000| Untracked 
| 179|0x00000000eb300000, 0x00000000eb300000, 0x00000000eb400000|  0%| F|  |TAMS 0x00000000eb300000, 0x00000000eb300000| Untracked 
| 180|0x00000000eb400000, 0x00000000eb400000, 0x00000000eb500000|  0%| F|  |TAMS 0x00000000eb400000, 0x00000000eb400000| Untracked 
| 181|0x00000000eb500000, 0x00000000eb500000, 0x00000000eb600000|  0%| F|  |TAMS 0x00000000eb500000, 0x00000000eb500000| Untracked 
| 182|0x00000000eb600000, 0x00000000eb600000, 0x00000000eb700000|  0%| F|  |TAMS 0x00000000eb600000, 0x00000000eb600000| Untracked 
| 183|0x00000000eb700000, 0x00000000eb700000, 0x00000000eb800000|  0%| F|  |TAMS 0x00000000eb700000, 0x00000000eb700000| Untracked 
| 184|0x00000000eb800000, 0x00000000eb800000, 0x00000000eb900000|  0%| F|  |TAMS 0x00000000eb800000, 0x00000000eb800000| Untracked 
| 185|0x00000000eb900000, 0x00000000eb900000, 0x00000000eba00000|  0%| F|  |TAMS 0x00000000eb900000, 0x00000000eb900000| Untracked 
| 186|0x00000000eba00000, 0x00000000eba00000, 0x00000000ebb00000|  0%| F|  |TAMS 0x00000000eba00000, 0x00000000eba00000| Untracked 
| 187|0x00000000ebb00000, 0x00000000ebb00000, 0x00000000ebc00000|  0%| F|  |TAMS 0x00000000ebb00000, 0x00000000ebb00000| Untracked 
| 188|0x00000000ebc00000, 0x00000000ebc00000, 0x00000000ebd00000|  0%| F|  |TAMS 0x00000000ebc00000, 0x00000000ebc00000| Untracked 
| 189|0x00000000ebd00000, 0x00000000ebd00000, 0x00000000ebe00000|  0%| F|  |TAMS 0x00000000ebd00000, 0x00000000ebd00000| Untracked 
| 190|0x00000000ebe00000, 0x00000000ebe00000, 0x00000000ebf00000|  0%| F|  |TAMS 0x00000000ebe00000, 0x00000000ebe00000| Untracked 
| 191|0x00000000ebf00000, 0x00000000ebf00000, 0x00000000ec000000|  0%| F|  |TAMS 0x00000000ebf00000, 0x00000000ebf00000| Untracked 
| 192|0x00000000ec000000, 0x00000000ec000000, 0x00000000ec100000|  0%| F|  |TAMS 0x00000000ec000000, 0x00000000ec000000| Untracked 
| 193|0x00000000ec100000, 0x00000000ec100000, 0x00000000ec200000|  0%| F|  |TAMS 0x00000000ec100000, 0x00000000ec100000| Untracked 
| 194|0x00000000ec200000, 0x00000000ec200000, 0x00000000ec300000|  0%| F|  |TAMS 0x00000000ec200000, 0x00000000ec200000| Untracked 
| 195|0x00000000ec300000, 0x00000000ec300000, 0x00000000ec400000|  0%| F|  |TAMS 0x00000000ec300000, 0x00000000ec300000| Untracked 
| 196|0x00000000ec400000, 0x00000000ec400000, 0x00000000ec500000|  0%| F|  |TAMS 0x00000000ec400000, 0x00000000ec400000| Untracked 
| 197|0x00000000ec500000, 0x00000000ec500000, 0x00000000ec600000|  0%| F|  |TAMS 0x00000000ec500000, 0x00000000ec500000| Untracked 
| 198|0x00000000ec600000, 0x00000000ec600000, 0x00000000ec700000|  0%| F|  |TAMS 0x00000000ec600000, 0x00000000ec600000| Untracked 
| 199|0x00000000ec700000, 0x00000000ec700000, 0x00000000ec800000|  0%| F|  |TAMS 0x00000000ec700000, 0x00000000ec700000| Untracked 
| 200|0x00000000ec800000, 0x00000000ec800000, 0x00000000ec900000|  0%| F|  |TAMS 0x00000000ec800000, 0x00000000ec800000| Untracked 
| 201|0x00000000ec900000, 0x00000000ec900000, 0x00000000eca00000|  0%| F|  |TAMS 0x00000000ec900000, 0x00000000ec900000| Untracked 
| 202|0x00000000eca00000, 0x00000000eca00000, 0x00000000ecb00000|  0%| F|  |TAMS 0x00000000eca00000, 0x00000000eca00000| Untracked 
| 203|0x00000000ecb00000, 0x00000000ecb00000, 0x00000000ecc00000|  0%| F|  |TAMS 0x00000000ecb00000, 0x00000000ecb00000| Untracked 
| 204|0x00000000ecc00000, 0x00000000ecc00000, 0x00000000ecd00000|  0%| F|  |TAMS 0x00000000ecc00000, 0x00000000ecc00000| Untracked 
| 205|0x00000000ecd00000, 0x00000000ecd00000, 0x00000000ece00000|  0%| F|  |TAMS 0x00000000ecd00000, 0x00000000ecd00000| Untracked 
| 206|0x00000000ece00000, 0x00000000ece00000, 0x00000000ecf00000|  0%| F|  |TAMS 0x00000000ece00000, 0x00000000ece00000| Untracked 
| 207|0x00000000ecf00000, 0x00000000ecf00000, 0x00000000ed000000|  0%| F|  |TAMS 0x00000000ecf00000, 0x00000000ecf00000| Untracked 
| 208|0x00000000ed000000, 0x00000000ed000000, 0x00000000ed100000|  0%| F|  |TAMS 0x00000000ed000000, 0x00000000ed000000| Untracked 
| 209|0x00000000ed100000, 0x00000000ed100000, 0x00000000ed200000|  0%| F|  |TAMS 0x00000000ed100000, 0x00000000ed100000| Untracked 
| 210|0x00000000ed200000, 0x00000000ed200000, 0x00000000ed300000|  0%| F|  |TAMS 0x00000000ed200000, 0x00000000ed200000| Untracked 
| 211|0x00000000ed300000, 0x00000000ed300000, 0x00000000ed400000|  0%| F|  |TAMS 0x00000000ed300000, 0x00000000ed300000| Untracked 
| 212|0x00000000ed400000, 0x00000000ed400000, 0x00000000ed500000|  0%| F|  |TAMS 0x00000000ed400000, 0x00000000ed400000| Untracked 
| 213|0x00000000ed500000, 0x00000000ed500000, 0x00000000ed600000|  0%| F|  |TAMS 0x00000000ed500000, 0x00000000ed500000| Untracked 
| 214|0x00000000ed600000, 0x00000000ed600000, 0x00000000ed700000|  0%| F|  |TAMS 0x00000000ed600000, 0x00000000ed600000| Untracked 
| 215|0x00000000ed700000, 0x00000000ed700000, 0x00000000ed800000|  0%| F|  |TAMS 0x00000000ed700000, 0x00000000ed700000| Untracked 
| 216|0x00000000ed800000, 0x00000000ed800000, 0x00000000ed900000|  0%| F|  |TAMS 0x00000000ed800000, 0x00000000ed800000| Untracked 
| 217|0x00000000ed900000, 0x00000000ed900000, 0x00000000eda00000|  0%| F|  |TAMS 0x00000000ed900000, 0x00000000ed900000| Untracked 
| 218|0x00000000eda00000, 0x00000000eda00000, 0x00000000edb00000|  0%| F|  |TAMS 0x00000000eda00000, 0x00000000eda00000| Untracked 
| 219|0x00000000edb00000, 0x00000000edb00000, 0x00000000edc00000|  0%| F|  |TAMS 0x00000000edb00000, 0x00000000edb00000| Untracked 
| 220|0x00000000edc00000, 0x00000000edc00000, 0x00000000edd00000|  0%| F|  |TAMS 0x00000000edc00000, 0x00000000edc00000| Untracked 
| 221|0x00000000edd00000, 0x00000000edd00000, 0x00000000ede00000|  0%| F|  |TAMS 0x00000000edd00000, 0x00000000edd00000| Untracked 
| 222|0x00000000ede00000, 0x00000000ede00000, 0x00000000edf00000|  0%| F|  |TAMS 0x00000000ede00000, 0x00000000ede00000| Untracked 
| 223|0x00000000edf00000, 0x00000000edf00000, 0x00000000ee000000|  0%| F|  |TAMS 0x00000000edf00000, 0x00000000edf00000| Untracked 
| 224|0x00000000ee000000, 0x00000000ee000000, 0x00000000ee100000|  0%| F|  |TAMS 0x00000000ee000000, 0x00000000ee000000| Untracked 
| 225|0x00000000ee100000, 0x00000000ee100000, 0x00000000ee200000|  0%| F|  |TAMS 0x00000000ee100000, 0x00000000ee100000| Untracked 
| 226|0x00000000ee200000, 0x00000000ee200000, 0x00000000ee300000|  0%| F|  |TAMS 0x00000000ee200000, 0x00000000ee200000| Untracked 
| 227|0x00000000ee300000, 0x00000000ee300000, 0x00000000ee400000|  0%| F|  |TAMS 0x00000000ee300000, 0x00000000ee300000| Untracked 
| 228|0x00000000ee400000, 0x00000000ee400000, 0x00000000ee500000|  0%| F|  |TAMS 0x00000000ee400000, 0x00000000ee400000| Untracked 
| 229|0x00000000ee500000, 0x00000000ee500000, 0x00000000ee600000|  0%| F|  |TAMS 0x00000000ee500000, 0x00000000ee500000| Untracked 
| 230|0x00000000ee600000, 0x00000000ee600000, 0x00000000ee700000|  0%| F|  |TAMS 0x00000000ee600000, 0x00000000ee600000| Untracked 
| 231|0x00000000ee700000, 0x00000000ee780800, 0x00000000ee800000| 50%| E|  |TAMS 0x00000000ee700000, 0x00000000ee700000| Complete 
| 232|0x00000000ee800000, 0x00000000ee900000, 0x00000000ee900000|100%| E|CS|TAMS 0x00000000ee800000, 0x00000000ee800000| Complete 
| 233|0x00000000ee900000, 0x00000000eea00000, 0x00000000eea00000|100%| E|CS|TAMS 0x00000000ee900000, 0x00000000ee900000| Complete 
| 234|0x00000000eea00000, 0x00000000eeb00000, 0x00000000eeb00000|100%| E|CS|TAMS 0x00000000eea00000, 0x00000000eea00000| Complete 
| 235|0x00000000eeb00000, 0x00000000eec00000, 0x00000000eec00000|100%| E|CS|TAMS 0x00000000eeb00000, 0x00000000eeb00000| Complete 
| 236|0x00000000eec00000, 0x00000000eed00000, 0x00000000eed00000|100%| E|CS|TAMS 0x00000000eec00000, 0x00000000eec00000| Complete 
| 237|0x00000000eed00000, 0x00000000eee00000, 0x00000000eee00000|100%| E|CS|TAMS 0x00000000eed00000, 0x00000000eed00000| Complete 
| 238|0x00000000eee00000, 0x00000000eef00000, 0x00000000eef00000|100%| E|CS|TAMS 0x00000000eee00000, 0x00000000eee00000| Complete 
| 239|0x00000000eef00000, 0x00000000ef000000, 0x00000000ef000000|100%| E|CS|TAMS 0x00000000eef00000, 0x00000000eef00000| Complete 
| 240|0x00000000ef000000, 0x00000000ef100000, 0x00000000ef100000|100%| E|CS|TAMS 0x00000000ef000000, 0x00000000ef000000| Complete 
| 241|0x00000000ef100000, 0x00000000ef200000, 0x00000000ef200000|100%| E|CS|TAMS 0x00000000ef100000, 0x00000000ef100000| Complete 
| 242|0x00000000ef200000, 0x00000000ef300000, 0x00000000ef300000|100%| E|CS|TAMS 0x00000000ef200000, 0x00000000ef200000| Complete 
| 243|0x00000000ef300000, 0x00000000ef400000, 0x00000000ef400000|100%| E|CS|TAMS 0x00000000ef300000, 0x00000000ef300000| Complete 
| 244|0x00000000ef400000, 0x00000000ef500000, 0x00000000ef500000|100%| E|CS|TAMS 0x00000000ef400000, 0x00000000ef400000| Complete 
| 245|0x00000000ef500000, 0x00000000ef600000, 0x00000000ef600000|100%| E|CS|TAMS 0x00000000ef500000, 0x00000000ef500000| Complete 
| 246|0x00000000ef600000, 0x00000000ef700000, 0x00000000ef700000|100%| E|CS|TAMS 0x00000000ef600000, 0x00000000ef600000| Complete 
| 247|0x00000000ef700000, 0x00000000ef800000, 0x00000000ef800000|100%| E|CS|TAMS 0x00000000ef700000, 0x00000000ef700000| Complete 
| 248|0x00000000ef800000, 0x00000000ef900000, 0x00000000ef900000|100%| E|CS|TAMS 0x00000000ef800000, 0x00000000ef800000| Complete 
| 249|0x00000000ef900000, 0x00000000efa00000, 0x00000000efa00000|100%| E|CS|TAMS 0x00000000ef900000, 0x00000000ef900000| Complete 
| 250|0x00000000efa00000, 0x00000000efb00000, 0x00000000efb00000|100%| E|CS|TAMS 0x00000000efa00000, 0x00000000efa00000| Complete 
| 251|0x00000000efb00000, 0x00000000efc00000, 0x00000000efc00000|100%| E|CS|TAMS 0x00000000efb00000, 0x00000000efb00000| Complete 
| 252|0x00000000efc00000, 0x00000000efd00000, 0x00000000efd00000|100%| E|CS|TAMS 0x00000000efc00000, 0x00000000efc00000| Complete 
| 253|0x00000000efd00000, 0x00000000efe00000, 0x00000000efe00000|100%| E|CS|TAMS 0x00000000efd00000, 0x00000000efd00000| Complete 
| 254|0x00000000efe00000, 0x00000000eff00000, 0x00000000eff00000|100%| E|CS|TAMS 0x00000000efe00000, 0x00000000efe00000| Complete 
| 255|0x00000000eff00000, 0x00000000f0000000, 0x00000000f0000000|100%| E|CS|TAMS 0x00000000eff00000, 0x00000000eff00000| Complete 

Card table byte_map: [0x0000023043d20000,0x0000023043e20000] _byte_map_base: 0x0000023043620000

Marking Bits (Prev, Next): (CMBitMap*) 0x000002302d494200, (CMBitMap*) 0x000002302d4941c0
 Prev Bits: [0x0000023044720000, 0x0000023044f20000)
 Next Bits: [0x0000023043f20000, 0x0000023044720000)

Polling page: 0x000002302cc30000

Metaspace:

Usage:
  Non-class:     59.08 MB used.
      Class:      9.84 MB used.
       Both:     68.93 MB used.

Virtual space:
  Non-class space:       64.00 MB reserved,      59.50 MB ( 93%) committed,  1 nodes.
      Class space:      320.00 MB reserved,      10.25 MB (  3%) committed,  1 nodes.
             Both:      384.00 MB reserved,      69.75 MB ( 18%) committed. 

Chunk freelists:
   Non-Class:  4.55 MB
       Class:  5.77 MB
        Both:  10.31 MB

MaxMetaspaceSize: 384.00 MB
CompressedClassSpaceSize: 320.00 MB
Initial GC threshold: 21.00 MB
Current GC threshold: 98.88 MB
CDS: on
MetaspaceReclaimPolicy: balanced
 - commit_granule_bytes: 65536.
 - commit_granule_words: 8192.
 - virtual_space_node_default_size: 8388608.
 - enlarge_chunks_in_place: 1.
 - new_chunks_are_fully_committed: 0.
 - uncommit_free_chunks: 1.
 - use_allocation_guard: 0.
 - handle_deallocations: 1.


Internal statistics:

num_allocs_failed_limit: 9.
num_arena_births: 970.
num_arena_deaths: 0.
num_vsnodes_births: 2.
num_vsnodes_deaths: 0.
num_space_committed: 1116.
num_space_uncommitted: 0.
num_chunks_returned_to_freelist: 9.
num_chunks_taken_from_freelist: 3992.
num_chunk_merges: 9.
num_chunk_splits: 2589.
num_chunks_enlarged: 1643.
num_inconsistent_stats: 0.

CodeHeap 'non-profiled nmethods': size=120000Kb used=4449Kb max_used=4449Kb free=115550Kb
 bounds [0x000002303c7f0000, 0x000002303cc50000, 0x0000023043d20000]
CodeHeap 'profiled nmethods': size=120000Kb used=15134Kb max_used=15134Kb free=104866Kb
 bounds [0x0000023034d20000, 0x0000023035bf0000, 0x000002303c250000]
CodeHeap 'non-nmethods': size=5760Kb used=2382Kb max_used=2429Kb free=3377Kb
 bounds [0x000002303c250000, 0x000002303c4c0000, 0x000002303c7f0000]
 total_blobs=8546 nmethods=7648 adapters=810
 compilation: enabled
              stopped_count=0, restarted_count=0
 full_count=0

Compilation events (20 events):
Event: 23.559 Thread 0x00000230474fc500 nmethod 8450 0x0000023035be2990 code [0x0000023035be2b60, 0x0000023035be3148]
Event: 23.559 Thread 0x00000230474fc500 8451       3       org.gradle.api.internal.provider.ValueState$NonFinalizedValue::applyConvention (20 bytes)
Event: 23.560 Thread 0x00000230474fc500 nmethod 8451 0x0000023035be3310 code [0x0000023035be34c0, 0x0000023035be37c8]
Event: 23.657 Thread 0x0000023064d498a0 8452       4       org.objectweb.asm.MethodWriter::visitFieldInsn (258 bytes)
Event: 23.660 Thread 0x0000023064d498a0 nmethod 8452 0x000002303cc3e490 code [0x000002303cc3e640, 0x000002303cc3e948]
Event: 23.660 Thread 0x0000023064d498a0 8453       4       org.objectweb.asm.SymbolTable::addConstantFieldref (10 bytes)
Event: 23.661 Thread 0x0000023064d498a0 nmethod 8453 0x000002303cc3ec90 code [0x000002303cc3ee20, 0x000002303cc3eec8]
Event: 23.663 Thread 0x00000230474fc500 8454       3       org.gradle.internal.instantiation.generator.AbstractClassGenerator$GeneratedClassImpl$GeneratedConstructorImpl::<init> (27 bytes)
Event: 23.663 Thread 0x00000230474fc500 nmethod 8454 0x0000023035be3910 code [0x0000023035be3ae0, 0x0000023035be4058]
Event: 23.686 Thread 0x00000230474fc500 8455       1       org.gradle.internal.extensibility.ExtensionsStorage$ExtensionHolder::get (5 bytes)
Event: 23.686 Thread 0x00000230474fc500 nmethod 8455 0x000002303cc3ef90 code [0x000002303cc3f120, 0x000002303cc3f1f8]
Event: 23.691 Thread 0x0000023064d498a0 8456       4       org.gradle.internal.operations.BuildOperationProgressEventListenerAdapter::close (1 bytes)
Event: 23.691 Thread 0x0000023064d498a0 nmethod 8456 0x000002303cc3f290 code [0x000002303cc3f400, 0x000002303cc3f478]
Event: 23.695 Thread 0x00000230474fc500 8457       1       org.gradle.internal.instantiation.generator.AbstractClassGenerator$ExtensibleTypePropertyHandler::access$1400 (5 bytes)
Event: 23.695 Thread 0x00000230474fc500 nmethod 8457 0x000002303cc3f590 code [0x000002303cc3f720, 0x000002303cc3f7d8]
Event: 23.698 Thread 0x0000023064d498a0 8458       4       org.gradle.api.internal.project.taskfactory.DefaultTaskClassInfoStore::createTaskAction (187 bytes)
Event: 23.702 Thread 0x00000230474fc500 8459       1       org.gradle.api.internal.provider.ValueSupplier$Present::getWithoutSideEffect (5 bytes)
Event: 23.702 Thread 0x00000230474fc500 nmethod 8459 0x000002303cc3f890 code [0x000002303cc3fa20, 0x000002303cc3faf8]
Event: 23.708 Thread 0x0000023064d498a0 nmethod 8458 0x000002303cc3fb90 code [0x000002303cc3fda0, 0x000002303cc40410]
Event: 23.708 Thread 0x0000023064d498a0 8460 % !   4       java.util.jar.Attributes::read @ 12 (494 bytes)

GC Heap History (20 events):
Event: 0.461 GC heap before
{Heap before GC invocations=0 (full 0):
 garbage-first heap   total 262144K, used 13312K [0x00000000e0000000, 0x0000000100000000)
  region size 1024K, 13 young (13312K), 0 survivors (0K)
 Metaspace       used 771K, committed 896K, reserved 393216K
  class space    used 61K, committed 128K, reserved 327680K
}
Event: 0.464 GC heap after
{Heap after GC invocations=1 (full 0):
 garbage-first heap   total 262144K, used 1312K [0x00000000e0000000, 0x0000000100000000)
  region size 1024K, 2 young (2048K), 2 survivors (2048K)
 Metaspace       used 771K, committed 896K, reserved 393216K
  class space    used 61K, committed 128K, reserved 327680K
}
Event: 1.415 GC heap before
{Heap before GC invocations=1 (full 0):
 garbage-first heap   total 262144K, used 23840K [0x00000000e0000000, 0x0000000100000000)
  region size 1024K, 21 young (21504K), 2 survivors (2048K)
 Metaspace       used 3130K, committed 3328K, reserved 393216K
  class space    used 387K, committed 512K, reserved 327680K
}
Event: 1.421 GC heap after
{Heap after GC invocations=2 (full 0):
 garbage-first heap   total 262144K, used 10761K [0x00000000e0000000, 0x0000000100000000)
  region size 1024K, 3 young (3072K), 3 survivors (3072K)
 Metaspace       used 3130K, committed 3328K, reserved 393216K
  class space    used 387K, committed 512K, reserved 327680K
}
Event: 6.887 GC heap before
{Heap before GC invocations=2 (full 0):
 garbage-first heap   total 262144K, used 166409K [0x00000000e0000000, 0x0000000100000000)
  region size 1024K, 153 young (156672K), 3 survivors (3072K)
 Metaspace       used 19265K, committed 19520K, reserved 393216K
  class space    used 2793K, committed 2944K, reserved 327680K
}
Event: 6.923 GC heap after
{Heap after GC invocations=3 (full 0):
 garbage-first heap   total 262144K, used 22882K [0x00000000e0000000, 0x0000000100000000)
  region size 1024K, 14 young (14336K), 14 survivors (14336K)
 Metaspace       used 19265K, committed 19520K, reserved 393216K
  class space    used 2793K, committed 2944K, reserved 327680K
}
Event: 11.350 GC heap before
{Heap before GC invocations=3 (full 0):
 garbage-first heap   total 262144K, used 39266K [0x00000000e0000000, 0x0000000100000000)
  region size 1024K, 31 young (31744K), 14 survivors (14336K)
 Metaspace       used 21169K, committed 21504K, reserved 393216K
  class space    used 3084K, committed 3264K, reserved 327680K
}
Event: 11.363 GC heap after
{Heap after GC invocations=4 (full 0):
 garbage-first heap   total 262144K, used 24682K [0x00000000e0000000, 0x0000000100000000)
  region size 1024K, 2 young (2048K), 2 survivors (2048K)
 Metaspace       used 21169K, committed 21504K, reserved 393216K
  class space    used 3084K, committed 3264K, reserved 327680K
}
Event: 14.137 GC heap before
{Heap before GC invocations=5 (full 0):
 garbage-first heap   total 262144K, used 156778K [0x00000000e0000000, 0x0000000100000000)
  region size 1024K, 123 young (125952K), 2 survivors (2048K)
 Metaspace       used 35572K, committed 35968K, reserved 393216K
  class space    used 5072K, committed 5248K, reserved 327680K
}
Event: 14.148 GC heap after
{Heap after GC invocations=6 (full 0):
 garbage-first heap   total 262144K, used 44769K [0x00000000e0000000, 0x0000000100000000)
  region size 1024K, 12 young (12288K), 12 survivors (12288K)
 Metaspace       used 35572K, committed 35968K, reserved 393216K
  class space    used 5072K, committed 5248K, reserved 327680K
}
Event: 16.948 GC heap before
{Heap before GC invocations=7 (full 0):
 garbage-first heap   total 262144K, used 207585K [0x00000000e0000000, 0x0000000100000000)
  region size 1024K, 153 young (156672K), 12 survivors (12288K)
 Metaspace       used 47509K, committed 48128K, reserved 393216K
  class space    used 6675K, committed 6976K, reserved 327680K
}
Event: 16.968 GC heap after
{Heap after GC invocations=8 (full 0):
 garbage-first heap   total 262144K, used 66999K [0x00000000e0000000, 0x0000000100000000)
  region size 1024K, 20 young (20480K), 20 survivors (20480K)
 Metaspace       used 47509K, committed 48128K, reserved 393216K
  class space    used 6675K, committed 6976K, reserved 327680K
}
Event: 16.995 GC heap before
{Heap before GC invocations=8 (full 0):
 garbage-first heap   total 262144K, used 68023K [0x00000000e0000000, 0x0000000100000000)
  region size 1024K, 21 young (21504K), 20 survivors (20480K)
 Metaspace       used 47583K, committed 48192K, reserved 393216K
  class space    used 6687K, committed 6976K, reserved 327680K
}
Event: 17.010 GC heap after
{Heap after GC invocations=9 (full 0):
 garbage-first heap   total 262144K, used 68667K [0x00000000e0000000, 0x0000000100000000)
  region size 1024K, 2 young (2048K), 2 survivors (2048K)
 Metaspace       used 47583K, committed 48192K, reserved 393216K
  class space    used 6687K, committed 6976K, reserved 327680K
}
Event: 19.880 GC heap before
{Heap before GC invocations=9 (full 0):
 garbage-first heap   total 262144K, used 213051K [0x00000000e0000000, 0x0000000100000000)
  region size 1024K, 132 young (135168K), 2 survivors (2048K)
 Metaspace       used 56277K, committed 57024K, reserved 393216K
  class space    used 7905K, committed 8256K, reserved 327680K
}
Event: 19.891 GC heap after
{Heap after GC invocations=10 (full 0):
 garbage-first heap   total 262144K, used 90888K [0x00000000e0000000, 0x0000000100000000)
  region size 1024K, 12 young (12288K), 12 survivors (12288K)
 Metaspace       used 56277K, committed 57024K, reserved 393216K
  class space    used 7905K, committed 8256K, reserved 327680K
}
Event: 20.251 GC heap before
{Heap before GC invocations=10 (full 0):
 garbage-first heap   total 262144K, used 122632K [0x00000000e0000000, 0x0000000100000000)
  region size 1024K, 44 young (45056K), 12 survivors (12288K)
 Metaspace       used 59751K, committed 60416K, reserved 393216K
  class space    used 8366K, committed 8704K, reserved 327680K
}
Event: 20.260 GC heap after
{Heap after GC invocations=11 (full 0):
 garbage-first heap   total 262144K, used 93028K [0x00000000e0000000, 0x0000000100000000)
  region size 1024K, 3 young (3072K), 3 survivors (3072K)
 Metaspace       used 59751K, committed 60416K, reserved 393216K
  class space    used 8366K, committed 8704K, reserved 327680K
}
Event: 22.803 GC heap before
{Heap before GC invocations=12 (full 0):
 garbage-first heap   total 262144K, used 220004K [0x00000000e0000000, 0x0000000100000000)
  region size 1024K, 114 young (116736K), 3 survivors (3072K)
 Metaspace       used 68658K, committed 69376K, reserved 393216K
  class space    used 9778K, committed 10112K, reserved 327680K
}
Event: 22.818 GC heap after
{Heap after GC invocations=13 (full 0):
 garbage-first heap   total 262144K, used 115968K [0x00000000e0000000, 0x0000000100000000)
  region size 1024K, 11 young (11264K), 11 survivors (11264K)
 Metaspace       used 68658K, committed 69376K, reserved 393216K
  class space    used 9778K, committed 10112K, reserved 327680K
}

Deoptimization events (20 events):
Event: 23.329 Thread 0x00000230629332a0 Uncommon trap: trap_request=0xffffff45 fr.pc=0x000002303c87f22c relative=0x000000000000042c
Event: 23.329 Thread 0x00000230629332a0 Uncommon trap: reason=unstable_if action=reinterpret pc=0x000002303c87f22c method=org.objectweb.asm.Type.getArgumentsAndReturnSizes(Ljava/lang/String;)I @ 19 c2
Event: 23.329 Thread 0x00000230629332a0 DEOPT PACKING pc=0x000002303c87f22c sp=0x0000003d799f80e0
Event: 23.329 Thread 0x00000230629332a0 DEOPT UNPACKING pc=0x000002303c2a5ba3 sp=0x0000003d799f8060 mode 2
Event: 23.329 Thread 0x00000230629332a0 Uncommon trap: trap_request=0xffffff45 fr.pc=0x000002303c8ae6dc relative=0x000000000000039c
Event: 23.329 Thread 0x00000230629332a0 Uncommon trap: reason=unstable_if action=reinterpret pc=0x000002303c8ae6dc method=org.objectweb.asm.MethodWriter.visitVarInsn(II)V @ 224 c2
Event: 23.330 Thread 0x00000230629332a0 DEOPT PACKING pc=0x000002303c8ae6dc sp=0x0000003d799f8500
Event: 23.330 Thread 0x00000230629332a0 DEOPT UNPACKING pc=0x000002303c2a5ba3 sp=0x0000003d799f84a8 mode 2
Event: 23.330 Thread 0x00000230629332a0 Uncommon trap: trap_request=0xffffff45 fr.pc=0x000002303cb553c0 relative=0x00000000000034e0
Event: 23.330 Thread 0x00000230629332a0 Uncommon trap: reason=unstable_if action=reinterpret pc=0x000002303cb553c0 method=org.objectweb.asm.Type.getTypeInternal(Ljava/lang/String;II)Lorg/objectweb/asm/Type; @ 5 c2
Event: 23.330 Thread 0x00000230629332a0 DEOPT PACKING pc=0x000002303cb553c0 sp=0x0000003d799f8670
Event: 23.330 Thread 0x00000230629332a0 DEOPT UNPACKING pc=0x000002303c2a5ba3 sp=0x0000003d799f84a0 mode 2
Event: 23.330 Thread 0x00000230629332a0 Uncommon trap: trap_request=0xffffff45 fr.pc=0x000002303cb42c28 relative=0x0000000000000948
Event: 23.330 Thread 0x00000230629332a0 Uncommon trap: reason=unstable_if action=reinterpret pc=0x000002303cb42c28 method=org.objectweb.asm.Frame.accept(Lorg/objectweb/asm/MethodWriter;)V @ 32 c2
Event: 23.330 Thread 0x00000230629332a0 DEOPT PACKING pc=0x000002303cb42c28 sp=0x0000003d799f85f0
Event: 23.330 Thread 0x00000230629332a0 DEOPT UNPACKING pc=0x000002303c2a5ba3 sp=0x0000003d799f85a0 mode 2
Event: 23.672 Thread 0x00000230629332a0 Uncommon trap: trap_request=0xffffffbe fr.pc=0x000002303c94f014 relative=0x00000000000009b4
Event: 23.672 Thread 0x00000230629332a0 Uncommon trap: reason=profile_predicate action=maybe_recompile pc=0x000002303c94f014 method=java.util.regex.Pattern$BnM.optimize(Ljava/util/regex/Pattern$Node;)Ljava/util/regex/Pattern$Node; @ 67 c2
Event: 23.672 Thread 0x00000230629332a0 DEOPT PACKING pc=0x000002303c94f014 sp=0x0000003d799f7e00
Event: 23.672 Thread 0x00000230629332a0 DEOPT UNPACKING pc=0x000002303c2a5ba3 sp=0x0000003d799f7d50 mode 2

Classes unloaded (0 events):
No events

Classes redefined (0 events):
No events

Internal exceptions (20 events):
Event: 21.251 Thread 0x00000230629332a0 Exception <a 'java/lang/ClassNotFoundException'{0x00000000ec368850}: org/jetbrains/kotlin/gradle/targets/js/npm/DefaultPeerNpmDependencyExtension$delegate$1BeanInfo> (0x00000000ec368850) 
thrown [s\open\src\hotspot\share\classfile\systemDictionary.cpp, line 256]
Event: 21.252 Thread 0x00000230629332a0 Exception <a 'java/lang/ClassNotFoundException'{0x00000000ec372db0}: org/jetbrains/kotlin/gradle/targets/js/npm/DefaultPeerNpmDependencyExtension$delegate$1Customizer> (0x00000000ec372db0) 
thrown [s\open\src\hotspot\share\classfile\systemDictionary.cpp, line 256]
Event: 21.712 Thread 0x00000230629332a0 Implicit null exception at 0x000002303c8d780f to 0x000002303c8d7ee8
Event: 21.894 Thread 0x00000230629332a0 Exception <a 'java/lang/NoSuchMethodError'{0x00000000eac22ad8}: 'int java.lang.invoke.DirectMethodHandle$Holder.invokeSpecialIFC(java.lang.Object, java.lang.Object, java.lang.Object, java.lang.Object, java.lang.Object)'> (0x00000000eac22ad8) 
thrown [s\open\src\hotspot\share\interpreter\linkResolver.cpp, line 759]
Event: 22.227 Thread 0x0000023064dc9ab0 Implicit null exception at 0x000002303ca69add to 0x000002303ca69c64
Event: 22.238 Thread 0x00000230629332a0 Exception <a 'java/lang/NoSuchMethodError'{0x00000000ea2d9060}: 'void java.lang.invoke.DirectMethodHandle$Holder.invokeSpecial(java.lang.Object, java.lang.Object, java.lang.Object, java.lang.Object, java.lang.Object, java.lang.Object, java.lang.Object, java.lang.Object, java.lang.Object)'> (0x00000000ea2d9060) 
thrown [s\open\src\hotspot\share\interpreter\linkResolver.cpp, line 759]
Event: 22.273 Thread 0x00000230629346e0 Exception <a 'java/lang/NoSuchMethodError'{0x00000000eff07f30}: static Lorg/gradle/tooling/internal/provider/serialization/StreamedValue;.<clinit>()V> (0x00000000eff07f30) 
thrown [s\open\src\hotspot\share\prims\jni.cpp, line 1112]
Event: 22.274 Thread 0x00000230629346e0 Exception <a 'java/lang/NoSuchMethodError'{0x00000000e9f06d40}: static Lorg/gradle/tooling/internal/provider/serialization/SerializedPayload;.<clinit>()V> (0x00000000e9f06d40) 
thrown [s\open\src\hotspot\share\prims\jni.cpp, line 1112]
Event: 22.276 Thread 0x00000230629346e0 Exception <a 'java/lang/NoSuchMethodError'{0x00000000e9f230b0}: static [Ljava/lang/Object;.<clinit>()V> (0x00000000e9f230b0) 
thrown [s\open\src\hotspot\share\prims\jni.cpp, line 1112]
Event: 22.277 Thread 0x00000230629346e0 Exception <a 'java/lang/NoSuchMethodError'{0x00000000e9f241f8}: static [B.<clinit>()V> (0x00000000e9f241f8) 
thrown [s\open\src\hotspot\share\prims\jni.cpp, line 1112]
Event: 22.277 Thread 0x00000230629346e0 Exception <a 'java/lang/NoSuchMethodError'{0x00000000e9f2c400}: static Lorg/gradle/tooling/internal/provider/PhasedBuildActionResult;.<clinit>()V> (0x00000000e9f2c400) 
thrown [s\open\src\hotspot\share\prims\jni.cpp, line 1112]
Event: 22.413 Thread 0x0000023064dc9ab0 Exception <a 'java/lang/NoSuchMethodError'{0x00000000e9b3c140}: 'java.lang.Object java.lang.invoke.DirectMethodHandle$Holder.newInvokeSpecial(java.lang.Object, java.lang.Object, int, java.lang.Object, java.lang.Object)'> (0x00000000e9b3c140) 
thrown [s\open\src\hotspot\share\interpreter\linkResolver.cpp, line 759]
Event: 22.541 Thread 0x00000230629346e0 Exception <a 'java/lang/NoSuchMethodError'{0x00000000e988b060}: static Lorg/gradle/internal/build/event/types/DefaultTaskStartedProgressEvent;.<clinit>()V> (0x00000000e988b060) 
thrown [s\open\src\hotspot\share\prims\jni.cpp, line 1112]
Event: 22.541 Thread 0x00000230629346e0 Exception <a 'java/lang/NoSuchMethodError'{0x00000000e988c5b0}: static Lorg/gradle/internal/build/event/types/AbstractProgressEvent;.<clinit>()V> (0x00000000e988c5b0) 
thrown [s\open\src\hotspot\share\prims\jni.cpp, line 1112]
Event: 22.542 Thread 0x00000230629346e0 Exception <a 'java/lang/NoSuchMethodError'{0x00000000e9896eb8}: static Lorg/gradle/internal/build/event/types/DefaultTaskDescriptor;.<clinit>()V> (0x00000000e9896eb8) 
thrown [s\open\src\hotspot\share\prims\jni.cpp, line 1112]
Event: 22.542 Thread 0x00000230629346e0 Exception <a 'java/lang/NoSuchMethodError'{0x00000000e98a1d00}: static Lorg/gradle/internal/operations/OperationIdentifier;.<clinit>()V> (0x00000000e98a1d00) 
thrown [s\open\src\hotspot\share\prims\jni.cpp, line 1112]
Event: 22.548 Thread 0x00000230629346e0 Exception <a 'java/lang/NoSuchMethodError'{0x00000000e98ca3b0}: static Lorg/gradle/internal/build/event/types/DefaultTaskFinishedProgressEvent;.<clinit>()V> (0x00000000e98ca3b0) 
thrown [s\open\src\hotspot\share\prims\jni.cpp, line 1112]
Event: 22.552 Thread 0x00000230629346e0 Exception <a 'java/lang/NoSuchMethodError'{0x00000000e98e3e08}: static Lorg/gradle/internal/build/event/types/DefaultTaskSuccessResult;.<clinit>()V> (0x00000000e98e3e08) 
thrown [s\open\src\hotspot\share\prims\jni.cpp, line 1112]
Event: 22.553 Thread 0x00000230629346e0 Exception <a 'java/lang/NoSuchMethodError'{0x00000000e98e5078}: static Lorg/gradle/internal/build/event/types/AbstractTaskResult;.<clinit>()V> (0x00000000e98e5078) 
thrown [s\open\src\hotspot\share\prims\jni.cpp, line 1112]
Event: 22.553 Thread 0x00000230629346e0 Exception <a 'java/lang/NoSuchMethodError'{0x00000000e98e6720}: static Lorg/gradle/internal/build/event/types/AbstractResult;.<clinit>()V> (0x00000000e98e6720) 
thrown [s\open\src\hotspot\share\prims\jni.cpp, line 1112]

VM Operations (20 events):
Event: 20.251 Executing VM operation: CollectForMetadataAllocation
Event: 20.261 Executing VM operation: CollectForMetadataAllocation done
Event: 20.334 Executing VM operation: G1Concurrent
Event: 20.338 Executing VM operation: G1Concurrent done
Event: 20.376 Executing VM operation: G1Concurrent
Event: 20.376 Executing VM operation: G1Concurrent done
Event: 20.402 Executing VM operation: HandshakeAllThreads
Event: 20.402 Executing VM operation: HandshakeAllThreads done
Event: 21.410 Executing VM operation: Cleanup
Event: 21.420 Executing VM operation: Cleanup done
Event: 22.317 Executing VM operation: ICBufferFull
Event: 22.317 Executing VM operation: ICBufferFull done
Event: 22.537 Executing VM operation: HandshakeAllThreads
Event: 22.537 Executing VM operation: HandshakeAllThreads done
Event: 22.545 Executing VM operation: HandshakeAllThreads
Event: 22.545 Executing VM operation: HandshakeAllThreads done
Event: 22.803 Executing VM operation: G1CollectForAllocation
Event: 22.818 Executing VM operation: G1CollectForAllocation done
Event: 23.104 Executing VM operation: HandshakeAllThreads
Event: 23.104 Executing VM operation: HandshakeAllThreads done

Events (20 events):
Event: 22.273 Thread 0x0000023064dc9ab0 Thread exited: 0x0000023064dc9ab0
Event: 22.402 Thread 0x0000023064dc9ab0 Thread added: 0x0000023064dc9ab0
Event: 22.416 Thread 0x0000023064dca4d0 Thread added: 0x0000023064dca4d0
Event: 22.416 Thread 0x0000023065822b60 Thread added: 0x0000023065822b60
Event: 22.417 Thread 0x0000023065823fa0 Thread added: 0x0000023065823fa0
Event: 22.460 Thread 0x00000230658249c0 Thread added: 0x00000230658249c0
Event: 22.529 loading class java/util/TreeMap$KeySpliterator
Event: 22.530 loading class java/util/TreeMap$TreeMapSpliterator
Event: 22.531 loading class java/util/TreeMap$TreeMapSpliterator done
Event: 22.531 loading class java/util/TreeMap$KeySpliterator done
Event: 22.553 loading class java/util/concurrent/ConcurrentLinkedQueue$Itr
Event: 22.556 loading class java/util/concurrent/ConcurrentLinkedQueue$Itr done
Event: 22.792 Thread 0x0000023064d498a0 Thread added: 0x0000023064d498a0
Event: 22.897 loading class java/text/MessageFormat
Event: 22.898 loading class java/text/MessageFormat done
Event: 22.898 loading class java/text/MessageFormat$Field
Event: 22.899 loading class java/text/MessageFormat$Field done
Event: 22.907 loading class java/io/FileReader
Event: 22.907 loading class java/io/FileReader done
Event: 23.111 Thread 0x0000023047500e20 flushing nmethod 0x00000230352fb990


Dynamic libraries:
0x00007ff6d74f0000 - 0x00007ff6d7500000 	C:\Program Files\Java\jdk-17\bin\java.exe
0x00007ff8027b0000 - 0x00007ff8029c7000 	C:\WINDOWS\SYSTEM32\ntdll.dll
0x00007ff802300000 - 0x00007ff8023c4000 	C:\WINDOWS\System32\KERNEL32.DLL
0x00007ff8000f0000 - 0x00007ff8004aa000 	C:\WINDOWS\System32\KERNELBASE.dll
0x00007fffffd80000 - 0x00007fffffe91000 	C:\WINDOWS\System32\ucrtbase.dll
0x00007fffe7d00000 - 0x00007fffe7d1b000 	C:\Program Files\Java\jdk-17\bin\VCRUNTIME140.dll
0x00007fffe5b50000 - 0x00007fffe5b69000 	C:\Program Files\Java\jdk-17\bin\jli.dll
0x00007ff801930000 - 0x00007ff8019e2000 	C:\WINDOWS\System32\ADVAPI32.dll
0x00007ff801ff0000 - 0x00007ff802097000 	C:\WINDOWS\System32\msvcrt.dll
0x00007ff800e40000 - 0x00007ff800ee7000 	C:\WINDOWS\System32\sechost.dll
0x00007ff8000c0000 - 0x00007ff8000e8000 	C:\WINDOWS\System32\bcrypt.dll
0x00007ff800520000 - 0x00007ff800634000 	C:\WINDOWS\System32\RPCRT4.dll
0x00007ff802150000 - 0x00007ff8022fe000 	C:\WINDOWS\System32\USER32.dll
0x00007fffffea0000 - 0x00007fffffec6000 	C:\WINDOWS\System32\win32u.dll
0x00007ff801dc0000 - 0x00007ff801de9000 	C:\WINDOWS\System32\GDI32.dll
0x00007fffffed0000 - 0x00007ffffffeb000 	C:\WINDOWS\System32\gdi32full.dll
0x00007ff800020000 - 0x00007ff8000ba000 	C:\WINDOWS\System32\msvcp_win.dll
0x00007fffdb300000 - 0x00007fffdb592000 	C:\WINDOWS\WinSxS\amd64_microsoft.windows.common-controls_6595b64144ccf1df_6.0.22621.4541_none_2710d1c57384c085\COMCTL32.dll
0x00007ffff2320000 - 0x00007ffff232a000 	C:\WINDOWS\SYSTEM32\VERSION.dll
0x00007ff802110000 - 0x00007ff802141000 	C:\WINDOWS\System32\IMM32.DLL
0x00007fffe7cf0000 - 0x00007fffe7cfc000 	C:\Program Files\Java\jdk-17\bin\vcruntime140_1.dll
0x00007fffbbe40000 - 0x00007fffbbece000 	C:\Program Files\Java\jdk-17\bin\msvcp140.dll
0x00007fff240a0000 - 0x00007fff24c80000 	C:\Program Files\Java\jdk-17\bin\server\jvm.dll
0x00007ff800510000 - 0x00007ff800518000 	C:\WINDOWS\System32\PSAPI.DLL
0x00007ffff5940000 - 0x00007ffff5974000 	C:\WINDOWS\SYSTEM32\WINMM.dll
0x00007fffdfbf0000 - 0x00007fffdfbf9000 	C:\WINDOWS\SYSTEM32\WSOCK32.dll
0x00007ff801e00000 - 0x00007ff801e71000 	C:\WINDOWS\System32\WS2_32.dll
0x00007ffffeab0000 - 0x00007ffffeac8000 	C:\WINDOWS\SYSTEM32\kernel.appcore.dll
0x00007fffe6c70000 - 0x00007fffe6c7a000 	C:\Program Files\Java\jdk-17\bin\jimage.dll
0x00007ffff9530000 - 0x00007ffff9762000 	C:\WINDOWS\SYSTEM32\DBGHELP.DLL
0x00007ff8023d0000 - 0x00007ff80275f000 	C:\WINDOWS\System32\combase.dll
0x00007ff800730000 - 0x00007ff800807000 	C:\WINDOWS\System32\OLEAUT32.dll
0x00007fffdc8c0000 - 0x00007fffdc8f2000 	C:\WINDOWS\SYSTEM32\dbgcore.DLL
0x00007fffffbc0000 - 0x00007fffffc3b000 	C:\WINDOWS\System32\bcryptPrimitives.dll
0x00007fffe6c40000 - 0x00007fffe6c4e000 	C:\Program Files\Java\jdk-17\bin\instrument.dll
0x00007fffd7640000 - 0x00007fffd7665000 	C:\Program Files\Java\jdk-17\bin\java.dll
0x00007fff9b8c0000 - 0x00007fff9b997000 	C:\Program Files\Java\jdk-17\bin\jsvml.dll
0x00007ff8010b0000 - 0x00007ff801928000 	C:\WINDOWS\System32\SHELL32.dll
0x00007ffffd9b0000 - 0x00007ffffe2b8000 	C:\WINDOWS\SYSTEM32\windows.storage.dll
0x00007ffffd870000 - 0x00007ffffd9af000 	C:\WINDOWS\SYSTEM32\wintypes.dll
0x00007ff801b50000 - 0x00007ff801c4a000 	C:\WINDOWS\System32\SHCORE.dll
0x00007ff8004b0000 - 0x00007ff80050e000 	C:\WINDOWS\System32\shlwapi.dll
0x00007fffff9a0000 - 0x00007fffff9cb000 	C:\WINDOWS\SYSTEM32\profapi.dll
0x00007fffd8610000 - 0x00007fffd8628000 	C:\Program Files\Java\jdk-17\bin\zip.dll
0x00007fffc4310000 - 0x00007fffc4329000 	C:\Program Files\Java\jdk-17\bin\net.dll
0x00007ffff5160000 - 0x00007ffff5296000 	C:\WINDOWS\SYSTEM32\WINHTTP.dll
0x00007ffffef30000 - 0x00007ffffef99000 	C:\WINDOWS\system32\mswsock.dll
0x00007fffbeea0000 - 0x00007fffbeeb6000 	C:\Program Files\Java\jdk-17\bin\nio.dll
0x00007fffe5b40000 - 0x00007fffe5b50000 	C:\Program Files\Java\jdk-17\bin\verify.dll
0x00007fffd7600000 - 0x00007fffd7627000 	C:\Users\Akshada\.gradle\native\c067742578af261105cb4f569cf0c3c89f3d7b1fecec35dd04571415982c5e48\windows-amd64\native-platform.dll
0x00007fff7d290000 - 0x00007fff7d3d4000 	C:\Users\Akshada\.gradle\native\100fb08df4bc3b14c8652ba06237920a3bd2aa13389f12d3474272988ae205f9\windows-amd64\native-platform-file-events.dll
0x00007fffea5c0000 - 0x00007fffea5ca000 	C:\Program Files\Java\jdk-17\bin\management.dll
0x00007fffea5b0000 - 0x00007fffea5bb000 	C:\Program Files\Java\jdk-17\bin\management_ext.dll
0x00007fffff190000 - 0x00007fffff1ab000 	C:\WINDOWS\SYSTEM32\CRYPTSP.dll
0x00007ffffea10000 - 0x00007ffffea45000 	C:\WINDOWS\system32\rsaenh.dll
0x00007fffff020000 - 0x00007fffff048000 	C:\WINDOWS\SYSTEM32\USERENV.dll
0x00007fffff180000 - 0x00007fffff18c000 	C:\WINDOWS\SYSTEM32\CRYPTBASE.dll
0x00007ffffe520000 - 0x00007ffffe54d000 	C:\WINDOWS\SYSTEM32\IPHLPAPI.DLL
0x00007ff8019f0000 - 0x00007ff8019f9000 	C:\WINDOWS\System32\NSI.dll
0x00007ffff50b0000 - 0x00007ffff50c9000 	C:\WINDOWS\SYSTEM32\dhcpcsvc6.DLL
0x00007ffff5090000 - 0x00007ffff50af000 	C:\WINDOWS\SYSTEM32\dhcpcsvc.DLL
0x00007ffffe590000 - 0x00007ffffe692000 	C:\WINDOWS\SYSTEM32\DNSAPI.dll
0x00007fffea5a0000 - 0x00007fffea5ae000 	C:\Program Files\Java\jdk-17\bin\sunmscapi.dll
0x00007fffffa50000 - 0x00007fffffbb6000 	C:\WINDOWS\System32\CRYPT32.dll
0x00007fffff320000 - 0x00007fffff34d000 	C:\WINDOWS\SYSTEM32\ncrypt.dll
0x00007fffff2e0000 - 0x00007fffff317000 	C:\WINDOWS\SYSTEM32\NTASN1.dll
0x00007fffc2df0000 - 0x00007fffc2df8000 	C:\WINDOWS\system32\wshunix.dll

dbghelp: loaded successfully - version: 4.0.5 - missing functions: none
symbol engine: initialized successfully - sym options: 0x614 - pdb path: .;C:\Program Files\Java\jdk-17\bin;C:\WINDOWS\SYSTEM32;C:\WINDOWS\WinSxS\amd64_microsoft.windows.common-controls_6595b64144ccf1df_6.0.22621.4541_none_2710d1c57384c085;C:\Program Files\Java\jdk-17\bin\server;C:\Users\Akshada\.gradle\native\c067742578af261105cb4f569cf0c3c89f3d7b1fecec35dd04571415982c5e48\windows-amd64;C:\Users\Akshada\.gradle\native\100fb08df4bc3b14c8652ba06237920a3bd2aa13389f12d3474272988ae205f9\windows-amd64

VM Arguments:
jvm_args: --add-opens=java.base/java.util=ALL-UNNAMED --add-opens=java.base/java.lang=ALL-UNNAMED --add-opens=java.base/java.lang.invoke=ALL-UNNAMED --add-opens=java.prefs/java.util.prefs=ALL-UNNAMED --add-exports=jdk.compiler/com.sun.tools.javac.api=ALL-UNNAMED --add-exports=jdk.compiler/com.sun.tools.javac.util=ALL-UNNAMED --add-opens=java.base/java.nio.charset=ALL-UNNAMED --add-opens=java.base/java.net=ALL-UNNAMED --add-opens=java.base/java.util.concurrent.atomic=ALL-UNNAMED -XX:MaxMetaspaceSize=384m -XX:+HeapDumpOnOutOfMemoryError -Xms256m -Xmx512m -Dfile.encoding=UTF-8 -Duser.country -Duser.language=en -Duser.variant -javaagent:C:\Users\Akshada\.gradle\wrapper\dists\gradle-8.10-bin\deqhafrv1ntovfmgh0nh3npr9\gradle-8.10\lib\agents\gradle-instrumentation-agent-8.10.jar 
java_command: org.gradle.launcher.daemon.bootstrap.GradleDaemon 8.10
java_class_path (initial): C:\Users\Akshada\.gradle\wrapper\dists\gradle-8.10-bin\deqhafrv1ntovfmgh0nh3npr9\gradle-8.10\lib\gradle-daemon-main-8.10.jar
Launcher Type: SUN_STANDARD

[Global flags]
     intx CICompilerCount                          = 3                                         {product} {ergonomic}
   size_t CompressedClassSpaceSize                 = 335544320                                 {product} {ergonomic}
     uint ConcGCThreads                            = 1                                         {product} {ergonomic}
     uint G1ConcRefinementThreads                  = 4                                         {product} {ergonomic}
   size_t G1HeapRegionSize                         = 1048576                                   {product} {ergonomic}
    uintx GCDrainStackTargetSize                   = 64                                        {product} {ergonomic}
     bool HeapDumpOnOutOfMemoryError               = true                                   {manageable} {command line}
   size_t InitialHeapSize                          = 268435456                                 {product} {command line}
   size_t MarkStackSize                            = 4194304                                   {product} {ergonomic}
   size_t MaxHeapSize                              = 536870912                                 {product} {command line}
   size_t MaxMetaspaceSize                         = 402653184                                 {product} {command line}
   size_t MaxNewSize                               = 321912832                                 {product} {ergonomic}
   size_t MinHeapDeltaBytes                        = 1048576                                   {product} {ergonomic}
   size_t MinHeapSize                              = 268435456                                 {product} {command line}
    uintx NonNMethodCodeHeapSize                   = 5832780                                {pd product} {ergonomic}
    uintx NonProfiledCodeHeapSize                  = 122912730                              {pd product} {ergonomic}
    uintx ProfiledCodeHeapSize                     = 122912730                              {pd product} {ergonomic}
    uintx ReservedCodeCacheSize                    = 251658240                              {pd product} {ergonomic}
     bool SegmentedCodeCache                       = true                                      {product} {ergonomic}
   size_t SoftMaxHeapSize                          = 536870912                              {manageable} {ergonomic}
     bool UseCompressedClassPointers               = true                           {product lp64_product} {ergonomic}
     bool UseCompressedOops                        = true                           {product lp64_product} {ergonomic}
     bool UseG1GC                                  = true                                      {product} {ergonomic}
     bool UseLargePagesIndividualAllocation        = false                                  {pd product} {ergonomic}

Logging:
Log output configuration:
 #0: stdout all=warning uptime,level,tags
 #1: stderr all=off uptime,level,tags

Environment Variables:
JAVA_HOME=C:\Program Files\Java\jdk-17
PATH=C:\Program Files\Common Files\Oracle\Java\javapath;C:\Users\Akshada\Downloads\WINDOWS.X64_193000_db_home\bin;C:\Python310\Scripts\;C:\Python310\;C:\WINDOWS\system32;C:\WINDOWS;C:\WINDOWS\System32\Wbem;C:\WINDOWS\System32\WindowsPowerShell\v1.0\;C:\WINDOWS\System32\OpenSSH\;C:\ProgramData\chocolatey\bin;C:\Program Files\Microsoft SQL Server\110\Tools\Binn\;C:\Program Files\Microsoft SQL Server\150\Tools\Binn\;C:\Program Files\Git\cmd;C:\Program Files\nodejs\;C:\Program Files\Java\jdk-21\bin;C:\Program Files\Java\jdk-17\bin;C:\Users\Akshada\AppData\Local\Android\Sdk\emulator;C:\Users\Akshada\AppData\Local\Android\Sdk\platform-tools;C:\Users\Akshada\AppData\Local\Android\Sdk\tools;C:\Users\Akshada\AppData\Local\jdk-11.0.2\bin;C:\Users\Akshada\AppData\Local\Android\Sdk\tools;C:\Users\Akshada\AppData\Local\jdk-11.0.2\bin;C:\Users\Akshada\AppData\Local\Android\Sdk\tools;C:\Users\Akshada\AppData\Local\jdk-11.0.2\bin;C:\Users\Akshada\AppData\Local\Programs\Python\Python312\Scripts\;C:\Users\Akshada\AppData\Local\Programs\Python\Python312\;C:\Users\Akshada\AppData\Local\Programs\Python\Launcher\;C:\Users\Akshada\AppData\Local\Microsoft\WindowsApps;C:\MinGW\bin;C:\Users\Akshada\AppData\Local\Programs\Microsoft VS Code\bin;C:\Users\Akshada\AppData\Local\Microsoft\WinGet\Packages\Schniz.fnm_Microsoft.Winget.Source_8wekyb3d8bbwe;C:\Users\Akshada\AppData\Roaming\npm
USERNAME=Akshada
OS=Windows_NT
PROCESSOR_IDENTIFIER=Intel64 Family 6 Model 126 Stepping 5, GenuineIntel



---------------  S Y S T E M  ---------------

OS:
 Windows 11 , 64 bit Build 22621 (10.0.22621.4391)
OS uptime: 2 days 18:46 hours

CPU: total 4 (initial active 4) (2 cores per cpu, 2 threads per core) family 6 model 126 stepping 5 microcode 0xa6, cx8, cmov, fxsr, ht, mmx, 3dnowpref, sse, sse2, sse3, ssse3, sse4.1, sse4.2, popcnt, lzcnt, tsc, tscinvbit, avx, avx2, aes, erms, clmul, bmi1, bmi2, adx, avx512f, avx512dq, avx512cd, avx512bw, avx512vl, sha, fma, vzeroupper, avx512_vpopcntdq, avx512_vpclmulqdq, avx512_vaes, avx512_vnni, clflush, clflushopt, avx512_vbmi2, avx512_vbmi

Memory: 4k page, system-wide physical 3877M (364M free)
TotalPageFile size 15653M (AvailPageFile size 6M)
current process WorkingSet (physical memory assigned to process): 449M, peak: 452M
current process commit charge ("private bytes"): 516M, peak: 519M

vm_info: Java HotSpot(TM) 64-Bit Server VM (17.0.12+8-LTS-286) for windows-amd64 JRE (17.0.12+8-LTS-286), built on Jun  5 2024 06:46:59 by "mach5one" with MS VC++ 17.6 (VS2022)

END.
