#
# There is insufficient memory for the Java Runtime Environment to continue.
# Native memory allocation (mmap) failed to map 83886080 bytes for G1 virtual space
# Possible reasons:
#   The system is out of physical RAM or swap space
#   The process is running with CompressedOops enabled, and the Java Heap may be blocking the growth of the native heap
# Possible solutions:
#   Reduce memory load on the system
#   Increase physical memory or swap space
#   Check if swap backing store is full
#   Decrease Java heap size (-Xmx/-Xms)
#   Decrease number of Java threads
#   Decrease Java thread stack sizes (-Xss)
#   Set larger code cache with -XX:ReservedCodeCacheSize=
#   JVM is running with Unscaled Compressed Oops mode in which the Java heap is
#     placed in the first 4GB address space. The Java Heap base address is the
#     maximum limit for the native heap growth. Please use -XX:HeapBaseMinAddress
#     to set the Java Heap base and to place the Java Heap above 4GB virtual address.
# This output file may be truncated or incomplete.
#
#  Out of Memory Error (os_windows.cpp:3548), pid=16320, tid=10124
#
# JRE version: Java(TM) SE Runtime Environment (17.0.12+8) (build 17.0.12+8-LTS-286)
# Java VM: Java HotSpot(TM) 64-Bit Server VM (17.0.12+8-LTS-286, mixed mode, sharing, tiered, compressed oops, compressed class ptrs, g1 gc, windows-amd64)
# No core dump will be written. Minidumps are not enabled by default on client versions of Windows
#

---------------  S U M M A R Y ------------

Command Line: org.jetbrains.kotlin.cli.jvm.K2JVMCompiler @C:\HyperMinds_Projects\Implant_Website\Implant_BE\BE-Hyper\build\20250106_6356577938742442445.compiler.options

Host: Intel(R) Core(TM) i3-1005G1 CPU @ 1.20GHz, 4 cores, 3G,  Windows 11 , 64 bit Build 26100 (10.0.26100.2454)
Time: Mon Jan  6 14:02:02 2025 India Standard Time elapsed time: 6.669066 seconds (0d 0h 0m 6s)

---------------  T H R E A D  ---------------

Current thread (0x000001d12cea3da0):  VMThread "VM Thread" [stack: 0x0000004d32c00000,0x0000004d32d00000] [id=10124]

Stack: [0x0000004d32c00000,0x0000004d32d00000]
Native frames: (J=compiled Java code, j=interpreted, Vv=VM code, C=native code)
V  [jvm.dll+0x67a04a]
V  [jvm.dll+0x7da4ed]
V  [jvm.dll+0x7dbe33]
V  [jvm.dll+0x7dc4a3]
V  [jvm.dll+0x24508f]
V  [jvm.dll+0x677089]
V  [jvm.dll+0x66bd32]
V  [jvm.dll+0x301fa6]
V  [jvm.dll+0x309546]
V  [jvm.dll+0x359d2e]
V  [jvm.dll+0x359f5f]
V  [jvm.dll+0x2d9078]
V  [jvm.dll+0x2d74ad]
V  [jvm.dll+0x2d6afc]
V  [jvm.dll+0x31a65b]
V  [jvm.dll+0x7e0d9b]
V  [jvm.dll+0x7e1ad4]
V  [jvm.dll+0x7e1fed]
V  [jvm.dll+0x7e23c4]
V  [jvm.dll+0x7e2490]
V  [jvm.dll+0x78abea]
V  [jvm.dll+0x678f35]
C  [ucrtbase.dll+0x14ea0]
C  [KERNEL32.DLL+0x2e8d7]
C  [ntdll.dll+0xdfbcc]

VM_Operation (0x0000004d326fa4a0): G1CollectForAllocation, mode: safepoint, requested by thread 0x000001d12cde21d0


---------------  P R O C E S S  ---------------

Threads class SMR info:
_java_thread_list=0x000001d18b5b7f50, length=12, elements={
0x000001d12cde21d0, 0x000001d12cea9b60, 0x000001d12ceaa630, 0x000001d18b12f130,
0x000001d18b12fa00, 0x000001d18b1302d0, 0x000001d18b130ba0, 0x000001d18b139860,
0x000001d18b143b50, 0x000001d18b154470, 0x000001d18b28be00, 0x000001d18b28d2f0
}

Java Threads: ( => current thread )
  0x000001d12cde21d0 JavaThread "main" [_thread_blocked, id=15408, stack(0x0000004d32600000,0x0000004d32700000)]
  0x000001d12cea9b60 JavaThread "Reference Handler" daemon [_thread_blocked, id=11260, stack(0x0000004d32d00000,0x0000004d32e00000)]
  0x000001d12ceaa630 JavaThread "Finalizer" daemon [_thread_blocked, id=12804, stack(0x0000004d32e00000,0x0000004d32f00000)]
  0x000001d18b12f130 JavaThread "Signal Dispatcher" daemon [_thread_blocked, id=16448, stack(0x0000004d32f00000,0x0000004d33000000)]
  0x000001d18b12fa00 JavaThread "Attach Listener" daemon [_thread_blocked, id=17020, stack(0x0000004d33000000,0x0000004d33100000)]
  0x000001d18b1302d0 JavaThread "Service Thread" daemon [_thread_blocked, id=11312, stack(0x0000004d33100000,0x0000004d33200000)]
  0x000001d18b130ba0 JavaThread "Monitor Deflation Thread" daemon [_thread_blocked, id=10132, stack(0x0000004d33200000,0x0000004d33300000)]
  0x000001d18b139860 JavaThread "C2 CompilerThread0" daemon [_thread_blocked, id=11932, stack(0x0000004d33300000,0x0000004d33400000)]
  0x000001d18b143b50 JavaThread "C1 CompilerThread0" daemon [_thread_blocked, id=19160, stack(0x0000004d33400000,0x0000004d33500000)]
  0x000001d18b154470 JavaThread "Sweeper thread" daemon [_thread_blocked, id=8452, stack(0x0000004d33500000,0x0000004d33600000)]
  0x000001d18b28be00 JavaThread "Notification Thread" daemon [_thread_blocked, id=8388, stack(0x0000004d33600000,0x0000004d33700000)]
  0x000001d18b28d2f0 JavaThread "Common-Cleaner" daemon [_thread_blocked, id=12792, stack(0x0000004d33800000,0x0000004d33900000)]

Other Threads:
=>0x000001d12cea3da0 VMThread "VM Thread" [stack: 0x0000004d32c00000,0x0000004d32d00000] [id=10124]
  0x000001d12ce3a1a0 WatcherThread [stack: 0x0000004d33700000,0x0000004d33800000] [id=14696]
  0x000001d12ce1cf60 GCTaskThread "GC Thread#0" [stack: 0x0000004d32700000,0x0000004d32800000] [id=1400]
  0x000001d18b621b80 GCTaskThread "GC Thread#1" [stack: 0x0000004d33900000,0x0000004d33a00000] [id=17440]
  0x000001d18b5f2b50 GCTaskThread "GC Thread#2" [stack: 0x0000004d33a00000,0x0000004d33b00000] [id=19232]
  0x000001d18b6441a0 GCTaskThread "GC Thread#3" [stack: 0x0000004d33b00000,0x0000004d33c00000] [id=3408]
  0x000001d12ce25700 ConcurrentGCThread "G1 Main Marker" [stack: 0x0000004d32800000,0x0000004d32900000] [id=15716]
  0x000001d12ce28d10 ConcurrentGCThread "G1 Conc#0" [stack: 0x0000004d32900000,0x0000004d32a00000] [id=4064]
  0x000001d12ce74800 ConcurrentGCThread "G1 Refine#0" [stack: 0x0000004d32a00000,0x0000004d32b00000] [id=14792]
  0x000001d1910092d0 ConcurrentGCThread "G1 Refine#1" [stack: 0x0000004d33c00000,0x0000004d33d00000] [id=11528]
  0x000001d190a369e0 ConcurrentGCThread "G1 Refine#2" [stack: 0x0000004d33d00000,0x0000004d33e00000] [id=19188]
  0x000001d12ce75ff0 ConcurrentGCThread "G1 Service" [stack: 0x0000004d32b00000,0x0000004d32c00000] [id=18948]

Threads with active compile tasks:
C2 CompilerThread0     6701 4171   !   4       org.jetbrains.kotlin.metadata.ProtoBuf$Type::<init> (875 bytes)

VM state: at safepoint (normal execution)

VM Mutex/Monitor currently owned by a thread:  ([mutex/lock_event])
[0x000001d12cddbf70] Threads_lock - owner thread: 0x000001d12cea3da0
[0x000001d12cddcbd0] Heap_lock - owner thread: 0x000001d12cde21d0

Heap address: 0x00000000c3600000, size: 970 MB, Compressed Oops mode: 32-bit

CDS archive(s) mapped at: [0x000001d14a000000-0x000001d14abd0000-0x000001d14abd0000), size 12386304, SharedBaseAddress: 0x000001d14a000000, ArchiveRelocationMode: 1.
Compressed class space mapped at: 0x000001d14b000000-0x000001d18b000000, reserved size: 1073741824
Narrow klass base: 0x000001d14a000000, Narrow klass shift: 0, Narrow klass range: 0x100000000

GC Precious Log:
 CPUs: 4 total, 4 available
 Memory: 3877M
 Large Page Support: Disabled
 NUMA Support: Disabled
 Compressed Oops: Enabled (32-bit)
 Heap Region Size: 1M
 Heap Min Capacity: 8M
 Heap Initial Capacity: 62M
 Heap Max Capacity: 970M
 Pre-touch: Disabled
 Parallel Workers: 4
 Concurrent Workers: 1
 Concurrent Refinement Workers: 4
 Periodic GC: Disabled

Heap:
 garbage-first heap   total 75776K, used 36363K [0x00000000c3600000, 0x0000000100000000)
  region size 1024K, 1 young (1024K), 1 survivors (1024K)
 Metaspace       used 41539K, committed 41856K, reserved 1114112K
  class space    used 5093K, committed 5248K, reserved 1048576K

Heap Regions: E=young(eden), S=young(survivor), O=old, HS=humongous(starts), HC=humongous(continues), CS=collection set, F=free, OA=open archive, CA=closed archive, TAMS=top-at-mark-start (previous, next)
|   0|0x00000000c3600000, 0x00000000c3700000, 0x00000000c3700000|100%|HS|  |TAMS 0x00000000c3700000, 0x00000000c3600000| Complete 
|   1|0x00000000c3700000, 0x00000000c3800000, 0x00000000c3800000|100%|HC|  |TAMS 0x00000000c3800000, 0x00000000c3700000| Complete 
|   2|0x00000000c3800000, 0x00000000c3900000, 0x00000000c3900000|100%|HC|  |TAMS 0x00000000c3900000, 0x00000000c3800000| Complete 
|   3|0x00000000c3900000, 0x00000000c3a00000, 0x00000000c3a00000|100%|HC|  |TAMS 0x00000000c3a00000, 0x00000000c3900000| Complete 
|   4|0x00000000c3a00000, 0x00000000c3b00000, 0x00000000c3b00000|100%| O|  |TAMS 0x00000000c3b00000, 0x00000000c3a00000| Untracked 
|   5|0x00000000c3b00000, 0x00000000c3c00000, 0x00000000c3c00000|100%| O|  |TAMS 0x00000000c3c00000, 0x00000000c3b00000| Untracked 
|   6|0x00000000c3c00000, 0x00000000c3d00000, 0x00000000c3d00000|100%| O|  |TAMS 0x00000000c3d00000, 0x00000000c3c00000| Untracked 
|   7|0x00000000c3d00000, 0x00000000c3e00000, 0x00000000c3e00000|100%| O|  |TAMS 0x00000000c3e00000, 0x00000000c3d00000| Untracked 
|   8|0x00000000c3e00000, 0x00000000c3f00000, 0x00000000c3f00000|100%| O|  |TAMS 0x00000000c3f00000, 0x00000000c3e00000| Untracked 
|   9|0x00000000c3f00000, 0x00000000c4000000, 0x00000000c4000000|100%| O|  |TAMS 0x00000000c4000000, 0x00000000c3f00000| Untracked 
|  10|0x00000000c4000000, 0x00000000c4100000, 0x00000000c4100000|100%| O|  |TAMS 0x00000000c4000000, 0x00000000c4000000| Untracked 
|  11|0x00000000c4100000, 0x00000000c4200000, 0x00000000c4200000|100%| O|  |TAMS 0x00000000c4200000, 0x00000000c4100000| Untracked 
|  12|0x00000000c4200000, 0x00000000c4300000, 0x00000000c4300000|100%| O|  |TAMS 0x00000000c4300000, 0x00000000c4200000| Untracked 
|  13|0x00000000c4300000, 0x00000000c4400000, 0x00000000c4400000|100%| O|  |TAMS 0x00000000c4400000, 0x00000000c4300000| Untracked 
|  14|0x00000000c4400000, 0x00000000c4500000, 0x00000000c4500000|100%| O|  |TAMS 0x00000000c4500000, 0x00000000c4400000| Untracked 
|  15|0x00000000c4500000, 0x00000000c4600000, 0x00000000c4600000|100%| O|  |TAMS 0x00000000c4600000, 0x00000000c4500000| Untracked 
|  16|0x00000000c4600000, 0x00000000c4700000, 0x00000000c4700000|100%| O|  |TAMS 0x00000000c4700000, 0x00000000c4600000| Untracked 
|  17|0x00000000c4700000, 0x00000000c4800000, 0x00000000c4800000|100%| O|  |TAMS 0x00000000c4800000, 0x00000000c4700000| Untracked 
|  18|0x00000000c4800000, 0x00000000c4900000, 0x00000000c4900000|100%| O|  |TAMS 0x00000000c4900000, 0x00000000c4800000| Untracked 
|  19|0x00000000c4900000, 0x00000000c4a00000, 0x00000000c4a00000|100%| O|  |TAMS 0x00000000c4a00000, 0x00000000c4900000| Untracked 
|  20|0x00000000c4a00000, 0x00000000c4b00000, 0x00000000c4b00000|100%| O|  |TAMS 0x00000000c4b00000, 0x00000000c4a00000| Untracked 
|  21|0x00000000c4b00000, 0x00000000c4c00000, 0x00000000c4c00000|100%| O|  |TAMS 0x00000000c4c00000, 0x00000000c4b00000| Untracked 
|  22|0x00000000c4c00000, 0x00000000c4d00000, 0x00000000c4d00000|100%| O|  |TAMS 0x00000000c4d00000, 0x00000000c4c00000| Untracked 
|  23|0x00000000c4d00000, 0x00000000c4e00000, 0x00000000c4e00000|100%| O|  |TAMS 0x00000000c4e00000, 0x00000000c4d00000| Untracked 
|  24|0x00000000c4e00000, 0x00000000c4f00000, 0x00000000c4f00000|100%| O|  |TAMS 0x00000000c4f00000, 0x00000000c4e00000| Untracked 
|  25|0x00000000c4f00000, 0x00000000c5000000, 0x00000000c5000000|100%| O|  |TAMS 0x00000000c5000000, 0x00000000c4f00000| Untracked 
|  26|0x00000000c5000000, 0x00000000c5100000, 0x00000000c5100000|100%| O|  |TAMS 0x00000000c5100000, 0x00000000c5000000| Untracked 
|  27|0x00000000c5100000, 0x00000000c5200000, 0x00000000c5200000|100%| O|  |TAMS 0x00000000c5200000, 0x00000000c5100000| Untracked 
|  28|0x00000000c5200000, 0x00000000c5300000, 0x00000000c5300000|100%| O|  |TAMS 0x00000000c5300000, 0x00000000c5200000| Untracked 
|  29|0x00000000c5300000, 0x00000000c5400000, 0x00000000c5400000|100%| O|  |TAMS 0x00000000c5400000, 0x00000000c5300000| Untracked 
|  30|0x00000000c5400000, 0x00000000c5500000, 0x00000000c5500000|100%| O|  |TAMS 0x00000000c5500000, 0x00000000c5400000| Untracked 
|  31|0x00000000c5500000, 0x00000000c5600000, 0x00000000c5600000|100%| O|  |TAMS 0x00000000c5600000, 0x00000000c5500000| Untracked 
|  32|0x00000000c5600000, 0x00000000c5600000, 0x00000000c5700000|  0%| F|  |TAMS 0x00000000c5600000, 0x00000000c5600000| Untracked 
|  33|0x00000000c5700000, 0x00000000c5800000, 0x00000000c5800000|100%| O|  |TAMS 0x00000000c5800000, 0x00000000c5700000| Untracked 
|  34|0x00000000c5800000, 0x00000000c5900000, 0x00000000c5900000|100%| O|  |TAMS 0x00000000c58f2800, 0x00000000c5800000| Untracked 
|  35|0x00000000c5900000, 0x00000000c592c600, 0x00000000c5a00000| 17%| O|  |TAMS 0x00000000c5900000, 0x00000000c5900000| Untracked 
|  36|0x00000000c5a00000, 0x00000000c5a00000, 0x00000000c5b00000|  0%| F|  |TAMS 0x00000000c5a00000, 0x00000000c5a00000| Untracked 
|  37|0x00000000c5b00000, 0x00000000c5b00000, 0x00000000c5c00000|  0%| F|  |TAMS 0x00000000c5b00000, 0x00000000c5b00000| Untracked 
|  38|0x00000000c5c00000, 0x00000000c5c00000, 0x00000000c5d00000|  0%| F|  |TAMS 0x00000000c5c00000, 0x00000000c5c00000| Untracked 
|  39|0x00000000c5d00000, 0x00000000c5d00000, 0x00000000c5e00000|  0%| F|  |TAMS 0x00000000c5d00000, 0x00000000c5d00000| Untracked 
|  40|0x00000000c5e00000, 0x00000000c5e00000, 0x00000000c5f00000|  0%| F|  |TAMS 0x00000000c5e00000, 0x00000000c5e00000| Untracked 
|  41|0x00000000c5f00000, 0x00000000c5f00000, 0x00000000c6000000|  0%| F|  |TAMS 0x00000000c5f00000, 0x00000000c5f00000| Untracked 
|  42|0x00000000c6000000, 0x00000000c6000000, 0x00000000c6100000|  0%| F|  |TAMS 0x00000000c6000000, 0x00000000c6000000| Untracked 
|  43|0x00000000c6100000, 0x00000000c6100000, 0x00000000c6200000|  0%| F|  |TAMS 0x00000000c6100000, 0x00000000c6100000| Untracked 
|  44|0x00000000c6200000, 0x00000000c6200000, 0x00000000c6300000|  0%| F|  |TAMS 0x00000000c6200000, 0x00000000c6200000| Untracked 
|  45|0x00000000c6300000, 0x00000000c6300000, 0x00000000c6400000|  0%| F|  |TAMS 0x00000000c6300000, 0x00000000c6300000| Untracked 
|  46|0x00000000c6400000, 0x00000000c6400000, 0x00000000c6500000|  0%| F|  |TAMS 0x00000000c6400000, 0x00000000c6400000| Untracked 
|  47|0x00000000c6500000, 0x00000000c6500000, 0x00000000c6600000|  0%| F|  |TAMS 0x00000000c6500000, 0x00000000c6500000| Untracked 
|  48|0x00000000c6600000, 0x00000000c6600000, 0x00000000c6700000|  0%| F|  |TAMS 0x00000000c6600000, 0x00000000c6600000| Untracked 
|  49|0x00000000c6700000, 0x00000000c6700000, 0x00000000c6800000|  0%| F|  |TAMS 0x00000000c6700000, 0x00000000c6700000| Untracked 
|  50|0x00000000c6800000, 0x00000000c6800000, 0x00000000c6900000|  0%| F|  |TAMS 0x00000000c6800000, 0x00000000c6800000| Untracked 
|  51|0x00000000c6900000, 0x00000000c6900000, 0x00000000c6a00000|  0%| F|  |TAMS 0x00000000c6900000, 0x00000000c6900000| Untracked 
|  52|0x00000000c6a00000, 0x00000000c6a00000, 0x00000000c6b00000|  0%| F|  |TAMS 0x00000000c6a00000, 0x00000000c6a00000| Untracked 
|  53|0x00000000c6b00000, 0x00000000c6b00000, 0x00000000c6c00000|  0%| F|  |TAMS 0x00000000c6b00000, 0x00000000c6b00000| Untracked 
|  54|0x00000000c6c00000, 0x00000000c6c00000, 0x00000000c6d00000|  0%| F|  |TAMS 0x00000000c6c00000, 0x00000000c6c00000| Untracked 
|  55|0x00000000c6d00000, 0x00000000c6d00000, 0x00000000c6e00000|  0%| F|  |TAMS 0x00000000c6d00000, 0x00000000c6d00000| Untracked 
|  56|0x00000000c6e00000, 0x00000000c6e00000, 0x00000000c6f00000|  0%| F|  |TAMS 0x00000000c6e00000, 0x00000000c6e00000| Untracked 
|  57|0x00000000c6f00000, 0x00000000c6f00000, 0x00000000c7000000|  0%| F|  |TAMS 0x00000000c6f00000, 0x00000000c6f00000| Untracked 
|  58|0x00000000c7000000, 0x00000000c7000000, 0x00000000c7100000|  0%| F|  |TAMS 0x00000000c7000000, 0x00000000c7000000| Untracked 
|  59|0x00000000c7100000, 0x00000000c7100000, 0x00000000c7200000|  0%| F|  |TAMS 0x00000000c7100000, 0x00000000c7100000| Untracked 
|  60|0x00000000c7200000, 0x00000000c7200000, 0x00000000c7300000|  0%| F|  |TAMS 0x00000000c7200000, 0x00000000c7200000| Untracked 
|  61|0x00000000c7300000, 0x00000000c7300000, 0x00000000c7400000|  0%| F|  |TAMS 0x00000000c7300000, 0x00000000c7300000| Untracked 
|  62|0x00000000c7400000, 0x00000000c7400000, 0x00000000c7500000|  0%| F|  |TAMS 0x00000000c7400000, 0x00000000c7400000| Untracked 
|  63|0x00000000c7500000, 0x00000000c7500000, 0x00000000c7600000|  0%| F|  |TAMS 0x00000000c7500000, 0x00000000c7500000| Untracked 
|  64|0x00000000c7600000, 0x00000000c7600000, 0x00000000c7700000|  0%| F|  |TAMS 0x00000000c7600000, 0x00000000c7600000| Untracked 
|  65|0x00000000c7700000, 0x00000000c7700000, 0x00000000c7800000|  0%| F|  |TAMS 0x00000000c7700000, 0x00000000c7700000| Untracked 
|  66|0x00000000c7800000, 0x00000000c7800000, 0x00000000c7900000|  0%| F|  |TAMS 0x00000000c7800000, 0x00000000c7800000| Untracked 
|  67|0x00000000c7900000, 0x00000000c7900000, 0x00000000c7a00000|  0%| F|  |TAMS 0x00000000c7900000, 0x00000000c7900000| Untracked 
|  68|0x00000000c7a00000, 0x00000000c7a00000, 0x00000000c7b00000|  0%| F|  |TAMS 0x00000000c7a00000, 0x00000000c7a00000| Untracked 
|  69|0x00000000c7b00000, 0x00000000c7b00000, 0x00000000c7c00000|  0%| F|  |TAMS 0x00000000c7b00000, 0x00000000c7b00000| Untracked 
|  70|0x00000000c7c00000, 0x00000000c7c00000, 0x00000000c7d00000|  0%| F|  |TAMS 0x00000000c7c00000, 0x00000000c7c00000| Untracked 
|  71|0x00000000c7d00000, 0x00000000c7d566d8, 0x00000000c7e00000| 33%| S|CS|TAMS 0x00000000c7d00000, 0x00000000c7d00000| Complete 
|  72|0x00000000c7e00000, 0x00000000c7e00000, 0x00000000c7f00000|  0%| F|  |TAMS 0x00000000c7e00000, 0x00000000c7e00000| Untracked 
| 969|0x00000000fff00000, 0x0000000100000000, 0x0000000100000000|100%| O|  |TAMS 0x0000000100000000, 0x00000000fff00000| Untracked 

Card table byte_map: [0x000001d145790000,0x000001d145980000] _byte_map_base: 0x000001d145175000

Marking Bits (Prev, Next): (CMBitMap*) 0x000001d12ce1d4d0, (CMBitMap*) 0x000001d12ce1d490
 Prev Bits: [0x000001d146aa0000, 0x000001d1479c8000)
 Next Bits: [0x000001d145b70000, 0x000001d146a98000)

Polling page: 0x000001d12cca0000

Metaspace:

Usage:
  Non-class:     35.59 MB used.
      Class:      4.97 MB used.
       Both:     40.57 MB used.

Virtual space:
  Non-class space:       64.00 MB reserved,      35.75 MB ( 56%) committed,  1 nodes.
      Class space:        1.00 GB reserved,       5.12 MB ( <1%) committed,  1 nodes.
             Both:        1.06 GB reserved,      40.88 MB (  4%) committed. 

Chunk freelists:
   Non-Class:  11.16 MB
       Class:  10.72 MB
        Both:  21.88 MB

MaxMetaspaceSize: unlimited
CompressedClassSpaceSize: 1.00 GB
Initial GC threshold: 21.00 MB
Current GC threshold: 67.31 MB
CDS: on
MetaspaceReclaimPolicy: balanced
 - commit_granule_bytes: 65536.
 - commit_granule_words: 8192.
 - virtual_space_node_default_size: 8388608.
 - enlarge_chunks_in_place: 1.
 - new_chunks_are_fully_committed: 0.
 - uncommit_free_chunks: 1.
 - use_allocation_guard: 0.
 - handle_deallocations: 1.


Internal statistics:

num_allocs_failed_limit: 3.
num_arena_births: 206.
num_arena_deaths: 0.
num_vsnodes_births: 2.
num_vsnodes_deaths: 0.
num_space_committed: 652.
num_space_uncommitted: 0.
num_chunks_returned_to_freelist: 3.
num_chunks_taken_from_freelist: 1635.
num_chunk_merges: 3.
num_chunk_splits: 1344.
num_chunks_enlarged: 1184.
num_inconsistent_stats: 0.

CodeHeap 'non-profiled nmethods': size=120000Kb used=1723Kb max_used=1723Kb free=118276Kb
 bounds [0x000001d13db40000, 0x000001d13ddb0000, 0x000001d145070000]
CodeHeap 'profiled nmethods': size=120000Kb used=8937Kb max_used=8937Kb free=111062Kb
 bounds [0x000001d136070000, 0x000001d136930000, 0x000001d13d5a0000]
CodeHeap 'non-nmethods': size=5760Kb used=1310Kb max_used=1320Kb free=4449Kb
 bounds [0x000001d13d5a0000, 0x000001d13d810000, 0x000001d13db40000]
 total_blobs=4945 nmethods=4367 adapters=487
 compilation: enabled
              stopped_count=0, restarted_count=0
 full_count=0

Compilation events (20 events):
Event: 6.647 Thread 0x000001d18b143b50 4381       2       kotlin.sequences.SequencesKt___SequencesKt::filterNotNull (24 bytes)
Event: 6.647 Thread 0x000001d18b143b50 nmethod 4381 0x000001d136925b10 code [0x000001d136925d20, 0x000001d136926158]
Event: 6.648 Thread 0x000001d18b143b50 4382       3       java.text.StringCharacterIterator::current (37 bytes)
Event: 6.648 Thread 0x000001d18b143b50 nmethod 4382 0x000001d136926410 code [0x000001d136926620, 0x000001d136926c98]
Event: 6.648 Thread 0x000001d18b143b50 4383       2       kotlin.collections.ArraysKt___ArraysKt::toCollection (45 bytes)
Event: 6.649 Thread 0x000001d18b143b50 nmethod 4383 0x000001d136926f10 code [0x000001d136927140, 0x000001d136927628]
Event: 6.649 Thread 0x000001d18b143b50 4384       2       kotlin.collections.ArraysKt___ArraysKt::toSet (70 bytes)
Event: 6.650 Thread 0x000001d18b143b50 nmethod 4384 0x000001d136927990 code [0x000001d136927be0, 0x000001d1369280d8]
Event: 6.650 Thread 0x000001d18b143b50 4387       2       org.jetbrains.kotlin.load.java.structure.impl.classFiles.BinaryJavaModifierListOwner::isSet (11 bytes)
Event: 6.650 Thread 0x000001d18b143b50 nmethod 4387 0x000001d136928390 code [0x000001d136928520, 0x000001d136928668]
Event: 6.650 Thread 0x000001d18b143b50 4385       1       org.jetbrains.kotlin.load.java.structure.impl.classFiles.BinaryJavaMethodBase$Companion$MethodInfo::getValueParameterTypes (5 bytes)
Event: 6.650 Thread 0x000001d18b143b50 nmethod 4385 0x000001d13dcee290 code [0x000001d13dcee420, 0x000001d13dcee4f8]
Event: 6.650 Thread 0x000001d18b143b50 4386       1       org.jetbrains.kotlin.load.java.structure.impl.classFiles.BinaryJavaMethodBase$Companion$MethodInfo::getTypeParameters (5 bytes)
Event: 6.650 Thread 0x000001d18b143b50 nmethod 4386 0x000001d13dcee590 code [0x000001d13dcee720, 0x000001d13dcee7f8]
Event: 6.650 Thread 0x000001d18b143b50 4388       1       org.jetbrains.kotlin.load.java.structure.impl.classFiles.BinaryJavaClass::getMethods (5 bytes)
Event: 6.650 Thread 0x000001d18b143b50 nmethod 4388 0x000001d13dcee890 code [0x000001d13dceea20, 0x000001d13dceeaf8]
Event: 6.650 Thread 0x000001d18b143b50 4389       2       org.jetbrains.kotlin.load.java.structure.impl.classFiles.BinaryClassSignatureParser::parseTypeWithoutVarianceAndArray (196 bytes)
Event: 6.651 Thread 0x000001d18b143b50 nmethod 4389 0x000001d136928710 code [0x000001d136928a20, 0x000001d136929e18]
Event: 6.651 Thread 0x000001d18b143b50 4390       1       org.jetbrains.kotlin.load.java.structure.impl.classFiles.BinaryJavaMethodBase$Companion$MethodInfo::getReturnType (5 bytes)
Event: 6.651 Thread 0x000001d18b143b50 nmethod 4390 0x000001d13dceeb90 code [0x000001d13dceed20, 0x000001d13dceedf8]

GC Heap History (20 events):
Event: 4.537 GC heap after
{Heap after GC invocations=8 (full 0):
 garbage-first heap   total 49152K, used 23371K [0x00000000c3600000, 0x0000000100000000)
  region size 1024K, 2 young (2048K), 2 survivors (2048K)
 Metaspace       used 27462K, committed 27712K, reserved 1114112K
  class space    used 3634K, committed 3712K, reserved 1048576K
}
Event: 4.756 GC heap before
{Heap before GC invocations=8 (full 0):
 garbage-first heap   total 49152K, used 34635K [0x00000000c3600000, 0x0000000100000000)
  region size 1024K, 14 young (14336K), 2 survivors (2048K)
 Metaspace       used 29551K, committed 29760K, reserved 1114112K
  class space    used 3869K, committed 3968K, reserved 1048576K
}
Event: 4.760 GC heap after
{Heap after GC invocations=9 (full 0):
 garbage-first heap   total 49152K, used 25476K [0x00000000c3600000, 0x0000000100000000)
  region size 1024K, 2 young (2048K), 2 survivors (2048K)
 Metaspace       used 29551K, committed 29760K, reserved 1114112K
  class space    used 3869K, committed 3968K, reserved 1048576K
}
Event: 4.958 GC heap before
{Heap before GC invocations=10 (full 0):
 garbage-first heap   total 49152K, used 35716K [0x00000000c3600000, 0x0000000100000000)
  region size 1024K, 13 young (13312K), 2 survivors (2048K)
 Metaspace       used 31707K, committed 31936K, reserved 1114112K
  class space    used 4076K, committed 4160K, reserved 1048576K
}
Event: 4.964 GC heap after
{Heap after GC invocations=11 (full 0):
 garbage-first heap   total 49152K, used 27129K [0x00000000c3600000, 0x0000000100000000)
  region size 1024K, 2 young (2048K), 2 survivors (2048K)
 Metaspace       used 31707K, committed 31936K, reserved 1114112K
  class space    used 4076K, committed 4160K, reserved 1048576K
}
Event: 5.222 GC heap before
{Heap before GC invocations=11 (full 0):
 garbage-first heap   total 49152K, used 36345K [0x00000000c3600000, 0x0000000100000000)
  region size 1024K, 12 young (12288K), 2 survivors (2048K)
 Metaspace       used 33956K, committed 34176K, reserved 1114112K
  class space    used 4252K, committed 4352K, reserved 1048576K
}
Event: 5.228 GC heap after
{Heap after GC invocations=12 (full 0):
 garbage-first heap   total 59392K, used 28281K [0x00000000c3600000, 0x0000000100000000)
  region size 1024K, 2 young (2048K), 2 survivors (2048K)
 Metaspace       used 33956K, committed 34176K, reserved 1114112K
  class space    used 4252K, committed 4352K, reserved 1048576K
}
Event: 5.745 GC heap before
{Heap before GC invocations=13 (full 0):
 garbage-first heap   total 59392K, used 43641K [0x00000000c3600000, 0x0000000100000000)
  region size 1024K, 18 young (18432K), 2 survivors (2048K)
 Metaspace       used 37457K, committed 37696K, reserved 1114112K
  class space    used 4618K, committed 4736K, reserved 1048576K
}
Event: 5.751 GC heap after
{Heap after GC invocations=14 (full 0):
 garbage-first heap   total 59392K, used 29858K [0x00000000c3600000, 0x0000000100000000)
  region size 1024K, 3 young (3072K), 3 survivors (3072K)
 Metaspace       used 37457K, committed 37696K, reserved 1114112K
  class space    used 4618K, committed 4736K, reserved 1048576K
}
Event: 6.185 GC heap before
{Heap before GC invocations=14 (full 0):
 garbage-first heap   total 59392K, used 45218K [0x00000000c3600000, 0x0000000100000000)
  region size 1024K, 19 young (19456K), 3 survivors (3072K)
 Metaspace       used 40663K, committed 41024K, reserved 1114112K
  class space    used 5014K, committed 5184K, reserved 1048576K
}
Event: 6.194 GC heap after
{Heap after GC invocations=15 (full 0):
 garbage-first heap   total 59392K, used 31692K [0x00000000c3600000, 0x0000000100000000)
  region size 1024K, 2 young (2048K), 2 survivors (2048K)
 Metaspace       used 40663K, committed 41024K, reserved 1114112K
  class space    used 5014K, committed 5184K, reserved 1048576K
}
Event: 6.408 GC heap before
{Heap before GC invocations=16 (full 0):
 garbage-first heap   total 59392K, used 47052K [0x00000000c3600000, 0x0000000100000000)
  region size 1024K, 16 young (16384K), 2 survivors (2048K)
 Metaspace       used 40968K, committed 41280K, reserved 1114112K
  class space    used 5038K, committed 5184K, reserved 1048576K
}
Event: 6.418 GC heap after
{Heap after GC invocations=17 (full 0):
 garbage-first heap   total 59392K, used 35611K [0x00000000c3600000, 0x0000000100000000)
  region size 1024K, 2 young (2048K), 2 survivors (2048K)
 Metaspace       used 40968K, committed 41280K, reserved 1114112K
  class space    used 5038K, committed 5184K, reserved 1048576K
}
Event: 6.433 GC heap before
{Heap before GC invocations=17 (full 0):
 garbage-first heap   total 59392K, used 36635K [0x00000000c3600000, 0x0000000100000000)
  region size 1024K, 3 young (3072K), 2 survivors (2048K)
 Metaspace       used 40994K, committed 41280K, reserved 1114112K
  class space    used 5038K, committed 5184K, reserved 1048576K
}
Event: 6.438 GC heap after
{Heap after GC invocations=18 (full 0):
 garbage-first heap   total 59392K, used 36179K [0x00000000c3600000, 0x0000000100000000)
  region size 1024K, 1 young (1024K), 1 survivors (1024K)
 Metaspace       used 40994K, committed 41280K, reserved 1114112K
  class space    used 5038K, committed 5184K, reserved 1048576K
}
Event: 6.476 GC heap before
{Heap before GC invocations=18 (full 0):
 garbage-first heap   total 59392K, used 46419K [0x00000000c3600000, 0x0000000100000000)
  region size 1024K, 11 young (11264K), 1 survivors (1024K)
 Metaspace       used 41007K, committed 41280K, reserved 1114112K
  class space    used 5038K, committed 5184K, reserved 1048576K
}
Event: 6.480 GC heap after
{Heap after GC invocations=19 (full 0):
 garbage-first heap   total 59392K, used 36608K [0x00000000c3600000, 0x0000000100000000)
  region size 1024K, 1 young (1024K), 1 survivors (1024K)
 Metaspace       used 41007K, committed 41280K, reserved 1114112K
  class space    used 5038K, committed 5184K, reserved 1048576K
}
Event: 6.606 GC heap before
{Heap before GC invocations=20 (full 0):
 garbage-first heap   total 75776K, used 45824K [0x00000000c3600000, 0x0000000100000000)
  region size 1024K, 11 young (11264K), 1 survivors (1024K)
 Metaspace       used 41441K, committed 41728K, reserved 1114112K
  class space    used 5085K, committed 5248K, reserved 1048576K
}
Event: 6.611 GC heap after
{Heap after GC invocations=21 (full 0):
 garbage-first heap   total 75776K, used 37162K [0x00000000c3600000, 0x0000000100000000)
  region size 1024K, 2 young (2048K), 2 survivors (2048K)
 Metaspace       used 41441K, committed 41728K, reserved 1114112K
  class space    used 5085K, committed 5248K, reserved 1048576K
}
Event: 6.651 GC heap before
{Heap before GC invocations=21 (full 0):
 garbage-first heap   total 75776K, used 38186K [0x00000000c3600000, 0x0000000100000000)
  region size 1024K, 3 young (3072K), 2 survivors (2048K)
 Metaspace       used 41539K, committed 41856K, reserved 1114112K
  class space    used 5093K, committed 5248K, reserved 1048576K
}

Deoptimization events (20 events):
Event: 6.613 Thread 0x000001d12cde21d0 Uncommon trap: trap_request=0xffffffde fr.pc=0x000001d13dc4fc64 relative=0x0000000000000064
Event: 6.613 Thread 0x000001d12cde21d0 Uncommon trap: reason=class_check action=maybe_recompile pc=0x000001d13dc4fc64 method=java.util.Collections$UnmodifiableCollection.size()I @ 4 c2
Event: 6.613 Thread 0x000001d12cde21d0 DEOPT PACKING pc=0x000001d13dc4fc64 sp=0x0000004d326fb130
Event: 6.613 Thread 0x000001d12cde21d0 DEOPT UNPACKING pc=0x000001d13d5f5ba3 sp=0x0000004d326fb0b8 mode 2
Event: 6.614 Thread 0x000001d12cde21d0 Uncommon trap: trap_request=0xffffffde fr.pc=0x000001d13dce4fdc relative=0x00000000000000bc
Event: 6.614 Thread 0x000001d12cde21d0 Uncommon trap: reason=class_check action=maybe_recompile pc=0x000001d13dce4fdc method=java.util.Collections$UnmodifiableCollection$1.next()Ljava/lang/Object; @ 4 c2
Event: 6.614 Thread 0x000001d12cde21d0 DEOPT PACKING pc=0x000001d13dce4fdc sp=0x0000004d326fb110
Event: 6.614 Thread 0x000001d12cde21d0 DEOPT UNPACKING pc=0x000001d13d5f5ba3 sp=0x0000004d326fb0b8 mode 2
Event: 6.614 Thread 0x000001d12cde21d0 Uncommon trap: trap_request=0xffffffde fr.pc=0x000001d13dc4fc64 relative=0x0000000000000064
Event: 6.614 Thread 0x000001d12cde21d0 Uncommon trap: reason=class_check action=maybe_recompile pc=0x000001d13dc4fc64 method=java.util.Collections$UnmodifiableCollection.size()I @ 4 c2
Event: 6.614 Thread 0x000001d12cde21d0 DEOPT PACKING pc=0x000001d13dc4fc64 sp=0x0000004d326fb4b0
Event: 6.614 Thread 0x000001d12cde21d0 DEOPT UNPACKING pc=0x000001d13d5f5ba3 sp=0x0000004d326fb438 mode 2
Event: 6.614 Thread 0x000001d12cde21d0 Uncommon trap: trap_request=0xffffffde fr.pc=0x000001d13dc4fc64 relative=0x0000000000000064
Event: 6.614 Thread 0x000001d12cde21d0 Uncommon trap: reason=class_check action=maybe_recompile pc=0x000001d13dc4fc64 method=java.util.Collections$UnmodifiableCollection.size()I @ 4 c2
Event: 6.614 Thread 0x000001d12cde21d0 DEOPT PACKING pc=0x000001d13dc4fc64 sp=0x0000004d326fbd20
Event: 6.614 Thread 0x000001d12cde21d0 DEOPT UNPACKING pc=0x000001d13d5f5ba3 sp=0x0000004d326fbca8 mode 2
Event: 6.647 Thread 0x000001d12cde21d0 Uncommon trap: trap_request=0xffffff45 fr.pc=0x000001d13dcdb4e4 relative=0x00000000000000c4
Event: 6.647 Thread 0x000001d12cde21d0 Uncommon trap: reason=unstable_if action=reinterpret pc=0x000001d13dcdb4e4 method=java.text.StringCharacterIterator.current()C @ 19 c2
Event: 6.647 Thread 0x000001d12cde21d0 DEOPT PACKING pc=0x000001d13dcdb4e4 sp=0x0000004d326fab40
Event: 6.648 Thread 0x000001d12cde21d0 DEOPT UNPACKING pc=0x000001d13d5f5ba3 sp=0x0000004d326faad8 mode 2

Classes unloaded (0 events):
No events

Classes redefined (0 events):
No events

Internal exceptions (20 events):
Event: 1.886 Thread 0x000001d12cde21d0 Exception <a 'java/lang/NoSuchMethodError'{0x00000000c5178af0}: 'void java.lang.invoke.DelegatingMethodHandle$Holder.reinvoke_L(java.lang.Object, java.lang.Object, java.lang.Object, long, java.lang.Object)'> (0x00000000c5178af0) 
thrown [s\open\src\hotspot\share\interpreter\linkResolver.cpp, line 759]
Event: 1.887 Thread 0x000001d12cde21d0 Exception <a 'java/lang/NoSuchMethodError'{0x00000000c5180978}: 'java.lang.Object java.lang.invoke.DirectMethodHandle$Holder.invokeSpecial(java.lang.Object, java.lang.Object, java.lang.Object, java.lang.Object, long)'> (0x00000000c5180978) 
thrown [s\open\src\hotspot\share\interpreter\linkResolver.cpp, line 759]
Event: 1.888 Thread 0x000001d12cde21d0 Exception <a 'java/lang/NoSuchMethodError'{0x00000000c518fe60}: 'int java.lang.invoke.DelegatingMethodHandle$Holder.reinvoke_L(java.lang.Object, java.lang.Object, java.lang.Object, long, java.lang.Object, java.lang.Object)'> (0x00000000c518fe60) 
thrown [s\open\src\hotspot\share\interpreter\linkResolver.cpp, line 759]
Event: 1.890 Thread 0x000001d12cde21d0 Exception <a 'java/lang/NoSuchMethodError'{0x00000000c519e9f0}: 'int java.lang.invoke.DelegatingMethodHandle$Holder.reinvoke_L(java.lang.Object, java.lang.Object, java.lang.Object, long, int, int)'> (0x00000000c519e9f0) 
thrown [s\open\src\hotspot\share\interpreter\linkResolver.cpp, line 759]
Event: 1.891 Thread 0x000001d12cde21d0 Exception <a 'java/lang/NoSuchMethodError'{0x00000000c51ad328}: 'int java.lang.invoke.DelegatingMethodHandle$Holder.reinvoke_L(java.lang.Object, java.lang.Object, java.lang.Object, long, long, long)'> (0x00000000c51ad328) 
thrown [s\open\src\hotspot\share\interpreter\linkResolver.cpp, line 759]
Event: 1.892 Thread 0x000001d12cde21d0 Exception <a 'java/lang/NoSuchMethodError'{0x00000000c51bb940}: 'int java.lang.invoke.DelegatingMethodHandle$Holder.reinvoke_L(java.lang.Object, java.lang.Object, java.lang.Object, long, int)'> (0x00000000c51bb940) 
thrown [s\open\src\hotspot\share\interpreter\linkResolver.cpp, line 759]
Event: 1.914 Thread 0x000001d12cde21d0 Exception <a 'java/lang/NoSuchMethodError'{0x00000000c5062f68}: 'int java.lang.invoke.DirectMethodHandle$Holder.invokeStaticInit(java.lang.Object, java.lang.Object, java.lang.Object)'> (0x00000000c5062f68) 
thrown [s\open\src\hotspot\share\interpreter\linkResolver.cpp, line 759]
Event: 1.921 Thread 0x000001d12cde21d0 Exception <a 'java/lang/NoSuchMethodError'{0x00000000c508afa8}: 'int java.lang.invoke.DirectMethodHandle$Holder.invokeStaticInit(java.lang.Object, java.lang.Object)'> (0x00000000c508afa8) 
thrown [s\open\src\hotspot\share\interpreter\linkResolver.cpp, line 759]
Event: 1.944 Thread 0x000001d12cde21d0 Exception <a 'java/lang/NoSuchMethodError'{0x00000000c4f69530}: 'void java.lang.invoke.DirectMethodHandle$Holder.invokeSpecial(java.lang.Object, java.lang.Object, java.lang.Object)'> (0x00000000c4f69530) 
thrown [s\open\src\hotspot\share\interpreter\linkResolver.cpp, line 759]
Event: 2.040 Thread 0x000001d12cde21d0 Exception <a 'java/lang/NoSuchMethodError'{0x00000000c71a03f8}: 'void java.lang.invoke.DirectMethodHandle$Holder.invokeStatic(java.lang.Object, java.lang.Object, java.lang.Object, java.lang.Object)'> (0x00000000c71a03f8) 
thrown [s\open\src\hotspot\share\interpreter\linkResolver.cpp, line 759]
Event: 2.138 Thread 0x000001d12cde21d0 Exception <a 'java/lang/NoSuchMethodError'{0x00000000c6d5d628}: 'void java.lang.invoke.DirectMethodHandle$Holder.invokeStaticInit(java.lang.Object, java.lang.Object)'> (0x00000000c6d5d628) 
thrown [s\open\src\hotspot\share\interpreter\linkResolver.cpp, line 759]
Event: 2.305 Thread 0x000001d12cde21d0 Exception <a 'java/lang/NoSuchMethodError'{0x00000000c672f1a8}: 'void java.lang.invoke.DirectMethodHandle$Holder.invokeVirtual(java.lang.Object, java.lang.Object)'> (0x00000000c672f1a8) 
thrown [s\open\src\hotspot\share\interpreter\linkResolver.cpp, line 759]
Event: 2.349 Thread 0x000001d12cde21d0 Exception <a 'java/lang/NoSuchMethodError'{0x00000000c66dd760}: 'int java.lang.invoke.DirectMethodHandle$Holder.invokeVirtual(java.lang.Object, java.lang.Object)'> (0x00000000c66dd760) 
thrown [s\open\src\hotspot\share\interpreter\linkResolver.cpp, line 759]
Event: 2.369 Thread 0x000001d12cde21d0 Exception <a 'java/lang/NoSuchMethodError'{0x00000000c6579d70}: 'java.lang.Object java.lang.invoke.Invokers$Holder.invokeExact_MT(java.lang.Object, java.lang.Object, java.lang.Object, java.lang.Object, java.lang.Object, java.lang.Object)'> (0x00000000c6579d70) 
thrown [s\open\src\hotspot\share\interpreter\linkResolver.cpp, line 759]
Event: 2.659 Thread 0x000001d12cde21d0 Exception <a 'java/lang/NoSuchMethodError'{0x00000000c6285398}: 'java.lang.Object java.lang.invoke.Invokers$Holder.invoke_MT(java.lang.Object, java.lang.Object, java.lang.Object)'> (0x00000000c6285398) 
thrown [s\open\src\hotspot\share\interpreter\linkResolver.cpp, line 759]
Event: 4.566 Thread 0x000001d12cde21d0 Exception <a 'java/lang/NoSuchMethodError'{0x00000000c63c2d08}: 'java.lang.Object java.lang.invoke.DirectMethodHandle$Holder.invokeVirtual(java.lang.Object, java.lang.Object, java.lang.Object)'> (0x00000000c63c2d08) 
thrown [s\open\src\hotspot\share\interpreter\linkResolver.cpp, line 759]
Event: 5.515 Thread 0x000001d12cde21d0 Exception <a 'java/lang/NoSuchMethodError'{0x00000000c6317e58}: 'java.lang.Object java.lang.invoke.DirectMethodHandle$Holder.newInvokeSpecial(java.lang.Object, java.lang.Object, int)'> (0x00000000c6317e58) 
thrown [s\open\src\hotspot\share\interpreter\linkResolver.cpp, line 759]
Event: 5.756 Thread 0x000001d12cde21d0 Exception <a 'java/lang/NoSuchMethodError'{0x00000000c7324020}: 'java.lang.Object java.lang.invoke.DirectMethodHandle$Holder.newInvokeSpecial(java.lang.Object, java.lang.Object, java.lang.Object, int)'> (0x00000000c7324020) 
thrown [s\open\src\hotspot\share\interpreter\linkResolver.cpp, line 759]
Event: 5.757 Thread 0x000001d12cde21d0 Exception <a 'java/lang/NoSuchMethodError'{0x00000000c73286a8}: 'java.lang.Object java.lang.invoke.DirectMethodHandle$Holder.invokeSpecial(java.lang.Object, java.lang.Object, java.lang.Object, java.lang.Object, int)'> (0x00000000c73286a8) 
thrown [s\open\src\hotspot\share\interpreter\linkResolver.cpp, line 759]
Event: 5.757 Thread 0x000001d12cde21d0 Exception <a 'java/lang/NoSuchMethodError'{0x00000000c732c518}: 'java.lang.Object java.lang.invoke.Invokers$Holder.linkToTargetMethod(java.lang.Object, java.lang.Object, int, java.lang.Object)'> (0x00000000c732c518) 
thrown [s\open\src\hotspot\share\interpreter\linkResolver.cpp, line 759]

VM Operations (20 events):
Event: 6.194 Executing VM operation: G1CollectForAllocation done
Event: 6.254 Executing VM operation: G1Concurrent
Event: 6.260 Executing VM operation: G1Concurrent done
Event: 6.287 Executing VM operation: G1Concurrent
Event: 6.288 Executing VM operation: G1Concurrent done
Event: 6.408 Executing VM operation: G1CollectForAllocation
Event: 6.418 Executing VM operation: G1CollectForAllocation done
Event: 6.420 Executing VM operation: HandshakeAllThreads
Event: 6.420 Executing VM operation: HandshakeAllThreads done
Event: 6.433 Executing VM operation: G1CollectForAllocation
Event: 6.438 Executing VM operation: G1CollectForAllocation done
Event: 6.476 Executing VM operation: G1CollectForAllocation
Event: 6.480 Executing VM operation: G1CollectForAllocation done
Event: 6.549 Executing VM operation: G1Concurrent
Event: 6.554 Executing VM operation: G1Concurrent done
Event: 6.587 Executing VM operation: G1Concurrent
Event: 6.587 Executing VM operation: G1Concurrent done
Event: 6.606 Executing VM operation: G1CollectForAllocation
Event: 6.611 Executing VM operation: G1CollectForAllocation done
Event: 6.651 Executing VM operation: G1CollectForAllocation

Events (20 events):
Event: 5.514 loading class java/util/function/IntUnaryOperator
Event: 5.514 loading class java/util/function/IntUnaryOperator done
Event: 5.715 loading class java/util/ConcurrentModificationException
Event: 5.716 loading class java/util/ConcurrentModificationException done
Event: 5.728 loading class java/util/ArrayList$ListItr
Event: 5.728 loading class java/util/ArrayList$ListItr done
Event: 5.810 loading class java/io/InvalidObjectException
Event: 5.810 loading class java/io/InvalidObjectException done
Event: 5.821 loading class java/util/AbstractList$SubList$1
Event: 5.821 loading class java/util/AbstractList$SubList$1 done
Event: 5.822 loading class java/util/AbstractList$ListItr
Event: 5.822 loading class java/util/AbstractList$ListItr done
Event: 5.881 loading class java/text/StringCharacterIterator
Event: 5.882 loading class java/text/CharacterIterator
Event: 5.882 loading class java/text/CharacterIterator done
Event: 5.882 loading class java/text/StringCharacterIterator done
Event: 6.147 loading class java/util/stream/IntPipeline$1
Event: 6.147 loading class java/util/stream/IntPipeline$1 done
Event: 6.149 loading class java/util/stream/IntPipeline$1$1
Event: 6.149 loading class java/util/stream/IntPipeline$1$1 done


Dynamic libraries:
0x00007ff688ef0000 - 0x00007ff688f00000 	C:\Program Files\Java\jdk-17\bin\java.exe
0x00007ffaa8340000 - 0x00007ffaa85a3000 	C:\WINDOWS\SYSTEM32\ntdll.dll
0x00007ffaa6e60000 - 0x00007ffaa6f28000 	C:\WINDOWS\System32\KERNEL32.DLL
0x00007ffaa59c0000 - 0x00007ffaa5d72000 	C:\WINDOWS\System32\KERNELBASE.dll
0x00007ffaa5fc0000 - 0x00007ffaa610b000 	C:\WINDOWS\System32\ucrtbase.dll
0x00007ffa8f980000 - 0x00007ffa8f999000 	C:\Program Files\Java\jdk-17\bin\jli.dll
0x00007ffaa6360000 - 0x00007ffaa6414000 	C:\WINDOWS\System32\ADVAPI32.dll
0x00007ffa9dcd0000 - 0x00007ffa9dceb000 	C:\Program Files\Java\jdk-17\bin\VCRUNTIME140.dll
0x00007ffaa6b40000 - 0x00007ffaa6be9000 	C:\WINDOWS\System32\msvcrt.dll
0x00007ffaa71e0000 - 0x00007ffaa7286000 	C:\WINDOWS\System32\sechost.dll
0x00007ffaa81e0000 - 0x00007ffaa82f6000 	C:\WINDOWS\System32\RPCRT4.dll
0x00007ffaa7370000 - 0x00007ffaa7538000 	C:\WINDOWS\System32\USER32.dll
0x00007ffa8a4e0000 - 0x00007ffa8a770000 	C:\WINDOWS\WinSxS\amd64_microsoft.windows.common-controls_6595b64144ccf1df_6.0.26100.2454_none_3e0b68a2e331ad60\COMCTL32.dll
0x00007ffaa69b0000 - 0x00007ffaa69da000 	C:\WINDOWS\System32\GDI32.dll
0x00007ffaa5ed0000 - 0x00007ffaa5ef7000 	C:\WINDOWS\System32\win32u.dll
0x00007ffaa5710000 - 0x00007ffaa583b000 	C:\WINDOWS\System32\gdi32full.dll
0x00007ffaa5d80000 - 0x00007ffaa5e23000 	C:\WINDOWS\System32\msvcp_win.dll
0x00007ffa932e0000 - 0x00007ffa932eb000 	C:\WINDOWS\SYSTEM32\VERSION.dll
0x00007ffaa81a0000 - 0x00007ffaa81cf000 	C:\WINDOWS\System32\IMM32.DLL
0x00007ffa9dd30000 - 0x00007ffa9dd3c000 	C:\Program Files\Java\jdk-17\bin\vcruntime140_1.dll
0x00007ffa6b640000 - 0x00007ffa6b6ce000 	C:\Program Files\Java\jdk-17\bin\msvcp140.dll
0x00007ffa0a540000 - 0x00007ffa0b120000 	C:\Program Files\Java\jdk-17\bin\server\jvm.dll
0x00007ffaa79b0000 - 0x00007ffaa79b8000 	C:\WINDOWS\System32\PSAPI.DLL
0x00007ffa8f970000 - 0x00007ffa8f97a000 	C:\WINDOWS\SYSTEM32\WSOCK32.dll
0x00007ffa87990000 - 0x00007ffa879c6000 	C:\WINDOWS\SYSTEM32\WINMM.dll
0x00007ffaa7290000 - 0x00007ffaa7304000 	C:\WINDOWS\System32\WS2_32.dll
0x00007ffaa4550000 - 0x00007ffaa456a000 	C:\WINDOWS\SYSTEM32\kernel.appcore.dll
0x00007ffa8f960000 - 0x00007ffa8f96a000 	C:\Program Files\Java\jdk-17\bin\jimage.dll
0x00007ffa9f2c0000 - 0x00007ffa9f501000 	C:\WINDOWS\SYSTEM32\DBGHELP.DLL
0x00007ffaa7620000 - 0x00007ffaa799e000 	C:\WINDOWS\System32\combase.dll
0x00007ffaa6280000 - 0x00007ffaa6356000 	C:\WINDOWS\System32\OLEAUT32.dll
0x00007ffa80e80000 - 0x00007ffa80eb9000 	C:\WINDOWS\SYSTEM32\dbgcore.DLL
0x00007ffaa5e30000 - 0x00007ffaa5ec9000 	C:\WINDOWS\System32\bcryptPrimitives.dll
0x00007ffa89200000 - 0x00007ffa89225000 	C:\Program Files\Java\jdk-17\bin\java.dll
0x00007ffa6b2e0000 - 0x00007ffa6b3b7000 	C:\Program Files\Java\jdk-17\bin\jsvml.dll
0x00007ffaa79c0000 - 0x00007ffaa80c0000 	C:\WINDOWS\System32\SHELL32.dll
0x00007ffaa3460000 - 0x00007ffaa3c91000 	C:\WINDOWS\SYSTEM32\windows.storage.dll
0x00007ffaa7540000 - 0x00007ffaa761a000 	C:\WINDOWS\System32\SHCORE.dll
0x00007ffaa6220000 - 0x00007ffaa627d000 	C:\WINDOWS\System32\shlwapi.dll
0x00007ffaa5620000 - 0x00007ffaa564e000 	C:\WINDOWS\SYSTEM32\profapi.dll
0x00007ffa89d60000 - 0x00007ffa89d79000 	C:\Program Files\Java\jdk-17\bin\net.dll
0x00007ffa9ab40000 - 0x00007ffa9ac66000 	C:\WINDOWS\SYSTEM32\WINHTTP.dll
0x00007ffaa4a50000 - 0x00007ffaa4ab8000 	C:\WINDOWS\system32\mswsock.dll
0x00007ffa89330000 - 0x00007ffa89346000 	C:\Program Files\Java\jdk-17\bin\nio.dll
0x00007ffa8aad0000 - 0x00007ffa8aae8000 	C:\Program Files\Java\jdk-17\bin\zip.dll
0x00007ffa8ef40000 - 0x00007ffa8ef50000 	C:\Program Files\Java\jdk-17\bin\verify.dll

dbghelp: loaded successfully - version: 4.0.5 - missing functions: none
symbol engine: initialized successfully - sym options: 0x614 - pdb path: .;C:\Program Files\Java\jdk-17\bin;C:\WINDOWS\SYSTEM32;C:\WINDOWS\WinSxS\amd64_microsoft.windows.common-controls_6595b64144ccf1df_6.0.26100.2454_none_3e0b68a2e331ad60;C:\Program Files\Java\jdk-17\bin\server

VM Arguments:
java_command: org.jetbrains.kotlin.cli.jvm.K2JVMCompiler @C:\HyperMinds_Projects\Implant_Website\Implant_BE\BE-Hyper\build\20250106_6356577938742442445.compiler.options
java_class_path (initial): C:\Users\Akshada\.gradle\caches\modules-2\files-2.1\org.jetbrains.kotlin\kotlin-compiler-embeddable\1.9.0\2c8c3a7402becca891f12739b3e9fd2dc2adbd7a\kotlin-compiler-embeddable-1.9.0.jar;C:\Users\Akshada\.gradle\caches\modules-2\files-2.1\org.jetbrains.kotlin\kotlin-stdlib\1.9.0\8ee15ef0c67dc83d874f412d84378d7f0eb50b63\kotlin-stdlib-1.9.0.jar;C:\Users\Akshada\.gradle\caches\modules-2\files-2.1\org.jetbrains.kotlin\kotlin-script-runtime\1.9.0\4b3102cbbb7e1b58d9d1adf89563f00069ffa7d1\kotlin-script-runtime-1.9.0.jar;C:\Users\Akshada\.gradle\caches\modules-2\files-2.1\org.jetbrains.kotlin\kotlin-reflect\1.9.0\2891f552979d4bf4d4ec516acb9df769fb62dbe9\kotlin-reflect-1.9.0.jar;C:\Users\Akshada\.gradle\caches\modules-2\files-2.1\org.jetbrains.kotlin\kotlin-daemon-embeddable\1.9.0\186543f5e28cf8d9a0290fecc2cf34301c40a65c\kotlin-daemon-embeddable-1.9.0.jar;C:\Users\Akshada\.gradle\caches\modules-2\files-2.1\org.jetbrains.intellij.deps\trove4j\1.0.20200330\3afb14d5f9ceb459d724e907a21145e8ff394f02\trove4j-1.0.20200330.jar;C:\Users\Akshada\.gradle\caches\modules-2\files-2.1\org.jetbrains.kotlin\kotlin-stdlib-common\1.9.0\cd65c21cfd1eec4d44ef09f9f52b6d9f8a720636\kotlin-stdlib-common-1.9.0.jar;C:\Users\Akshada\.gradle\caches\modules-2\files-2.1\org.jetbrains\annotations\13.0\919f0dfe192fb4e063e7dacadee7f8bb9a2672a9\annotations-13.0.jar
Launcher Type: SUN_STANDARD

[Global flags]
     intx CICompilerCount                          = 3                                         {product} {ergonomic}
     uint ConcGCThreads                            = 1                                         {product} {ergonomic}
     uint G1ConcRefinementThreads                  = 4                                         {product} {ergonomic}
   size_t G1HeapRegionSize                         = 1048576                                   {product} {ergonomic}
    uintx GCDrainStackTargetSize                   = 64                                        {product} {ergonomic}
   size_t InitialHeapSize                          = 65011712                                  {product} {ergonomic}
   size_t MarkStackSize                            = 4194304                                   {product} {ergonomic}
   size_t MaxHeapSize                              = 1017118720                                {product} {ergonomic}
   size_t MaxNewSize                               = 610271232                                 {product} {ergonomic}
   size_t MinHeapDeltaBytes                        = 1048576                                   {product} {ergonomic}
   size_t MinHeapSize                              = 8388608                                   {product} {ergonomic}
    uintx NonNMethodCodeHeapSize                   = 5832780                                {pd product} {ergonomic}
    uintx NonProfiledCodeHeapSize                  = 122912730                              {pd product} {ergonomic}
    uintx ProfiledCodeHeapSize                     = 122912730                              {pd product} {ergonomic}
    uintx ReservedCodeCacheSize                    = 251658240                              {pd product} {ergonomic}
     bool SegmentedCodeCache                       = true                                      {product} {ergonomic}
   size_t SoftMaxHeapSize                          = 1017118720                             {manageable} {ergonomic}
     bool UseCompressedClassPointers               = true                           {product lp64_product} {ergonomic}
     bool UseCompressedOops                        = true                           {product lp64_product} {ergonomic}
     bool UseG1GC                                  = true                                      {product} {ergonomic}
     bool UseLargePagesIndividualAllocation        = false                                  {pd product} {ergonomic}

Logging:
Log output configuration:
 #0: stdout all=warning uptime,level,tags
 #1: stderr all=off uptime,level,tags

Environment Variables:
JAVA_HOME=C:\Program Files\Java\jdk-17
PATH=C:\Program Files\Common Files\Oracle\Java\javapath;C:\Users\Akshada\Downloads\WINDOWS.X64_193000_db_home\bin;C:\Python310\Scripts\;C:\Python310\;C:\WINDOWS\system32;C:\WINDOWS;C:\WINDOWS\System32\Wbem;C:\WINDOWS\System32\WindowsPowerShell\v1.0\;C:\WINDOWS\System32\OpenSSH\;C:\ProgramData\chocolatey\bin;C:\Program Files\Microsoft SQL Server\110\Tools\Binn\;C:\Program Files\Microsoft SQL Server\150\Tools\Binn\;C:\Program Files\Git\cmd;C:\Program Files\nodejs\;C:\Program Files\Java\jdk-21\bin;C:\Program Files\Java\jdk-17\bin;C:\Users\Akshada\AppData\Local\Android\Sdk\emulator;C:\Users\Akshada\AppData\Local\Android\Sdk\platform-tools;C:\Users\Akshada\AppData\Local\Android\Sdk\tools;C:\Users\Akshada\AppData\Local\jdk-11.0.2\bin;C:\Users\Akshada\AppData\Local\Programs\Python\Python312\Scripts\;C:\Users\Akshada\AppData\Local\Programs\Python\Python312\;C:\Users\Akshada\AppData\Local\Programs\Python\Launcher\;C:\Users\Akshada\AppData\Local\Microsoft\WindowsApps;C:\MinGW\bin;C:\Users\Akshada\AppData\Local\Programs\Microsoft VS Code\bin;C:\Users\Akshada\AppData\Local\Microsoft\WinGet\Packages\Schniz.fnm_Microsoft.Winget.Source_8wekyb3d8bbwe;C:\Users\Akshada\AppData\Roaming\npm;
USERNAME=Akshada
OS=Windows_NT
PROCESSOR_IDENTIFIER=Intel64 Family 6 Model 126 Stepping 5, GenuineIntel



---------------  S Y S T E M  ---------------

OS:
 Windows 11 , 64 bit Build 26100 (10.0.26100.2454)
OS uptime: 0 days 23:25 hours

CPU: total 4 (initial active 4) (2 cores per cpu, 2 threads per core) family 6 model 126 stepping 5 microcode 0xa6, cx8, cmov, fxsr, ht, mmx, 3dnowpref, sse, sse2, sse3, ssse3, sse4.1, sse4.2, popcnt, lzcnt, tsc, tscinvbit, avx, avx2, aes, erms, clmul, bmi1, bmi2, adx, avx512f, avx512dq, avx512cd, avx512bw, avx512vl, sha, fma, vzeroupper, avx512_vpopcntdq, avx512_vpclmulqdq, avx512_vaes, avx512_vnni, clflush, clflushopt, avx512_vbmi2, avx512_vbmi

Memory: 4k page, system-wide physical 3877M (299M free)
TotalPageFile size 15653M (AvailPageFile size 77M)
current process WorkingSet (physical memory assigned to process): 198M, peak: 198M
current process commit charge ("private bytes"): 240M, peak: 320M

vm_info: Java HotSpot(TM) 64-Bit Server VM (17.0.12+8-LTS-286) for windows-amd64 JRE (17.0.12+8-LTS-286), built on Jun  5 2024 06:46:59 by "mach5one" with MS VC++ 17.6 (VS2022)

END.
