#
# There is insufficient memory for the Java Runtime Environment to continue.
# Native memory allocation (malloc) failed to allocate 746656 bytes for Chunk::new
# Possible reasons:
#   The system is out of physical RAM or swap space
#   The process is running with CompressedOops enabled, and the Java Heap may be blocking the growth of the native heap
# Possible solutions:
#   Reduce memory load on the system
#   Increase physical memory or swap space
#   Check if swap backing store is full
#   Decrease Java heap size (-Xmx/-Xms)
#   Decrease number of Java threads
#   Decrease Java thread stack sizes (-Xss)
#   Set larger code cache with -XX:ReservedCodeCacheSize=
#   JVM is running with Unscaled Compressed Oops mode in which the Java heap is
#     placed in the first 4GB address space. The Java Heap base address is the
#     maximum limit for the native heap growth. Please use -XX:HeapBaseMinAddress
#     to set the Java Heap base and to place the Java Heap above 4GB virtual address.
# This output file may be truncated or incomplete.
#
#  Out of Memory Error (arena.cpp:189), pid=7136, tid=17624
#
# JRE version: Java(TM) SE Runtime Environment (17.0.12+8) (build 17.0.12+8-LTS-286)
# Java VM: Java HotSpot(TM) 64-Bit Server VM (17.0.12+8-LTS-286, mixed mode, sharing, tiered, compressed oops, compressed class ptrs, g1 gc, windows-amd64)
# No core dump will be written. Minidumps are not enabled by default on client versions of Windows
#

---------------  S U M M A R Y ------------

Command Line: --add-opens=java.base/java.util=ALL-UNNAMED --add-opens=java.base/java.lang=ALL-UNNAMED --add-opens=java.base/java.lang.invoke=ALL-UNNAMED --add-opens=java.prefs/java.util.prefs=ALL-UNNAMED --add-exports=jdk.compiler/com.sun.tools.javac.api=ALL-UNNAMED --add-exports=jdk.compiler/com.sun.tools.javac.util=ALL-UNNAMED --add-opens=java.base/java.nio.charset=ALL-UNNAMED --add-opens=java.base/java.net=ALL-UNNAMED --add-opens=java.base/java.util.concurrent.atomic=ALL-UNNAMED -XX:MaxMetaspaceSize=384m -XX:+HeapDumpOnOutOfMemoryError -Xms256m -Xmx512m -Dfile.encoding=UTF-8 -Duser.country -Duser.language=en -Duser.variant -javaagent:C:\Users\Akshada\.gradle\wrapper\dists\gradle-8.10-bin\deqhafrv1ntovfmgh0nh3npr9\gradle-8.10\lib\agents\gradle-instrumentation-agent-8.10.jar org.gradle.launcher.daemon.bootstrap.GradleDaemon 8.10

Host: Intel(R) Core(TM) i3-1005G1 CPU @ 1.20GHz, 4 cores, 3G,  Windows 11 , 64 bit Build 22621 (10.0.22621.4391)
Time: Thu Dec 19 15:51:38 2024 India Standard Time elapsed time: 13.497782 seconds (0d 0h 0m 13s)

---------------  T H R E A D  ---------------

Current thread (0x00000266ed974e00):  JavaThread "C2 CompilerThread0" daemon [_thread_in_native, id=17624, stack(0x000000e25b600000,0x000000e25b700000)]


Current CompileTask:
C2:  13498 7351       4       groovy.lang.MetaClassImpl$1MOPIter::methodNameAction (325 bytes)

Stack: [0x000000e25b600000,0x000000e25b700000]
Native frames: (J=compiled Java code, j=interpreted, Vv=VM code, C=native code)
V  [jvm.dll+0x67a04a]
V  [jvm.dll+0x7da4ed]
V  [jvm.dll+0x7dbe33]
V  [jvm.dll+0x7dc4a3]
V  [jvm.dll+0x24508f]
V  [jvm.dll+0xab773]
V  [jvm.dll+0xabd3c]
V  [jvm.dll+0x2aa52f]
V  [jvm.dll+0x581eb9]
V  [jvm.dll+0x21f422]
V  [jvm.dll+0x21f81f]
V  [jvm.dll+0x218aa0]
V  [jvm.dll+0x215b65]
V  [jvm.dll+0x1a2960]
V  [jvm.dll+0x22610b]
V  [jvm.dll+0x2242ab]
V  [jvm.dll+0x79075c]
V  [jvm.dll+0x78abea]
V  [jvm.dll+0x678f35]
C  [ucrtbase.dll+0x29333]
C  [KERNEL32.DLL+0x1259d]
C  [ntdll.dll+0x5af38]


---------------  P R O C E S S  ---------------

Threads class SMR info:
_java_thread_list=0x00000266f63e77f0, length=52, elements={
0x00000266d38d7810, 0x00000266ed94cfc0, 0x00000266ed94dd90, 0x00000266ed962db0,
0x00000266ed963680, 0x00000266ed963f50, 0x00000266ed966830, 0x00000266ed974e00,
0x00000266ed9757c0, 0x00000266ed9760d0, 0x00000266ed939c30, 0x00000266edc20e60,
0x00000266f2bc35b0, 0x00000266f38cfd10, 0x00000266f3665a50, 0x00000266f3b039c0,
0x00000266f3b02580, 0x00000266f3b02a90, 0x00000266f3b02fa0, 0x00000266f3b05820,
0x00000266f3b048f0, 0x00000266f3b03ed0, 0x00000266f3b043e0, 0x00000266f3b04e00,
0x00000266f3b034b0, 0x00000266f3b05310, 0x00000266f3b02070, 0x00000266f2df4fb0,
0x00000266f2df3b70, 0x00000266f2dee560, 0x00000266f2defeb0, 0x00000266f2df1800,
0x00000266f2df1d10, 0x00000266f2df4590, 0x00000266f2df2220, 0x00000266f2df4aa0,
0x00000266f2df2730, 0x00000266f2dedb40, 0x00000266f2df2c40, 0x00000266f2df3150,
0x00000266f2df3660, 0x00000266f2df54c0, 0x00000266f2dee050, 0x00000266f2df08d0,
0x00000266f2df12f0, 0x00000266f5b4c3e0, 0x00000266f5b4d820, 0x00000266f5b4ce00,
0x00000266f5b4b4b0, 0x00000266f5b4a580, 0x00000266f5b4aa90, 0x00000266f5b4a070
}

Java Threads: ( => current thread )
  0x00000266d38d7810 JavaThread "main" [_thread_blocked, id=13984, stack(0x000000e25a900000,0x000000e25aa00000)]
  0x00000266ed94cfc0 JavaThread "Reference Handler" daemon [_thread_blocked, id=18416, stack(0x000000e25b000000,0x000000e25b100000)]
  0x00000266ed94dd90 JavaThread "Finalizer" daemon [_thread_blocked, id=20468, stack(0x000000e25b100000,0x000000e25b200000)]
  0x00000266ed962db0 JavaThread "Signal Dispatcher" daemon [_thread_blocked, id=14748, stack(0x000000e25b200000,0x000000e25b300000)]
  0x00000266ed963680 JavaThread "Attach Listener" daemon [_thread_blocked, id=18744, stack(0x000000e25b300000,0x000000e25b400000)]
  0x00000266ed963f50 JavaThread "Service Thread" daemon [_thread_blocked, id=17804, stack(0x000000e25b400000,0x000000e25b500000)]
  0x00000266ed966830 JavaThread "Monitor Deflation Thread" daemon [_thread_blocked, id=9388, stack(0x000000e25b500000,0x000000e25b600000)]
=>0x00000266ed974e00 JavaThread "C2 CompilerThread0" daemon [_thread_in_native, id=17624, stack(0x000000e25b600000,0x000000e25b700000)]
  0x00000266ed9757c0 JavaThread "C1 CompilerThread0" daemon [_thread_blocked, id=2548, stack(0x000000e25b700000,0x000000e25b800000)]
  0x00000266ed9760d0 JavaThread "Sweeper thread" daemon [_thread_blocked, id=7028, stack(0x000000e25b800000,0x000000e25b900000)]
  0x00000266ed939c30 JavaThread "Common-Cleaner" daemon [_thread_blocked, id=12020, stack(0x000000e25b900000,0x000000e25ba00000)]
  0x00000266edc20e60 JavaThread "Notification Thread" daemon [_thread_blocked, id=13244, stack(0x000000e25ba00000,0x000000e25bb00000)]
  0x00000266f2bc35b0 JavaThread "Daemon health stats" [_thread_blocked, id=17504, stack(0x000000e25bf00000,0x000000e25c000000)]
  0x00000266f38cfd10 JavaThread "Incoming local TCP Connector on port 59597" [_thread_in_native, id=10596, stack(0x000000e25c000000,0x000000e25c100000)]
  0x00000266f3665a50 JavaThread "Daemon periodic checks" [_thread_blocked, id=4632, stack(0x000000e25c100000,0x000000e25c200000)]
  0x00000266f3b039c0 JavaThread "Daemon" [_thread_blocked, id=11648, stack(0x000000e25c200000,0x000000e25c300000)]
  0x00000266f3b02580 JavaThread "Handler for socket connection from /127.0.0.1:59597 to /127.0.0.1:59598" [_thread_in_native, id=17768, stack(0x000000e25c300000,0x000000e25c400000)]
  0x00000266f3b02a90 JavaThread "Cancel handler" [_thread_blocked, id=19016, stack(0x000000e25c400000,0x000000e25c500000)]
  0x00000266f3b02fa0 JavaThread "Daemon worker" [_thread_in_vm, id=4380, stack(0x000000e25c500000,0x000000e25c600000)]
  0x00000266f3b05820 JavaThread "Asynchronous log dispatcher for DefaultDaemonConnection: socket connection from /127.0.0.1:59597 to /127.0.0.1:59598" [_thread_blocked, id=20004, stack(0x000000e25c600000,0x000000e25c700000)]
  0x00000266f3b048f0 JavaThread "Stdin handler" [_thread_blocked, id=6460, stack(0x000000e25c700000,0x000000e25c800000)]
  0x00000266f3b03ed0 JavaThread "Daemon client event forwarder" [_thread_blocked, id=9220, stack(0x000000e25c800000,0x000000e25c900000)]
  0x00000266f3b043e0 JavaThread "Cache worker for journal cache (C:\Users\Akshada\.gradle\caches\journal-1)" [_thread_blocked, id=11364, stack(0x000000e25c900000,0x000000e25ca00000)]
  0x00000266f3b04e00 JavaThread "File lock request listener" [_thread_in_native, id=7000, stack(0x000000e25ca00000,0x000000e25cb00000)]
  0x00000266f3b034b0 JavaThread "Cache worker for file hash cache (C:\Users\Akshada\.gradle\caches\8.10\fileHashes)" [_thread_blocked, id=6192, stack(0x000000e25cb00000,0x000000e25cc00000)]
  0x00000266f3b05310 JavaThread "Cache worker for file hash cache (C:\HyperMinds_Projects\Implant_Website\Implant_BE\BE-Hyper\.gradle\8.10\fileHashes)" [_thread_blocked, id=19928, stack(0x000000e25cc00000,0x000000e25cd00000)]
  0x00000266f3b02070 JavaThread "Cache worker for Build Output Cleanup Cache (C:\HyperMinds_Projects\Implant_Website\Implant_BE\BE-Hyper\.gradle\buildOutputCleanup)" [_thread_blocked, id=21120, stack(0x000000e25cd00000,0x000000e25ce00000)]
  0x00000266f2df4fb0 JavaThread "File watcher server" daemon [_thread_in_native, id=12240, stack(0x000000e25ce00000,0x000000e25cf00000)]
  0x00000266f2df3b70 JavaThread "File watcher consumer" daemon [_thread_blocked, id=6264, stack(0x000000e25cf00000,0x000000e25d000000)]
  0x00000266f2dee560 JavaThread "jar transforms" [_thread_blocked, id=21320, stack(0x000000e25d000000,0x000000e25d100000)]
  0x00000266f2defeb0 JavaThread "jar transforms Thread 2" [_thread_blocked, id=19888, stack(0x000000e25d100000,0x000000e25d200000)]
  0x00000266f2df1800 JavaThread "jar transforms Thread 3" [_thread_blocked, id=13792, stack(0x000000e25d200000,0x000000e25d300000)]
  0x00000266f2df1d10 JavaThread "jar transforms Thread 4" [_thread_blocked, id=11408, stack(0x000000e25d300000,0x000000e25d400000)]
  0x00000266f2df4590 JavaThread "Cache worker for checksums cache (C:\HyperMinds_Projects\Implant_Website\Implant_BE\BE-Hyper\.gradle\8.10\checksums)" [_thread_blocked, id=19784, stack(0x000000e25d400000,0x000000e25d500000)]
  0x00000266f2df2220 JavaThread "Cache worker for file content cache (C:\Users\Akshada\.gradle\caches\8.10\fileContent)" [_thread_blocked, id=5276, stack(0x000000e25d500000,0x000000e25d600000)]
  0x00000266f2df4aa0 JavaThread "Cache worker for cache directory md-rule (C:\Users\Akshada\.gradle\caches\8.10\md-rule)" [_thread_blocked, id=18168, stack(0x000000e25d600000,0x000000e25d700000)]
  0x00000266f2df2730 JavaThread "Cache worker for cache directory md-supplier (C:\Users\Akshada\.gradle\caches\8.10\md-supplier)" [_thread_blocked, id=17224, stack(0x000000e25d700000,0x000000e25d800000)]
  0x00000266f2dedb40 JavaThread "Unconstrained build operations" [_thread_blocked, id=7472, stack(0x000000e25da00000,0x000000e25db00000)]
  0x00000266f2df2c40 JavaThread "Unconstrained build operations Thread 2" [_thread_blocked, id=15912, stack(0x000000e25db00000,0x000000e25dc00000)]
  0x00000266f2df3150 JavaThread "Unconstrained build operations Thread 3" [_thread_blocked, id=7152, stack(0x000000e25dc00000,0x000000e25dd00000)]
  0x00000266f2df3660 JavaThread "Unconstrained build operations Thread 4" [_thread_blocked, id=12300, stack(0x000000e25dd00000,0x000000e25de00000)]
  0x00000266f2df54c0 JavaThread "Unconstrained build operations Thread 5" [_thread_blocked, id=21252, stack(0x000000e25de00000,0x000000e25df00000)]
  0x00000266f2dee050 JavaThread "Unconstrained build operations Thread 6" [_thread_blocked, id=8452, stack(0x000000e25df00000,0x000000e25e000000)]
  0x00000266f2df08d0 JavaThread "Unconstrained build operations Thread 7" [_thread_blocked, id=12324, stack(0x000000e25e000000,0x000000e25e100000)]
  0x00000266f2df12f0 JavaThread "Unconstrained build operations Thread 8" [_thread_blocked, id=21460, stack(0x000000e25e100000,0x000000e25e200000)]
  0x00000266f5b4c3e0 JavaThread "Unconstrained build operations Thread 9" [_thread_blocked, id=8176, stack(0x000000e25e200000,0x000000e25e300000)]
  0x00000266f5b4d820 JavaThread "Unconstrained build operations Thread 10" [_thread_blocked, id=20960, stack(0x000000e25e300000,0x000000e25e400000)]
  0x00000266f5b4ce00 JavaThread "Unconstrained build operations Thread 11" [_thread_blocked, id=20484, stack(0x000000e25e400000,0x000000e25e500000)]
  0x00000266f5b4b4b0 JavaThread "Unconstrained build operations Thread 12" [_thread_blocked, id=4176, stack(0x000000e25e500000,0x000000e25e600000)]
  0x00000266f5b4a580 JavaThread "Unconstrained build operations Thread 13" [_thread_blocked, id=8596, stack(0x000000e25e600000,0x000000e25e700000)]
  0x00000266f5b4aa90 JavaThread "Unconstrained build operations Thread 14" [_thread_blocked, id=460, stack(0x000000e25e700000,0x000000e25e800000)]
  0x00000266f5b4a070 JavaThread "Unconstrained build operations Thread 15" [_thread_blocked, id=424, stack(0x000000e25e800000,0x000000e25e900000)]

Other Threads:
  0x00000266ed9475d0 VMThread "VM Thread" [stack: 0x000000e25af00000,0x000000e25b000000] [id=20084]
  0x00000266d3912250 WatcherThread [stack: 0x000000e25bb00000,0x000000e25bc00000] [id=6536]
  0x00000266d39059a0 GCTaskThread "GC Thread#0" [stack: 0x000000e25aa00000,0x000000e25ab00000] [id=8932]
  0x00000266edd9e4d0 GCTaskThread "GC Thread#1" [stack: 0x000000e25bc00000,0x000000e25bd00000] [id=1672]
  0x00000266f20607d0 GCTaskThread "GC Thread#2" [stack: 0x000000e25bd00000,0x000000e25be00000] [id=21040]
  0x00000266edd14300 GCTaskThread "GC Thread#3" [stack: 0x000000e25be00000,0x000000e25bf00000] [id=456]
  0x00000266d390a7f0 ConcurrentGCThread "G1 Main Marker" [stack: 0x000000e25ab00000,0x000000e25ac00000] [id=2468]
  0x00000266d390b100 ConcurrentGCThread "G1 Conc#0" [stack: 0x000000e25ac00000,0x000000e25ad00000] [id=20820]
  0x00000266d399dc80 ConcurrentGCThread "G1 Refine#0" [stack: 0x000000e25ad00000,0x000000e25ae00000] [id=16804]
  0x00000266f5497000 ConcurrentGCThread "G1 Refine#1" [stack: 0x000000e25d800000,0x000000e25d900000] [id=21236]
  0x00000266f565fa30 ConcurrentGCThread "G1 Refine#2" [stack: 0x000000e25d900000,0x000000e25da00000] [id=2228]
  0x00000266d399e5b0 ConcurrentGCThread "G1 Service" [stack: 0x000000e25ae00000,0x000000e25af00000] [id=14888]

Threads with active compile tasks:
C2 CompilerThread0    13556 7351       4       groovy.lang.MetaClassImpl$1MOPIter::methodNameAction (325 bytes)
C1 CompilerThread0    13556 7377       3       java.util.concurrent.ConcurrentHashMap$ValuesView::iterator (34 bytes)

VM state: not at safepoint (normal execution)

VM Mutex/Monitor currently owned by a thread: None

Heap address: 0x00000000e0000000, size: 512 MB, Compressed Oops mode: 32-bit

CDS archive(s) mapped at: [0x0000026680000000-0x0000026680bd0000-0x0000026680bd0000), size 12386304, SharedBaseAddress: 0x0000026680000000, ArchiveRelocationMode: 1.
Compressed class space mapped at: 0x0000026681000000-0x0000026695000000, reserved size: 335544320
Narrow klass base: 0x0000026680000000, Narrow klass shift: 0, Narrow klass range: 0x100000000

GC Precious Log:
 CPUs: 4 total, 4 available
 Memory: 3877M
 Large Page Support: Disabled
 NUMA Support: Disabled
 Compressed Oops: Enabled (32-bit)
 Heap Region Size: 1M
 Heap Min Capacity: 256M
 Heap Initial Capacity: 256M
 Heap Max Capacity: 512M
 Pre-touch: Disabled
 Parallel Workers: 4
 Concurrent Workers: 1
 Concurrent Refinement Workers: 4
 Periodic GC: Disabled

Heap:
 garbage-first heap   total 262144K, used 177812K [0x00000000e0000000, 0x0000000100000000)
  region size 1024K, 102 young (104448K), 2 survivors (2048K)
 Metaspace       used 52820K, committed 53504K, reserved 393216K
  class space    used 7438K, committed 7744K, reserved 327680K

Heap Regions: E=young(eden), S=young(survivor), O=old, HS=humongous(starts), HC=humongous(continues), CS=collection set, F=free, OA=open archive, CA=closed archive, TAMS=top-at-mark-start (previous, next)
|   0|0x00000000e0000000, 0x00000000e0100000, 0x00000000e0100000|100%|HS|  |TAMS 0x00000000e0100000, 0x00000000e0000000| Complete 
|   1|0x00000000e0100000, 0x00000000e0200000, 0x00000000e0200000|100%|HC|  |TAMS 0x00000000e0200000, 0x00000000e0100000| Complete 
|   2|0x00000000e0200000, 0x00000000e0300000, 0x00000000e0300000|100%|HC|  |TAMS 0x00000000e0300000, 0x00000000e0200000| Complete 
|   3|0x00000000e0300000, 0x00000000e0400000, 0x00000000e0400000|100%|HC|  |TAMS 0x00000000e0400000, 0x00000000e0300000| Complete 
|   4|0x00000000e0400000, 0x00000000e0500000, 0x00000000e0500000|100%| O|  |TAMS 0x00000000e0500000, 0x00000000e0400000| Untracked 
|   5|0x00000000e0500000, 0x00000000e0600000, 0x00000000e0600000|100%| O|  |TAMS 0x00000000e0600000, 0x00000000e0500000| Untracked 
|   6|0x00000000e0600000, 0x00000000e0700000, 0x00000000e0700000|100%| O|  |TAMS 0x00000000e0700000, 0x00000000e0600000| Untracked 
|   7|0x00000000e0700000, 0x00000000e0800000, 0x00000000e0800000|100%| O|  |TAMS 0x00000000e0800000, 0x00000000e0700000| Untracked 
|   8|0x00000000e0800000, 0x00000000e0900000, 0x00000000e0900000|100%|HS|  |TAMS 0x00000000e0900000, 0x00000000e0800000| Complete 
|   9|0x00000000e0900000, 0x00000000e0a00000, 0x00000000e0a00000|100%| O|  |TAMS 0x00000000e0a00000, 0x00000000e0900000| Untracked 
|  10|0x00000000e0a00000, 0x00000000e0b00000, 0x00000000e0b00000|100%| O|  |TAMS 0x00000000e0b00000, 0x00000000e0a00000| Untracked 
|  11|0x00000000e0b00000, 0x00000000e0c00000, 0x00000000e0c00000|100%| O|  |TAMS 0x00000000e0c00000, 0x00000000e0b00000| Untracked 
|  12|0x00000000e0c00000, 0x00000000e0d00000, 0x00000000e0d00000|100%| O|  |TAMS 0x00000000e0d00000, 0x00000000e0c00000| Untracked 
|  13|0x00000000e0d00000, 0x00000000e0e00000, 0x00000000e0e00000|100%| O|  |TAMS 0x00000000e0e00000, 0x00000000e0d00000| Untracked 
|  14|0x00000000e0e00000, 0x00000000e0f00000, 0x00000000e0f00000|100%| O|  |TAMS 0x00000000e0f00000, 0x00000000e0e00000| Untracked 
|  15|0x00000000e0f00000, 0x00000000e1000000, 0x00000000e1000000|100%| O|  |TAMS 0x00000000e1000000, 0x00000000e0f00000| Untracked 
|  16|0x00000000e1000000, 0x00000000e1000000, 0x00000000e1100000|  0%| F|  |TAMS 0x00000000e1000000, 0x00000000e1000000| Untracked 
|  17|0x00000000e1100000, 0x00000000e1200000, 0x00000000e1200000|100%| O|  |TAMS 0x00000000e1200000, 0x00000000e1100000| Untracked 
|  18|0x00000000e1200000, 0x00000000e1300000, 0x00000000e1300000|100%| O|  |TAMS 0x00000000e1300000, 0x00000000e1200000| Untracked 
|  19|0x00000000e1300000, 0x00000000e1400000, 0x00000000e1400000|100%| O|  |TAMS 0x00000000e1400000, 0x00000000e1300000| Untracked 
|  20|0x00000000e1400000, 0x00000000e1500000, 0x00000000e1500000|100%| O|  |TAMS 0x00000000e1500000, 0x00000000e1400000| Untracked 
|  21|0x00000000e1500000, 0x00000000e1600000, 0x00000000e1600000|100%| O|  |TAMS 0x00000000e1600000, 0x00000000e1500000| Untracked 
|  22|0x00000000e1600000, 0x00000000e1700000, 0x00000000e1700000|100%| O|  |TAMS 0x00000000e16e1e00, 0x00000000e1600000| Untracked 
|  23|0x00000000e1700000, 0x00000000e1800000, 0x00000000e1800000|100%|HS|  |TAMS 0x00000000e1800000, 0x00000000e1700000| Complete 
|  24|0x00000000e1800000, 0x00000000e1900000, 0x00000000e1900000|100%|HC|  |TAMS 0x00000000e1900000, 0x00000000e1800000| Complete 
|  25|0x00000000e1900000, 0x00000000e1a00000, 0x00000000e1a00000|100%|HC|  |TAMS 0x00000000e1a00000, 0x00000000e1900000| Complete 
|  26|0x00000000e1a00000, 0x00000000e1b00000, 0x00000000e1b00000|100%|HC|  |TAMS 0x00000000e1b00000, 0x00000000e1a00000| Complete 
|  27|0x00000000e1b00000, 0x00000000e1c00000, 0x00000000e1c00000|100%|HC|  |TAMS 0x00000000e1c00000, 0x00000000e1b00000| Complete 
|  28|0x00000000e1c00000, 0x00000000e1d00000, 0x00000000e1d00000|100%|HS|  |TAMS 0x00000000e1d00000, 0x00000000e1c00000| Complete 
|  29|0x00000000e1d00000, 0x00000000e1e00000, 0x00000000e1e00000|100%|HC|  |TAMS 0x00000000e1e00000, 0x00000000e1d00000| Complete 
|  30|0x00000000e1e00000, 0x00000000e1f00000, 0x00000000e1f00000|100%|HC|  |TAMS 0x00000000e1f00000, 0x00000000e1e00000| Complete 
|  31|0x00000000e1f00000, 0x00000000e2000000, 0x00000000e2000000|100%|HS|  |TAMS 0x00000000e2000000, 0x00000000e1f00000| Complete 
|  32|0x00000000e2000000, 0x00000000e2100000, 0x00000000e2100000|100%|HC|  |TAMS 0x00000000e2100000, 0x00000000e2000000| Complete 
|  33|0x00000000e2100000, 0x00000000e2200000, 0x00000000e2200000|100%| O|  |TAMS 0x00000000e2100000, 0x00000000e2100000| Untracked 
|  34|0x00000000e2200000, 0x00000000e2300000, 0x00000000e2300000|100%| O|  |TAMS 0x00000000e2200000, 0x00000000e2200000| Untracked 
|  35|0x00000000e2300000, 0x00000000e2400000, 0x00000000e2400000|100%| O|  |TAMS 0x00000000e2300000, 0x00000000e2300000| Untracked 
|  36|0x00000000e2400000, 0x00000000e2500000, 0x00000000e2500000|100%| O|  |TAMS 0x00000000e2400000, 0x00000000e2400000| Untracked 
|  37|0x00000000e2500000, 0x00000000e2600000, 0x00000000e2600000|100%| O|  |TAMS 0x00000000e2500000, 0x00000000e2500000| Untracked 
|  38|0x00000000e2600000, 0x00000000e2700000, 0x00000000e2700000|100%|HS|  |TAMS 0x00000000e2600000, 0x00000000e2600000| Complete 
|  39|0x00000000e2700000, 0x00000000e2800000, 0x00000000e2800000|100%|HC|  |TAMS 0x00000000e2700000, 0x00000000e2700000| Complete 
|  40|0x00000000e2800000, 0x00000000e2900000, 0x00000000e2900000|100%|HS|  |TAMS 0x00000000e2800000, 0x00000000e2800000| Complete 
|  41|0x00000000e2900000, 0x00000000e2a00000, 0x00000000e2a00000|100%|HC|  |TAMS 0x00000000e2900000, 0x00000000e2900000| Complete 
|  42|0x00000000e2a00000, 0x00000000e2b00000, 0x00000000e2b00000|100%|HC|  |TAMS 0x00000000e2a00000, 0x00000000e2a00000| Complete 
|  43|0x00000000e2b00000, 0x00000000e2c00000, 0x00000000e2c00000|100%|HC|  |TAMS 0x00000000e2b00000, 0x00000000e2b00000| Complete 
|  44|0x00000000e2c00000, 0x00000000e2d00000, 0x00000000e2d00000|100%|HC|  |TAMS 0x00000000e2c00000, 0x00000000e2c00000| Complete 
|  45|0x00000000e2d00000, 0x00000000e2e00000, 0x00000000e2e00000|100%|HS|  |TAMS 0x00000000e2d00000, 0x00000000e2d00000| Complete 
|  46|0x00000000e2e00000, 0x00000000e2f00000, 0x00000000e2f00000|100%|HC|  |TAMS 0x00000000e2e00000, 0x00000000e2e00000| Complete 
|  47|0x00000000e2f00000, 0x00000000e3000000, 0x00000000e3000000|100%|HC|  |TAMS 0x00000000e2f00000, 0x00000000e2f00000| Complete 
|  48|0x00000000e3000000, 0x00000000e3100000, 0x00000000e3100000|100%|HC|  |TAMS 0x00000000e3000000, 0x00000000e3000000| Complete 
|  49|0x00000000e3100000, 0x00000000e3200000, 0x00000000e3200000|100%|HC|  |TAMS 0x00000000e3100000, 0x00000000e3100000| Complete 
|  50|0x00000000e3200000, 0x00000000e3300000, 0x00000000e3300000|100%| O|  |TAMS 0x00000000e3200000, 0x00000000e3200000| Untracked 
|  51|0x00000000e3300000, 0x00000000e3400000, 0x00000000e3400000|100%| O|  |TAMS 0x00000000e3300000, 0x00000000e3300000| Untracked 
|  52|0x00000000e3400000, 0x00000000e3500000, 0x00000000e3500000|100%| O|  |TAMS 0x00000000e3400000, 0x00000000e3400000| Untracked 
|  53|0x00000000e3500000, 0x00000000e3600000, 0x00000000e3600000|100%| O|  |TAMS 0x00000000e3500000, 0x00000000e3500000| Untracked 
|  54|0x00000000e3600000, 0x00000000e3700000, 0x00000000e3700000|100%| O|  |TAMS 0x00000000e3600000, 0x00000000e3600000| Untracked 
|  55|0x00000000e3700000, 0x00000000e3800000, 0x00000000e3800000|100%| O|  |TAMS 0x00000000e3700000, 0x00000000e3700000| Untracked 
|  56|0x00000000e3800000, 0x00000000e3900000, 0x00000000e3900000|100%| O|  |TAMS 0x00000000e3800000, 0x00000000e3800000| Untracked 
|  57|0x00000000e3900000, 0x00000000e3a00000, 0x00000000e3a00000|100%| O|  |TAMS 0x00000000e3900000, 0x00000000e3900000| Untracked 
|  58|0x00000000e3a00000, 0x00000000e3b00000, 0x00000000e3b00000|100%| O|  |TAMS 0x00000000e3a00000, 0x00000000e3a00000| Untracked 
|  59|0x00000000e3b00000, 0x00000000e3c00000, 0x00000000e3c00000|100%| O|  |TAMS 0x00000000e3b00000, 0x00000000e3b00000| Untracked 
|  60|0x00000000e3c00000, 0x00000000e3d00000, 0x00000000e3d00000|100%| O|  |TAMS 0x00000000e3c00000, 0x00000000e3c00000| Untracked 
|  61|0x00000000e3d00000, 0x00000000e3e00000, 0x00000000e3e00000|100%| O|  |TAMS 0x00000000e3d00000, 0x00000000e3d00000| Untracked 
|  62|0x00000000e3e00000, 0x00000000e3f00000, 0x00000000e3f00000|100%| O|  |TAMS 0x00000000e3e00000, 0x00000000e3e00000| Untracked 
|  63|0x00000000e3f00000, 0x00000000e4000000, 0x00000000e4000000|100%| O|  |TAMS 0x00000000e3f00000, 0x00000000e3f00000| Untracked 
|  64|0x00000000e4000000, 0x00000000e4100000, 0x00000000e4100000|100%| O|  |TAMS 0x00000000e4000000, 0x00000000e4000000| Untracked 
|  65|0x00000000e4100000, 0x00000000e4200000, 0x00000000e4200000|100%| O|  |TAMS 0x00000000e4100000, 0x00000000e4100000| Untracked 
|  66|0x00000000e4200000, 0x00000000e42a5200, 0x00000000e4300000| 64%| O|  |TAMS 0x00000000e4200000, 0x00000000e4200000| Untracked 
|  67|0x00000000e4300000, 0x00000000e4400000, 0x00000000e4400000|100%|HS|  |TAMS 0x00000000e4300000, 0x00000000e4300000| Complete 
|  68|0x00000000e4400000, 0x00000000e4500000, 0x00000000e4500000|100%|HC|  |TAMS 0x00000000e4400000, 0x00000000e4400000| Complete 
|  69|0x00000000e4500000, 0x00000000e4600000, 0x00000000e4600000|100%|HS|  |TAMS 0x00000000e4500000, 0x00000000e4500000| Complete 
|  70|0x00000000e4600000, 0x00000000e4700000, 0x00000000e4700000|100%|HC|  |TAMS 0x00000000e4600000, 0x00000000e4600000| Complete 
|  71|0x00000000e4700000, 0x00000000e4800000, 0x00000000e4800000|100%|HS|  |TAMS 0x00000000e4700000, 0x00000000e4700000| Complete 
|  72|0x00000000e4800000, 0x00000000e4900000, 0x00000000e4900000|100%|HC|  |TAMS 0x00000000e4800000, 0x00000000e4800000| Complete 
|  73|0x00000000e4900000, 0x00000000e4a00000, 0x00000000e4a00000|100%|HC|  |TAMS 0x00000000e4900000, 0x00000000e4900000| Complete 
|  74|0x00000000e4a00000, 0x00000000e4b00000, 0x00000000e4b00000|100%|HC|  |TAMS 0x00000000e4a00000, 0x00000000e4a00000| Complete 
|  75|0x00000000e4b00000, 0x00000000e4b00000, 0x00000000e4c00000|  0%| F|  |TAMS 0x00000000e4b00000, 0x00000000e4b00000| Untracked 
|  76|0x00000000e4c00000, 0x00000000e4c00000, 0x00000000e4d00000|  0%| F|  |TAMS 0x00000000e4c00000, 0x00000000e4c00000| Untracked 
|  77|0x00000000e4d00000, 0x00000000e4d00000, 0x00000000e4e00000|  0%| F|  |TAMS 0x00000000e4d00000, 0x00000000e4d00000| Untracked 
|  78|0x00000000e4e00000, 0x00000000e4e00000, 0x00000000e4f00000|  0%| F|  |TAMS 0x00000000e4e00000, 0x00000000e4e00000| Untracked 
|  79|0x00000000e4f00000, 0x00000000e4f00000, 0x00000000e5000000|  0%| F|  |TAMS 0x00000000e4f00000, 0x00000000e4f00000| Untracked 
|  80|0x00000000e5000000, 0x00000000e5000000, 0x00000000e5100000|  0%| F|  |TAMS 0x00000000e5000000, 0x00000000e5000000| Untracked 
|  81|0x00000000e5100000, 0x00000000e5100000, 0x00000000e5200000|  0%| F|  |TAMS 0x00000000e5100000, 0x00000000e5100000| Untracked 
|  82|0x00000000e5200000, 0x00000000e5200000, 0x00000000e5300000|  0%| F|  |TAMS 0x00000000e5200000, 0x00000000e5200000| Untracked 
|  83|0x00000000e5300000, 0x00000000e5300000, 0x00000000e5400000|  0%| F|  |TAMS 0x00000000e5300000, 0x00000000e5300000| Untracked 
|  84|0x00000000e5400000, 0x00000000e5400000, 0x00000000e5500000|  0%| F|  |TAMS 0x00000000e5400000, 0x00000000e5400000| Untracked 
|  85|0x00000000e5500000, 0x00000000e5500000, 0x00000000e5600000|  0%| F|  |TAMS 0x00000000e5500000, 0x00000000e5500000| Untracked 
|  86|0x00000000e5600000, 0x00000000e5600000, 0x00000000e5700000|  0%| F|  |TAMS 0x00000000e5600000, 0x00000000e5600000| Untracked 
|  87|0x00000000e5700000, 0x00000000e5700000, 0x00000000e5800000|  0%| F|  |TAMS 0x00000000e5700000, 0x00000000e5700000| Untracked 
|  88|0x00000000e5800000, 0x00000000e5800000, 0x00000000e5900000|  0%| F|  |TAMS 0x00000000e5800000, 0x00000000e5800000| Untracked 
|  89|0x00000000e5900000, 0x00000000e5900000, 0x00000000e5a00000|  0%| F|  |TAMS 0x00000000e5900000, 0x00000000e5900000| Untracked 
|  90|0x00000000e5a00000, 0x00000000e5a00000, 0x00000000e5b00000|  0%| F|  |TAMS 0x00000000e5a00000, 0x00000000e5a00000| Untracked 
|  91|0x00000000e5b00000, 0x00000000e5b00000, 0x00000000e5c00000|  0%| F|  |TAMS 0x00000000e5b00000, 0x00000000e5b00000| Untracked 
|  92|0x00000000e5c00000, 0x00000000e5c00000, 0x00000000e5d00000|  0%| F|  |TAMS 0x00000000e5c00000, 0x00000000e5c00000| Untracked 
|  93|0x00000000e5d00000, 0x00000000e5d00000, 0x00000000e5e00000|  0%| F|  |TAMS 0x00000000e5d00000, 0x00000000e5d00000| Untracked 
|  94|0x00000000e5e00000, 0x00000000e5e00000, 0x00000000e5f00000|  0%| F|  |TAMS 0x00000000e5e00000, 0x00000000e5e00000| Untracked 
|  95|0x00000000e5f00000, 0x00000000e5f00000, 0x00000000e6000000|  0%| F|  |TAMS 0x00000000e5f00000, 0x00000000e5f00000| Untracked 
|  96|0x00000000e6000000, 0x00000000e6000000, 0x00000000e6100000|  0%| F|  |TAMS 0x00000000e6000000, 0x00000000e6000000| Untracked 
|  97|0x00000000e6100000, 0x00000000e6100000, 0x00000000e6200000|  0%| F|  |TAMS 0x00000000e6100000, 0x00000000e6100000| Untracked 
|  98|0x00000000e6200000, 0x00000000e6200000, 0x00000000e6300000|  0%| F|  |TAMS 0x00000000e6200000, 0x00000000e6200000| Untracked 
|  99|0x00000000e6300000, 0x00000000e6300000, 0x00000000e6400000|  0%| F|  |TAMS 0x00000000e6300000, 0x00000000e6300000| Untracked 
| 100|0x00000000e6400000, 0x00000000e6400000, 0x00000000e6500000|  0%| F|  |TAMS 0x00000000e6400000, 0x00000000e6400000| Untracked 
| 101|0x00000000e6500000, 0x00000000e6500000, 0x00000000e6600000|  0%| F|  |TAMS 0x00000000e6500000, 0x00000000e6500000| Untracked 
| 102|0x00000000e6600000, 0x00000000e6600000, 0x00000000e6700000|  0%| F|  |TAMS 0x00000000e6600000, 0x00000000e6600000| Untracked 
| 103|0x00000000e6700000, 0x00000000e6700000, 0x00000000e6800000|  0%| F|  |TAMS 0x00000000e6700000, 0x00000000e6700000| Untracked 
| 104|0x00000000e6800000, 0x00000000e6800000, 0x00000000e6900000|  0%| F|  |TAMS 0x00000000e6800000, 0x00000000e6800000| Untracked 
| 105|0x00000000e6900000, 0x00000000e6900000, 0x00000000e6a00000|  0%| F|  |TAMS 0x00000000e6900000, 0x00000000e6900000| Untracked 
| 106|0x00000000e6a00000, 0x00000000e6a00000, 0x00000000e6b00000|  0%| F|  |TAMS 0x00000000e6a00000, 0x00000000e6a00000| Untracked 
| 107|0x00000000e6b00000, 0x00000000e6b00000, 0x00000000e6c00000|  0%| F|  |TAMS 0x00000000e6b00000, 0x00000000e6b00000| Untracked 
| 108|0x00000000e6c00000, 0x00000000e6c00000, 0x00000000e6d00000|  0%| F|  |TAMS 0x00000000e6c00000, 0x00000000e6c00000| Untracked 
| 109|0x00000000e6d00000, 0x00000000e6d00000, 0x00000000e6e00000|  0%| F|  |TAMS 0x00000000e6d00000, 0x00000000e6d00000| Untracked 
| 110|0x00000000e6e00000, 0x00000000e6e00000, 0x00000000e6f00000|  0%| F|  |TAMS 0x00000000e6e00000, 0x00000000e6e00000| Untracked 
| 111|0x00000000e6f00000, 0x00000000e6f00000, 0x00000000e7000000|  0%| F|  |TAMS 0x00000000e6f00000, 0x00000000e6f00000| Untracked 
| 112|0x00000000e7000000, 0x00000000e7000000, 0x00000000e7100000|  0%| F|  |TAMS 0x00000000e7000000, 0x00000000e7000000| Untracked 
| 113|0x00000000e7100000, 0x00000000e7100000, 0x00000000e7200000|  0%| F|  |TAMS 0x00000000e7100000, 0x00000000e7100000| Untracked 
| 114|0x00000000e7200000, 0x00000000e7200000, 0x00000000e7300000|  0%| F|  |TAMS 0x00000000e7200000, 0x00000000e7200000| Untracked 
| 115|0x00000000e7300000, 0x00000000e7300000, 0x00000000e7400000|  0%| F|  |TAMS 0x00000000e7300000, 0x00000000e7300000| Untracked 
| 116|0x00000000e7400000, 0x00000000e7400000, 0x00000000e7500000|  0%| F|  |TAMS 0x00000000e7400000, 0x00000000e7400000| Untracked 
| 117|0x00000000e7500000, 0x00000000e7500000, 0x00000000e7600000|  0%| F|  |TAMS 0x00000000e7500000, 0x00000000e7500000| Untracked 
| 118|0x00000000e7600000, 0x00000000e7600000, 0x00000000e7700000|  0%| F|  |TAMS 0x00000000e7600000, 0x00000000e7600000| Untracked 
| 119|0x00000000e7700000, 0x00000000e7700000, 0x00000000e7800000|  0%| F|  |TAMS 0x00000000e7700000, 0x00000000e7700000| Untracked 
| 120|0x00000000e7800000, 0x00000000e7800000, 0x00000000e7900000|  0%| F|  |TAMS 0x00000000e7800000, 0x00000000e7800000| Untracked 
| 121|0x00000000e7900000, 0x00000000e7900000, 0x00000000e7a00000|  0%| F|  |TAMS 0x00000000e7900000, 0x00000000e7900000| Untracked 
| 122|0x00000000e7a00000, 0x00000000e7a00000, 0x00000000e7b00000|  0%| F|  |TAMS 0x00000000e7a00000, 0x00000000e7a00000| Untracked 
| 123|0x00000000e7b00000, 0x00000000e7b00000, 0x00000000e7c00000|  0%| F|  |TAMS 0x00000000e7b00000, 0x00000000e7b00000| Untracked 
| 124|0x00000000e7c00000, 0x00000000e7c00000, 0x00000000e7d00000|  0%| F|  |TAMS 0x00000000e7c00000, 0x00000000e7c00000| Untracked 
| 125|0x00000000e7d00000, 0x00000000e7d00000, 0x00000000e7e00000|  0%| F|  |TAMS 0x00000000e7d00000, 0x00000000e7d00000| Untracked 
| 126|0x00000000e7e00000, 0x00000000e7e00000, 0x00000000e7f00000|  0%| F|  |TAMS 0x00000000e7e00000, 0x00000000e7e00000| Untracked 
| 127|0x00000000e7f00000, 0x00000000e7f00000, 0x00000000e8000000|  0%| F|  |TAMS 0x00000000e7f00000, 0x00000000e7f00000| Untracked 
| 128|0x00000000e8000000, 0x00000000e8000000, 0x00000000e8100000|  0%| F|  |TAMS 0x00000000e8000000, 0x00000000e8000000| Untracked 
| 129|0x00000000e8100000, 0x00000000e8100000, 0x00000000e8200000|  0%| F|  |TAMS 0x00000000e8100000, 0x00000000e8100000| Untracked 
| 130|0x00000000e8200000, 0x00000000e8200000, 0x00000000e8300000|  0%| F|  |TAMS 0x00000000e8200000, 0x00000000e8200000| Untracked 
| 131|0x00000000e8300000, 0x00000000e8300000, 0x00000000e8400000|  0%| F|  |TAMS 0x00000000e8300000, 0x00000000e8300000| Untracked 
| 132|0x00000000e8400000, 0x00000000e8400000, 0x00000000e8500000|  0%| F|  |TAMS 0x00000000e8400000, 0x00000000e8400000| Untracked 
| 133|0x00000000e8500000, 0x00000000e8500000, 0x00000000e8600000|  0%| F|  |TAMS 0x00000000e8500000, 0x00000000e8500000| Untracked 
| 134|0x00000000e8600000, 0x00000000e8600000, 0x00000000e8700000|  0%| F|  |TAMS 0x00000000e8600000, 0x00000000e8600000| Untracked 
| 135|0x00000000e8700000, 0x00000000e8700000, 0x00000000e8800000|  0%| F|  |TAMS 0x00000000e8700000, 0x00000000e8700000| Untracked 
| 136|0x00000000e8800000, 0x00000000e8800000, 0x00000000e8900000|  0%| F|  |TAMS 0x00000000e8800000, 0x00000000e8800000| Untracked 
| 137|0x00000000e8900000, 0x00000000e8900000, 0x00000000e8a00000|  0%| F|  |TAMS 0x00000000e8900000, 0x00000000e8900000| Untracked 
| 138|0x00000000e8a00000, 0x00000000e8a00000, 0x00000000e8b00000|  0%| F|  |TAMS 0x00000000e8a00000, 0x00000000e8a00000| Untracked 
| 139|0x00000000e8b00000, 0x00000000e8b00000, 0x00000000e8c00000|  0%| F|  |TAMS 0x00000000e8b00000, 0x00000000e8b00000| Untracked 
| 140|0x00000000e8c00000, 0x00000000e8c00000, 0x00000000e8d00000|  0%| F|  |TAMS 0x00000000e8c00000, 0x00000000e8c00000| Untracked 
| 141|0x00000000e8d00000, 0x00000000e8d00000, 0x00000000e8e00000|  0%| F|  |TAMS 0x00000000e8d00000, 0x00000000e8d00000| Untracked 
| 142|0x00000000e8e00000, 0x00000000e8e00000, 0x00000000e8f00000|  0%| F|  |TAMS 0x00000000e8e00000, 0x00000000e8e00000| Untracked 
| 143|0x00000000e8f00000, 0x00000000e8f00000, 0x00000000e9000000|  0%| F|  |TAMS 0x00000000e8f00000, 0x00000000e8f00000| Untracked 
| 144|0x00000000e9000000, 0x00000000e9000000, 0x00000000e9100000|  0%| F|  |TAMS 0x00000000e9000000, 0x00000000e9000000| Untracked 
| 145|0x00000000e9100000, 0x00000000e9100000, 0x00000000e9200000|  0%| F|  |TAMS 0x00000000e9100000, 0x00000000e9100000| Untracked 
| 146|0x00000000e9200000, 0x00000000e9200000, 0x00000000e9300000|  0%| F|  |TAMS 0x00000000e9200000, 0x00000000e9200000| Untracked 
| 147|0x00000000e9300000, 0x00000000e9300000, 0x00000000e9400000|  0%| F|  |TAMS 0x00000000e9300000, 0x00000000e9300000| Untracked 
| 148|0x00000000e9400000, 0x00000000e9400000, 0x00000000e9500000|  0%| F|  |TAMS 0x00000000e9400000, 0x00000000e9400000| Untracked 
| 149|0x00000000e9500000, 0x00000000e9500000, 0x00000000e9600000|  0%| F|  |TAMS 0x00000000e9500000, 0x00000000e9500000| Untracked 
| 150|0x00000000e9600000, 0x00000000e9600000, 0x00000000e9700000|  0%| F|  |TAMS 0x00000000e9600000, 0x00000000e9600000| Untracked 
| 151|0x00000000e9700000, 0x00000000e9700000, 0x00000000e9800000|  0%| F|  |TAMS 0x00000000e9700000, 0x00000000e9700000| Untracked 
| 152|0x00000000e9800000, 0x00000000e9800000, 0x00000000e9900000|  0%| F|  |TAMS 0x00000000e9800000, 0x00000000e9800000| Untracked 
| 153|0x00000000e9900000, 0x00000000e9983700, 0x00000000e9a00000| 51%| E|  |TAMS 0x00000000e9900000, 0x00000000e9900000| Complete 
| 154|0x00000000e9a00000, 0x00000000e9b00000, 0x00000000e9b00000|100%| E|CS|TAMS 0x00000000e9a00000, 0x00000000e9a00000| Complete 
| 155|0x00000000e9b00000, 0x00000000e9c00000, 0x00000000e9c00000|100%| E|CS|TAMS 0x00000000e9b00000, 0x00000000e9b00000| Complete 
| 156|0x00000000e9c00000, 0x00000000e9d00000, 0x00000000e9d00000|100%| E|CS|TAMS 0x00000000e9c00000, 0x00000000e9c00000| Complete 
| 157|0x00000000e9d00000, 0x00000000e9e00000, 0x00000000e9e00000|100%| E|CS|TAMS 0x00000000e9d00000, 0x00000000e9d00000| Complete 
| 158|0x00000000e9e00000, 0x00000000e9f00000, 0x00000000e9f00000|100%| E|CS|TAMS 0x00000000e9e00000, 0x00000000e9e00000| Complete 
| 159|0x00000000e9f00000, 0x00000000ea000000, 0x00000000ea000000|100%| E|CS|TAMS 0x00000000e9f00000, 0x00000000e9f00000| Complete 
| 160|0x00000000ea000000, 0x00000000ea100000, 0x00000000ea100000|100%| E|CS|TAMS 0x00000000ea000000, 0x00000000ea000000| Complete 
| 161|0x00000000ea100000, 0x00000000ea200000, 0x00000000ea200000|100%| E|CS|TAMS 0x00000000ea100000, 0x00000000ea100000| Complete 
| 162|0x00000000ea200000, 0x00000000ea300000, 0x00000000ea300000|100%| E|CS|TAMS 0x00000000ea200000, 0x00000000ea200000| Complete 
| 163|0x00000000ea300000, 0x00000000ea400000, 0x00000000ea400000|100%| E|CS|TAMS 0x00000000ea300000, 0x00000000ea300000| Complete 
| 164|0x00000000ea400000, 0x00000000ea500000, 0x00000000ea500000|100%| E|CS|TAMS 0x00000000ea400000, 0x00000000ea400000| Complete 
| 165|0x00000000ea500000, 0x00000000ea600000, 0x00000000ea600000|100%| E|CS|TAMS 0x00000000ea500000, 0x00000000ea500000| Complete 
| 166|0x00000000ea600000, 0x00000000ea700000, 0x00000000ea700000|100%| E|CS|TAMS 0x00000000ea600000, 0x00000000ea600000| Complete 
| 167|0x00000000ea700000, 0x00000000ea800000, 0x00000000ea800000|100%| E|CS|TAMS 0x00000000ea700000, 0x00000000ea700000| Complete 
| 168|0x00000000ea800000, 0x00000000ea900000, 0x00000000ea900000|100%| E|CS|TAMS 0x00000000ea800000, 0x00000000ea800000| Complete 
| 169|0x00000000ea900000, 0x00000000eaa00000, 0x00000000eaa00000|100%| E|CS|TAMS 0x00000000ea900000, 0x00000000ea900000| Complete 
| 170|0x00000000eaa00000, 0x00000000eab00000, 0x00000000eab00000|100%| E|CS|TAMS 0x00000000eaa00000, 0x00000000eaa00000| Complete 
| 171|0x00000000eab00000, 0x00000000eac00000, 0x00000000eac00000|100%| E|CS|TAMS 0x00000000eab00000, 0x00000000eab00000| Complete 
| 172|0x00000000eac00000, 0x00000000ead00000, 0x00000000ead00000|100%| E|CS|TAMS 0x00000000eac00000, 0x00000000eac00000| Complete 
| 173|0x00000000ead00000, 0x00000000eae00000, 0x00000000eae00000|100%| E|CS|TAMS 0x00000000ead00000, 0x00000000ead00000| Complete 
| 174|0x00000000eae00000, 0x00000000eaf00000, 0x00000000eaf00000|100%| E|CS|TAMS 0x00000000eae00000, 0x00000000eae00000| Complete 
| 175|0x00000000eaf00000, 0x00000000eb000000, 0x00000000eb000000|100%| E|CS|TAMS 0x00000000eaf00000, 0x00000000eaf00000| Complete 
| 176|0x00000000eb000000, 0x00000000eb100000, 0x00000000eb100000|100%| E|CS|TAMS 0x00000000eb000000, 0x00000000eb000000| Complete 
| 177|0x00000000eb100000, 0x00000000eb200000, 0x00000000eb200000|100%| E|CS|TAMS 0x00000000eb100000, 0x00000000eb100000| Complete 
| 178|0x00000000eb200000, 0x00000000eb300000, 0x00000000eb300000|100%| E|CS|TAMS 0x00000000eb200000, 0x00000000eb200000| Complete 
| 179|0x00000000eb300000, 0x00000000eb400000, 0x00000000eb400000|100%| E|CS|TAMS 0x00000000eb300000, 0x00000000eb300000| Complete 
| 180|0x00000000eb400000, 0x00000000eb500000, 0x00000000eb500000|100%| E|CS|TAMS 0x00000000eb400000, 0x00000000eb400000| Complete 
| 181|0x00000000eb500000, 0x00000000eb600000, 0x00000000eb600000|100%| E|CS|TAMS 0x00000000eb500000, 0x00000000eb500000| Complete 
| 182|0x00000000eb600000, 0x00000000eb700000, 0x00000000eb700000|100%| E|CS|TAMS 0x00000000eb600000, 0x00000000eb600000| Complete 
| 183|0x00000000eb700000, 0x00000000eb800000, 0x00000000eb800000|100%| E|CS|TAMS 0x00000000eb700000, 0x00000000eb700000| Complete 
| 184|0x00000000eb800000, 0x00000000eb900000, 0x00000000eb900000|100%| E|  |TAMS 0x00000000eb800000, 0x00000000eb800000| Complete 
| 185|0x00000000eb900000, 0x00000000eba00000, 0x00000000eba00000|100%| E|CS|TAMS 0x00000000eb900000, 0x00000000eb900000| Complete 
| 186|0x00000000eba00000, 0x00000000ebb00000, 0x00000000ebb00000|100%| E|CS|TAMS 0x00000000eba00000, 0x00000000eba00000| Complete 
| 187|0x00000000ebb00000, 0x00000000ebc00000, 0x00000000ebc00000|100%| E|CS|TAMS 0x00000000ebb00000, 0x00000000ebb00000| Complete 
| 188|0x00000000ebc00000, 0x00000000ebd00000, 0x00000000ebd00000|100%| E|CS|TAMS 0x00000000ebc00000, 0x00000000ebc00000| Complete 
| 189|0x00000000ebd00000, 0x00000000ebe00000, 0x00000000ebe00000|100%| E|CS|TAMS 0x00000000ebd00000, 0x00000000ebd00000| Complete 
| 190|0x00000000ebe00000, 0x00000000ebf00000, 0x00000000ebf00000|100%| E|CS|TAMS 0x00000000ebe00000, 0x00000000ebe00000| Complete 
| 191|0x00000000ebf00000, 0x00000000ec000000, 0x00000000ec000000|100%| E|CS|TAMS 0x00000000ebf00000, 0x00000000ebf00000| Complete 
| 192|0x00000000ec000000, 0x00000000ec100000, 0x00000000ec100000|100%| E|CS|TAMS 0x00000000ec000000, 0x00000000ec000000| Complete 
| 193|0x00000000ec100000, 0x00000000ec200000, 0x00000000ec200000|100%| E|CS|TAMS 0x00000000ec100000, 0x00000000ec100000| Complete 
| 194|0x00000000ec200000, 0x00000000ec300000, 0x00000000ec300000|100%| E|CS|TAMS 0x00000000ec200000, 0x00000000ec200000| Complete 
| 195|0x00000000ec300000, 0x00000000ec400000, 0x00000000ec400000|100%| E|CS|TAMS 0x00000000ec300000, 0x00000000ec300000| Complete 
| 196|0x00000000ec400000, 0x00000000ec500000, 0x00000000ec500000|100%| E|CS|TAMS 0x00000000ec400000, 0x00000000ec400000| Complete 
| 197|0x00000000ec500000, 0x00000000ec600000, 0x00000000ec600000|100%| E|CS|TAMS 0x00000000ec500000, 0x00000000ec500000| Complete 
| 198|0x00000000ec600000, 0x00000000ec700000, 0x00000000ec700000|100%| E|CS|TAMS 0x00000000ec600000, 0x00000000ec600000| Complete 
| 199|0x00000000ec700000, 0x00000000ec800000, 0x00000000ec800000|100%| E|CS|TAMS 0x00000000ec700000, 0x00000000ec700000| Complete 
| 200|0x00000000ec800000, 0x00000000ec900000, 0x00000000ec900000|100%| E|CS|TAMS 0x00000000ec800000, 0x00000000ec800000| Complete 
| 201|0x00000000ec900000, 0x00000000eca00000, 0x00000000eca00000|100%| E|CS|TAMS 0x00000000ec900000, 0x00000000ec900000| Complete 
| 202|0x00000000eca00000, 0x00000000ecb00000, 0x00000000ecb00000|100%| E|CS|TAMS 0x00000000eca00000, 0x00000000eca00000| Complete 
| 203|0x00000000ecb00000, 0x00000000ecc00000, 0x00000000ecc00000|100%| E|CS|TAMS 0x00000000ecb00000, 0x00000000ecb00000| Complete 
| 204|0x00000000ecc00000, 0x00000000ecd00000, 0x00000000ecd00000|100%| E|CS|TAMS 0x00000000ecc00000, 0x00000000ecc00000| Complete 
| 205|0x00000000ecd00000, 0x00000000ece00000, 0x00000000ece00000|100%| E|CS|TAMS 0x00000000ecd00000, 0x00000000ecd00000| Complete 
| 206|0x00000000ece00000, 0x00000000ecf00000, 0x00000000ecf00000|100%| E|CS|TAMS 0x00000000ece00000, 0x00000000ece00000| Complete 
| 207|0x00000000ecf00000, 0x00000000ed000000, 0x00000000ed000000|100%| E|CS|TAMS 0x00000000ecf00000, 0x00000000ecf00000| Complete 
| 208|0x00000000ed000000, 0x00000000ed100000, 0x00000000ed100000|100%| E|CS|TAMS 0x00000000ed000000, 0x00000000ed000000| Complete 
| 209|0x00000000ed100000, 0x00000000ed200000, 0x00000000ed200000|100%| E|CS|TAMS 0x00000000ed100000, 0x00000000ed100000| Complete 
| 210|0x00000000ed200000, 0x00000000ed300000, 0x00000000ed300000|100%| E|CS|TAMS 0x00000000ed200000, 0x00000000ed200000| Complete 
| 211|0x00000000ed300000, 0x00000000ed400000, 0x00000000ed400000|100%| E|CS|TAMS 0x00000000ed300000, 0x00000000ed300000| Complete 
| 212|0x00000000ed400000, 0x00000000ed500000, 0x00000000ed500000|100%| E|CS|TAMS 0x00000000ed400000, 0x00000000ed400000| Complete 
| 213|0x00000000ed500000, 0x00000000ed600000, 0x00000000ed600000|100%| E|CS|TAMS 0x00000000ed500000, 0x00000000ed500000| Complete 
| 214|0x00000000ed600000, 0x00000000ed700000, 0x00000000ed700000|100%| E|CS|TAMS 0x00000000ed600000, 0x00000000ed600000| Complete 
| 215|0x00000000ed700000, 0x00000000ed800000, 0x00000000ed800000|100%| E|CS|TAMS 0x00000000ed700000, 0x00000000ed700000| Complete 
| 216|0x00000000ed800000, 0x00000000ed900000, 0x00000000ed900000|100%| E|CS|TAMS 0x00000000ed800000, 0x00000000ed800000| Complete 
| 217|0x00000000ed900000, 0x00000000eda00000, 0x00000000eda00000|100%| E|CS|TAMS 0x00000000ed900000, 0x00000000ed900000| Complete 
| 218|0x00000000eda00000, 0x00000000edb00000, 0x00000000edb00000|100%| E|CS|TAMS 0x00000000eda00000, 0x00000000eda00000| Complete 
| 219|0x00000000edb00000, 0x00000000edc00000, 0x00000000edc00000|100%| E|CS|TAMS 0x00000000edb00000, 0x00000000edb00000| Complete 
| 220|0x00000000edc00000, 0x00000000edd00000, 0x00000000edd00000|100%| E|CS|TAMS 0x00000000edc00000, 0x00000000edc00000| Complete 
| 221|0x00000000edd00000, 0x00000000ede00000, 0x00000000ede00000|100%| E|CS|TAMS 0x00000000edd00000, 0x00000000edd00000| Complete 
| 222|0x00000000ede00000, 0x00000000edf00000, 0x00000000edf00000|100%| E|CS|TAMS 0x00000000ede00000, 0x00000000ede00000| Complete 
| 223|0x00000000edf00000, 0x00000000ee000000, 0x00000000ee000000|100%| E|CS|TAMS 0x00000000edf00000, 0x00000000edf00000| Complete 
| 224|0x00000000ee000000, 0x00000000ee100000, 0x00000000ee100000|100%| E|CS|TAMS 0x00000000ee000000, 0x00000000ee000000| Complete 
| 225|0x00000000ee100000, 0x00000000ee200000, 0x00000000ee200000|100%| E|CS|TAMS 0x00000000ee100000, 0x00000000ee100000| Complete 
| 226|0x00000000ee200000, 0x00000000ee300000, 0x00000000ee300000|100%| E|CS|TAMS 0x00000000ee200000, 0x00000000ee200000| Complete 
| 227|0x00000000ee300000, 0x00000000ee400000, 0x00000000ee400000|100%| E|CS|TAMS 0x00000000ee300000, 0x00000000ee300000| Complete 
| 228|0x00000000ee400000, 0x00000000ee500000, 0x00000000ee500000|100%| E|CS|TAMS 0x00000000ee400000, 0x00000000ee400000| Complete 
| 229|0x00000000ee500000, 0x00000000ee600000, 0x00000000ee600000|100%| E|CS|TAMS 0x00000000ee500000, 0x00000000ee500000| Complete 
| 230|0x00000000ee600000, 0x00000000ee700000, 0x00000000ee700000|100%| E|CS|TAMS 0x00000000ee600000, 0x00000000ee600000| Complete 
| 231|0x00000000ee700000, 0x00000000ee800000, 0x00000000ee800000|100%| E|CS|TAMS 0x00000000ee700000, 0x00000000ee700000| Complete 
| 232|0x00000000ee800000, 0x00000000ee900000, 0x00000000ee900000|100%| E|CS|TAMS 0x00000000ee800000, 0x00000000ee800000| Complete 
| 233|0x00000000ee900000, 0x00000000eea00000, 0x00000000eea00000|100%| E|CS|TAMS 0x00000000ee900000, 0x00000000ee900000| Complete 
| 234|0x00000000eea00000, 0x00000000eeb00000, 0x00000000eeb00000|100%| E|CS|TAMS 0x00000000eea00000, 0x00000000eea00000| Complete 
| 235|0x00000000eeb00000, 0x00000000eec00000, 0x00000000eec00000|100%| E|CS|TAMS 0x00000000eeb00000, 0x00000000eeb00000| Complete 
| 236|0x00000000eec00000, 0x00000000eed00000, 0x00000000eed00000|100%| E|CS|TAMS 0x00000000eec00000, 0x00000000eec00000| Complete 
| 237|0x00000000eed00000, 0x00000000eee00000, 0x00000000eee00000|100%| E|CS|TAMS 0x00000000eed00000, 0x00000000eed00000| Complete 
| 238|0x00000000eee00000, 0x00000000eef00000, 0x00000000eef00000|100%| E|CS|TAMS 0x00000000eee00000, 0x00000000eee00000| Complete 
| 239|0x00000000eef00000, 0x00000000ef000000, 0x00000000ef000000|100%| E|CS|TAMS 0x00000000eef00000, 0x00000000eef00000| Complete 
| 240|0x00000000ef000000, 0x00000000ef100000, 0x00000000ef100000|100%| E|CS|TAMS 0x00000000ef000000, 0x00000000ef000000| Complete 
| 241|0x00000000ef100000, 0x00000000ef200000, 0x00000000ef200000|100%| E|CS|TAMS 0x00000000ef100000, 0x00000000ef100000| Complete 
| 242|0x00000000ef200000, 0x00000000ef300000, 0x00000000ef300000|100%| E|CS|TAMS 0x00000000ef200000, 0x00000000ef200000| Complete 
| 243|0x00000000ef300000, 0x00000000ef400000, 0x00000000ef400000|100%| E|CS|TAMS 0x00000000ef300000, 0x00000000ef300000| Complete 
| 244|0x00000000ef400000, 0x00000000ef500000, 0x00000000ef500000|100%| E|CS|TAMS 0x00000000ef400000, 0x00000000ef400000| Complete 
| 245|0x00000000ef500000, 0x00000000ef600000, 0x00000000ef600000|100%| E|CS|TAMS 0x00000000ef500000, 0x00000000ef500000| Complete 
| 246|0x00000000ef600000, 0x00000000ef700000, 0x00000000ef700000|100%| E|CS|TAMS 0x00000000ef600000, 0x00000000ef600000| Complete 
| 247|0x00000000ef700000, 0x00000000ef800000, 0x00000000ef800000|100%| E|CS|TAMS 0x00000000ef700000, 0x00000000ef700000| Complete 
| 248|0x00000000ef800000, 0x00000000ef900000, 0x00000000ef900000|100%| E|CS|TAMS 0x00000000ef800000, 0x00000000ef800000| Complete 
| 249|0x00000000ef900000, 0x00000000efa00000, 0x00000000efa00000|100%| E|CS|TAMS 0x00000000ef900000, 0x00000000ef900000| Complete 
| 250|0x00000000efa00000, 0x00000000efb00000, 0x00000000efb00000|100%| E|CS|TAMS 0x00000000efa00000, 0x00000000efa00000| Complete 
| 251|0x00000000efb00000, 0x00000000efc00000, 0x00000000efc00000|100%| E|CS|TAMS 0x00000000efb00000, 0x00000000efb00000| Complete 
| 252|0x00000000efc00000, 0x00000000efd00000, 0x00000000efd00000|100%| E|CS|TAMS 0x00000000efc00000, 0x00000000efc00000| Complete 
| 253|0x00000000efd00000, 0x00000000efe00000, 0x00000000efe00000|100%| S|CS|TAMS 0x00000000efd00000, 0x00000000efd00000| Complete 
| 254|0x00000000efe00000, 0x00000000eff00000, 0x00000000eff00000|100%| S|CS|TAMS 0x00000000efe00000, 0x00000000efe00000| Complete 
| 255|0x00000000eff00000, 0x00000000f0000000, 0x00000000f0000000|100%| E|CS|TAMS 0x00000000eff00000, 0x00000000eff00000| Complete 

Card table byte_map: [0x00000266ea190000,0x00000266ea290000] _byte_map_base: 0x00000266e9a90000

Marking Bits (Prev, Next): (CMBitMap*) 0x00000266d3905ec0, (CMBitMap*) 0x00000266d3905f00
 Prev Bits: [0x00000266ea390000, 0x00000266eab90000)
 Next Bits: [0x00000266eab90000, 0x00000266eb390000)

Polling page: 0x00000266d16f0000

Metaspace:

Usage:
  Non-class:     44.51 MB used.
      Class:      7.29 MB used.
       Both:     51.79 MB used.

Virtual space:
  Non-class space:       64.00 MB reserved,      44.94 MB ( 70%) committed,  1 nodes.
      Class space:      320.00 MB reserved,       7.62 MB (  2%) committed,  1 nodes.
             Both:      384.00 MB reserved,      52.56 MB ( 14%) committed. 

Chunk freelists:
   Non-Class:  2.98 MB
       Class:  8.41 MB
        Both:  11.39 MB

MaxMetaspaceSize: 384.00 MB
CompressedClassSpaceSize: 320.00 MB
Initial GC threshold: 21.00 MB
Current GC threshold: 58.75 MB
CDS: on
MetaspaceReclaimPolicy: balanced
 - commit_granule_bytes: 65536.
 - commit_granule_words: 8192.
 - virtual_space_node_default_size: 8388608.
 - enlarge_chunks_in_place: 1.
 - new_chunks_are_fully_committed: 0.
 - uncommit_free_chunks: 1.
 - use_allocation_guard: 0.
 - handle_deallocations: 1.


Internal statistics:

num_allocs_failed_limit: 6.
num_arena_births: 772.
num_arena_deaths: 0.
num_vsnodes_births: 2.
num_vsnodes_deaths: 0.
num_space_committed: 841.
num_space_uncommitted: 0.
num_chunks_returned_to_freelist: 6.
num_chunks_taken_from_freelist: 2975.
num_chunk_merges: 6.
num_chunk_splits: 1930.
num_chunks_enlarged: 1247.
num_inconsistent_stats: 0.

CodeHeap 'non-profiled nmethods': size=120000Kb used=2774Kb max_used=2774Kb free=117225Kb
 bounds [0x00000266e2c60000, 0x00000266e2f20000, 0x00000266ea190000]
CodeHeap 'profiled nmethods': size=120000Kb used=12507Kb max_used=12507Kb free=107493Kb
 bounds [0x00000266db190000, 0x00000266dbdd0000, 0x00000266e26c0000]
CodeHeap 'non-nmethods': size=5760Kb used=2345Kb max_used=2384Kb free=3414Kb
 bounds [0x00000266e26c0000, 0x00000266e2930000, 0x00000266e2c60000]
 total_blobs=7336 nmethods=6485 adapters=763
 compilation: enabled
              stopped_count=0, restarted_count=0
 full_count=0

Compilation events (20 events):
Event: 13.413 Thread 0x00000266ed9757c0 7358       3       com.google.common.collect.MapMakerInternalMap$StrongKeyWeakValueEntry$Helper::newEntry (16 bytes)
Event: 13.413 Thread 0x00000266ed9757c0 nmethod 7358 0x00000266dbdbf490 code [0x00000266dbdbf640, 0x00000266dbdbf968]
Event: 13.413 Thread 0x00000266ed9757c0 7359       3       com.google.common.collect.MapMakerInternalMap$StrongKeyWeakValueEntry$Helper::setValue (14 bytes)
Event: 13.413 Thread 0x00000266ed9757c0 nmethod 7359 0x00000266dbdbfa90 code [0x00000266dbdbfc40, 0x00000266dbdbff68]
Event: 13.413 Thread 0x00000266ed9757c0 7360       3       com.google.common.collect.MapMakerInternalMap$StrongKeyWeakValueEntry$Helper::setValue (32 bytes)
Event: 13.413 Thread 0x00000266ed9757c0 nmethod 7360 0x00000266dbdc0090 code [0x00000266dbdc0280, 0x00000266dbdc08a8]
Event: 13.413 Thread 0x00000266ed9757c0 7361       3       com.google.common.collect.MapMakerInternalMap$1::clear (1 bytes)
Event: 13.413 Thread 0x00000266ed9757c0 nmethod 7361 0x00000266dbdc0b10 code [0x00000266dbdc0ca0, 0x00000266dbdc0db8]
Event: 13.428 Thread 0x00000266ed9757c0 7362       3       java.util.TreeMap::rotateRight (96 bytes)
Event: 13.428 Thread 0x00000266ed9757c0 nmethod 7362 0x00000266dbdc0e90 code [0x00000266dbdc1060, 0x00000266dbdc1598]
Event: 13.439 Thread 0x00000266ed9757c0 7363       3       jdk.internal.loader.AbstractClassLoaderValue$Sub::hashCode (19 bytes)
Event: 13.440 Thread 0x00000266ed9757c0 nmethod 7363 0x00000266dbdc1710 code [0x00000266dbdc18e0, 0x00000266dbdc1c58]
Event: 13.440 Thread 0x00000266ed9757c0 7364       3       java.lang.reflect.Method::hashCode (19 bytes)
Event: 13.440 Thread 0x00000266ed9757c0 nmethod 7364 0x00000266dbdc1d90 code [0x00000266dbdc1f60, 0x00000266dbdc2208]
Event: 13.440 Thread 0x00000266ed9757c0 7365       3       org.gradle.internal.instantiation.generator.AsmBackedClassGenerator$ClassBuilderImpl::access$4400 (4 bytes)
Event: 13.440 Thread 0x00000266ed9757c0 nmethod 7365 0x00000266db9a0f10 code [0x00000266db9a10a0, 0x00000266db9a1198]
Event: 13.441 Thread 0x00000266ed9757c0 7366       3       com.google.common.collect.AbstractMapBasedMultimap$WrappedCollection::<init> (44 bytes)
Event: 13.441 Thread 0x00000266ed9757c0 nmethod 7366 0x00000266dbdc2390 code [0x00000266dbdc2540, 0x00000266dbdc29d8]
Event: 13.441 Thread 0x00000266ed9757c0 7367       3       org.objectweb.asm.Type::equals (147 bytes)
Event: 13.442 Thread 0x00000266ed9757c0 nmethod 7367 0x00000266dbdc2b10 code [0x00000266dbdc2dc0, 0x00000266dbdc3eb8]

GC Heap History (14 events):
Event: 0.487 GC heap before
{Heap before GC invocations=0 (full 0):
 garbage-first heap   total 262144K, used 13312K [0x00000000e0000000, 0x0000000100000000)
  region size 1024K, 13 young (13312K), 0 survivors (0K)
 Metaspace       used 773K, committed 896K, reserved 393216K
  class space    used 61K, committed 128K, reserved 327680K
}
Event: 0.492 GC heap after
{Heap after GC invocations=1 (full 0):
 garbage-first heap   total 262144K, used 1284K [0x00000000e0000000, 0x0000000100000000)
  region size 1024K, 2 young (2048K), 2 survivors (2048K)
 Metaspace       used 773K, committed 896K, reserved 393216K
  class space    used 61K, committed 128K, reserved 327680K
}
Event: 1.159 GC heap before
{Heap before GC invocations=1 (full 0):
 garbage-first heap   total 262144K, used 23812K [0x00000000e0000000, 0x0000000100000000)
  region size 1024K, 21 young (21504K), 2 survivors (2048K)
 Metaspace       used 3087K, committed 3328K, reserved 393216K
  class space    used 378K, committed 512K, reserved 327680K
}
Event: 1.164 GC heap after
{Heap after GC invocations=2 (full 0):
 garbage-first heap   total 262144K, used 10568K [0x00000000e0000000, 0x0000000100000000)
  region size 1024K, 3 young (3072K), 3 survivors (3072K)
 Metaspace       used 3087K, committed 3328K, reserved 393216K
  class space    used 378K, committed 512K, reserved 327680K
}
Event: 4.786 GC heap before
{Heap before GC invocations=2 (full 0):
 garbage-first heap   total 262144K, used 166216K [0x00000000e0000000, 0x0000000100000000)
  region size 1024K, 153 young (156672K), 3 survivors (3072K)
 Metaspace       used 19321K, committed 19648K, reserved 393216K
  class space    used 2802K, committed 2944K, reserved 327680K
}
Event: 4.813 GC heap after
{Heap after GC invocations=3 (full 0):
 garbage-first heap   total 262144K, used 23604K [0x00000000e0000000, 0x0000000100000000)
  region size 1024K, 15 young (15360K), 15 survivors (15360K)
 Metaspace       used 19321K, committed 19648K, reserved 393216K
  class space    used 2802K, committed 2944K, reserved 327680K
}
Event: 5.248 GC heap before
{Heap before GC invocations=3 (full 0):
 garbage-first heap   total 262144K, used 39988K [0x00000000e0000000, 0x0000000100000000)
  region size 1024K, 32 young (32768K), 15 survivors (15360K)
 Metaspace       used 21135K, committed 21504K, reserved 393216K
  class space    used 3083K, committed 3264K, reserved 327680K
}
Event: 5.262 GC heap after
{Heap after GC invocations=4 (full 0):
 garbage-first heap   total 262144K, used 25296K [0x00000000e0000000, 0x0000000100000000)
  region size 1024K, 2 young (2048K), 2 survivors (2048K)
 Metaspace       used 21135K, committed 21504K, reserved 393216K
  class space    used 3083K, committed 3264K, reserved 327680K
}
Event: 8.120 GC heap before
{Heap before GC invocations=5 (full 0):
 garbage-first heap   total 262144K, used 157392K [0x00000000e0000000, 0x0000000100000000)
  region size 1024K, 123 young (125952K), 2 survivors (2048K)
 Metaspace       used 35529K, committed 35968K, reserved 393216K
  class space    used 5071K, committed 5248K, reserved 327680K
}
Event: 8.132 GC heap after
{Heap after GC invocations=6 (full 0):
 garbage-first heap   total 262144K, used 45407K [0x00000000e0000000, 0x0000000100000000)
  region size 1024K, 12 young (12288K), 12 survivors (12288K)
 Metaspace       used 35529K, committed 35968K, reserved 393216K
  class space    used 5071K, committed 5248K, reserved 327680K
}
Event: 10.886 GC heap before
{Heap before GC invocations=7 (full 0):
 garbage-first heap   total 262144K, used 208223K [0x00000000e0000000, 0x0000000100000000)
  region size 1024K, 153 young (156672K), 12 survivors (12288K)
 Metaspace       used 47418K, committed 48128K, reserved 393216K
  class space    used 6672K, committed 6976K, reserved 327680K
}
Event: 10.919 GC heap after
{Heap after GC invocations=8 (full 0):
 garbage-first heap   total 262144K, used 67752K [0x00000000e0000000, 0x0000000100000000)
  region size 1024K, 20 young (20480K), 20 survivors (20480K)
 Metaspace       used 47418K, committed 48128K, reserved 393216K
  class space    used 6672K, committed 6976K, reserved 327680K
}
Event: 10.964 GC heap before
{Heap before GC invocations=8 (full 0):
 garbage-first heap   total 262144K, used 68776K [0x00000000e0000000, 0x0000000100000000)
  region size 1024K, 21 young (21504K), 20 survivors (20480K)
 Metaspace       used 47486K, committed 48128K, reserved 393216K
  class space    used 6685K, committed 6976K, reserved 327680K
}
Event: 10.985 GC heap after
{Heap after GC invocations=9 (full 0):
 garbage-first heap   total 262144K, used 69268K [0x00000000e0000000, 0x0000000100000000)
  region size 1024K, 2 young (2048K), 2 survivors (2048K)
 Metaspace       used 47486K, committed 48128K, reserved 393216K
  class space    used 6685K, committed 6976K, reserved 327680K
}

Deoptimization events (20 events):
Event: 12.323 Thread 0x00000266f3b034b0 DEOPT PACKING pc=0x00000266db4b12f1 sp=0x000000e25cbfe390
Event: 12.324 Thread 0x00000266f3b034b0 DEOPT UNPACKING pc=0x00000266e27166e3 sp=0x000000e25cbfd830 mode 0
Event: 12.362 Thread 0x00000266f5b4a070 Uncommon trap: trap_request=0xffffff45 fr.pc=0x00000266e2c899e4 relative=0x0000000000001124
Event: 12.362 Thread 0x00000266f5b4a070 Uncommon trap: reason=unstable_if action=reinterpret pc=0x00000266e2c899e4 method=java.util.concurrent.ConcurrentHashMap.putVal(Ljava/lang/Object;Ljava/lang/Object;Z)Ljava/lang/Object; @ 112 c2
Event: 12.362 Thread 0x00000266f5b4a070 DEOPT PACKING pc=0x00000266e2c899e4 sp=0x000000e25e8fdf00
Event: 12.362 Thread 0x00000266f5b4a070 DEOPT UNPACKING pc=0x00000266e2715ba3 sp=0x000000e25e8fde90 mode 2
Event: 12.407 Thread 0x00000266f3b034b0 DEOPT PACKING pc=0x00000266db4b12f1 sp=0x000000e25cbfe390
Event: 12.407 Thread 0x00000266f3b034b0 DEOPT UNPACKING pc=0x00000266e27166e3 sp=0x000000e25cbfd830 mode 0
Event: 12.431 Thread 0x00000266f5b4aa90 Uncommon trap: trap_request=0xffffff45 fr.pc=0x00000266e2e57d00 relative=0x0000000000000920
Event: 12.431 Thread 0x00000266f5b4aa90 Uncommon trap: reason=unstable_if action=reinterpret pc=0x00000266e2e57d00 method=java.util.concurrent.ConcurrentHashMap.replaceNode(Ljava/lang/Object;Ljava/lang/Object;Ljava/lang/Object;)Ljava/lang/Object; @ 99 c2
Event: 12.431 Thread 0x00000266f5b4aa90 DEOPT PACKING pc=0x00000266e2e57d00 sp=0x000000e25e7fe460
Event: 12.431 Thread 0x00000266f5b4aa90 DEOPT UNPACKING pc=0x00000266e2715ba3 sp=0x000000e25e7fe3e8 mode 2
Event: 12.553 Thread 0x00000266f3b034b0 DEOPT PACKING pc=0x00000266db8e25c2 sp=0x000000e25cbfe300
Event: 12.553 Thread 0x00000266f3b034b0 DEOPT UNPACKING pc=0x00000266e27166e3 sp=0x000000e25cbfd788 mode 0
Event: 12.803 Thread 0x00000266f5b4a070 DEOPT PACKING pc=0x00000266dbae20af sp=0x000000e25e8fc2a0
Event: 12.804 Thread 0x00000266f5b4a070 DEOPT UNPACKING pc=0x00000266e27166e3 sp=0x000000e25e8fb7b8 mode 0
Event: 13.188 Thread 0x00000266f3b02fa0 DEOPT PACKING pc=0x00000266dba4d6d9 sp=0x000000e25c5f7d20
Event: 13.188 Thread 0x00000266f3b02fa0 DEOPT UNPACKING pc=0x00000266e27166e3 sp=0x000000e25c5f7218 mode 0
Event: 13.484 Thread 0x00000266f3b02fa0 DEOPT PACKING pc=0x00000266db5b56a3 sp=0x000000e25c5f6310
Event: 13.484 Thread 0x00000266f3b02fa0 DEOPT UNPACKING pc=0x00000266e27166e3 sp=0x000000e25c5f5780 mode 0

Classes unloaded (0 events):
No events

Classes redefined (0 events):
No events

Internal exceptions (20 events):
Event: 11.074 Thread 0x00000266f3b02fa0 Exception <a 'java/lang/ClassNotFoundException'{0x00000000ef9b8f28}: org/gradle/api/internal/DefaultDomainObjectCollectionBeanInfo> (0x00000000ef9b8f28) 
thrown [s\open\src\hotspot\share\classfile\systemDictionary.cpp, line 256]
Event: 11.074 Thread 0x00000266f3b02fa0 Exception <a 'java/lang/ClassNotFoundException'{0x00000000ef9c0210}: java/util/AbstractCollectionBeanInfo> (0x00000000ef9c0210) 
thrown [s\open\src\hotspot\share\classfile\systemDictionary.cpp, line 256]
Event: 11.074 Thread 0x00000266f3b02fa0 Exception <a 'java/lang/ClassNotFoundException'{0x00000000ef9c74c0}: java/util/AbstractCollectionCustomizer> (0x00000000ef9c74c0) 
thrown [s\open\src\hotspot\share\classfile\systemDictionary.cpp, line 256]
Event: 11.076 Thread 0x00000266f3b02fa0 Exception <a 'java/lang/ClassNotFoundException'{0x00000000ef9dd900}: org/gradle/api/internal/DefaultDomainObjectCollectionCustomizer> (0x00000000ef9dd900) 
thrown [s\open\src\hotspot\share\classfile\systemDictionary.cpp, line 256]
Event: 11.079 Thread 0x00000266f3b02fa0 Exception <a 'java/lang/ClassNotFoundException'{0x00000000ef808f28}: org/gradle/api/internal/DefaultDomainObjectSetCustomizer> (0x00000000ef808f28) 
thrown [s\open\src\hotspot\share\classfile\systemDictionary.cpp, line 256]
Event: 11.080 Thread 0x00000266f3b02fa0 Exception <a 'java/lang/ClassNotFoundException'{0x00000000ef824a60}: org/gradle/api/internal/plugins/DefaultPluginCollectionCustomizer> (0x00000000ef824a60) 
thrown [s\open\src\hotspot\share\classfile\systemDictionary.cpp, line 256]
Event: 11.081 Thread 0x00000266f3b02fa0 Exception <a 'java/lang/ClassNotFoundException'{0x00000000ef85b6c8}: org/gradle/api/internal/plugins/DefaultPluginContainerCustomizer> (0x00000000ef85b6c8) 
thrown [s\open\src\hotspot\share\classfile\systemDictionary.cpp, line 256]
Event: 11.167 Thread 0x00000266f3b02fa0 Exception <a 'java/lang/NoSuchMethodError'{0x00000000ef378278}: 'long java.lang.invoke.DirectMethodHandle$Holder.invokeStatic(java.lang.Object, long)'> (0x00000000ef378278) 
thrown [s\open\src\hotspot\share\interpreter\linkResolver.cpp, line 759]
Event: 11.206 Thread 0x00000266f3b02fa0 Exception <a 'java/lang/NoSuchMethodError'{0x00000000ef0046b0}: 'java.lang.Object java.lang.invoke.DirectMethodHandle$Holder.invokeInterface(java.lang.Object, java.lang.Object, int)'> (0x00000000ef0046b0) 
thrown [s\open\src\hotspot\share\interpreter\linkResolver.cpp, line 759]
Event: 11.285 Thread 0x00000266f3b02fa0 Exception <a 'java/lang/NoSuchMethodError'{0x00000000eede20a0}: 'void java.lang.invoke.DirectMethodHandle$Holder.invokeStatic(java.lang.Object, java.lang.Object, java.lang.Object, java.lang.Object, java.lang.Object, java.lang.Object)'> (0x00000000eede20a0) 
thrown [s\open\src\hotspot\share\interpreter\linkResolver.cpp, line 759]
Event: 11.519 Thread 0x00000266f3b02fa0 Exception <a 'java/lang/NoSuchMethodError'{0x00000000ee247020}: 'int java.lang.invoke.DirectMethodHandle$Holder.invokeSpecialIFC(java.lang.Object, java.lang.Object, java.lang.Object)'> (0x00000000ee247020) 
thrown [s\open\src\hotspot\share\interpreter\linkResolver.cpp, line 759]
Event: 11.607 Thread 0x00000266f3b02fa0 Exception <a 'java/lang/NoSuchMethodError'{0x00000000ede5fc20}: 'java.lang.Object java.lang.invoke.DirectMethodHandle$Holder.invokeSpecial(java.lang.Object, java.lang.Object, java.lang.Object, java.lang.Object, java.lang.Object, long)'> (0x00000000ede5fc20) 
thrown [s\open\src\hotspot\share\interpreter\linkResolver.cpp, line 759]
Event: 11.609 Thread 0x00000266f3b02fa0 Exception <a 'java/lang/NoSuchMethodError'{0x00000000ede83048}: 'void java.lang.invoke.DirectMethodHandle$Holder.invokeStatic(java.lang.Object, java.lang.Object, java.lang.Object, int, java.lang.Object)'> (0x00000000ede83048) 
thrown [s\open\src\hotspot\share\interpreter\linkResolver.cpp, line 759]
Event: 11.980 Thread 0x00000266f3b02fa0 Exception <a 'java/lang/IncompatibleClassChangeError'{0x00000000ed61fd18}: Found class java.lang.Object, but interface was expected> (0x00000000ed61fd18) 
thrown [s\open\src\hotspot\share\interpreter\linkResolver.cpp, line 826]
Event: 13.385 Thread 0x00000266f3b02fa0 Exception <a 'java/lang/NoClassDefFoundError'{0x00000000ea3be658}: org/graalvm/buildtools/gradle/NativeImagePlugin> (0x00000000ea3be658) 
thrown [s\open\src\hotspot\share\classfile\systemDictionary.cpp, line 245]
Event: 13.385 Thread 0x00000266f3b02fa0 Exception <a 'java/lang/NoClassDefFoundError'{0x00000000ea3c5498}: org/cyclonedx/gradle/CycloneDxPlugin> (0x00000000ea3c5498) 
thrown [s\open\src\hotspot\share\classfile\systemDictionary.cpp, line 245]
Event: 13.408 Thread 0x00000266f3b02fa0 Exception <a 'java/lang/ClassNotFoundException'{0x00000000ea1b2700}: io/spring/gradle/dependencymanagement/internal/dsl/StandardDependencyManagementExtensionBeanInfo> (0x00000000ea1b2700) 
thrown [s\open\src\hotspot\share\classfile\systemDictionary.cpp, line 256]
Event: 13.408 Thread 0x00000266f3b02fa0 Exception <a 'java/lang/ClassNotFoundException'{0x00000000ea1bcc58}: io/spring/gradle/dependencymanagement/internal/dsl/StandardDependencyManagementExtensionCustomizer> (0x00000000ea1bcc58) 
thrown [s\open\src\hotspot\share\classfile\systemDictionary.cpp, line 256]
Event: 13.490 Thread 0x00000266f3b02fa0 Exception <a 'java/lang/ClassNotFoundException'{0x00000000e9dac948}: io/spring/gradle/dependencymanagement/internal/dsl/StandardImportsHandlerBeanInfo> (0x00000000e9dac948) 
thrown [s\open\src\hotspot\share\classfile\systemDictionary.cpp, line 256]
Event: 13.490 Thread 0x00000266f3b02fa0 Exception <a 'java/lang/ClassNotFoundException'{0x00000000e9db7d30}: io/spring/gradle/dependencymanagement/internal/dsl/StandardImportsHandlerCustomizer> (0x00000000e9db7d30) 
thrown [s\open\src\hotspot\share\classfile\systemDictionary.cpp, line 256]

VM Operations (20 events):
Event: 10.886 Executing VM operation: G1CollectForAllocation
Event: 10.919 Executing VM operation: G1CollectForAllocation done
Event: 10.943 Executing VM operation: G1CollectForAllocation
Event: 10.985 Executing VM operation: G1CollectForAllocation done
Event: 11.548 Executing VM operation: HandshakeAllThreads
Event: 11.548 Executing VM operation: HandshakeAllThreads done
Event: 11.716 Executing VM operation: ICBufferFull
Event: 11.717 Executing VM operation: ICBufferFull done
Event: 12.081 Executing VM operation: ICBufferFull
Event: 12.081 Executing VM operation: ICBufferFull done
Event: 12.378 Executing VM operation: ICBufferFull
Event: 12.379 Executing VM operation: ICBufferFull done
Event: 12.668 Executing VM operation: ICBufferFull
Event: 12.668 Executing VM operation: ICBufferFull done
Event: 13.100 Executing VM operation: ICBufferFull
Event: 13.100 Executing VM operation: ICBufferFull done
Event: 13.176 Executing VM operation: HandshakeAllThreads
Event: 13.176 Executing VM operation: HandshakeAllThreads done
Event: 13.287 Executing VM operation: ICBufferFull
Event: 13.287 Executing VM operation: ICBufferFull done

Events (20 events):
Event: 11.256 loading class javax/naming/InvalidNameException done
Event: 11.256 loading class java/security/cert/CertificateParsingException
Event: 11.257 loading class java/security/cert/CertificateException
Event: 11.257 loading class java/security/cert/CertificateException done
Event: 11.257 loading class java/security/cert/CertificateParsingException done
Event: 11.979 loading class java/util/LinkedList$LLSpliterator
Event: 11.979 loading class java/util/LinkedList$LLSpliterator done
Event: 11.999 Thread 0x00000266f2df08d0 Thread added: 0x00000266f2df08d0
Event: 11.999 Thread 0x00000266f2df12f0 Thread added: 0x00000266f2df12f0
Event: 11.999 Thread 0x00000266f5b4c3e0 Thread added: 0x00000266f5b4c3e0
Event: 12.101 Thread 0x00000266f5b4d820 Thread added: 0x00000266f5b4d820
Event: 12.102 Thread 0x00000266f5b4ce00 Thread added: 0x00000266f5b4ce00
Event: 12.105 Thread 0x00000266f5b4b4b0 Thread added: 0x00000266f5b4b4b0
Event: 12.350 Thread 0x00000266f5b4a580 Thread added: 0x00000266f5b4a580
Event: 12.351 Thread 0x00000266f5b4aa90 Thread added: 0x00000266f5b4aa90
Event: 12.351 Thread 0x00000266f5b4a070 Thread added: 0x00000266f5b4a070
Event: 13.155 loading class java/util/concurrent/LinkedBlockingDeque$Itr
Event: 13.156 loading class java/util/concurrent/LinkedBlockingDeque$AbstractItr
Event: 13.157 loading class java/util/concurrent/LinkedBlockingDeque$AbstractItr done
Event: 13.157 loading class java/util/concurrent/LinkedBlockingDeque$Itr done


Dynamic libraries:
0x00007ff7b9810000 - 0x00007ff7b9820000 	C:\Program Files\Java\jdk-17\bin\java.exe
0x00007ff8027b0000 - 0x00007ff8029c7000 	C:\WINDOWS\SYSTEM32\ntdll.dll
0x00007ff802300000 - 0x00007ff8023c4000 	C:\WINDOWS\System32\KERNEL32.DLL
0x00007ff8000f0000 - 0x00007ff8004aa000 	C:\WINDOWS\System32\KERNELBASE.dll
0x00007fffffd80000 - 0x00007fffffe91000 	C:\WINDOWS\System32\ucrtbase.dll
0x00007fffea590000 - 0x00007fffea5ab000 	C:\Program Files\Java\jdk-17\bin\VCRUNTIME140.dll
0x00007fffe7d00000 - 0x00007fffe7d19000 	C:\Program Files\Java\jdk-17\bin\jli.dll
0x00007ff801930000 - 0x00007ff8019e2000 	C:\WINDOWS\System32\ADVAPI32.dll
0x00007ff801ff0000 - 0x00007ff802097000 	C:\WINDOWS\System32\msvcrt.dll
0x00007ff800e40000 - 0x00007ff800ee7000 	C:\WINDOWS\System32\sechost.dll
0x00007ff8000c0000 - 0x00007ff8000e8000 	C:\WINDOWS\System32\bcrypt.dll
0x00007ff800520000 - 0x00007ff800634000 	C:\WINDOWS\System32\RPCRT4.dll
0x00007ff802150000 - 0x00007ff8022fe000 	C:\WINDOWS\System32\USER32.dll
0x00007fffffea0000 - 0x00007fffffec6000 	C:\WINDOWS\System32\win32u.dll
0x00007ff801dc0000 - 0x00007ff801de9000 	C:\WINDOWS\System32\GDI32.dll
0x00007fffffed0000 - 0x00007ffffffeb000 	C:\WINDOWS\System32\gdi32full.dll
0x00007ff800020000 - 0x00007ff8000ba000 	C:\WINDOWS\System32\msvcp_win.dll
0x00007fffdb300000 - 0x00007fffdb592000 	C:\WINDOWS\WinSxS\amd64_microsoft.windows.common-controls_6595b64144ccf1df_6.0.22621.4541_none_2710d1c57384c085\COMCTL32.dll
0x00007ffff2320000 - 0x00007ffff232a000 	C:\WINDOWS\SYSTEM32\VERSION.dll
0x00007ff802110000 - 0x00007ff802141000 	C:\WINDOWS\System32\IMM32.DLL
0x00007fffea580000 - 0x00007fffea58c000 	C:\Program Files\Java\jdk-17\bin\vcruntime140_1.dll
0x00007fffb0030000 - 0x00007fffb00be000 	C:\Program Files\Java\jdk-17\bin\msvcp140.dll
0x00007fff240a0000 - 0x00007fff24c80000 	C:\Program Files\Java\jdk-17\bin\server\jvm.dll
0x00007ff800510000 - 0x00007ff800518000 	C:\WINDOWS\System32\PSAPI.DLL
0x00007ffff5940000 - 0x00007ffff5974000 	C:\WINDOWS\SYSTEM32\WINMM.dll
0x00007fffdfbf0000 - 0x00007fffdfbf9000 	C:\WINDOWS\SYSTEM32\WSOCK32.dll
0x00007ff801e00000 - 0x00007ff801e71000 	C:\WINDOWS\System32\WS2_32.dll
0x00007ffffeab0000 - 0x00007ffffeac8000 	C:\WINDOWS\SYSTEM32\kernel.appcore.dll
0x00007fffe7cf0000 - 0x00007fffe7cfa000 	C:\Program Files\Java\jdk-17\bin\jimage.dll
0x00007ffff9530000 - 0x00007ffff9762000 	C:\WINDOWS\SYSTEM32\DBGHELP.DLL
0x00007ff8023d0000 - 0x00007ff80275f000 	C:\WINDOWS\System32\combase.dll
0x00007ff800730000 - 0x00007ff800807000 	C:\WINDOWS\System32\OLEAUT32.dll
0x00007fffdc8c0000 - 0x00007fffdc8f2000 	C:\WINDOWS\SYSTEM32\dbgcore.DLL
0x00007fffffbc0000 - 0x00007fffffc3b000 	C:\WINDOWS\System32\bcryptPrimitives.dll
0x00007fffe6c70000 - 0x00007fffe6c7e000 	C:\Program Files\Java\jdk-17\bin\instrument.dll
0x00007fffe5b40000 - 0x00007fffe5b65000 	C:\Program Files\Java\jdk-17\bin\java.dll
0x00007fff9b710000 - 0x00007fff9b7e7000 	C:\Program Files\Java\jdk-17\bin\jsvml.dll
0x00007ff8010b0000 - 0x00007ff801928000 	C:\WINDOWS\System32\SHELL32.dll
0x00007ffffd9b0000 - 0x00007ffffe2b8000 	C:\WINDOWS\SYSTEM32\windows.storage.dll
0x00007ffffd870000 - 0x00007ffffd9af000 	C:\WINDOWS\SYSTEM32\wintypes.dll
0x00007ff801b50000 - 0x00007ff801c4a000 	C:\WINDOWS\System32\SHCORE.dll
0x00007ff8004b0000 - 0x00007ff80050e000 	C:\WINDOWS\System32\shlwapi.dll
0x00007fffff9a0000 - 0x00007fffff9cb000 	C:\WINDOWS\SYSTEM32\profapi.dll
0x00007fffd8610000 - 0x00007fffd8628000 	C:\Program Files\Java\jdk-17\bin\zip.dll
0x00007fffd7650000 - 0x00007fffd7669000 	C:\Program Files\Java\jdk-17\bin\net.dll
0x00007ffff5160000 - 0x00007ffff5296000 	C:\WINDOWS\SYSTEM32\WINHTTP.dll
0x00007ffffef30000 - 0x00007ffffef99000 	C:\WINDOWS\system32\mswsock.dll
0x00007fffd7630000 - 0x00007fffd7646000 	C:\Program Files\Java\jdk-17\bin\nio.dll
0x00007fffe6c40000 - 0x00007fffe6c50000 	C:\Program Files\Java\jdk-17\bin\verify.dll
0x00007fffd7600000 - 0x00007fffd7627000 	C:\Users\Akshada\.gradle\native\c067742578af261105cb4f569cf0c3c89f3d7b1fecec35dd04571415982c5e48\windows-amd64\native-platform.dll
0x00007fff7d290000 - 0x00007fff7d3d4000 	C:\Users\Akshada\.gradle\native\100fb08df4bc3b14c8652ba06237920a3bd2aa13389f12d3474272988ae205f9\windows-amd64\native-platform-file-events.dll
0x00007fffe5aa0000 - 0x00007fffe5aaa000 	C:\Program Files\Java\jdk-17\bin\management.dll
0x00007fffe59f0000 - 0x00007fffe59fb000 	C:\Program Files\Java\jdk-17\bin\management_ext.dll
0x00007fffff190000 - 0x00007fffff1ab000 	C:\WINDOWS\SYSTEM32\CRYPTSP.dll
0x00007ffffea10000 - 0x00007ffffea45000 	C:\WINDOWS\system32\rsaenh.dll
0x00007fffff020000 - 0x00007fffff048000 	C:\WINDOWS\SYSTEM32\USERENV.dll
0x00007fffff180000 - 0x00007fffff18c000 	C:\WINDOWS\SYSTEM32\CRYPTBASE.dll
0x00007ffffe520000 - 0x00007ffffe54d000 	C:\WINDOWS\SYSTEM32\IPHLPAPI.DLL
0x00007ff8019f0000 - 0x00007ff8019f9000 	C:\WINDOWS\System32\NSI.dll
0x00007ffff50b0000 - 0x00007ffff50c9000 	C:\WINDOWS\SYSTEM32\dhcpcsvc6.DLL
0x00007ffff5090000 - 0x00007ffff50af000 	C:\WINDOWS\SYSTEM32\dhcpcsvc.DLL
0x00007ffffe590000 - 0x00007ffffe692000 	C:\WINDOWS\SYSTEM32\DNSAPI.dll
0x00007fffe58f0000 - 0x00007fffe58fe000 	C:\Program Files\Java\jdk-17\bin\sunmscapi.dll
0x00007fffffa50000 - 0x00007fffffbb6000 	C:\WINDOWS\System32\CRYPT32.dll
0x00007fffff320000 - 0x00007fffff34d000 	C:\WINDOWS\SYSTEM32\ncrypt.dll
0x00007fffff2e0000 - 0x00007fffff317000 	C:\WINDOWS\SYSTEM32\NTASN1.dll
0x00007fffc2df0000 - 0x00007fffc2df8000 	C:\WINDOWS\system32\wshunix.dll

dbghelp: loaded successfully - version: 4.0.5 - missing functions: none
symbol engine: initialized successfully - sym options: 0x614 - pdb path: .;C:\Program Files\Java\jdk-17\bin;C:\WINDOWS\SYSTEM32;C:\WINDOWS\WinSxS\amd64_microsoft.windows.common-controls_6595b64144ccf1df_6.0.22621.4541_none_2710d1c57384c085;C:\Program Files\Java\jdk-17\bin\server;C:\Users\Akshada\.gradle\native\c067742578af261105cb4f569cf0c3c89f3d7b1fecec35dd04571415982c5e48\windows-amd64;C:\Users\Akshada\.gradle\native\100fb08df4bc3b14c8652ba06237920a3bd2aa13389f12d3474272988ae205f9\windows-amd64

VM Arguments:
jvm_args: --add-opens=java.base/java.util=ALL-UNNAMED --add-opens=java.base/java.lang=ALL-UNNAMED --add-opens=java.base/java.lang.invoke=ALL-UNNAMED --add-opens=java.prefs/java.util.prefs=ALL-UNNAMED --add-exports=jdk.compiler/com.sun.tools.javac.api=ALL-UNNAMED --add-exports=jdk.compiler/com.sun.tools.javac.util=ALL-UNNAMED --add-opens=java.base/java.nio.charset=ALL-UNNAMED --add-opens=java.base/java.net=ALL-UNNAMED --add-opens=java.base/java.util.concurrent.atomic=ALL-UNNAMED -XX:MaxMetaspaceSize=384m -XX:+HeapDumpOnOutOfMemoryError -Xms256m -Xmx512m -Dfile.encoding=UTF-8 -Duser.country -Duser.language=en -Duser.variant -javaagent:C:\Users\Akshada\.gradle\wrapper\dists\gradle-8.10-bin\deqhafrv1ntovfmgh0nh3npr9\gradle-8.10\lib\agents\gradle-instrumentation-agent-8.10.jar 
java_command: org.gradle.launcher.daemon.bootstrap.GradleDaemon 8.10
java_class_path (initial): C:\Users\Akshada\.gradle\wrapper\dists\gradle-8.10-bin\deqhafrv1ntovfmgh0nh3npr9\gradle-8.10\lib\gradle-daemon-main-8.10.jar
Launcher Type: SUN_STANDARD

[Global flags]
     intx CICompilerCount                          = 3                                         {product} {ergonomic}
   size_t CompressedClassSpaceSize                 = 335544320                                 {product} {ergonomic}
     uint ConcGCThreads                            = 1                                         {product} {ergonomic}
     uint G1ConcRefinementThreads                  = 4                                         {product} {ergonomic}
   size_t G1HeapRegionSize                         = 1048576                                   {product} {ergonomic}
    uintx GCDrainStackTargetSize                   = 64                                        {product} {ergonomic}
     bool HeapDumpOnOutOfMemoryError               = true                                   {manageable} {command line}
   size_t InitialHeapSize                          = 268435456                                 {product} {command line}
   size_t MarkStackSize                            = 4194304                                   {product} {ergonomic}
   size_t MaxHeapSize                              = 536870912                                 {product} {command line}
   size_t MaxMetaspaceSize                         = 402653184                                 {product} {command line}
   size_t MaxNewSize                               = 321912832                                 {product} {ergonomic}
   size_t MinHeapDeltaBytes                        = 1048576                                   {product} {ergonomic}
   size_t MinHeapSize                              = 268435456                                 {product} {command line}
    uintx NonNMethodCodeHeapSize                   = 5832780                                {pd product} {ergonomic}
    uintx NonProfiledCodeHeapSize                  = 122912730                              {pd product} {ergonomic}
    uintx ProfiledCodeHeapSize                     = 122912730                              {pd product} {ergonomic}
    uintx ReservedCodeCacheSize                    = 251658240                              {pd product} {ergonomic}
     bool SegmentedCodeCache                       = true                                      {product} {ergonomic}
   size_t SoftMaxHeapSize                          = 536870912                              {manageable} {ergonomic}
     bool UseCompressedClassPointers               = true                           {product lp64_product} {ergonomic}
     bool UseCompressedOops                        = true                           {product lp64_product} {ergonomic}
     bool UseG1GC                                  = true                                      {product} {ergonomic}
     bool UseLargePagesIndividualAllocation        = false                                  {pd product} {ergonomic}

Logging:
Log output configuration:
 #0: stdout all=warning uptime,level,tags
 #1: stderr all=off uptime,level,tags

Environment Variables:
JAVA_HOME=C:\Program Files\Java\jdk-17
PATH=C:\Program Files\Common Files\Oracle\Java\javapath;C:\Users\Akshada\Downloads\WINDOWS.X64_193000_db_home\bin;C:\Python310\Scripts\;C:\Python310\;C:\WINDOWS\system32;C:\WINDOWS;C:\WINDOWS\System32\Wbem;C:\WINDOWS\System32\WindowsPowerShell\v1.0\;C:\WINDOWS\System32\OpenSSH\;C:\ProgramData\chocolatey\bin;C:\Program Files\Microsoft SQL Server\110\Tools\Binn\;C:\Program Files\Microsoft SQL Server\150\Tools\Binn\;C:\Program Files\Git\cmd;C:\Program Files\nodejs\;C:\Program Files\Java\jdk-21\bin;C:\Program Files\Java\jdk-17\bin;C:\Users\Akshada\AppData\Local\Android\Sdk\emulator;C:\Users\Akshada\AppData\Local\Android\Sdk\platform-tools;C:\Users\Akshada\AppData\Local\Android\Sdk\tools;C:\Users\Akshada\AppData\Local\jdk-11.0.2\bin;C:\Users\Akshada\AppData\Local\Android\Sdk\tools;C:\Users\Akshada\AppData\Local\jdk-11.0.2\bin;C:\Users\Akshada\AppData\Local\Android\Sdk\tools;C:\Users\Akshada\AppData\Local\jdk-11.0.2\bin;C:\Users\Akshada\AppData\Local\Programs\Python\Python312\Scripts\;C:\Users\Akshada\AppData\Local\Programs\Python\Python312\;C:\Users\Akshada\AppData\Local\Programs\Python\Launcher\;C:\Users\Akshada\AppData\Local\Microsoft\WindowsApps;C:\MinGW\bin;C:\Users\Akshada\AppData\Local\Programs\Microsoft VS Code\bin;C:\Users\Akshada\AppData\Local\Microsoft\WinGet\Packages\Schniz.fnm_Microsoft.Winget.Source_8wekyb3d8bbwe;C:\Users\Akshada\AppData\Roaming\npm
USERNAME=Akshada
OS=Windows_NT
PROCESSOR_IDENTIFIER=Intel64 Family 6 Model 126 Stepping 5, GenuineIntel



---------------  S Y S T E M  ---------------

OS:
 Windows 11 , 64 bit Build 22621 (10.0.22621.4391)
OS uptime: 2 days 18:48 hours

CPU: total 4 (initial active 4) (2 cores per cpu, 2 threads per core) family 6 model 126 stepping 5 microcode 0xa6, cx8, cmov, fxsr, ht, mmx, 3dnowpref, sse, sse2, sse3, ssse3, sse4.1, sse4.2, popcnt, lzcnt, tsc, tscinvbit, avx, avx2, aes, erms, clmul, bmi1, bmi2, adx, avx512f, avx512dq, avx512cd, avx512bw, avx512vl, sha, fma, vzeroupper, avx512_vpopcntdq, avx512_vpclmulqdq, avx512_vaes, avx512_vnni, clflush, clflushopt, avx512_vbmi2, avx512_vbmi

Memory: 4k page, system-wide physical 3877M (220M free)
TotalPageFile size 15653M (AvailPageFile size 3M)
current process WorkingSet (physical memory assigned to process): 330M, peak: 353M
current process commit charge ("private bytes"): 467M, peak: 467M

vm_info: Java HotSpot(TM) 64-Bit Server VM (17.0.12+8-LTS-286) for windows-amd64 JRE (17.0.12+8-LTS-286), built on Jun  5 2024 06:46:59 by "mach5one" with MS VC++ 17.6 (VS2022)

END.
