#
# There is insufficient memory for the Java Runtime Environment to continue.
# Native memory allocation (mmap) failed to map 32505856 bytes for G1 virtual space
# Possible reasons:
#   The system is out of physical RAM or swap space
#   The process is running with CompressedOops enabled, and the Java Heap may be blocking the growth of the native heap
# Possible solutions:
#   Reduce memory load on the system
#   Increase physical memory or swap space
#   Check if swap backing store is full
#   Decrease Java heap size (-Xmx/-Xms)
#   Decrease number of Java threads
#   Decrease Java thread stack sizes (-Xss)
#   Set larger code cache with -XX:ReservedCodeCacheSize=
#   JVM is running with Unscaled Compressed Oops mode in which the Java heap is
#     placed in the first 4GB address space. The Java Heap base address is the
#     maximum limit for the native heap growth. Please use -XX:HeapBaseMinAddress
#     to set the Java Heap base and to place the Java Heap above 4GB virtual address.
# This output file may be truncated or incomplete.
#
#  Out of Memory Error (os_windows.cpp:3548), pid=11672, tid=10968
#
# JRE version: Java(TM) SE Runtime Environment (17.0.12+8) (build 17.0.12+8-LTS-286)
# Java VM: Java HotSpot(TM) 64-Bit Server VM (17.0.12+8-LTS-286, mixed mode, sharing, tiered, compressed oops, compressed class ptrs, g1 gc, windows-amd64)
# No core dump will be written. Minidumps are not enabled by default on client versions of Windows
#

---------------  S U M M A R Y ------------

Command Line: --add-opens=java.base/java.util=ALL-UNNAMED --add-opens=java.base/java.lang=ALL-UNNAMED --add-opens=java.base/java.lang.invoke=ALL-UNNAMED --add-opens=java.prefs/java.util.prefs=ALL-UNNAMED --add-exports=jdk.compiler/com.sun.tools.javac.api=ALL-UNNAMED --add-exports=jdk.compiler/com.sun.tools.javac.util=ALL-UNNAMED --add-opens=java.base/java.nio.charset=ALL-UNNAMED --add-opens=java.base/java.net=ALL-UNNAMED --add-opens=java.base/java.util.concurrent.atomic=ALL-UNNAMED -XX:MaxMetaspaceSize=384m -XX:+HeapDumpOnOutOfMemoryError -Xms256m -Xmx512m -Dfile.encoding=UTF-8 -Duser.country -Duser.language=en -Duser.variant -javaagent:C:\Users\Akshada\.gradle\wrapper\dists\gradle-8.10-bin\deqhafrv1ntovfmgh0nh3npr9\gradle-8.10\lib\agents\gradle-instrumentation-agent-8.10.jar org.gradle.launcher.daemon.bootstrap.GradleDaemon 8.10

Host: Intel(R) Core(TM) i3-1005G1 CPU @ 1.20GHz, 4 cores, 3G,  Windows 11 , 64 bit Build 22621 (10.0.22621.4391)
Time: Thu Dec 19 16:41:11 2024 India Standard Time elapsed time: 2884.878825 seconds (0d 0h 48m 4s)

---------------  T H R E A D  ---------------

Current thread (0x0000020f6bfb06f0):  VMThread "VM Thread" [stack: 0x000000457bb00000,0x000000457bc00000] [id=10968]

Stack: [0x000000457bb00000,0x000000457bc00000]
Native frames: (J=compiled Java code, j=interpreted, Vv=VM code, C=native code)
V  [jvm.dll+0x67a04a]
V  [jvm.dll+0x7da4ed]
V  [jvm.dll+0x7dbe33]
V  [jvm.dll+0x7dc4a3]
V  [jvm.dll+0x24508f]
V  [jvm.dll+0x677089]
V  [jvm.dll+0x66bd32]
V  [jvm.dll+0x301fa6]
V  [jvm.dll+0x309546]
V  [jvm.dll+0x359d2e]
V  [jvm.dll+0x359f5f]
V  [jvm.dll+0x2d9078]
V  [jvm.dll+0x2dc0e6]
V  [jvm.dll+0x2e67eb]
V  [jvm.dll+0x31a870]
V  [jvm.dll+0x7e0d9b]
V  [jvm.dll+0x7e1ad4]
V  [jvm.dll+0x7e1fed]
V  [jvm.dll+0x7e23c4]
V  [jvm.dll+0x7e2490]
V  [jvm.dll+0x78abea]
V  [jvm.dll+0x678f35]
C  [ucrtbase.dll+0x29333]
C  [KERNEL32.DLL+0x1259d]
C  [ntdll.dll+0x5af38]

VM_Operation (0x000000457b7ff970): G1Concurrent, mode: safepoint, requested by thread 0x0000020f51f794f0


---------------  P R O C E S S  ---------------

Threads class SMR info:
_java_thread_list=0x0000020f745bb600, length=85, elements={
0x0000020f51f46610, 0x0000020f6bfb6c80, 0x0000020f6bfb7640, 0x0000020f6bfcd600,
0x0000020f6bfcea80, 0x0000020f6bfcfd70, 0x0000020f6bfd2650, 0x0000020f6bfd9700,
0x0000020f6bfda0c0, 0x0000020f6bfdc590, 0x0000020f6c1d14a0, 0x0000020f6c260170,
0x0000020f71ebb040, 0x0000020f71d66d50, 0x0000020f72082430, 0x0000020f720c4580,
0x0000020f720c4a90, 0x0000020f720c6e00, 0x0000020f720c5ed0, 0x0000020f736f5fa0,
0x0000020f736f8820, 0x0000020f736f69c0, 0x0000020f736f6ed0, 0x0000020f736f73e0,
0x0000020f736f64b0, 0x0000020f7438ff80, 0x0000020f72b75a70, 0x0000020f72b7ab70,
0x0000020f72b73c10, 0x0000020f72b782f0, 0x0000020f72b76490, 0x0000020f72b7a660,
0x0000020f72b79c40, 0x0000020f72b7b590, 0x0000020f72b769a0, 0x0000020f72b74630,
0x0000020f72b76eb0, 0x0000020f72b77de0, 0x0000020f72b78800, 0x0000020f72b78d10,
0x0000020f72b79220, 0x0000020f72b773c0, 0x0000020f72b778d0, 0x0000020f74394660,
0x0000020f74392800, 0x0000020f743913c0, 0x0000020f7438fa70, 0x0000020f743922f0,
0x0000020f74395590, 0x0000020f74394b70, 0x0000020f74390490, 0x0000020f7438e120,
0x0000020f7438eb40, 0x0000020f7438f560, 0x0000020f74392d10, 0x0000020f74395aa0,
0x0000020f7438f050, 0x0000020f743909a0, 0x0000020f74390eb0, 0x0000020f74391de0,
0x0000020f74393220, 0x0000020f74393730, 0x0000020f74393c40, 0x0000020f74394150,
0x0000020f712bc0b0, 0x0000020f712b5150, 0x0000020f712bac70, 0x0000020f712b8900,
0x0000020f712b8e10, 0x0000020f712b9320, 0x0000020f712b9830, 0x0000020f712b9d40,
0x0000020f712ba250, 0x0000020f712ba760, 0x0000020f712bb180, 0x0000020f712b5b70,
0x0000020f712bcad0, 0x0000020f712bbba0, 0x0000020f712b6590, 0x0000020f712b6aa0,
0x0000020f712b6080, 0x0000020f712b6fb0, 0x0000020f73c84580, 0x0000020f73c868f0,
0x0000020f73c854b0
}

Java Threads: ( => current thread )
  0x0000020f51f46610 JavaThread "main" [_thread_blocked, id=19128, stack(0x000000457b500000,0x000000457b600000)]
  0x0000020f6bfb6c80 JavaThread "Reference Handler" daemon [_thread_blocked, id=10476, stack(0x000000457bc00000,0x000000457bd00000)]
  0x0000020f6bfb7640 JavaThread "Finalizer" daemon [_thread_blocked, id=14652, stack(0x000000457bd00000,0x000000457be00000)]
  0x0000020f6bfcd600 JavaThread "Signal Dispatcher" daemon [_thread_blocked, id=21084, stack(0x000000457be00000,0x000000457bf00000)]
  0x0000020f6bfcea80 JavaThread "Attach Listener" daemon [_thread_blocked, id=20720, stack(0x000000457bf00000,0x000000457c000000)]
  0x0000020f6bfcfd70 JavaThread "Service Thread" daemon [_thread_blocked, id=9644, stack(0x000000457c000000,0x000000457c100000)]
  0x0000020f6bfd2650 JavaThread "Monitor Deflation Thread" daemon [_thread_blocked, id=9408, stack(0x000000457c100000,0x000000457c200000)]
  0x0000020f6bfd9700 JavaThread "C2 CompilerThread0" daemon [_thread_blocked, id=14276, stack(0x000000457c200000,0x000000457c300000)]
  0x0000020f6bfda0c0 JavaThread "C1 CompilerThread0" daemon [_thread_blocked, id=20924, stack(0x000000457c300000,0x000000457c400000)]
  0x0000020f6bfdc590 JavaThread "Sweeper thread" daemon [_thread_blocked, id=2428, stack(0x000000457c400000,0x000000457c500000)]
  0x0000020f6c1d14a0 JavaThread "Common-Cleaner" daemon [_thread_blocked, id=18052, stack(0x000000457c500000,0x000000457c600000)]
  0x0000020f6c260170 JavaThread "Notification Thread" daemon [_thread_blocked, id=13604, stack(0x000000457c600000,0x000000457c700000)]
  0x0000020f71ebb040 JavaThread "Daemon health stats" [_thread_blocked, id=11072, stack(0x000000457cb00000,0x000000457cc00000)]
  0x0000020f71d66d50 JavaThread "Incoming local TCP Connector on port 59626" [_thread_in_native, id=944, stack(0x000000457cc00000,0x000000457cd00000)]
  0x0000020f72082430 JavaThread "Daemon periodic checks" [_thread_blocked, id=5608, stack(0x000000457cd00000,0x000000457ce00000)]
  0x0000020f720c4580 JavaThread "Cache worker for journal cache (C:\Users\Akshada\.gradle\caches\journal-1)" [_thread_blocked, id=14372, stack(0x000000457d500000,0x000000457d600000)]
  0x0000020f720c4a90 JavaThread "File lock request listener" [_thread_in_native, id=16028, stack(0x000000457d600000,0x000000457d700000)]
  0x0000020f720c6e00 JavaThread "Cache worker for file hash cache (C:\Users\Akshada\.gradle\caches\8.10\fileHashes)" [_thread_blocked, id=6580, stack(0x000000457d700000,0x000000457d800000)]
  0x0000020f720c5ed0 JavaThread "File watcher server" daemon [_thread_in_native, id=8824, stack(0x000000457da00000,0x000000457db00000)]
  0x0000020f736f5fa0 JavaThread "File watcher consumer" daemon [_thread_blocked, id=19932, stack(0x000000457db00000,0x000000457dc00000)]
  0x0000020f736f8820 JavaThread "jar transforms" [_thread_blocked, id=13576, stack(0x000000457dc00000,0x000000457dd00000)]
  0x0000020f736f69c0 JavaThread "jar transforms Thread 2" [_thread_blocked, id=18248, stack(0x000000457dd00000,0x000000457de00000)]
  0x0000020f736f6ed0 JavaThread "jar transforms Thread 3" [_thread_blocked, id=19396, stack(0x000000457de00000,0x000000457df00000)]
  0x0000020f736f73e0 JavaThread "jar transforms Thread 4" [_thread_blocked, id=16236, stack(0x000000457df00000,0x000000457e000000)]
  0x0000020f736f64b0 JavaThread "Cache worker for file content cache (C:\Users\Akshada\.gradle\caches\8.10\fileContent)" [_thread_blocked, id=20264, stack(0x000000457e100000,0x000000457e200000)]
  0x0000020f7438ff80 JavaThread "Memory manager" [_thread_blocked, id=16828, stack(0x000000457f700000,0x000000457f800000)]
  0x0000020f72b75a70 JavaThread "Daemon Thread 2" [_thread_blocked, id=7428, stack(0x0000004500000000,0x0000004500100000)]
  0x0000020f72b7ab70 JavaThread "Handler for socket connection from /127.0.0.1:59626 to /127.0.0.1:60350" [_thread_in_native, id=18312, stack(0x0000004500100000,0x0000004500200000)]
  0x0000020f72b73c10 JavaThread "Cancel handler" [_thread_blocked, id=15420, stack(0x0000004500200000,0x0000004500300000)]
  0x0000020f72b782f0 JavaThread "Daemon worker Thread 2" [_thread_blocked, id=13012, stack(0x0000004500300000,0x0000004500400000)]
  0x0000020f72b76490 JavaThread "Asynchronous log dispatcher for DefaultDaemonConnection: socket connection from /127.0.0.1:59626 to /127.0.0.1:60350" [_thread_blocked, id=16884, stack(0x0000004500400000,0x0000004500500000)]
  0x0000020f72b7a660 JavaThread "Stdin handler" [_thread_blocked, id=17288, stack(0x0000004500500000,0x0000004500600000)]
  0x0000020f72b79c40 JavaThread "Daemon client event forwarder" [_thread_blocked, id=21380, stack(0x0000004500600000,0x0000004500700000)]
  0x0000020f72b7b590 JavaThread "Cache worker for file hash cache (C:\HyperMinds_Projects\Implant_Website\Implant_BE\BE-Hyper\.gradle\8.10\fileHashes)" [_thread_blocked, id=1968, stack(0x0000004500700000,0x0000004500800000)]
  0x0000020f72b769a0 JavaThread "Cache worker for Build Output Cleanup Cache (C:\HyperMinds_Projects\Implant_Website\Implant_BE\BE-Hyper\.gradle\buildOutputCleanup)" [_thread_blocked, id=3492, stack(0x0000004500800000,0x0000004500900000)]
  0x0000020f72b74630 JavaThread "Cache worker for checksums cache (C:\HyperMinds_Projects\Implant_Website\Implant_BE\BE-Hyper\.gradle\8.10\checksums)" [_thread_blocked, id=11452, stack(0x0000004500900000,0x0000004500a00000)]
  0x0000020f72b76eb0 JavaThread "Cache worker for cache directory md-rule (C:\Users\Akshada\.gradle\caches\8.10\md-rule)" [_thread_blocked, id=12300, stack(0x0000004500a00000,0x0000004500b00000)]
  0x0000020f72b77de0 JavaThread "Cache worker for cache directory md-supplier (C:\Users\Akshada\.gradle\caches\8.10\md-supplier)" [_thread_blocked, id=19408, stack(0x0000004500b00000,0x0000004500c00000)]
  0x0000020f72b78800 JavaThread "Unconstrained build operations" [_thread_blocked, id=2024, stack(0x0000004500c00000,0x0000004500d00000)]
  0x0000020f72b78d10 JavaThread "Unconstrained build operations Thread 2" [_thread_blocked, id=14424, stack(0x0000004500d00000,0x0000004500e00000)]
  0x0000020f72b79220 JavaThread "Unconstrained build operations Thread 3" [_thread_blocked, id=10384, stack(0x0000004500e00000,0x0000004500f00000)]
  0x0000020f72b773c0 JavaThread "Unconstrained build operations Thread 4" [_thread_blocked, id=13456, stack(0x0000004501000000,0x0000004501100000)]
  0x0000020f72b778d0 JavaThread "Unconstrained build operations Thread 5" [_thread_blocked, id=9976, stack(0x0000004501100000,0x0000004501200000)]
  0x0000020f74394660 JavaThread "Unconstrained build operations Thread 6" [_thread_blocked, id=21036, stack(0x0000004501200000,0x0000004501300000)]
  0x0000020f74392800 JavaThread "Unconstrained build operations Thread 7" [_thread_blocked, id=2544, stack(0x0000004501300000,0x0000004501400000)]
  0x0000020f743913c0 JavaThread "Unconstrained build operations Thread 8" [_thread_blocked, id=6572, stack(0x0000004501400000,0x0000004501500000)]
  0x0000020f7438fa70 JavaThread "Unconstrained build operations Thread 9" [_thread_blocked, id=19760, stack(0x0000004501500000,0x0000004501600000)]
  0x0000020f743922f0 JavaThread "build event listener" [_thread_blocked, id=12252, stack(0x0000004501600000,0x0000004501700000)]
  0x0000020f74395590 JavaThread "included builds" [_thread_blocked, id=6272, stack(0x0000004500f00000,0x0000004501000000)]
  0x0000020f74394b70 JavaThread "Execution worker" [_thread_blocked, id=9212, stack(0x0000004501700000,0x0000004501800000)]
  0x0000020f74390490 JavaThread "Execution worker Thread 2" [_thread_blocked, id=17760, stack(0x0000004501800000,0x0000004501900000)]
  0x0000020f7438e120 JavaThread "Execution worker Thread 3" [_thread_blocked, id=17576, stack(0x0000004501900000,0x0000004501a00000)]
  0x0000020f7438eb40 JavaThread "Cache worker for execution history cache (C:\HyperMinds_Projects\Implant_Website\Implant_BE\BE-Hyper\.gradle\8.10\executionHistory)" [_thread_blocked, id=15300, stack(0x0000004501a00000,0x0000004501b00000)]
  0x0000020f7438f560 JavaThread "idea-tooling-model-converter" [_thread_blocked, id=1108, stack(0x0000004501b00000,0x0000004501c00000)]
  0x0000020f74392d10 JavaThread "Unconstrained build operations Thread 10" [_thread_blocked, id=19244, stack(0x0000004501c00000,0x0000004501d00000)]
  0x0000020f74395aa0 JavaThread "Unconstrained build operations Thread 11" [_thread_blocked, id=12740, stack(0x0000004501d00000,0x0000004501e00000)]
  0x0000020f7438f050 JavaThread "Unconstrained build operations Thread 12" [_thread_blocked, id=4044, stack(0x0000004501e00000,0x0000004501f00000)]
  0x0000020f743909a0 JavaThread "Unconstrained build operations Thread 13" [_thread_blocked, id=21140, stack(0x0000004501f00000,0x0000004502000000)]
  0x0000020f74390eb0 JavaThread "Unconstrained build operations Thread 14" [_thread_blocked, id=9860, stack(0x0000004502000000,0x0000004502100000)]
  0x0000020f74391de0 JavaThread "Unconstrained build operations Thread 15" [_thread_blocked, id=4200, stack(0x0000004502100000,0x0000004502200000)]
  0x0000020f74393220 JavaThread "Unconstrained build operations Thread 16" [_thread_blocked, id=16556, stack(0x0000004502200000,0x0000004502300000)]
  0x0000020f74393730 JavaThread "Unconstrained build operations Thread 17" [_thread_blocked, id=19992, stack(0x0000004502300000,0x0000004502400000)]
  0x0000020f74393c40 JavaThread "Unconstrained build operations Thread 18" [_thread_blocked, id=13960, stack(0x0000004502400000,0x0000004502500000)]
  0x0000020f74394150 JavaThread "Unconstrained build operations Thread 19" [_thread_blocked, id=3220, stack(0x0000004502500000,0x0000004502600000)]
  0x0000020f712bc0b0 JavaThread "Unconstrained build operations Thread 20" [_thread_blocked, id=6312, stack(0x0000004502600000,0x0000004502700000)]
  0x0000020f712b5150 JavaThread "Unconstrained build operations Thread 21" [_thread_blocked, id=21064, stack(0x0000004502700000,0x0000004502800000)]
  0x0000020f712bac70 JavaThread "Unconstrained build operations Thread 22" [_thread_blocked, id=13904, stack(0x0000004502800000,0x0000004502900000)]
  0x0000020f712b8900 JavaThread "Unconstrained build operations Thread 23" [_thread_blocked, id=17136, stack(0x0000004502900000,0x0000004502a00000)]
  0x0000020f712b8e10 JavaThread "Unconstrained build operations Thread 24" [_thread_blocked, id=18588, stack(0x0000004502a00000,0x0000004502b00000)]
  0x0000020f712b9320 JavaThread "Unconstrained build operations Thread 25" [_thread_blocked, id=20992, stack(0x0000004502b00000,0x0000004502c00000)]
  0x0000020f712b9830 JavaThread "Unconstrained build operations Thread 26" [_thread_blocked, id=6920, stack(0x0000004502c00000,0x0000004502d00000)]
  0x0000020f712b9d40 JavaThread "Unconstrained build operations Thread 27" [_thread_blocked, id=19380, stack(0x0000004502d00000,0x0000004502e00000)]
  0x0000020f712ba250 JavaThread "Unconstrained build operations Thread 28" [_thread_blocked, id=1888, stack(0x0000004502e00000,0x0000004502f00000)]
  0x0000020f712ba760 JavaThread "Unconstrained build operations Thread 29" [_thread_blocked, id=20120, stack(0x0000004502f00000,0x0000004503000000)]
  0x0000020f712bb180 JavaThread "Unconstrained build operations Thread 30" [_thread_blocked, id=10812, stack(0x0000004503000000,0x0000004503100000)]
  0x0000020f712b5b70 JavaThread "Unconstrained build operations Thread 31" [_thread_blocked, id=9732, stack(0x0000004503100000,0x0000004503200000)]
  0x0000020f712bcad0 JavaThread "Unconstrained build operations Thread 32" [_thread_blocked, id=7392, stack(0x0000004503200000,0x0000004503300000)]
  0x0000020f712bbba0 JavaThread "Unconstrained build operations Thread 33" [_thread_blocked, id=19072, stack(0x0000004503300000,0x0000004503400000)]
  0x0000020f712b6590 JavaThread "Unconstrained build operations Thread 34" [_thread_blocked, id=1508, stack(0x0000004503400000,0x0000004503500000)]
  0x0000020f712b6aa0 JavaThread "Unconstrained build operations Thread 35" [_thread_blocked, id=8548, stack(0x0000004503500000,0x0000004503600000)]
  0x0000020f712b6080 JavaThread "Unconstrained build operations Thread 36" [_thread_blocked, id=7656, stack(0x0000004503600000,0x0000004503700000)]
  0x0000020f712b6fb0 JavaThread "Unconstrained build operations Thread 37" [_thread_blocked, id=20492, stack(0x0000004503700000,0x0000004503800000)]
  0x0000020f73c84580 JavaThread "Unconstrained build operations Thread 38" [_thread_blocked, id=12596, stack(0x0000004503800000,0x0000004503900000)]
  0x0000020f73c868f0 JavaThread "Unconstrained build operations Thread 39" [_thread_blocked, id=20580, stack(0x0000004503900000,0x0000004503a00000)]
  0x0000020f73c854b0 JavaThread "Unconstrained build operations Thread 40" [_thread_blocked, id=7492, stack(0x0000004503a00000,0x0000004503b00000)]

Other Threads:
=>0x0000020f6bfb06f0 VMThread "VM Thread" [stack: 0x000000457bb00000,0x000000457bc00000] [id=10968]
  0x0000020f6c260860 WatcherThread [stack: 0x000000457c700000,0x000000457c800000] [id=2360]
  0x0000020f51f746a0 GCTaskThread "GC Thread#0" [stack: 0x000000457b600000,0x000000457b700000] [id=11168]
  0x0000020f6c534560 GCTaskThread "GC Thread#1" [stack: 0x000000457c800000,0x000000457c900000] [id=3008]
  0x0000020f6c534820 GCTaskThread "GC Thread#2" [stack: 0x000000457c900000,0x000000457ca00000] [id=12528]
  0x0000020f6c536af0 GCTaskThread "GC Thread#3" [stack: 0x000000457ca00000,0x000000457cb00000] [id=5956]
  0x0000020f51f794f0 ConcurrentGCThread "G1 Main Marker" [stack: 0x000000457b700000,0x000000457b800000] [id=14716]
  0x0000020f51f79e00 ConcurrentGCThread "G1 Conc#0" [stack: 0x000000457b800000,0x000000457b900000] [id=14360]
  0x0000020f5200e210 ConcurrentGCThread "G1 Refine#0" [stack: 0x000000457b900000,0x000000457ba00000] [id=8968]
  0x0000020f73f3c110 ConcurrentGCThread "G1 Refine#1" [stack: 0x000000457e400000,0x000000457e500000] [id=7532]
  0x0000020f73f3c400 ConcurrentGCThread "G1 Refine#2" [stack: 0x000000457e500000,0x000000457e600000] [id=20784]
  0x0000020f73f84420 ConcurrentGCThread "G1 Refine#3" [stack: 0x000000457fd00000,0x000000457fe00000] [id=16812]
  0x0000020f5200eb40 ConcurrentGCThread "G1 Service" [stack: 0x000000457ba00000,0x000000457bb00000] [id=21212]

Threads with active compile tasks:

VM state: at safepoint (normal execution)

VM Mutex/Monitor currently owned by a thread:  ([mutex/lock_event])
[0x0000020f51f427d0] Threads_lock - owner thread: 0x0000020f6bfb06f0
[0x0000020f51f41930] Heap_lock - owner thread: 0x0000020f51f794f0

Heap address: 0x00000000e0000000, size: 512 MB, Compressed Oops mode: 32-bit

CDS archive(s) mapped at: [0x0000020f00000000-0x0000020f00bd0000-0x0000020f00bd0000), size 12386304, SharedBaseAddress: 0x0000020f00000000, ArchiveRelocationMode: 1.
Compressed class space mapped at: 0x0000020f01000000-0x0000020f15000000, reserved size: 335544320
Narrow klass base: 0x0000020f00000000, Narrow klass shift: 0, Narrow klass range: 0x100000000

GC Precious Log:
 CPUs: 4 total, 4 available
 Memory: 3877M
 Large Page Support: Disabled
 NUMA Support: Disabled
 Compressed Oops: Enabled (32-bit)
 Heap Region Size: 1M
 Heap Min Capacity: 256M
 Heap Initial Capacity: 256M
 Heap Max Capacity: 512M
 Pre-touch: Disabled
 Parallel Workers: 4
 Concurrent Workers: 1
 Concurrent Refinement Workers: 4
 Periodic GC: Disabled

Heap:
 garbage-first heap   total 295936K, used 194918K [0x00000000e0000000, 0x0000000100000000)
  region size 1024K, 10 young (10240K), 7 survivors (7168K)
 Metaspace       used 93420K, committed 95104K, reserved 458752K
  class space    used 12509K, committed 13184K, reserved 327680K

Heap Regions: E=young(eden), S=young(survivor), O=old, HS=humongous(starts), HC=humongous(continues), CS=collection set, F=free, OA=open archive, CA=closed archive, TAMS=top-at-mark-start (previous, next)
|   0|0x00000000e0000000, 0x00000000e0100000, 0x00000000e0100000|100%|HS|  |TAMS 0x00000000e0100000, 0x00000000e0000000| Complete 
|   1|0x00000000e0100000, 0x00000000e0200000, 0x00000000e0200000|100%|HC|  |TAMS 0x00000000e0200000, 0x00000000e0100000| Complete 
|   2|0x00000000e0200000, 0x00000000e0300000, 0x00000000e0300000|100%|HC|  |TAMS 0x00000000e0300000, 0x00000000e0200000| Complete 
|   3|0x00000000e0300000, 0x00000000e0400000, 0x00000000e0400000|100%|HC|  |TAMS 0x00000000e0400000, 0x00000000e0300000| Complete 
|   4|0x00000000e0400000, 0x00000000e0500000, 0x00000000e0500000|100%| O|  |TAMS 0x00000000e0500000, 0x00000000e0400000| Untracked 
|   5|0x00000000e0500000, 0x00000000e0600000, 0x00000000e0600000|100%| O|  |TAMS 0x00000000e0600000, 0x00000000e0500000| Updating 
|   6|0x00000000e0600000, 0x00000000e0700000, 0x00000000e0700000|100%| O|  |TAMS 0x00000000e0700000, 0x00000000e0600000| Untracked 
|   7|0x00000000e0700000, 0x00000000e0800000, 0x00000000e0800000|100%| O|  |TAMS 0x00000000e0800000, 0x00000000e0700000| Untracked 
|   8|0x00000000e0800000, 0x00000000e0900000, 0x00000000e0900000|100%|HS|  |TAMS 0x00000000e0900000, 0x00000000e0800000| Complete 
|   9|0x00000000e0900000, 0x00000000e0a00000, 0x00000000e0a00000|100%| O|  |TAMS 0x00000000e0a00000, 0x00000000e0900000| Untracked 
|  10|0x00000000e0a00000, 0x00000000e0b00000, 0x00000000e0b00000|100%| O|  |TAMS 0x00000000e0b00000, 0x00000000e0a00000| Untracked 
|  11|0x00000000e0b00000, 0x00000000e0c00000, 0x00000000e0c00000|100%| O|  |TAMS 0x00000000e0c00000, 0x00000000e0b00000| Untracked 
|  12|0x00000000e0c00000, 0x00000000e0d00000, 0x00000000e0d00000|100%| O|  |TAMS 0x00000000e0d00000, 0x00000000e0c00000| Untracked 
|  13|0x00000000e0d00000, 0x00000000e0e00000, 0x00000000e0e00000|100%| O|  |TAMS 0x00000000e0e00000, 0x00000000e0d00000| Untracked 
|  14|0x00000000e0e00000, 0x00000000e0f00000, 0x00000000e0f00000|100%| O|  |TAMS 0x00000000e0f00000, 0x00000000e0e00000| Updating 
|  15|0x00000000e0f00000, 0x00000000e1000000, 0x00000000e1000000|100%| O|  |TAMS 0x00000000e1000000, 0x00000000e0f00000| Untracked 
|  16|0x00000000e1000000, 0x00000000e1100000, 0x00000000e1100000|100%| O|  |TAMS 0x00000000e1100000, 0x00000000e1000000| Untracked 
|  17|0x00000000e1100000, 0x00000000e1200000, 0x00000000e1200000|100%| O|  |TAMS 0x00000000e1200000, 0x00000000e1100000| Untracked 
|  18|0x00000000e1200000, 0x00000000e1300000, 0x00000000e1300000|100%| O|  |TAMS 0x00000000e1300000, 0x00000000e1200000| Updating 
|  19|0x00000000e1300000, 0x00000000e1400000, 0x00000000e1400000|100%| O|  |TAMS 0x00000000e1400000, 0x00000000e1300000| Untracked 
|  20|0x00000000e1400000, 0x00000000e1500000, 0x00000000e1500000|100%| O|  |TAMS 0x00000000e1500000, 0x00000000e1400000| Updating 
|  21|0x00000000e1500000, 0x00000000e1600000, 0x00000000e1600000|100%| O|  |TAMS 0x00000000e1600000, 0x00000000e1500000| Untracked 
|  22|0x00000000e1600000, 0x00000000e1700000, 0x00000000e1700000|100%| O|  |TAMS 0x00000000e1700000, 0x00000000e1600000| Updating 
|  23|0x00000000e1700000, 0x00000000e1800000, 0x00000000e1800000|100%|HS|  |TAMS 0x00000000e1800000, 0x00000000e1700000| Complete 
|  24|0x00000000e1800000, 0x00000000e1900000, 0x00000000e1900000|100%|HC|  |TAMS 0x00000000e1900000, 0x00000000e1800000| Complete 
|  25|0x00000000e1900000, 0x00000000e1a00000, 0x00000000e1a00000|100%|HC|  |TAMS 0x00000000e1a00000, 0x00000000e1900000| Complete 
|  26|0x00000000e1a00000, 0x00000000e1b00000, 0x00000000e1b00000|100%|HC|  |TAMS 0x00000000e1b00000, 0x00000000e1a00000| Complete 
|  27|0x00000000e1b00000, 0x00000000e1c00000, 0x00000000e1c00000|100%|HC|  |TAMS 0x00000000e1c00000, 0x00000000e1b00000| Complete 
|  28|0x00000000e1c00000, 0x00000000e1d00000, 0x00000000e1d00000|100%|HS|  |TAMS 0x00000000e1d00000, 0x00000000e1c00000| Complete 
|  29|0x00000000e1d00000, 0x00000000e1e00000, 0x00000000e1e00000|100%|HC|  |TAMS 0x00000000e1e00000, 0x00000000e1d00000| Complete 
|  30|0x00000000e1e00000, 0x00000000e1f00000, 0x00000000e1f00000|100%|HC|  |TAMS 0x00000000e1f00000, 0x00000000e1e00000| Complete 
|  31|0x00000000e1f00000, 0x00000000e2000000, 0x00000000e2000000|100%|HS|  |TAMS 0x00000000e2000000, 0x00000000e1f00000| Complete 
|  32|0x00000000e2000000, 0x00000000e2100000, 0x00000000e2100000|100%|HC|  |TAMS 0x00000000e2100000, 0x00000000e2000000| Complete 
|  33|0x00000000e2100000, 0x00000000e2200000, 0x00000000e2200000|100%| O|  |TAMS 0x00000000e2200000, 0x00000000e2100000| Updating 
|  34|0x00000000e2200000, 0x00000000e2300000, 0x00000000e2300000|100%| O|  |TAMS 0x00000000e2300000, 0x00000000e2200000| Untracked 
|  35|0x00000000e2300000, 0x00000000e2400000, 0x00000000e2400000|100%| O|  |TAMS 0x00000000e2400000, 0x00000000e2300000| Updating 
|  36|0x00000000e2400000, 0x00000000e2500000, 0x00000000e2500000|100%| O|  |TAMS 0x00000000e2500000, 0x00000000e2400000| Updating 
|  37|0x00000000e2500000, 0x00000000e2600000, 0x00000000e2600000|100%| O|  |TAMS 0x00000000e2600000, 0x00000000e2500000| Untracked 
|  38|0x00000000e2600000, 0x00000000e2700000, 0x00000000e2700000|100%| O|  |TAMS 0x00000000e2700000, 0x00000000e2600000| Untracked 
|  39|0x00000000e2700000, 0x00000000e2800000, 0x00000000e2800000|100%| O|  |TAMS 0x00000000e2800000, 0x00000000e2700000| Updating 
|  40|0x00000000e2800000, 0x00000000e2900000, 0x00000000e2900000|100%| O|  |TAMS 0x00000000e2900000, 0x00000000e2800000| Untracked 
|  41|0x00000000e2900000, 0x00000000e2a00000, 0x00000000e2a00000|100%| O|  |TAMS 0x00000000e2a00000, 0x00000000e2900000| Updating 
|  42|0x00000000e2a00000, 0x00000000e2b00000, 0x00000000e2b00000|100%| O|  |TAMS 0x00000000e2b00000, 0x00000000e2a00000| Updating 
|  43|0x00000000e2b00000, 0x00000000e2c00000, 0x00000000e2c00000|100%| O|  |TAMS 0x00000000e2c00000, 0x00000000e2b00000| Updating 
|  44|0x00000000e2c00000, 0x00000000e2d00000, 0x00000000e2d00000|100%| O|  |TAMS 0x00000000e2d00000, 0x00000000e2c00000| Updating 
|  45|0x00000000e2d00000, 0x00000000e2e00000, 0x00000000e2e00000|100%|HS|  |TAMS 0x00000000e2e00000, 0x00000000e2d00000| Complete 
|  46|0x00000000e2e00000, 0x00000000e2f00000, 0x00000000e2f00000|100%|HC|  |TAMS 0x00000000e2f00000, 0x00000000e2e00000| Complete 
|  47|0x00000000e2f00000, 0x00000000e3000000, 0x00000000e3000000|100%|HS|  |TAMS 0x00000000e3000000, 0x00000000e2f00000| Complete 
|  48|0x00000000e3000000, 0x00000000e3100000, 0x00000000e3100000|100%|HC|  |TAMS 0x00000000e3100000, 0x00000000e3000000| Complete 
|  49|0x00000000e3100000, 0x00000000e3200000, 0x00000000e3200000|100%|HS|  |TAMS 0x00000000e3200000, 0x00000000e3100000| Complete 
|  50|0x00000000e3200000, 0x00000000e3300000, 0x00000000e3300000|100%|HC|  |TAMS 0x00000000e3300000, 0x00000000e3200000| Complete 
|  51|0x00000000e3300000, 0x00000000e3400000, 0x00000000e3400000|100%|HC|  |TAMS 0x00000000e3400000, 0x00000000e3300000| Complete 
|  52|0x00000000e3400000, 0x00000000e3500000, 0x00000000e3500000|100%|HC|  |TAMS 0x00000000e3500000, 0x00000000e3400000| Complete 
|  53|0x00000000e3500000, 0x00000000e3600000, 0x00000000e3600000|100%|HC|  |TAMS 0x00000000e3600000, 0x00000000e3500000| Complete 
|  54|0x00000000e3600000, 0x00000000e3700000, 0x00000000e3700000|100%|HS|  |TAMS 0x00000000e3700000, 0x00000000e3600000| Complete 
|  55|0x00000000e3700000, 0x00000000e3800000, 0x00000000e3800000|100%|HC|  |TAMS 0x00000000e3800000, 0x00000000e3700000| Complete 
|  56|0x00000000e3800000, 0x00000000e3900000, 0x00000000e3900000|100%|HC|  |TAMS 0x00000000e3900000, 0x00000000e3800000| Complete 
|  57|0x00000000e3900000, 0x00000000e3a00000, 0x00000000e3a00000|100%|HC|  |TAMS 0x00000000e3a00000, 0x00000000e3900000| Complete 
|  58|0x00000000e3a00000, 0x00000000e3b00000, 0x00000000e3b00000|100%|HC|  |TAMS 0x00000000e3b00000, 0x00000000e3a00000| Complete 
|  59|0x00000000e3b00000, 0x00000000e3c00000, 0x00000000e3c00000|100%|HS|  |TAMS 0x00000000e3c00000, 0x00000000e3b00000| Complete 
|  60|0x00000000e3c00000, 0x00000000e3d00000, 0x00000000e3d00000|100%|HC|  |TAMS 0x00000000e3d00000, 0x00000000e3c00000| Complete 
|  61|0x00000000e3d00000, 0x00000000e3e00000, 0x00000000e3e00000|100%|HS|  |TAMS 0x00000000e3e00000, 0x00000000e3d00000| Complete 
|  62|0x00000000e3e00000, 0x00000000e3f00000, 0x00000000e3f00000|100%|HC|  |TAMS 0x00000000e3f00000, 0x00000000e3e00000| Complete 
|  63|0x00000000e3f00000, 0x00000000e4000000, 0x00000000e4000000|100%|HC|  |TAMS 0x00000000e4000000, 0x00000000e3f00000| Complete 
|  64|0x00000000e4000000, 0x00000000e4100000, 0x00000000e4100000|100%|HC|  |TAMS 0x00000000e4100000, 0x00000000e4000000| Complete 
|  65|0x00000000e4100000, 0x00000000e4200000, 0x00000000e4200000|100%|HS|  |TAMS 0x00000000e4200000, 0x00000000e4100000| Complete 
|  66|0x00000000e4200000, 0x00000000e4300000, 0x00000000e4300000|100%|HC|  |TAMS 0x00000000e4300000, 0x00000000e4200000| Complete 
|  67|0x00000000e4300000, 0x00000000e4400000, 0x00000000e4400000|100%|HC|  |TAMS 0x00000000e4400000, 0x00000000e4300000| Complete 
|  68|0x00000000e4400000, 0x00000000e4500000, 0x00000000e4500000|100%|HC|  |TAMS 0x00000000e4500000, 0x00000000e4400000| Complete 
|  69|0x00000000e4500000, 0x00000000e4600000, 0x00000000e4600000|100%| O|  |TAMS 0x00000000e4600000, 0x00000000e4500000| Untracked 
|  70|0x00000000e4600000, 0x00000000e4700000, 0x00000000e4700000|100%| O|  |TAMS 0x00000000e4700000, 0x00000000e4600000| Updating 
|  71|0x00000000e4700000, 0x00000000e4800000, 0x00000000e4800000|100%| O|  |TAMS 0x00000000e4800000, 0x00000000e4700000| Updating 
|  72|0x00000000e4800000, 0x00000000e4900000, 0x00000000e4900000|100%| O|  |TAMS 0x00000000e4900000, 0x00000000e4800000| Updating 
|  73|0x00000000e4900000, 0x00000000e4a00000, 0x00000000e4a00000|100%| O|  |TAMS 0x00000000e4a00000, 0x00000000e4900000| Updating 
|  74|0x00000000e4a00000, 0x00000000e4b00000, 0x00000000e4b00000|100%| O|  |TAMS 0x00000000e4b00000, 0x00000000e4a00000| Updating 
|  75|0x00000000e4b00000, 0x00000000e4c00000, 0x00000000e4c00000|100%| O|  |TAMS 0x00000000e4c00000, 0x00000000e4b00000| Updating 
|  76|0x00000000e4c00000, 0x00000000e4d00000, 0x00000000e4d00000|100%| O|  |TAMS 0x00000000e4d00000, 0x00000000e4c00000| Updating 
|  77|0x00000000e4d00000, 0x00000000e4e00000, 0x00000000e4e00000|100%| O|  |TAMS 0x00000000e4e00000, 0x00000000e4d00000| Untracked 
|  78|0x00000000e4e00000, 0x00000000e4f00000, 0x00000000e4f00000|100%| O|  |TAMS 0x00000000e4f00000, 0x00000000e4e00000| Updating 
|  79|0x00000000e4f00000, 0x00000000e5000000, 0x00000000e5000000|100%| O|  |TAMS 0x00000000e5000000, 0x00000000e4f00000| Untracked 
|  80|0x00000000e5000000, 0x00000000e5100000, 0x00000000e5100000|100%| O|  |TAMS 0x00000000e5100000, 0x00000000e5000000| Untracked 
|  81|0x00000000e5100000, 0x00000000e5200000, 0x00000000e5200000|100%| O|  |TAMS 0x00000000e5200000, 0x00000000e5100000| Untracked 
|  82|0x00000000e5200000, 0x00000000e5300000, 0x00000000e5300000|100%| O|  |TAMS 0x00000000e5300000, 0x00000000e5200000| Updating 
|  83|0x00000000e5300000, 0x00000000e5400000, 0x00000000e5400000|100%| O|  |TAMS 0x00000000e5400000, 0x00000000e5300000| Updating 
|  84|0x00000000e5400000, 0x00000000e5500000, 0x00000000e5500000|100%| O|  |TAMS 0x00000000e5500000, 0x00000000e5400000| Updating 
|  85|0x00000000e5500000, 0x00000000e5600000, 0x00000000e5600000|100%| O|  |TAMS 0x00000000e5600000, 0x00000000e5500000| Updating 
|  86|0x00000000e5600000, 0x00000000e5700000, 0x00000000e5700000|100%|HS|  |TAMS 0x00000000e5700000, 0x00000000e5600000| Complete 
|  87|0x00000000e5700000, 0x00000000e5800000, 0x00000000e5800000|100%|HC|  |TAMS 0x00000000e5800000, 0x00000000e5700000| Complete 
|  88|0x00000000e5800000, 0x00000000e5900000, 0x00000000e5900000|100%|HS|  |TAMS 0x00000000e5900000, 0x00000000e5800000| Complete 
|  89|0x00000000e5900000, 0x00000000e5a00000, 0x00000000e5a00000|100%|HS|  |TAMS 0x00000000e5a00000, 0x00000000e5900000| Complete 
|  90|0x00000000e5a00000, 0x00000000e5b00000, 0x00000000e5b00000|100%|HC|  |TAMS 0x00000000e5b00000, 0x00000000e5a00000| Complete 
|  91|0x00000000e5b00000, 0x00000000e5c00000, 0x00000000e5c00000|100%|HC|  |TAMS 0x00000000e5c00000, 0x00000000e5b00000| Complete 
|  92|0x00000000e5c00000, 0x00000000e5d00000, 0x00000000e5d00000|100%|HC|  |TAMS 0x00000000e5d00000, 0x00000000e5c00000| Complete 
|  93|0x00000000e5d00000, 0x00000000e5e00000, 0x00000000e5e00000|100%|HC|  |TAMS 0x00000000e5e00000, 0x00000000e5d00000| Complete 
|  94|0x00000000e5e00000, 0x00000000e5f00000, 0x00000000e5f00000|100%|HS|  |TAMS 0x00000000e5f00000, 0x00000000e5e00000| Complete 
|  95|0x00000000e5f00000, 0x00000000e6000000, 0x00000000e6000000|100%|HC|  |TAMS 0x00000000e6000000, 0x00000000e5f00000| Complete 
|  96|0x00000000e6000000, 0x00000000e6100000, 0x00000000e6100000|100%|HC|  |TAMS 0x00000000e6100000, 0x00000000e6000000| Complete 
|  97|0x00000000e6100000, 0x00000000e6200000, 0x00000000e6200000|100%|HS|  |TAMS 0x00000000e6200000, 0x00000000e6100000| Complete 
|  98|0x00000000e6200000, 0x00000000e6300000, 0x00000000e6300000|100%|HC|  |TAMS 0x00000000e6300000, 0x00000000e6200000| Complete 
|  99|0x00000000e6300000, 0x00000000e6400000, 0x00000000e6400000|100%|HS|  |TAMS 0x00000000e6400000, 0x00000000e6300000| Complete 
| 100|0x00000000e6400000, 0x00000000e6500000, 0x00000000e6500000|100%| O|  |TAMS 0x00000000e6500000, 0x00000000e6400000| Updating 
| 101|0x00000000e6500000, 0x00000000e6600000, 0x00000000e6600000|100%| O|  |TAMS 0x00000000e6600000, 0x00000000e6500000| Updating 
| 102|0x00000000e6600000, 0x00000000e6700000, 0x00000000e6700000|100%| O|  |TAMS 0x00000000e6700000, 0x00000000e6600000| Untracked 
| 103|0x00000000e6700000, 0x00000000e6800000, 0x00000000e6800000|100%| O|  |TAMS 0x00000000e6800000, 0x00000000e6700000| Untracked 
| 104|0x00000000e6800000, 0x00000000e6900000, 0x00000000e6900000|100%| O|  |TAMS 0x00000000e6900000, 0x00000000e6800000| Updating 
| 105|0x00000000e6900000, 0x00000000e6a00000, 0x00000000e6a00000|100%| O|  |TAMS 0x00000000e6a00000, 0x00000000e6900000| Updating 
| 106|0x00000000e6a00000, 0x00000000e6b00000, 0x00000000e6b00000|100%| O|  |TAMS 0x00000000e6b00000, 0x00000000e6a00000| Updating 
| 107|0x00000000e6b00000, 0x00000000e6c00000, 0x00000000e6c00000|100%| O|  |TAMS 0x00000000e6c00000, 0x00000000e6b00000| Updating 
| 108|0x00000000e6c00000, 0x00000000e6d00000, 0x00000000e6d00000|100%| O|  |TAMS 0x00000000e6d00000, 0x00000000e6c00000| Updating 
| 109|0x00000000e6d00000, 0x00000000e6e00000, 0x00000000e6e00000|100%| O|  |TAMS 0x00000000e6e00000, 0x00000000e6d00000| Untracked 
| 110|0x00000000e6e00000, 0x00000000e6f00000, 0x00000000e6f00000|100%| O|  |TAMS 0x00000000e6f00000, 0x00000000e6e00000| Updating 
| 111|0x00000000e6f00000, 0x00000000e7000000, 0x00000000e7000000|100%| O|  |TAMS 0x00000000e7000000, 0x00000000e6f00000| Untracked 
| 112|0x00000000e7000000, 0x00000000e7100000, 0x00000000e7100000|100%| O|  |TAMS 0x00000000e7100000, 0x00000000e7000000| Updating 
| 113|0x00000000e7100000, 0x00000000e7200000, 0x00000000e7200000|100%| O|  |TAMS 0x00000000e7200000, 0x00000000e7100000| Updating 
| 114|0x00000000e7200000, 0x00000000e7300000, 0x00000000e7300000|100%| O|  |TAMS 0x00000000e7300000, 0x00000000e7200000| Updating 
| 115|0x00000000e7300000, 0x00000000e7400000, 0x00000000e7400000|100%| O|  |TAMS 0x00000000e7400000, 0x00000000e7300000| Updating 
| 116|0x00000000e7400000, 0x00000000e7500000, 0x00000000e7500000|100%| O|  |TAMS 0x00000000e7500000, 0x00000000e7400000| Untracked 
| 117|0x00000000e7500000, 0x00000000e7600000, 0x00000000e7600000|100%| O|  |TAMS 0x00000000e7600000, 0x00000000e7500000| Updating 
| 118|0x00000000e7600000, 0x00000000e7700000, 0x00000000e7700000|100%| O|  |TAMS 0x00000000e7700000, 0x00000000e7600000| Updating 
| 119|0x00000000e7700000, 0x00000000e7800000, 0x00000000e7800000|100%| O|  |TAMS 0x00000000e7800000, 0x00000000e7700000| Updating 
| 120|0x00000000e7800000, 0x00000000e7900000, 0x00000000e7900000|100%| O|  |TAMS 0x00000000e7900000, 0x00000000e7800000| Updating 
| 121|0x00000000e7900000, 0x00000000e7a00000, 0x00000000e7a00000|100%| O|  |TAMS 0x00000000e7a00000, 0x00000000e7900000| Updating 
| 122|0x00000000e7a00000, 0x00000000e7b00000, 0x00000000e7b00000|100%| O|  |TAMS 0x00000000e7b00000, 0x00000000e7a00000| Untracked 
| 123|0x00000000e7b00000, 0x00000000e7c00000, 0x00000000e7c00000|100%| O|  |TAMS 0x00000000e7c00000, 0x00000000e7b00000| Untracked 
| 124|0x00000000e7c00000, 0x00000000e7d00000, 0x00000000e7d00000|100%| O|  |TAMS 0x00000000e7d00000, 0x00000000e7c00000| Updating 
| 125|0x00000000e7d00000, 0x00000000e7e00000, 0x00000000e7e00000|100%| O|  |TAMS 0x00000000e7e00000, 0x00000000e7d00000| Updating 
| 126|0x00000000e7e00000, 0x00000000e7f00000, 0x00000000e7f00000|100%| O|  |TAMS 0x00000000e7f00000, 0x00000000e7e00000| Updating 
| 127|0x00000000e7f00000, 0x00000000e8000000, 0x00000000e8000000|100%| O|  |TAMS 0x00000000e8000000, 0x00000000e7f00000| Updating 
| 128|0x00000000e8000000, 0x00000000e8100000, 0x00000000e8100000|100%| O|  |TAMS 0x00000000e8100000, 0x00000000e8000000| Updating 
| 129|0x00000000e8100000, 0x00000000e8200000, 0x00000000e8200000|100%| O|  |TAMS 0x00000000e8200000, 0x00000000e8100000| Updating 
| 130|0x00000000e8200000, 0x00000000e8300000, 0x00000000e8300000|100%| O|  |TAMS 0x00000000e8300000, 0x00000000e8200000| Updating 
| 131|0x00000000e8300000, 0x00000000e8400000, 0x00000000e8400000|100%| O|  |TAMS 0x00000000e8400000, 0x00000000e8300000| Updating 
| 132|0x00000000e8400000, 0x00000000e8500000, 0x00000000e8500000|100%| O|  |TAMS 0x00000000e8500000, 0x00000000e8400000| Updating 
| 133|0x00000000e8500000, 0x00000000e8600000, 0x00000000e8600000|100%| O|  |TAMS 0x00000000e8600000, 0x00000000e8500000| Updating 
| 134|0x00000000e8600000, 0x00000000e8700000, 0x00000000e8700000|100%| O|  |TAMS 0x00000000e8700000, 0x00000000e8600000| Updating 
| 135|0x00000000e8700000, 0x00000000e8800000, 0x00000000e8800000|100%| O|  |TAMS 0x00000000e8800000, 0x00000000e8700000| Updating 
| 136|0x00000000e8800000, 0x00000000e8900000, 0x00000000e8900000|100%| O|  |TAMS 0x00000000e8900000, 0x00000000e8800000| Updating 
| 137|0x00000000e8900000, 0x00000000e8a00000, 0x00000000e8a00000|100%| O|  |TAMS 0x00000000e8a00000, 0x00000000e8900000| Updating 
| 138|0x00000000e8a00000, 0x00000000e8b00000, 0x00000000e8b00000|100%| O|  |TAMS 0x00000000e8b00000, 0x00000000e8a00000| Updating 
| 139|0x00000000e8b00000, 0x00000000e8c00000, 0x00000000e8c00000|100%| O|  |TAMS 0x00000000e8c00000, 0x00000000e8b00000| Updating 
| 140|0x00000000e8c00000, 0x00000000e8d00000, 0x00000000e8d00000|100%| O|  |TAMS 0x00000000e8d00000, 0x00000000e8c00000| Updating 
| 141|0x00000000e8d00000, 0x00000000e8e00000, 0x00000000e8e00000|100%| O|  |TAMS 0x00000000e8e00000, 0x00000000e8d00000| Untracked 
| 142|0x00000000e8e00000, 0x00000000e8f00000, 0x00000000e8f00000|100%| O|  |TAMS 0x00000000e8f00000, 0x00000000e8e00000| Updating 
| 143|0x00000000e8f00000, 0x00000000e9000000, 0x00000000e9000000|100%| O|  |TAMS 0x00000000e9000000, 0x00000000e8f00000| Updating 
| 144|0x00000000e9000000, 0x00000000e9100000, 0x00000000e9100000|100%| O|  |TAMS 0x00000000e9100000, 0x00000000e9000000| Updating 
| 145|0x00000000e9100000, 0x00000000e9200000, 0x00000000e9200000|100%| O|  |TAMS 0x00000000e9200000, 0x00000000e9100000| Updating 
| 146|0x00000000e9200000, 0x00000000e9300000, 0x00000000e9300000|100%| O|  |TAMS 0x00000000e9300000, 0x00000000e9200000| Untracked 
| 147|0x00000000e9300000, 0x00000000e9400000, 0x00000000e9400000|100%| O|  |TAMS 0x00000000e9400000, 0x00000000e9300000| Untracked 
| 148|0x00000000e9400000, 0x00000000e9500000, 0x00000000e9500000|100%| O|  |TAMS 0x00000000e9500000, 0x00000000e9400000| Updating 
| 149|0x00000000e9500000, 0x00000000e9600000, 0x00000000e9600000|100%| O|  |TAMS 0x00000000e9600000, 0x00000000e9500000| Untracked 
| 150|0x00000000e9600000, 0x00000000e9700000, 0x00000000e9700000|100%| O|  |TAMS 0x00000000e9700000, 0x00000000e9600000| Untracked 
| 151|0x00000000e9700000, 0x00000000e9800000, 0x00000000e9800000|100%| O|  |TAMS 0x00000000e9800000, 0x00000000e9700000| Untracked 
| 152|0x00000000e9800000, 0x00000000e9900000, 0x00000000e9900000|100%| O|  |TAMS 0x00000000e9900000, 0x00000000e9800000| Updating 
| 153|0x00000000e9900000, 0x00000000e9a00000, 0x00000000e9a00000|100%| O|  |TAMS 0x00000000e9a00000, 0x00000000e9900000| Untracked 
| 154|0x00000000e9a00000, 0x00000000e9b00000, 0x00000000e9b00000|100%| O|  |TAMS 0x00000000e9b00000, 0x00000000e9a00000| Untracked 
| 155|0x00000000e9b00000, 0x00000000e9c00000, 0x00000000e9c00000|100%| O|  |TAMS 0x00000000e9c00000, 0x00000000e9b00000| Updating 
| 156|0x00000000e9c00000, 0x00000000e9d00000, 0x00000000e9d00000|100%| O|  |TAMS 0x00000000e9d00000, 0x00000000e9c00000| Updating 
| 157|0x00000000e9d00000, 0x00000000e9e00000, 0x00000000e9e00000|100%| O|  |TAMS 0x00000000e9e00000, 0x00000000e9d00000| Updating 
| 158|0x00000000e9e00000, 0x00000000e9f00000, 0x00000000e9f00000|100%| O|  |TAMS 0x00000000e9f00000, 0x00000000e9e00000| Updating 
| 159|0x00000000e9f00000, 0x00000000ea000000, 0x00000000ea000000|100%| O|  |TAMS 0x00000000ea000000, 0x00000000e9f00000| Updating 
| 160|0x00000000ea000000, 0x00000000ea100000, 0x00000000ea100000|100%| O|  |TAMS 0x00000000ea100000, 0x00000000ea000000| Updating 
| 161|0x00000000ea100000, 0x00000000ea200000, 0x00000000ea200000|100%| O|  |TAMS 0x00000000ea200000, 0x00000000ea100000| Untracked 
| 162|0x00000000ea200000, 0x00000000ea300000, 0x00000000ea300000|100%| O|  |TAMS 0x00000000ea300000, 0x00000000ea200000| Updating 
| 163|0x00000000ea300000, 0x00000000ea400000, 0x00000000ea400000|100%| O|  |TAMS 0x00000000ea400000, 0x00000000ea300000| Updating 
| 164|0x00000000ea400000, 0x00000000ea500000, 0x00000000ea500000|100%| O|  |TAMS 0x00000000ea500000, 0x00000000ea400000| Updating 
| 165|0x00000000ea500000, 0x00000000ea600000, 0x00000000ea600000|100%| O|  |TAMS 0x00000000ea600000, 0x00000000ea500000| Untracked 
| 166|0x00000000ea600000, 0x00000000ea700000, 0x00000000ea700000|100%| O|  |TAMS 0x00000000ea700000, 0x00000000ea600000| Untracked 
| 167|0x00000000ea700000, 0x00000000ea800000, 0x00000000ea800000|100%| O|  |TAMS 0x00000000ea800000, 0x00000000ea700000| Updating 
| 168|0x00000000ea800000, 0x00000000ea900000, 0x00000000ea900000|100%| O|  |TAMS 0x00000000ea900000, 0x00000000ea800000| Untracked 
| 169|0x00000000ea900000, 0x00000000eaa00000, 0x00000000eaa00000|100%| O|  |TAMS 0x00000000eaa00000, 0x00000000ea900000| Untracked 
| 170|0x00000000eaa00000, 0x00000000eab00000, 0x00000000eab00000|100%| O|  |TAMS 0x00000000eab00000, 0x00000000eaa00000| Untracked 
| 171|0x00000000eab00000, 0x00000000eac00000, 0x00000000eac00000|100%| O|  |TAMS 0x00000000eac00000, 0x00000000eab00000| Untracked 
| 172|0x00000000eac00000, 0x00000000ead00000, 0x00000000ead00000|100%| O|  |TAMS 0x00000000ead00000, 0x00000000eac00000| Untracked 
| 173|0x00000000ead00000, 0x00000000eae00000, 0x00000000eae00000|100%| O|  |TAMS 0x00000000eae00000, 0x00000000ead00000| Untracked 
| 174|0x00000000eae00000, 0x00000000eaf00000, 0x00000000eaf00000|100%| O|  |TAMS 0x00000000eae66600, 0x00000000eae00000| Updating 
| 175|0x00000000eaf00000, 0x00000000eb000000, 0x00000000eb000000|100%| O|  |TAMS 0x00000000eaf00000, 0x00000000eaf00000| Untracked 
| 176|0x00000000eb000000, 0x00000000eb100000, 0x00000000eb100000|100%| O|  |TAMS 0x00000000eb000000, 0x00000000eb000000| Untracked 
| 177|0x00000000eb100000, 0x00000000eb200000, 0x00000000eb200000|100%| O|  |TAMS 0x00000000eb100000, 0x00000000eb100000| Untracked 
| 178|0x00000000eb200000, 0x00000000eb300000, 0x00000000eb300000|100%| O|  |TAMS 0x00000000eb200000, 0x00000000eb200000| Untracked 
| 179|0x00000000eb300000, 0x00000000eb400000, 0x00000000eb400000|100%| O|  |TAMS 0x00000000eb300000, 0x00000000eb300000| Untracked 
| 180|0x00000000eb400000, 0x00000000eb500000, 0x00000000eb500000|100%| O|  |TAMS 0x00000000eb400000, 0x00000000eb400000| Untracked 
| 181|0x00000000eb500000, 0x00000000eb600000, 0x00000000eb600000|100%| O|  |TAMS 0x00000000eb500000, 0x00000000eb500000| Untracked 
| 182|0x00000000eb600000, 0x00000000eb600000, 0x00000000eb700000|  0%| F|  |TAMS 0x00000000eb600000, 0x00000000eb600000| Untracked 
| 183|0x00000000eb700000, 0x00000000eb700000, 0x00000000eb800000|  0%| F|  |TAMS 0x00000000eb700000, 0x00000000eb700000| Untracked 
| 184|0x00000000eb800000, 0x00000000eb800000, 0x00000000eb900000|  0%| F|  |TAMS 0x00000000eb800000, 0x00000000eb800000| Untracked 
| 185|0x00000000eb900000, 0x00000000eb900000, 0x00000000eba00000|  0%| F|  |TAMS 0x00000000eb900000, 0x00000000eb900000| Untracked 
| 186|0x00000000eba00000, 0x00000000eba00000, 0x00000000ebb00000|  0%| F|  |TAMS 0x00000000eba00000, 0x00000000eba00000| Untracked 
| 187|0x00000000ebb00000, 0x00000000ebb00000, 0x00000000ebc00000|  0%| F|  |TAMS 0x00000000ebb00000, 0x00000000ebb00000| Untracked 
| 188|0x00000000ebc00000, 0x00000000ebc00000, 0x00000000ebd00000|  0%| F|  |TAMS 0x00000000ebc00000, 0x00000000ebc00000| Untracked 
| 189|0x00000000ebd00000, 0x00000000ebd00000, 0x00000000ebe00000|  0%| F|  |TAMS 0x00000000ebd00000, 0x00000000ebd00000| Untracked 
| 190|0x00000000ebe00000, 0x00000000ebe00000, 0x00000000ebf00000|  0%| F|  |TAMS 0x00000000ebe00000, 0x00000000ebe00000| Untracked 
| 191|0x00000000ebf00000, 0x00000000ebf00000, 0x00000000ec000000|  0%| F|  |TAMS 0x00000000ebf00000, 0x00000000ebf00000| Untracked 
| 192|0x00000000ec000000, 0x00000000ec000000, 0x00000000ec100000|  0%| F|  |TAMS 0x00000000ec000000, 0x00000000ec000000| Untracked 
| 193|0x00000000ec100000, 0x00000000ec100000, 0x00000000ec200000|  0%| F|  |TAMS 0x00000000ec100000, 0x00000000ec100000| Untracked 
| 194|0x00000000ec200000, 0x00000000ec200000, 0x00000000ec300000|  0%| F|  |TAMS 0x00000000ec200000, 0x00000000ec200000| Untracked 
| 195|0x00000000ec300000, 0x00000000ec300000, 0x00000000ec400000|  0%| F|  |TAMS 0x00000000ec300000, 0x00000000ec300000| Untracked 
| 196|0x00000000ec400000, 0x00000000ec400000, 0x00000000ec500000|  0%| F|  |TAMS 0x00000000ec400000, 0x00000000ec400000| Untracked 
| 197|0x00000000ec500000, 0x00000000ec500000, 0x00000000ec600000|  0%| F|  |TAMS 0x00000000ec500000, 0x00000000ec500000| Untracked 
| 198|0x00000000ec600000, 0x00000000ec600000, 0x00000000ec700000|  0%| F|  |TAMS 0x00000000ec600000, 0x00000000ec600000| Untracked 
| 199|0x00000000ec700000, 0x00000000ec700000, 0x00000000ec800000|  0%| F|  |TAMS 0x00000000ec700000, 0x00000000ec700000| Untracked 
| 200|0x00000000ec800000, 0x00000000ec800000, 0x00000000ec900000|  0%| F|  |TAMS 0x00000000ec800000, 0x00000000ec800000| Untracked 
| 201|0x00000000ec900000, 0x00000000ec900000, 0x00000000eca00000|  0%| F|  |TAMS 0x00000000ec900000, 0x00000000ec900000| Untracked 
| 202|0x00000000eca00000, 0x00000000eca00000, 0x00000000ecb00000|  0%| F|  |TAMS 0x00000000eca00000, 0x00000000eca00000| Untracked 
| 203|0x00000000ecb00000, 0x00000000ecb00000, 0x00000000ecc00000|  0%| F|  |TAMS 0x00000000ecb00000, 0x00000000ecb00000| Untracked 
| 204|0x00000000ecc00000, 0x00000000ecc00000, 0x00000000ecd00000|  0%| F|  |TAMS 0x00000000ecc00000, 0x00000000ecc00000| Untracked 
| 205|0x00000000ecd00000, 0x00000000ecd00000, 0x00000000ece00000|  0%| F|  |TAMS 0x00000000ecd00000, 0x00000000ecd00000| Untracked 
| 206|0x00000000ece00000, 0x00000000ece00000, 0x00000000ecf00000|  0%| F|  |TAMS 0x00000000ece00000, 0x00000000ece00000| Untracked 
| 207|0x00000000ecf00000, 0x00000000ecf00000, 0x00000000ed000000|  0%| F|  |TAMS 0x00000000ecf00000, 0x00000000ecf00000| Untracked 
| 208|0x00000000ed000000, 0x00000000ed000000, 0x00000000ed100000|  0%| F|  |TAMS 0x00000000ed000000, 0x00000000ed000000| Untracked 
| 209|0x00000000ed100000, 0x00000000ed100000, 0x00000000ed200000|  0%| F|  |TAMS 0x00000000ed100000, 0x00000000ed100000| Untracked 
| 210|0x00000000ed200000, 0x00000000ed200000, 0x00000000ed300000|  0%| F|  |TAMS 0x00000000ed200000, 0x00000000ed200000| Untracked 
| 211|0x00000000ed300000, 0x00000000ed300000, 0x00000000ed400000|  0%| F|  |TAMS 0x00000000ed300000, 0x00000000ed300000| Untracked 
| 212|0x00000000ed400000, 0x00000000ed400000, 0x00000000ed500000|  0%| F|  |TAMS 0x00000000ed400000, 0x00000000ed400000| Untracked 
| 213|0x00000000ed500000, 0x00000000ed500000, 0x00000000ed600000|  0%| F|  |TAMS 0x00000000ed500000, 0x00000000ed500000| Untracked 
| 214|0x00000000ed600000, 0x00000000ed600000, 0x00000000ed700000|  0%| F|  |TAMS 0x00000000ed600000, 0x00000000ed600000| Untracked 
| 215|0x00000000ed700000, 0x00000000ed700000, 0x00000000ed800000|  0%| F|  |TAMS 0x00000000ed700000, 0x00000000ed700000| Untracked 
| 216|0x00000000ed800000, 0x00000000ed800000, 0x00000000ed900000|  0%| F|  |TAMS 0x00000000ed800000, 0x00000000ed800000| Untracked 
| 217|0x00000000ed900000, 0x00000000ed900000, 0x00000000eda00000|  0%| F|  |TAMS 0x00000000ed900000, 0x00000000ed900000| Untracked 
| 218|0x00000000eda00000, 0x00000000eda00000, 0x00000000edb00000|  0%| F|  |TAMS 0x00000000eda00000, 0x00000000eda00000| Untracked 
| 219|0x00000000edb00000, 0x00000000edb00000, 0x00000000edc00000|  0%| F|  |TAMS 0x00000000edb00000, 0x00000000edb00000| Untracked 
| 220|0x00000000edc00000, 0x00000000edc00000, 0x00000000edd00000|  0%| F|  |TAMS 0x00000000edc00000, 0x00000000edc00000| Untracked 
| 221|0x00000000edd00000, 0x00000000edd59ad8, 0x00000000ede00000| 35%| S|CS|TAMS 0x00000000edd00000, 0x00000000edd00000| Complete 
| 222|0x00000000ede00000, 0x00000000edf00000, 0x00000000edf00000|100%| S|CS|TAMS 0x00000000ede00000, 0x00000000ede00000| Complete 
| 223|0x00000000edf00000, 0x00000000ee000000, 0x00000000ee000000|100%| S|CS|TAMS 0x00000000edf00000, 0x00000000edf00000| Complete 
| 224|0x00000000ee000000, 0x00000000ee100000, 0x00000000ee100000|100%| S|CS|TAMS 0x00000000ee000000, 0x00000000ee000000| Complete 
| 225|0x00000000ee100000, 0x00000000ee200000, 0x00000000ee200000|100%| S|CS|TAMS 0x00000000ee100000, 0x00000000ee100000| Complete 
| 226|0x00000000ee200000, 0x00000000ee300000, 0x00000000ee300000|100%| S|CS|TAMS 0x00000000ee200000, 0x00000000ee200000| Complete 
| 227|0x00000000ee300000, 0x00000000ee400000, 0x00000000ee400000|100%| S|CS|TAMS 0x00000000ee300000, 0x00000000ee300000| Complete 
| 228|0x00000000ee400000, 0x00000000ee400000, 0x00000000ee500000|  0%| F|  |TAMS 0x00000000ee400000, 0x00000000ee400000| Untracked 
| 229|0x00000000ee500000, 0x00000000ee500000, 0x00000000ee600000|  0%| F|  |TAMS 0x00000000ee500000, 0x00000000ee500000| Untracked 
| 230|0x00000000ee600000, 0x00000000ee600000, 0x00000000ee700000|  0%| F|  |TAMS 0x00000000ee600000, 0x00000000ee600000| Untracked 
| 231|0x00000000ee700000, 0x00000000ee700000, 0x00000000ee800000|  0%| F|  |TAMS 0x00000000ee700000, 0x00000000ee700000| Untracked 
| 232|0x00000000ee800000, 0x00000000ee800000, 0x00000000ee900000|  0%| F|  |TAMS 0x00000000ee800000, 0x00000000ee800000| Untracked 
| 233|0x00000000ee900000, 0x00000000ee900000, 0x00000000eea00000|  0%| F|  |TAMS 0x00000000ee900000, 0x00000000ee900000| Untracked 
| 234|0x00000000eea00000, 0x00000000eea00000, 0x00000000eeb00000|  0%| F|  |TAMS 0x00000000eea00000, 0x00000000eea00000| Untracked 
| 235|0x00000000eeb00000, 0x00000000eeb00000, 0x00000000eec00000|  0%| F|  |TAMS 0x00000000eeb00000, 0x00000000eeb00000| Untracked 
| 236|0x00000000eec00000, 0x00000000eec00000, 0x00000000eed00000|  0%| F|  |TAMS 0x00000000eec00000, 0x00000000eec00000| Untracked 
| 237|0x00000000eed00000, 0x00000000eed00000, 0x00000000eee00000|  0%| F|  |TAMS 0x00000000eed00000, 0x00000000eed00000| Untracked 
| 238|0x00000000eee00000, 0x00000000eee00000, 0x00000000eef00000|  0%| F|  |TAMS 0x00000000eee00000, 0x00000000eee00000| Untracked 
| 239|0x00000000eef00000, 0x00000000eef00000, 0x00000000ef000000|  0%| F|  |TAMS 0x00000000eef00000, 0x00000000eef00000| Untracked 
| 240|0x00000000ef000000, 0x00000000ef000000, 0x00000000ef100000|  0%| F|  |TAMS 0x00000000ef000000, 0x00000000ef000000| Untracked 
| 241|0x00000000ef100000, 0x00000000ef100000, 0x00000000ef200000|  0%| F|  |TAMS 0x00000000ef100000, 0x00000000ef100000| Untracked 
| 242|0x00000000ef200000, 0x00000000ef200000, 0x00000000ef300000|  0%| F|  |TAMS 0x00000000ef200000, 0x00000000ef200000| Untracked 
| 243|0x00000000ef300000, 0x00000000ef300000, 0x00000000ef400000|  0%| F|  |TAMS 0x00000000ef300000, 0x00000000ef300000| Untracked 
| 244|0x00000000ef400000, 0x00000000ef400000, 0x00000000ef500000|  0%| F|  |TAMS 0x00000000ef400000, 0x00000000ef400000| Untracked 
| 245|0x00000000ef500000, 0x00000000ef500000, 0x00000000ef600000|  0%| F|  |TAMS 0x00000000ef500000, 0x00000000ef500000| Untracked 
| 246|0x00000000ef600000, 0x00000000ef600000, 0x00000000ef700000|  0%| F|  |TAMS 0x00000000ef600000, 0x00000000ef600000| Untracked 
| 247|0x00000000ef700000, 0x00000000ef700000, 0x00000000ef800000|  0%| F|  |TAMS 0x00000000ef700000, 0x00000000ef700000| Untracked 
| 248|0x00000000ef800000, 0x00000000ef800000, 0x00000000ef900000|  0%| F|  |TAMS 0x00000000ef800000, 0x00000000ef800000| Untracked 
| 249|0x00000000ef900000, 0x00000000ef900000, 0x00000000efa00000|  0%| F|  |TAMS 0x00000000ef900000, 0x00000000ef900000| Untracked 
| 250|0x00000000efa00000, 0x00000000efa00000, 0x00000000efb00000|  0%| F|  |TAMS 0x00000000efa00000, 0x00000000efa00000| Untracked 
| 251|0x00000000efb00000, 0x00000000efb00000, 0x00000000efc00000|  0%| F|  |TAMS 0x00000000efb00000, 0x00000000efb00000| Untracked 
| 252|0x00000000efc00000, 0x00000000efc00000, 0x00000000efd00000|  0%| F|  |TAMS 0x00000000efc00000, 0x00000000efc00000| Untracked 
| 253|0x00000000efd00000, 0x00000000efd00000, 0x00000000efe00000|  0%| F|  |TAMS 0x00000000efd00000, 0x00000000efd00000| Untracked 
| 254|0x00000000efe00000, 0x00000000efe00000, 0x00000000eff00000|  0%| F|  |TAMS 0x00000000efe00000, 0x00000000efe00000| Untracked 
| 255|0x00000000eff00000, 0x00000000eff00000, 0x00000000f0000000|  0%| F|  |TAMS 0x00000000eff00000, 0x00000000eff00000| Untracked 
| 256|0x00000000f0000000, 0x00000000f0000000, 0x00000000f0100000|  0%| F|  |TAMS 0x00000000f0000000, 0x00000000f0000000| Untracked 
| 257|0x00000000f0100000, 0x00000000f0100000, 0x00000000f0200000|  0%| F|  |TAMS 0x00000000f0100000, 0x00000000f0100000| Untracked 
| 258|0x00000000f0200000, 0x00000000f0200000, 0x00000000f0300000|  0%| F|  |TAMS 0x00000000f0200000, 0x00000000f0200000| Untracked 
| 259|0x00000000f0300000, 0x00000000f0300000, 0x00000000f0400000|  0%| F|  |TAMS 0x00000000f0300000, 0x00000000f0300000| Untracked 
| 260|0x00000000f0400000, 0x00000000f0400000, 0x00000000f0500000|  0%| F|  |TAMS 0x00000000f0400000, 0x00000000f0400000| Untracked 
| 261|0x00000000f0500000, 0x00000000f0500000, 0x00000000f0600000|  0%| F|  |TAMS 0x00000000f0500000, 0x00000000f0500000| Untracked 
| 262|0x00000000f0600000, 0x00000000f0600000, 0x00000000f0700000|  0%| F|  |TAMS 0x00000000f0600000, 0x00000000f0600000| Untracked 
| 263|0x00000000f0700000, 0x00000000f0700000, 0x00000000f0800000|  0%| F|  |TAMS 0x00000000f0700000, 0x00000000f0700000| Untracked 
| 264|0x00000000f0800000, 0x00000000f0800000, 0x00000000f0900000|  0%| F|  |TAMS 0x00000000f0800000, 0x00000000f0800000| Untracked 
| 265|0x00000000f0900000, 0x00000000f0900000, 0x00000000f0a00000|  0%| F|  |TAMS 0x00000000f0900000, 0x00000000f0900000| Untracked 
| 266|0x00000000f0a00000, 0x00000000f0a00000, 0x00000000f0b00000|  0%| F|  |TAMS 0x00000000f0a00000, 0x00000000f0a00000| Untracked 
| 267|0x00000000f0b00000, 0x00000000f0b00000, 0x00000000f0c00000|  0%| F|  |TAMS 0x00000000f0b00000, 0x00000000f0b00000| Untracked 
| 268|0x00000000f0c00000, 0x00000000f0c00000, 0x00000000f0d00000|  0%| F|  |TAMS 0x00000000f0c00000, 0x00000000f0c00000| Untracked 
| 269|0x00000000f0d00000, 0x00000000f0d00000, 0x00000000f0e00000|  0%| F|  |TAMS 0x00000000f0d00000, 0x00000000f0d00000| Untracked 
| 270|0x00000000f0e00000, 0x00000000f0e00000, 0x00000000f0f00000|  0%| F|  |TAMS 0x00000000f0e00000, 0x00000000f0e00000| Untracked 
| 271|0x00000000f0f00000, 0x00000000f0f00000, 0x00000000f1000000|  0%| F|  |TAMS 0x00000000f0f00000, 0x00000000f0f00000| Untracked 
| 272|0x00000000f1000000, 0x00000000f1000000, 0x00000000f1100000|  0%| F|  |TAMS 0x00000000f1000000, 0x00000000f1000000| Untracked 
| 273|0x00000000f1100000, 0x00000000f1100000, 0x00000000f1200000|  0%| F|  |TAMS 0x00000000f1100000, 0x00000000f1100000| Untracked 
| 274|0x00000000f1200000, 0x00000000f1200000, 0x00000000f1300000|  0%| F|  |TAMS 0x00000000f1200000, 0x00000000f1200000| Untracked 
| 275|0x00000000f1300000, 0x00000000f1300000, 0x00000000f1400000|  0%| F|  |TAMS 0x00000000f1300000, 0x00000000f1300000| Untracked 
| 276|0x00000000f1400000, 0x00000000f1400000, 0x00000000f1500000|  0%| F|  |TAMS 0x00000000f1400000, 0x00000000f1400000| Untracked 
| 277|0x00000000f1500000, 0x00000000f1500000, 0x00000000f1600000|  0%| F|  |TAMS 0x00000000f1500000, 0x00000000f1500000| Untracked 
| 278|0x00000000f1600000, 0x00000000f1600000, 0x00000000f1700000|  0%| F|  |TAMS 0x00000000f1600000, 0x00000000f1600000| Untracked 
| 279|0x00000000f1700000, 0x00000000f1700000, 0x00000000f1800000|  0%| F|  |TAMS 0x00000000f1700000, 0x00000000f1700000| Untracked 
| 280|0x00000000f1800000, 0x00000000f1800000, 0x00000000f1900000|  0%| F|  |TAMS 0x00000000f1800000, 0x00000000f1800000| Untracked 
| 281|0x00000000f1900000, 0x00000000f1900000, 0x00000000f1a00000|  0%| F|  |TAMS 0x00000000f1900000, 0x00000000f1900000| Untracked 
| 282|0x00000000f1a00000, 0x00000000f1a00000, 0x00000000f1b00000|  0%| F|  |TAMS 0x00000000f1a00000, 0x00000000f1a00000| Untracked 
| 283|0x00000000f1b00000, 0x00000000f1b00000, 0x00000000f1c00000|  0%| F|  |TAMS 0x00000000f1b00000, 0x00000000f1b00000| Untracked 
| 284|0x00000000f1c00000, 0x00000000f1c00000, 0x00000000f1d00000|  0%| F|  |TAMS 0x00000000f1c00000, 0x00000000f1c00000| Untracked 
| 285|0x00000000f1d00000, 0x00000000f1d00000, 0x00000000f1e00000|  0%| F|  |TAMS 0x00000000f1d00000, 0x00000000f1d00000| Untracked 
| 286|0x00000000f1e00000, 0x00000000f1e89948, 0x00000000f1f00000| 53%| E|  |TAMS 0x00000000f1e00000, 0x00000000f1e00000| Complete 
| 287|0x00000000f1f00000, 0x00000000f2000000, 0x00000000f2000000|100%| E|CS|TAMS 0x00000000f1f00000, 0x00000000f1f00000| Complete 
| 288|0x00000000f2000000, 0x00000000f2100000, 0x00000000f2100000|100%| E|CS|TAMS 0x00000000f2000000, 0x00000000f2000000| Complete 

Card table byte_map: [0x0000020f68800000,0x0000020f68900000] _byte_map_base: 0x0000020f68100000

Marking Bits (Prev, Next): (CMBitMap*) 0x0000020f51f74c00, (CMBitMap*) 0x0000020f51f74bc0
 Prev Bits: [0x0000020f69200000, 0x0000020f69a00000)
 Next Bits: [0x0000020f68a00000, 0x0000020f69200000)

Polling page: 0x0000020f500d0000

Metaspace:

Usage:
  Non-class:     79.01 MB used.
      Class:     12.22 MB used.
       Both:     91.23 MB used.

Virtual space:
  Non-class space:      128.00 MB reserved,      80.00 MB ( 62%) committed,  2 nodes.
      Class space:      320.00 MB reserved,      12.88 MB (  4%) committed,  1 nodes.
             Both:      448.00 MB reserved,      92.88 MB ( 21%) committed. 

Chunk freelists:
   Non-Class:  16.47 MB
       Class:  3.23 MB
        Both:  19.71 MB

MaxMetaspaceSize: 384.00 MB
CompressedClassSpaceSize: 320.00 MB
Initial GC threshold: 21.00 MB
Current GC threshold: 144.00 MB
CDS: on
MetaspaceReclaimPolicy: balanced
 - commit_granule_bytes: 65536.
 - commit_granule_words: 8192.
 - virtual_space_node_default_size: 8388608.
 - enlarge_chunks_in_place: 1.
 - new_chunks_are_fully_committed: 0.
 - uncommit_free_chunks: 1.
 - use_allocation_guard: 0.
 - handle_deallocations: 1.


Internal statistics:

num_allocs_failed_limit: 18.
num_arena_births: 1418.
num_arena_deaths: 480.
num_vsnodes_births: 3.
num_vsnodes_deaths: 0.
num_space_committed: 1486.
num_space_uncommitted: 0.
num_chunks_returned_to_freelist: 632.
num_chunks_taken_from_freelist: 5552.
num_chunk_merges: 223.
num_chunk_splits: 3447.
num_chunks_enlarged: 2025.
num_inconsistent_stats: 0.

CodeHeap 'non-profiled nmethods': size=120000Kb used=10899Kb max_used=10899Kb free=109100Kb
 bounds [0x0000020f612d0000, 0x0000020f61d80000, 0x0000020f68800000]
CodeHeap 'profiled nmethods': size=120000Kb used=29269Kb max_used=29269Kb free=90730Kb
 bounds [0x0000020f59800000, 0x0000020f5b4a0000, 0x0000020f60d30000]
CodeHeap 'non-nmethods': size=5760Kb used=2445Kb max_used=2499Kb free=3314Kb
 bounds [0x0000020f60d30000, 0x0000020f60fb0000, 0x0000020f612d0000]
 total_blobs=15404 nmethods=14430 adapters=886
 compilation: enabled
              stopped_count=0, restarted_count=0
 full_count=0

Compilation events (20 events):
Event: 2882.556 Thread 0x0000020f6bfda0c0 nmethod 17029 0x0000020f5b485f90 code [0x0000020f5b486140, 0x0000020f5b486498]
Event: 2882.559 Thread 0x0000020f6bfd9700 nmethod 17026 0x0000020f61d73b10 code [0x0000020f61d73ce0, 0x0000020f61d742b0]
Event: 2882.559 Thread 0x0000020f6bfd9700 17027       4       com.google.common.collect.SingletonImmutableBiMap::get (20 bytes)
Event: 2882.560 Thread 0x0000020f6bfd9700 nmethod 17027 0x0000020f61d74710 code [0x0000020f61d74880, 0x0000020f61d74938]
Event: 2882.627 Thread 0x0000020f6bfda0c0 17030       1       java.security.spec.ECFieldFp::getP (5 bytes)
Event: 2882.627 Thread 0x0000020f6bfda0c0 nmethod 17030 0x0000020f61d74a10 code [0x0000020f61d74ba0, 0x0000020f61d74c78]
Event: 2883.070 Thread 0x0000020f6bfda0c0 17031       3       java.lang.Character::isDigit (5 bytes)
Event: 2883.071 Thread 0x0000020f6bfda0c0 nmethod 17031 0x0000020f5b486590 code [0x0000020f5b486740, 0x0000020f5b486998]
Event: 2883.071 Thread 0x0000020f6bfda0c0 17032       3       java.lang.Character::isDigit (9 bytes)
Event: 2883.071 Thread 0x0000020f6bfda0c0 nmethod 17032 0x0000020f5b486a90 code [0x0000020f5b486c40, 0x0000020f5b486e38]
Event: 2883.071 Thread 0x0000020f6bfda0c0 17033       3       java.lang.CharacterDataLatin1::isDigit (18 bytes)
Event: 2883.071 Thread 0x0000020f6bfda0c0 nmethod 17033 0x0000020f5b486f10 code [0x0000020f5b4870a0, 0x0000020f5b487238]
Event: 2883.723 Thread 0x0000020f6bfda0c0 17034       3       org.apache.http.util.CharArrayBuffer::expand (34 bytes)
Event: 2883.724 Thread 0x0000020f6bfda0c0 nmethod 17034 0x0000020f5b487310 code [0x0000020f5b4874c0, 0x0000020f5b487848]
Event: 2883.724 Thread 0x0000020f6bfda0c0 17035       3       org.apache.http.client.methods.HttpRequestBase::getRequestLine (57 bytes)
Event: 2883.730 Thread 0x0000020f6bfda0c0 nmethod 17035 0x0000020f5b487990 code [0x0000020f5b487c20, 0x0000020f5b488bf8]
Event: 2883.733 Thread 0x0000020f6bfda0c0 17037   !   3       java.text.SimpleDateFormat::subParse (1841 bytes)
Event: 2883.757 Thread 0x0000020f6bfda0c0 nmethod 17037 0x0000020f5b489110 code [0x0000020f5b489ea0, 0x0000020f5b492d98]
Event: 2883.757 Thread 0x0000020f6bfda0c0 17036       3       org.apache.http.client.methods.HttpRequestBase::getProtocolVersion (22 bytes)
Event: 2883.757 Thread 0x0000020f6bfda0c0 nmethod 17036 0x0000020f5b496210 code [0x0000020f5b496440, 0x0000020f5b496e38]

GC Heap History (20 events):
Event: 47.667 GC heap before
{Heap before GC invocations=29 (full 0):
 garbage-first heap   total 262144K, used 216884K [0x00000000e0000000, 0x0000000100000000)
  region size 1024K, 65 young (66560K), 6 survivors (6144K)
 Metaspace       used 87605K, committed 88448K, reserved 458752K
  class space    used 11903K, committed 12288K, reserved 327680K
}
Event: 47.677 GC heap after
{Heap after GC invocations=30 (full 0):
 garbage-first heap   total 262144K, used 159257K [0x00000000e0000000, 0x0000000100000000)
  region size 1024K, 6 young (6144K), 6 survivors (6144K)
 Metaspace       used 87605K, committed 88448K, reserved 458752K
  class space    used 11903K, committed 12288K, reserved 327680K
}
Event: 48.120 GC heap before
{Heap before GC invocations=30 (full 0):
 garbage-first heap   total 262144K, used 217625K [0x00000000e0000000, 0x0000000100000000)
  region size 1024K, 63 young (64512K), 6 survivors (6144K)
 Metaspace       used 87605K, committed 88448K, reserved 458752K
  class space    used 11903K, committed 12288K, reserved 327680K
}
Event: 48.128 GC heap after
{Heap after GC invocations=31 (full 0):
 garbage-first heap   total 262144K, used 161739K [0x00000000e0000000, 0x0000000100000000)
  region size 1024K, 5 young (5120K), 5 survivors (5120K)
 Metaspace       used 87605K, committed 88448K, reserved 458752K
  class space    used 11903K, committed 12288K, reserved 327680K
}
Event: 48.805 GC heap before
{Heap before GC invocations=32 (full 0):
 garbage-first heap   total 295936K, used 217035K [0x00000000e0000000, 0x0000000100000000)
  region size 1024K, 59 young (60416K), 5 survivors (5120K)
 Metaspace       used 87605K, committed 88448K, reserved 458752K
  class space    used 11903K, committed 12288K, reserved 327680K
}
Event: 48.819 GC heap after
{Heap after GC invocations=33 (full 0):
 garbage-first heap   total 295936K, used 165194K [0x00000000e0000000, 0x0000000100000000)
  region size 1024K, 6 young (6144K), 6 survivors (6144K)
 Metaspace       used 87605K, committed 88448K, reserved 458752K
  class space    used 11903K, committed 12288K, reserved 327680K
}
Event: 48.874 GC heap before
{Heap before GC invocations=33 (full 0):
 garbage-first heap   total 295936K, used 173386K [0x00000000e0000000, 0x0000000100000000)
  region size 1024K, 14 young (14336K), 6 survivors (6144K)
 Metaspace       used 87605K, committed 88448K, reserved 458752K
  class space    used 11903K, committed 12288K, reserved 327680K
}
Event: 48.884 GC heap after
{Heap after GC invocations=34 (full 0):
 garbage-first heap   total 295936K, used 164085K [0x00000000e0000000, 0x0000000100000000)
  region size 1024K, 2 young (2048K), 2 survivors (2048K)
 Metaspace       used 87605K, committed 88448K, reserved 458752K
  class space    used 11903K, committed 12288K, reserved 327680K
}
Event: 62.993 GC heap before
{Heap before GC invocations=34 (full 0):
 garbage-first heap   total 295936K, used 239861K [0x00000000e0000000, 0x0000000100000000)
  region size 1024K, 77 young (78848K), 2 survivors (2048K)
 Metaspace       used 90439K, committed 91328K, reserved 458752K
  class space    used 12231K, committed 12608K, reserved 327680K
}
Event: 63.013 GC heap after
{Heap after GC invocations=35 (full 0):
 garbage-first heap   total 295936K, used 169769K [0x00000000e0000000, 0x0000000100000000)
  region size 1024K, 8 young (8192K), 8 survivors (8192K)
 Metaspace       used 90439K, committed 91328K, reserved 458752K
  class space    used 12231K, committed 12608K, reserved 327680K
}
Event: 1564.568 GC heap before
{Heap before GC invocations=35 (full 0):
 garbage-first heap   total 295936K, used 240425K [0x00000000e0000000, 0x0000000100000000)
  region size 1024K, 78 young (79872K), 8 survivors (8192K)
 Metaspace       used 91498K, committed 92352K, reserved 458752K
  class space    used 12357K, committed 12736K, reserved 327680K
}
Event: 1564.803 GC heap after
{Heap after GC invocations=36 (full 0):
 garbage-first heap   total 295936K, used 170537K [0x00000000e0000000, 0x0000000100000000)
  region size 1024K, 2 young (2048K), 2 survivors (2048K)
 Metaspace       used 91498K, committed 92352K, reserved 458752K
  class space    used 12357K, committed 12736K, reserved 327680K
}
Event: 2839.039 GC heap before
{Heap before GC invocations=36 (full 0):
 garbage-first heap   total 295936K, used 245289K [0x00000000e0000000, 0x0000000100000000)
  region size 1024K, 75 young (76800K), 2 survivors (2048K)
 Metaspace       used 92731K, committed 93760K, reserved 458752K
  class space    used 12537K, committed 13056K, reserved 327680K
}
Event: 2839.073 GC heap after
{Heap after GC invocations=37 (full 0):
 garbage-first heap   total 295936K, used 172990K [0x00000000e0000000, 0x0000000100000000)
  region size 1024K, 4 young (4096K), 4 survivors (4096K)
 Metaspace       used 92731K, committed 93760K, reserved 458752K
  class space    used 12537K, committed 13056K, reserved 327680K
}
Event: 2868.822 GC heap before
{Heap before GC invocations=37 (full 0):
 garbage-first heap   total 295936K, used 246718K [0x00000000e0000000, 0x0000000100000000)
  region size 1024K, 77 young (78848K), 4 survivors (4096K)
 Metaspace       used 93790K, committed 94848K, reserved 458752K
  class space    used 12645K, committed 13184K, reserved 327680K
}
Event: 2868.961 GC heap after
{Heap after GC invocations=38 (full 0):
 garbage-first heap   total 295936K, used 179000K [0x00000000e0000000, 0x0000000100000000)
  region size 1024K, 10 young (10240K), 10 survivors (10240K)
 Metaspace       used 93790K, committed 94848K, reserved 458752K
  class space    used 12645K, committed 13184K, reserved 327680K
}
Event: 2879.961 GC heap before
{Heap before GC invocations=38 (full 0):
 garbage-first heap   total 295936K, used 248632K [0x00000000e0000000, 0x0000000100000000)
  region size 1024K, 78 young (79872K), 10 survivors (10240K)
 Metaspace       used 94028K, committed 95040K, reserved 458752K
  class space    used 12647K, committed 13184K, reserved 327680K
}
Event: 2880.061 GC heap after
{Heap after GC invocations=39 (full 0):
 garbage-first heap   total 295936K, used 186560K [0x00000000e0000000, 0x0000000100000000)
  region size 1024K, 8 young (8192K), 8 survivors (8192K)
 Metaspace       used 94028K, committed 95040K, reserved 458752K
  class space    used 12647K, committed 13184K, reserved 327680K
}
Event: 2882.433 GC heap before
{Heap before GC invocations=39 (full 0):
 garbage-first heap   total 295936K, used 248000K [0x00000000e0000000, 0x0000000100000000)
  region size 1024K, 69 young (70656K), 8 survivors (8192K)
 Metaspace       used 94059K, committed 95104K, reserved 458752K
  class space    used 12647K, committed 13184K, reserved 327680K
}
Event: 2882.470 GC heap after
{Heap after GC invocations=40 (full 0):
 garbage-first heap   total 295936K, used 192870K [0x00000000e0000000, 0x0000000100000000)
  region size 1024K, 7 young (7168K), 7 survivors (7168K)
 Metaspace       used 94059K, committed 95104K, reserved 458752K
  class space    used 12647K, committed 13184K, reserved 327680K
}

Deoptimization events (20 events):
Event: 2880.386 Thread 0x0000020f72b782f0 Uncommon trap: trap_request=0xffffffd6 fr.pc=0x0000020f61d48864 relative=0x0000000000000444
Event: 2880.386 Thread 0x0000020f72b782f0 Uncommon trap: reason=array_check action=maybe_recompile pc=0x0000020f61d48864 method=java.util.HashMap.keysToArray([Ljava/lang/Object;)[Ljava/lang/Object; @ 62 c2
Event: 2880.386 Thread 0x0000020f72b782f0 DEOPT PACKING pc=0x0000020f61d48864 sp=0x00000045003f78b0
Event: 2880.386 Thread 0x0000020f72b782f0 DEOPT UNPACKING pc=0x0000020f60d85ba3 sp=0x00000045003f7848 mode 2
Event: 2880.386 Thread 0x0000020f72b782f0 Uncommon trap: trap_request=0xffffffd6 fr.pc=0x0000020f61d48864 relative=0x0000000000000444
Event: 2880.386 Thread 0x0000020f72b782f0 Uncommon trap: reason=array_check action=maybe_recompile pc=0x0000020f61d48864 method=java.util.HashMap.keysToArray([Ljava/lang/Object;)[Ljava/lang/Object; @ 62 c2
Event: 2880.386 Thread 0x0000020f72b782f0 DEOPT PACKING pc=0x0000020f61d48864 sp=0x00000045003f7730
Event: 2880.386 Thread 0x0000020f72b782f0 DEOPT UNPACKING pc=0x0000020f60d85ba3 sp=0x00000045003f76c8 mode 2
Event: 2880.386 Thread 0x0000020f72b782f0 Uncommon trap: trap_request=0xffffffd6 fr.pc=0x0000020f61d48864 relative=0x0000000000000444
Event: 2880.386 Thread 0x0000020f72b782f0 Uncommon trap: reason=array_check action=maybe_recompile pc=0x0000020f61d48864 method=java.util.HashMap.keysToArray([Ljava/lang/Object;)[Ljava/lang/Object; @ 62 c2
Event: 2880.386 Thread 0x0000020f72b782f0 DEOPT PACKING pc=0x0000020f61d48864 sp=0x00000045003f7730
Event: 2880.386 Thread 0x0000020f72b782f0 DEOPT UNPACKING pc=0x0000020f60d85ba3 sp=0x00000045003f76c8 mode 2
Event: 2880.386 Thread 0x0000020f72b782f0 Uncommon trap: trap_request=0xffffffd6 fr.pc=0x0000020f61d48864 relative=0x0000000000000444
Event: 2880.386 Thread 0x0000020f72b782f0 Uncommon trap: reason=array_check action=maybe_recompile pc=0x0000020f61d48864 method=java.util.HashMap.keysToArray([Ljava/lang/Object;)[Ljava/lang/Object; @ 62 c2
Event: 2880.386 Thread 0x0000020f72b782f0 DEOPT PACKING pc=0x0000020f61d48864 sp=0x00000045003f7650
Event: 2880.386 Thread 0x0000020f72b782f0 DEOPT UNPACKING pc=0x0000020f60d85ba3 sp=0x00000045003f75e8 mode 2
Event: 2883.728 Thread 0x0000020f72b782f0 Uncommon trap: trap_request=0xffffff45 fr.pc=0x0000020f61b03088 relative=0x0000000000000668
Event: 2883.739 Thread 0x0000020f72b782f0 Uncommon trap: reason=unstable_if action=reinterpret pc=0x0000020f61b03088 method=java.util.concurrent.locks.AbstractQueuedSynchronizer$ConditionObject.doSignal(Ljava/util/concurrent/locks/AbstractQueuedSynchronizer$ConditionNode;Z)V @ 30 c2
Event: 2883.755 Thread 0x0000020f72b782f0 DEOPT PACKING pc=0x0000020f61b03088 sp=0x00000045003f5780
Event: 2883.755 Thread 0x0000020f72b782f0 DEOPT UNPACKING pc=0x0000020f60d85ba3 sp=0x00000045003f56f8 mode 2

Classes unloaded (20 events):
Event: 2883.863 Thread 0x0000020f6bfb06f0 Unloading class 0x0000020f011e2800 'java/lang/invoke/LambdaForm$MH+0x0000020f011e2800'
Event: 2883.863 Thread 0x0000020f6bfb06f0 Unloading class 0x0000020f011e2400 'java/lang/invoke/LambdaForm$MH+0x0000020f011e2400'
Event: 2883.863 Thread 0x0000020f6bfb06f0 Unloading class 0x0000020f011e2000 'java/lang/invoke/LambdaForm$MH+0x0000020f011e2000'
Event: 2883.863 Thread 0x0000020f6bfb06f0 Unloading class 0x0000020f011e1c00 'java/lang/invoke/LambdaForm$MH+0x0000020f011e1c00'
Event: 2883.863 Thread 0x0000020f6bfb06f0 Unloading class 0x0000020f011e1800 'java/lang/invoke/LambdaForm$MH+0x0000020f011e1800'
Event: 2883.864 Thread 0x0000020f6bfb06f0 Unloading class 0x0000020f011e0800 'java/lang/invoke/LambdaForm$MH+0x0000020f011e0800'
Event: 2883.864 Thread 0x0000020f6bfb06f0 Unloading class 0x0000020f011e0400 'java/lang/invoke/LambdaForm$BMH+0x0000020f011e0400'
Event: 2883.864 Thread 0x0000020f6bfb06f0 Unloading class 0x0000020f0110c800 'java/lang/invoke/LambdaForm$DMH+0x0000020f0110c800'
Event: 2883.864 Thread 0x0000020f6bfb06f0 Unloading class 0x0000020f0110c000 'java/lang/invoke/LambdaForm$DMH+0x0000020f0110c000'
Event: 2883.865 Thread 0x0000020f6bfb06f0 Unloading class 0x0000020f010e6000 'java/lang/invoke/LambdaForm$MH+0x0000020f010e6000'
Event: 2883.865 Thread 0x0000020f6bfb06f0 Unloading class 0x0000020f010e5800 'java/lang/invoke/LambdaForm$MH+0x0000020f010e5800'
Event: 2883.865 Thread 0x0000020f6bfb06f0 Unloading class 0x0000020f010e5400 'java/lang/invoke/LambdaForm$MH+0x0000020f010e5400'
Event: 2883.865 Thread 0x0000020f6bfb06f0 Unloading class 0x0000020f010e5000 'java/lang/invoke/LambdaForm$MH+0x0000020f010e5000'
Event: 2883.865 Thread 0x0000020f6bfb06f0 Unloading class 0x0000020f010e4c00 'java/lang/invoke/LambdaForm$MH+0x0000020f010e4c00'
Event: 2883.865 Thread 0x0000020f6bfb06f0 Unloading class 0x0000020f010e4400 'java/lang/invoke/LambdaForm$MH+0x0000020f010e4400'
Event: 2883.865 Thread 0x0000020f6bfb06f0 Unloading class 0x0000020f01038400 'java/lang/invoke/LambdaForm$DMH+0x0000020f01038400'
Event: 2883.866 Thread 0x0000020f6bfb06f0 Unloading class 0x0000020f0102e800 'java/lang/invoke/LambdaForm$MH+0x0000020f0102e800'
Event: 2883.866 Thread 0x0000020f6bfb06f0 Unloading class 0x0000020f0102e400 'java/lang/invoke/LambdaForm$MH+0x0000020f0102e400'
Event: 2883.866 Thread 0x0000020f6bfb06f0 Unloading class 0x0000020f0102dc00 'java/lang/invoke/LambdaForm$MH+0x0000020f0102dc00'
Event: 2883.866 Thread 0x0000020f6bfb06f0 Unloading class 0x0000020f0102c000 'java/lang/invoke/LambdaForm$MH+0x0000020f0102c000'

Classes redefined (0 events):
No events

Internal exceptions (20 events):
Event: 2836.925 Thread 0x0000020f72b782f0 Exception <a 'java/lang/NoSuchMethodError'{0x00000000ef118b68}: static Lorg/jetbrains/plugins/gradle/model/ExternalProjectDependency;.<clinit>()V> (0x00000000ef118b68) 
thrown [s\open\src\hotspot\share\prims\jni.cpp, line 1112]
Event: 2836.927 Thread 0x0000020f72b782f0 Exception <a 'java/lang/NoSuchMethodError'{0x00000000ef125640}: static Lorg/jetbrains/plugins/gradle/model/ExternalLibraryDependency;.<clinit>()V> (0x00000000ef125640) 
thrown [s\open\src\hotspot\share\prims\jni.cpp, line 1112]
Event: 2836.929 Thread 0x0000020f72b782f0 Exception <a 'java/lang/NoSuchMethodError'{0x00000000ef131bb8}: static Lorg/jetbrains/plugins/gradle/model/FileCollectionDependency;.<clinit>()V> (0x00000000ef131bb8) 
thrown [s\open\src\hotspot\share\prims\jni.cpp, line 1112]
Event: 2836.932 Thread 0x0000020f72b782f0 Exception <a 'java/lang/NoSuchMethodError'{0x00000000ef13e010}: static Lorg/jetbrains/plugins/gradle/model/UnresolvedExternalDependency;.<clinit>()V> (0x00000000ef13e010) 
thrown [s\open\src\hotspot\share\prims\jni.cpp, line 1112]
Event: 2836.980 Thread 0x0000020f72b782f0 Exception <a 'java/lang/NoSuchMethodError'{0x00000000ef1db770}: static Lorg/gradle/tooling/internal/consumer/versioning/VersionDetails;.<clinit>()V> (0x00000000ef1db770) 
thrown [s\open\src\hotspot\share\prims\jni.cpp, line 1112]
Event: 2836.980 Thread 0x0000020f72b782f0 Exception <a 'java/lang/NoSuchMethodError'{0x00000000ef1de118}: static Lorg/gradle/tooling/internal/consumer/versioning/VersionDetails$R26VersionDetails;.<clinit>()V> (0x00000000ef1de118) 
thrown [s\open\src\hotspot\share\prims\jni.cpp, line 1112]
Event: 2836.982 Thread 0x0000020f72b782f0 Exception <a 'java/lang/NoSuchMethodError'{0x00000000ef1df690}: static Lorg/gradle/tooling/internal/consumer/versioning/VersionDetails$R28VersionDetails;.<clinit>()V> (0x00000000ef1df690) 
thrown [s\open\src\hotspot\share\prims\jni.cpp, line 1112]
Event: 2836.983 Thread 0x0000020f72b782f0 Exception <a 'java/lang/NoSuchMethodError'{0x00000000ef1e0b98}: static Lorg/gradle/tooling/internal/consumer/versioning/VersionDetails$R35VersionDetails;.<clinit>()V> (0x00000000ef1e0b98) 
thrown [s\open\src\hotspot\share\prims\jni.cpp, line 1112]
Event: 2836.983 Thread 0x0000020f72b782f0 Exception <a 'java/lang/NoSuchMethodError'{0x00000000ef1e2268}: static Lorg/gradle/tooling/internal/consumer/versioning/VersionDetails$R44VersionDetails;.<clinit>()V> (0x00000000ef1e2268) 
thrown [s\open\src\hotspot\share\prims\jni.cpp, line 1112]
Event: 2836.983 Thread 0x0000020f72b782f0 Exception <a 'java/lang/NoSuchMethodError'{0x00000000ef1e3870}: static Lorg/gradle/tooling/internal/consumer/versioning/VersionDetails$R48VersionDetails;.<clinit>()V> (0x00000000ef1e3870) 
thrown [s\open\src\hotspot\share\prims\jni.cpp, line 1112]
Event: 2836.983 Thread 0x0000020f72b782f0 Exception <a 'java/lang/NoSuchMethodError'{0x00000000ef1e4a70}: static Lorg/gradle/tooling/internal/consumer/versioning/VersionDetails$R51VersionDetails;.<clinit>()V> (0x00000000ef1e4a70) 
thrown [s\open\src\hotspot\share\prims\jni.cpp, line 1112]
Event: 2837.613 Thread 0x0000020f72b782f0 Implicit null exception at 0x0000020f618ad4d8 to 0x0000020f618ad594
Event: 2837.628 Thread 0x0000020f72b782f0 Implicit null exception at 0x0000020f61a420b7 to 0x0000020f61a44754
Event: 2837.631 Thread 0x0000020f72b782f0 Implicit null exception at 0x0000020f61a48ee7 to 0x0000020f61a4b664
Event: 2837.749 Thread 0x0000020f72b782f0 Exception <a 'sun/nio/fs/WindowsException'{0x00000000eede8030}> (0x00000000eede8030) 
thrown [s\open\src\hotspot\share\prims\jni.cpp, line 516]
Event: 2837.754 Thread 0x0000020f72b782f0 Exception <a 'sun/nio/fs/WindowsException'{0x00000000eede9850}> (0x00000000eede9850) 
thrown [s\open\src\hotspot\share\prims\jni.cpp, line 516]
Event: 2837.757 Thread 0x0000020f72b782f0 Exception <a 'sun/nio/fs/WindowsException'{0x00000000eedeb070}> (0x00000000eedeb070) 
thrown [s\open\src\hotspot\share\prims\jni.cpp, line 516]
Event: 2837.759 Thread 0x0000020f72b782f0 Exception <a 'sun/nio/fs/WindowsException'{0x00000000eedec890}> (0x00000000eedec890) 
thrown [s\open\src\hotspot\share\prims\jni.cpp, line 516]
Event: 2838.625 Thread 0x0000020f72b782f0 Exception <a 'java/lang/NoClassDefFoundError'{0x00000000ee1acf78}: org/graalvm/buildtools/gradle/NativeImagePlugin> (0x00000000ee1acf78) 
thrown [s\open\src\hotspot\share\oops\constantPool.cpp, line 837]
Event: 2838.625 Thread 0x0000020f72b782f0 Exception <a 'java/lang/NoClassDefFoundError'{0x00000000ee1af5b0}: org/cyclonedx/gradle/CycloneDxPlugin> (0x00000000ee1af5b0) 
thrown [s\open\src\hotspot\share\oops\constantPool.cpp, line 837]

VM Operations (20 events):
Event: 2875.021 Executing VM operation: Cleanup done
Event: 2876.032 Executing VM operation: Cleanup
Event: 2876.032 Executing VM operation: Cleanup done
Event: 2877.037 Executing VM operation: Cleanup
Event: 2877.054 Executing VM operation: Cleanup done
Event: 2878.065 Executing VM operation: Cleanup
Event: 2878.066 Executing VM operation: Cleanup done
Event: 2879.069 Executing VM operation: Cleanup
Event: 2879.069 Executing VM operation: Cleanup done
Event: 2879.961 Executing VM operation: G1CollectForAllocation
Event: 2880.062 Executing VM operation: G1CollectForAllocation done
Event: 2881.063 Executing VM operation: Cleanup
Event: 2881.064 Executing VM operation: Cleanup done
Event: 2882.075 Executing VM operation: Cleanup
Event: 2882.075 Executing VM operation: Cleanup done
Event: 2882.433 Executing VM operation: G1CollectForAllocation
Event: 2882.470 Executing VM operation: G1CollectForAllocation done
Event: 2883.484 Executing VM operation: Cleanup
Event: 2883.484 Executing VM operation: Cleanup done
Event: 2883.811 Executing VM operation: G1Concurrent

Events (20 events):
Event: 2841.237 Thread 0x0000020f712b5150 Thread added: 0x0000020f712b5150
Event: 2841.260 Thread 0x0000020f712bac70 Thread added: 0x0000020f712bac70
Event: 2841.287 Thread 0x0000020f712b8900 Thread added: 0x0000020f712b8900
Event: 2841.307 Thread 0x0000020f712b8e10 Thread added: 0x0000020f712b8e10
Event: 2841.324 Thread 0x0000020f712b9320 Thread added: 0x0000020f712b9320
Event: 2841.367 Thread 0x0000020f712b9830 Thread added: 0x0000020f712b9830
Event: 2841.463 Thread 0x0000020f712b9d40 Thread added: 0x0000020f712b9d40
Event: 2841.504 Thread 0x0000020f712ba250 Thread added: 0x0000020f712ba250
Event: 2841.525 Thread 0x0000020f712ba760 Thread added: 0x0000020f712ba760
Event: 2841.547 Thread 0x0000020f712bb180 Thread added: 0x0000020f712bb180
Event: 2841.595 Thread 0x0000020f712b5b70 Thread added: 0x0000020f712b5b70
Event: 2841.643 Thread 0x0000020f712bcad0 Thread added: 0x0000020f712bcad0
Event: 2842.309 Thread 0x0000020f712bbba0 Thread added: 0x0000020f712bbba0
Event: 2842.390 Thread 0x0000020f712b6590 Thread added: 0x0000020f712b6590
Event: 2842.575 Thread 0x0000020f712b6aa0 Thread added: 0x0000020f712b6aa0
Event: 2843.414 Thread 0x0000020f712b6080 Thread added: 0x0000020f712b6080
Event: 2846.213 Thread 0x0000020f712b6fb0 Thread added: 0x0000020f712b6fb0
Event: 2847.024 Thread 0x0000020f73c84580 Thread added: 0x0000020f73c84580
Event: 2847.973 Thread 0x0000020f73c868f0 Thread added: 0x0000020f73c868f0
Event: 2848.138 Thread 0x0000020f73c854b0 Thread added: 0x0000020f73c854b0


Dynamic libraries:
0x00007ff785f10000 - 0x00007ff785f20000 	C:\Program Files\Java\jdk-17\bin\java.exe
0x00007ff8027b0000 - 0x00007ff8029c7000 	C:\WINDOWS\SYSTEM32\ntdll.dll
0x00007ff802300000 - 0x00007ff8023c4000 	C:\WINDOWS\System32\KERNEL32.DLL
0x00007ff8000f0000 - 0x00007ff8004aa000 	C:\WINDOWS\System32\KERNELBASE.dll
0x00007fffffd80000 - 0x00007fffffe91000 	C:\WINDOWS\System32\ucrtbase.dll
0x00007fffe5b50000 - 0x00007fffe5b6b000 	C:\Program Files\Java\jdk-17\bin\VCRUNTIME140.dll
0x00007ffff8400000 - 0x00007ffff8419000 	C:\Program Files\Java\jdk-17\bin\jli.dll
0x00007ff801930000 - 0x00007ff8019e2000 	C:\WINDOWS\System32\ADVAPI32.dll
0x00007ff801ff0000 - 0x00007ff802097000 	C:\WINDOWS\System32\msvcrt.dll
0x00007ff800e40000 - 0x00007ff800ee7000 	C:\WINDOWS\System32\sechost.dll
0x00007ff8000c0000 - 0x00007ff8000e8000 	C:\WINDOWS\System32\bcrypt.dll
0x00007ff800520000 - 0x00007ff800634000 	C:\WINDOWS\System32\RPCRT4.dll
0x00007ff802150000 - 0x00007ff8022fe000 	C:\WINDOWS\System32\USER32.dll
0x00007fffffea0000 - 0x00007fffffec6000 	C:\WINDOWS\System32\win32u.dll
0x00007ff801dc0000 - 0x00007ff801de9000 	C:\WINDOWS\System32\GDI32.dll
0x00007fffffed0000 - 0x00007ffffffeb000 	C:\WINDOWS\System32\gdi32full.dll
0x00007ff800020000 - 0x00007ff8000ba000 	C:\WINDOWS\System32\msvcp_win.dll
0x00007fffdb300000 - 0x00007fffdb592000 	C:\WINDOWS\WinSxS\amd64_microsoft.windows.common-controls_6595b64144ccf1df_6.0.22621.4541_none_2710d1c57384c085\COMCTL32.dll
0x00007ffff2320000 - 0x00007ffff232a000 	C:\WINDOWS\SYSTEM32\VERSION.dll
0x00007ff802110000 - 0x00007ff802141000 	C:\WINDOWS\System32\IMM32.DLL
0x00007fffe7cf0000 - 0x00007fffe7cfc000 	C:\Program Files\Java\jdk-17\bin\vcruntime140_1.dll
0x00007fffb01a0000 - 0x00007fffb022e000 	C:\Program Files\Java\jdk-17\bin\msvcp140.dll
0x00007fff240a0000 - 0x00007fff24c80000 	C:\Program Files\Java\jdk-17\bin\server\jvm.dll
0x00007ff800510000 - 0x00007ff800518000 	C:\WINDOWS\System32\PSAPI.DLL
0x00007fffdfbf0000 - 0x00007fffdfbf9000 	C:\WINDOWS\SYSTEM32\WSOCK32.dll
0x00007ff801e00000 - 0x00007ff801e71000 	C:\WINDOWS\System32\WS2_32.dll
0x00007ffff5940000 - 0x00007ffff5974000 	C:\WINDOWS\SYSTEM32\WINMM.dll
0x00007ffffeab0000 - 0x00007ffffeac8000 	C:\WINDOWS\SYSTEM32\kernel.appcore.dll
0x00007fffe6c70000 - 0x00007fffe6c7a000 	C:\Program Files\Java\jdk-17\bin\jimage.dll
0x00007ffff9530000 - 0x00007ffff9762000 	C:\WINDOWS\SYSTEM32\DBGHELP.DLL
0x00007ff8023d0000 - 0x00007ff80275f000 	C:\WINDOWS\System32\combase.dll
0x00007ff800730000 - 0x00007ff800807000 	C:\WINDOWS\System32\OLEAUT32.dll
0x00007fffdc8c0000 - 0x00007fffdc8f2000 	C:\WINDOWS\SYSTEM32\dbgcore.DLL
0x00007fffffbc0000 - 0x00007fffffc3b000 	C:\WINDOWS\System32\bcryptPrimitives.dll
0x00007fffe6c40000 - 0x00007fffe6c4e000 	C:\Program Files\Java\jdk-17\bin\instrument.dll
0x00007fffbf870000 - 0x00007fffbf895000 	C:\Program Files\Java\jdk-17\bin\java.dll
0x00007fff9b8c0000 - 0x00007fff9b997000 	C:\Program Files\Java\jdk-17\bin\jsvml.dll
0x00007ff8010b0000 - 0x00007ff801928000 	C:\WINDOWS\System32\SHELL32.dll
0x00007ffffd9b0000 - 0x00007ffffe2b8000 	C:\WINDOWS\SYSTEM32\windows.storage.dll
0x00007ffffd870000 - 0x00007ffffd9af000 	C:\WINDOWS\SYSTEM32\wintypes.dll
0x00007ff801b50000 - 0x00007ff801c4a000 	C:\WINDOWS\System32\SHCORE.dll
0x00007ff8004b0000 - 0x00007ff80050e000 	C:\WINDOWS\System32\shlwapi.dll
0x00007fffff9a0000 - 0x00007fffff9cb000 	C:\WINDOWS\SYSTEM32\profapi.dll
0x00007fffd8610000 - 0x00007fffd8628000 	C:\Program Files\Java\jdk-17\bin\zip.dll
0x00007fffd7600000 - 0x00007fffd7619000 	C:\Program Files\Java\jdk-17\bin\net.dll
0x00007ffff5160000 - 0x00007ffff5296000 	C:\WINDOWS\SYSTEM32\WINHTTP.dll
0x00007ffffef30000 - 0x00007ffffef99000 	C:\WINDOWS\system32\mswsock.dll
0x00007fffbf850000 - 0x00007fffbf866000 	C:\Program Files\Java\jdk-17\bin\nio.dll
0x00007fffe5b40000 - 0x00007fffe5b50000 	C:\Program Files\Java\jdk-17\bin\verify.dll
0x00007fffc4300000 - 0x00007fffc4327000 	C:\Users\Akshada\.gradle\native\c067742578af261105cb4f569cf0c3c89f3d7b1fecec35dd04571415982c5e48\windows-amd64\native-platform.dll
0x00007fff9ad30000 - 0x00007fff9ae74000 	C:\Users\Akshada\.gradle\native\100fb08df4bc3b14c8652ba06237920a3bd2aa13389f12d3474272988ae205f9\windows-amd64\native-platform-file-events.dll
0x00007fffe5aa0000 - 0x00007fffe5aaa000 	C:\Program Files\Java\jdk-17\bin\management.dll
0x00007fffe59f0000 - 0x00007fffe59fb000 	C:\Program Files\Java\jdk-17\bin\management_ext.dll
0x00007fffff190000 - 0x00007fffff1ab000 	C:\WINDOWS\SYSTEM32\CRYPTSP.dll
0x00007ffffea10000 - 0x00007ffffea45000 	C:\WINDOWS\system32\rsaenh.dll
0x00007fffff020000 - 0x00007fffff048000 	C:\WINDOWS\SYSTEM32\USERENV.dll
0x00007fffff180000 - 0x00007fffff18c000 	C:\WINDOWS\SYSTEM32\CRYPTBASE.dll
0x00007ffffe520000 - 0x00007ffffe54d000 	C:\WINDOWS\SYSTEM32\IPHLPAPI.DLL
0x00007ff8019f0000 - 0x00007ff8019f9000 	C:\WINDOWS\System32\NSI.dll
0x00007ffff50b0000 - 0x00007ffff50c9000 	C:\WINDOWS\SYSTEM32\dhcpcsvc6.DLL
0x00007ffff5090000 - 0x00007ffff50af000 	C:\WINDOWS\SYSTEM32\dhcpcsvc.DLL
0x00007ffffe590000 - 0x00007ffffe692000 	C:\WINDOWS\SYSTEM32\DNSAPI.dll
0x00007fffe58f0000 - 0x00007fffe58fe000 	C:\Program Files\Java\jdk-17\bin\sunmscapi.dll
0x00007fffffa50000 - 0x00007fffffbb6000 	C:\WINDOWS\System32\CRYPT32.dll
0x00007fffff320000 - 0x00007fffff34d000 	C:\WINDOWS\SYSTEM32\ncrypt.dll
0x00007fffff2e0000 - 0x00007fffff317000 	C:\WINDOWS\SYSTEM32\NTASN1.dll
0x00007fffc2df0000 - 0x00007fffc2df8000 	C:\WINDOWS\system32\wshunix.dll
0x00007fffc25f0000 - 0x00007fffc2607000 	C:\WINDOWS\system32\napinsp.dll
0x00007fff7fe90000 - 0x00007fff7feab000 	C:\WINDOWS\system32\pnrpnsp.dll
0x00007fff7fe70000 - 0x00007fff7fe81000 	C:\WINDOWS\System32\winrnr.dll
0x00007fffbe840000 - 0x00007fffbe855000 	C:\WINDOWS\system32\wshbth.dll
0x00007fff8f590000 - 0x00007fff8f5b7000 	C:\WINDOWS\system32\nlansp_c.dll
0x00007fffe80f0000 - 0x00007fffe80fa000 	C:\Windows\System32\rasadhlp.dll
0x00007ffff24d0000 - 0x00007ffff2553000 	C:\WINDOWS\System32\fwpuclnt.dll

dbghelp: loaded successfully - version: 4.0.5 - missing functions: none
symbol engine: initialized successfully - sym options: 0x614 - pdb path: .;C:\Program Files\Java\jdk-17\bin;C:\WINDOWS\SYSTEM32;C:\WINDOWS\WinSxS\amd64_microsoft.windows.common-controls_6595b64144ccf1df_6.0.22621.4541_none_2710d1c57384c085;C:\Program Files\Java\jdk-17\bin\server;C:\Users\Akshada\.gradle\native\c067742578af261105cb4f569cf0c3c89f3d7b1fecec35dd04571415982c5e48\windows-amd64;C:\Users\Akshada\.gradle\native\100fb08df4bc3b14c8652ba06237920a3bd2aa13389f12d3474272988ae205f9\windows-amd64

VM Arguments:
jvm_args: --add-opens=java.base/java.util=ALL-UNNAMED --add-opens=java.base/java.lang=ALL-UNNAMED --add-opens=java.base/java.lang.invoke=ALL-UNNAMED --add-opens=java.prefs/java.util.prefs=ALL-UNNAMED --add-exports=jdk.compiler/com.sun.tools.javac.api=ALL-UNNAMED --add-exports=jdk.compiler/com.sun.tools.javac.util=ALL-UNNAMED --add-opens=java.base/java.nio.charset=ALL-UNNAMED --add-opens=java.base/java.net=ALL-UNNAMED --add-opens=java.base/java.util.concurrent.atomic=ALL-UNNAMED -XX:MaxMetaspaceSize=384m -XX:+HeapDumpOnOutOfMemoryError -Xms256m -Xmx512m -Dfile.encoding=UTF-8 -Duser.country -Duser.language=en -Duser.variant -javaagent:C:\Users\Akshada\.gradle\wrapper\dists\gradle-8.10-bin\deqhafrv1ntovfmgh0nh3npr9\gradle-8.10\lib\agents\gradle-instrumentation-agent-8.10.jar 
java_command: org.gradle.launcher.daemon.bootstrap.GradleDaemon 8.10
java_class_path (initial): C:\Users\Akshada\.gradle\wrapper\dists\gradle-8.10-bin\deqhafrv1ntovfmgh0nh3npr9\gradle-8.10\lib\gradle-daemon-main-8.10.jar
Launcher Type: SUN_STANDARD

[Global flags]
     intx CICompilerCount                          = 3                                         {product} {ergonomic}
   size_t CompressedClassSpaceSize                 = 335544320                                 {product} {ergonomic}
     uint ConcGCThreads                            = 1                                         {product} {ergonomic}
     uint G1ConcRefinementThreads                  = 4                                         {product} {ergonomic}
   size_t G1HeapRegionSize                         = 1048576                                   {product} {ergonomic}
    uintx GCDrainStackTargetSize                   = 64                                        {product} {ergonomic}
     bool HeapDumpOnOutOfMemoryError               = true                                   {manageable} {command line}
   size_t InitialHeapSize                          = 268435456                                 {product} {command line}
   size_t MarkStackSize                            = 4194304                                   {product} {ergonomic}
   size_t MaxHeapSize                              = 536870912                                 {product} {command line}
   size_t MaxMetaspaceSize                         = 402653184                                 {product} {command line}
   size_t MaxNewSize                               = 321912832                                 {product} {ergonomic}
   size_t MinHeapDeltaBytes                        = 1048576                                   {product} {ergonomic}
   size_t MinHeapSize                              = 268435456                                 {product} {command line}
    uintx NonNMethodCodeHeapSize                   = 5832780                                {pd product} {ergonomic}
    uintx NonProfiledCodeHeapSize                  = 122912730                              {pd product} {ergonomic}
    uintx ProfiledCodeHeapSize                     = 122912730                              {pd product} {ergonomic}
    uintx ReservedCodeCacheSize                    = 251658240                              {pd product} {ergonomic}
     bool SegmentedCodeCache                       = true                                      {product} {ergonomic}
   size_t SoftMaxHeapSize                          = 536870912                              {manageable} {ergonomic}
     bool UseCompressedClassPointers               = true                           {product lp64_product} {ergonomic}
     bool UseCompressedOops                        = true                           {product lp64_product} {ergonomic}
     bool UseG1GC                                  = true                                      {product} {ergonomic}
     bool UseLargePagesIndividualAllocation        = false                                  {pd product} {ergonomic}

Logging:
Log output configuration:
 #0: stdout all=warning uptime,level,tags
 #1: stderr all=off uptime,level,tags

Environment Variables:
JAVA_HOME=C:\Program Files\Java\jdk-17
PATH=C:\Program Files\Common Files\Oracle\Java\javapath;C:\Users\Akshada\Downloads\WINDOWS.X64_193000_db_home\bin;C:\Python310\Scripts\;C:\Python310\;C:\WINDOWS\system32;C:\WINDOWS;C:\WINDOWS\System32\Wbem;C:\WINDOWS\System32\WindowsPowerShell\v1.0\;C:\WINDOWS\System32\OpenSSH\;C:\ProgramData\chocolatey\bin;C:\Program Files\Microsoft SQL Server\110\Tools\Binn\;C:\Program Files\Microsoft SQL Server\150\Tools\Binn\;C:\Program Files\Git\cmd;C:\Program Files\nodejs\;C:\Program Files\Java\jdk-21\bin;C:\Program Files\Java\jdk-17\bin;C:\Users\Akshada\AppData\Local\Android\Sdk\emulator;C:\Users\Akshada\AppData\Local\Android\Sdk\platform-tools;C:\Users\Akshada\AppData\Local\Android\Sdk\tools;C:\Users\Akshada\AppData\Local\jdk-11.0.2\bin;C:\Users\Akshada\AppData\Local\Android\Sdk\tools;C:\Users\Akshada\AppData\Local\jdk-11.0.2\bin;C:\Users\Akshada\AppData\Local\Android\Sdk\tools;C:\Users\Akshada\AppData\Local\jdk-11.0.2\bin;C:\Users\Akshada\AppData\Local\Programs\Python\Python312\Scripts\;C:\Users\Akshada\AppData\Local\Programs\Python\Python312\;C:\Users\Akshada\AppData\Local\Programs\Python\Launcher\;C:\Users\Akshada\AppData\Local\Microsoft\WindowsApps;C:\MinGW\bin;C:\Users\Akshada\AppData\Local\Programs\Microsoft VS Code\bin;C:\Users\Akshada\AppData\Local\Microsoft\WinGet\Packages\Schniz.fnm_Microsoft.Winget.Source_8wekyb3d8bbwe;C:\Users\Akshada\AppData\Roaming\npm
USERNAME=Akshada
OS=Windows_NT
PROCESSOR_IDENTIFIER=Intel64 Family 6 Model 126 Stepping 5, GenuineIntel



---------------  S Y S T E M  ---------------

OS:
 Windows 11 , 64 bit Build 22621 (10.0.22621.4391)
OS uptime: 2 days 19:38 hours

CPU: total 4 (initial active 4) (2 cores per cpu, 2 threads per core) family 6 model 126 stepping 5 microcode 0xa6, cx8, cmov, fxsr, ht, mmx, 3dnowpref, sse, sse2, sse3, ssse3, sse4.1, sse4.2, popcnt, lzcnt, tsc, tscinvbit, avx, avx2, aes, erms, clmul, bmi1, bmi2, adx, avx512f, avx512dq, avx512cd, avx512bw, avx512vl, sha, fma, vzeroupper, avx512_vpopcntdq, avx512_vpclmulqdq, avx512_vaes, avx512_vnni, clflush, clflushopt, avx512_vbmi2, avx512_vbmi

Memory: 4k page, system-wide physical 3877M (114M free)
TotalPageFile size 15653M (AvailPageFile size 11M)
current process WorkingSet (physical memory assigned to process): 252M, peak: 465M
current process commit charge ("private bytes"): 587M, peak: 618M

vm_info: Java HotSpot(TM) 64-Bit Server VM (17.0.12+8-LTS-286) for windows-amd64 JRE (17.0.12+8-LTS-286), built on Jun  5 2024 06:46:59 by "mach5one" with MS VC++ 17.6 (VS2022)

END.
