#
# There is insufficient memory for the Java Runtime Environment to continue.
# Native memory allocation (mmap) failed to map 8388608 bytes for G1 virtual space
# Possible reasons:
#   The system is out of physical RAM or swap space
#   The process is running with CompressedOops enabled, and the Java Heap may be blocking the growth of the native heap
# Possible solutions:
#   Reduce memory load on the system
#   Increase physical memory or swap space
#   Check if swap backing store is full
#   Decrease Java heap size (-Xmx/-Xms)
#   Decrease number of Java threads
#   Decrease Java thread stack sizes (-Xss)
#   Set larger code cache with -XX:ReservedCodeCacheSize=
#   JVM is running with Unscaled Compressed Oops mode in which the Java heap is
#     placed in the first 4GB address space. The Java Heap base address is the
#     maximum limit for the native heap growth. Please use -XX:HeapBaseMinAddress
#     to set the Java Heap base and to place the Java Heap above 4GB virtual address.
# This output file may be truncated or incomplete.
#
#  Out of Memory Error (os_windows.cpp:3548), pid=14484, tid=7752
#
# JRE version: Java(TM) SE Runtime Environment (17.0.12+8) (build 17.0.12+8-LTS-286)
# Java VM: Java HotSpot(TM) 64-Bit Server VM (17.0.12+8-LTS-286, mixed mode, sharing, tiered, compressed oops, compressed class ptrs, g1 gc, windows-amd64)
# No core dump will be written. Minidumps are not enabled by default on client versions of Windows
#

---------------  S U M M A R Y ------------

Command Line: org.jetbrains.kotlin.cli.jvm.K2JVMCompiler @C:\HyperMinds_Projects\Implant_Website\Implant_BE\BE-Hyper\build\20250106_13928276792450563924.compiler.options

Host: Intel(R) Core(TM) i3-1005G1 CPU @ 1.20GHz, 4 cores, 3G,  Windows 11 , 64 bit Build 26100 (10.0.26100.2454)
Time: Mon Jan  6 14:03:53 2025 India Standard Time elapsed time: 22.080259 seconds (0d 0h 0m 22s)

---------------  T H R E A D  ---------------

Current thread (0x000001e9c50c3540):  VMThread "VM Thread" [stack: 0x000000d25a700000,0x000000d25a800000] [id=7752]

Stack: [0x000000d25a700000,0x000000d25a800000]
Native frames: (J=compiled Java code, j=interpreted, Vv=VM code, C=native code)
V  [jvm.dll+0x67a04a]
V  [jvm.dll+0x7da4ed]
V  [jvm.dll+0x7dbe33]
V  [jvm.dll+0x7dc4a3]
V  [jvm.dll+0x24508f]
V  [jvm.dll+0x677089]
V  [jvm.dll+0x66bd32]
V  [jvm.dll+0x301fa6]
V  [jvm.dll+0x309546]
V  [jvm.dll+0x359d2e]
V  [jvm.dll+0x359f5f]
V  [jvm.dll+0x2d9078]
V  [jvm.dll+0x2d74ad]
V  [jvm.dll+0x2d6afc]
V  [jvm.dll+0x31a65b]
V  [jvm.dll+0x7e0d9b]
V  [jvm.dll+0x7e1ad4]
V  [jvm.dll+0x7e1fed]
V  [jvm.dll+0x7e23c4]
V  [jvm.dll+0x7e2490]
V  [jvm.dll+0x78abea]
V  [jvm.dll+0x678f35]
C  [ucrtbase.dll+0x14ea0]
C  [KERNEL32.DLL+0x2e8d7]
C  [ntdll.dll+0xdfbcc]

VM_Operation (0x000000d25a1fa0a0): G1CollectForAllocation, mode: safepoint, requested by thread 0x000001e9c50002d0


---------------  P R O C E S S  ---------------

Threads class SMR info:
_java_thread_list=0x000001e9f0e788b0, length=13, elements={
0x000001e9c50002d0, 0x000001e9c50c8f00, 0x000001e9c50c99d0, 0x000001e9e20bf910,
0x000001e9e20c01e0, 0x000001e9e20c0ab0, 0x000001e9e20c9390, 0x000001e9e20cf730,
0x000001e9e20e4470, 0x000001e9e2104d90, 0x000001e9e2346f70, 0x000001e9e234e6a0,
0x000001e9e775a830
}

Java Threads: ( => current thread )
  0x000001e9c50002d0 JavaThread "main" [_thread_blocked, id=13536, stack(0x000000d25a100000,0x000000d25a200000)]
  0x000001e9c50c8f00 JavaThread "Reference Handler" daemon [_thread_blocked, id=17084, stack(0x000000d25a800000,0x000000d25a900000)]
  0x000001e9c50c99d0 JavaThread "Finalizer" daemon [_thread_blocked, id=18528, stack(0x000000d25a900000,0x000000d25aa00000)]
  0x000001e9e20bf910 JavaThread "Signal Dispatcher" daemon [_thread_blocked, id=18868, stack(0x000000d25aa00000,0x000000d25ab00000)]
  0x000001e9e20c01e0 JavaThread "Attach Listener" daemon [_thread_blocked, id=19436, stack(0x000000d25ab00000,0x000000d25ac00000)]
  0x000001e9e20c0ab0 JavaThread "Service Thread" daemon [_thread_blocked, id=12156, stack(0x000000d25ac00000,0x000000d25ad00000)]
  0x000001e9e20c9390 JavaThread "Monitor Deflation Thread" daemon [_thread_blocked, id=2540, stack(0x000000d25ad00000,0x000000d25ae00000)]
  0x000001e9e20cf730 JavaThread "C2 CompilerThread0" daemon [_thread_blocked, id=11804, stack(0x000000d25ae00000,0x000000d25af00000)]
  0x000001e9e20e4470 JavaThread "C1 CompilerThread0" daemon [_thread_blocked, id=14980, stack(0x000000d25af00000,0x000000d25b000000)]
  0x000001e9e2104d90 JavaThread "Sweeper thread" daemon [_thread_blocked, id=10052, stack(0x000000d25b000000,0x000000d25b100000)]
  0x000001e9e2346f70 JavaThread "Notification Thread" daemon [_thread_blocked, id=4088, stack(0x000000d25b100000,0x000000d25b200000)]
  0x000001e9e234e6a0 JavaThread "Common-Cleaner" daemon [_thread_blocked, id=7612, stack(0x000000d25b300000,0x000000d25b400000)]
  0x000001e9e775a830 JavaThread "C2 CompilerThread1" daemon [_thread_blocked, id=6980, stack(0x000000d25b900000,0x000000d25ba00000)]

Other Threads:
=>0x000001e9c50c3540 VMThread "VM Thread" [stack: 0x000000d25a700000,0x000000d25a800000] [id=7752]
  0x000001e9c505b7a0 WatcherThread [stack: 0x000000d25b200000,0x000000d25b300000] [id=16008]
  0x000001e9c503bb20 GCTaskThread "GC Thread#0" [stack: 0x000000d25a200000,0x000000d25a300000] [id=17884]
  0x000001e9e2689aa0 GCTaskThread "GC Thread#1" [stack: 0x000000d25b500000,0x000000d25b600000] [id=18876]
  0x000001e9e26872b0 GCTaskThread "GC Thread#2" [stack: 0x000000d25b600000,0x000000d25b700000] [id=6112]
  0x000001e9e2680360 GCTaskThread "GC Thread#3" [stack: 0x000000d25b700000,0x000000d25b800000] [id=12644]
  0x000001e9c5044f90 ConcurrentGCThread "G1 Main Marker" [stack: 0x000000d25a300000,0x000000d25a400000] [id=10716]
  0x000001e9c5048780 ConcurrentGCThread "G1 Conc#0" [stack: 0x000000d25a400000,0x000000d25a500000] [id=15436]
  0x000001e9c5095cb0 ConcurrentGCThread "G1 Refine#0" [stack: 0x000000d25a500000,0x000000d25a600000] [id=7916]
  0x000001e9e256a440 ConcurrentGCThread "G1 Refine#1" [stack: 0x000000d25b400000,0x000000d25b500000] [id=14792]
  0x000001e9e2382d70 ConcurrentGCThread "G1 Refine#2" [stack: 0x000000d25b800000,0x000000d25b900000] [id=14900]
  0x000001e9c5096490 ConcurrentGCThread "G1 Service" [stack: 0x000000d25a600000,0x000000d25a700000] [id=12780]

Threads with active compile tasks:
C2 CompilerThread0    22125 4186   !   4       org.jetbrains.kotlin.metadata.ProtoBuf$Function::<init> (1410 bytes)
C2 CompilerThread1    22125 4179   !   4       org.jetbrains.kotlin.metadata.ProtoBuf$Type::<init> (875 bytes)

VM state: at safepoint (normal execution)

VM Mutex/Monitor currently owned by a thread:  ([mutex/lock_event])
[0x000001e9c4ffbf10] Threads_lock - owner thread: 0x000001e9c50c3540
[0x000001e9c4ffad10] Heap_lock - owner thread: 0x000001e9c50002d0

Heap address: 0x00000000c3600000, size: 970 MB, Compressed Oops mode: 32-bit

CDS archive(s) mapped at: [0x000001e980000000-0x000001e980bd0000-0x000001e980bd0000), size 12386304, SharedBaseAddress: 0x000001e980000000, ArchiveRelocationMode: 1.
Compressed class space mapped at: 0x000001e981000000-0x000001e9c1000000, reserved size: 1073741824
Narrow klass base: 0x000001e980000000, Narrow klass shift: 0, Narrow klass range: 0x100000000

GC Precious Log:
 CPUs: 4 total, 4 available
 Memory: 3877M
 Large Page Support: Disabled
 NUMA Support: Disabled
 Compressed Oops: Enabled (32-bit)
 Heap Region Size: 1M
 Heap Min Capacity: 8M
 Heap Initial Capacity: 62M
 Heap Max Capacity: 970M
 Pre-touch: Disabled
 Parallel Workers: 4
 Concurrent Workers: 1
 Concurrent Refinement Workers: 4
 Periodic GC: Disabled

Heap:
 garbage-first heap   total 64512K, used 35939K [0x00000000c3600000, 0x0000000100000000)
  region size 1024K, 1 young (1024K), 1 survivors (1024K)
 Metaspace       used 41044K, committed 41344K, reserved 1114112K
  class space    used 5038K, committed 5184K, reserved 1048576K

Heap Regions: E=young(eden), S=young(survivor), O=old, HS=humongous(starts), HC=humongous(continues), CS=collection set, F=free, OA=open archive, CA=closed archive, TAMS=top-at-mark-start (previous, next)
|   0|0x00000000c3600000, 0x00000000c3700000, 0x00000000c3700000|100%|HS|  |TAMS 0x00000000c3700000, 0x00000000c3600000| Complete 
|   1|0x00000000c3700000, 0x00000000c3800000, 0x00000000c3800000|100%|HC|  |TAMS 0x00000000c3800000, 0x00000000c3700000| Complete 
|   2|0x00000000c3800000, 0x00000000c3900000, 0x00000000c3900000|100%|HC|  |TAMS 0x00000000c3900000, 0x00000000c3800000| Complete 
|   3|0x00000000c3900000, 0x00000000c3a00000, 0x00000000c3a00000|100%|HC|  |TAMS 0x00000000c3a00000, 0x00000000c3900000| Complete 
|   4|0x00000000c3a00000, 0x00000000c3b00000, 0x00000000c3b00000|100%| O|  |TAMS 0x00000000c3b00000, 0x00000000c3a00000| Untracked 
|   5|0x00000000c3b00000, 0x00000000c3c00000, 0x00000000c3c00000|100%| O|  |TAMS 0x00000000c3c00000, 0x00000000c3b00000| Untracked 
|   6|0x00000000c3c00000, 0x00000000c3d00000, 0x00000000c3d00000|100%| O|  |TAMS 0x00000000c3d00000, 0x00000000c3c00000| Untracked 
|   7|0x00000000c3d00000, 0x00000000c3e00000, 0x00000000c3e00000|100%| O|  |TAMS 0x00000000c3e00000, 0x00000000c3d00000| Untracked 
|   8|0x00000000c3e00000, 0x00000000c3f00000, 0x00000000c3f00000|100%| O|  |TAMS 0x00000000c3f00000, 0x00000000c3e00000| Untracked 
|   9|0x00000000c3f00000, 0x00000000c4000000, 0x00000000c4000000|100%| O|  |TAMS 0x00000000c4000000, 0x00000000c3f00000| Untracked 
|  10|0x00000000c4000000, 0x00000000c4096e00, 0x00000000c4100000| 58%| O|  |TAMS 0x00000000c4096e00, 0x00000000c4000000| Untracked 
|  11|0x00000000c4100000, 0x00000000c4200000, 0x00000000c4200000|100%| O|  |TAMS 0x00000000c4200000, 0x00000000c4100000| Untracked 
|  12|0x00000000c4200000, 0x00000000c4300000, 0x00000000c4300000|100%| O|  |TAMS 0x00000000c4300000, 0x00000000c4200000| Untracked 
|  13|0x00000000c4300000, 0x00000000c4400000, 0x00000000c4400000|100%| O|  |TAMS 0x00000000c4400000, 0x00000000c4300000| Untracked 
|  14|0x00000000c4400000, 0x00000000c4500000, 0x00000000c4500000|100%| O|  |TAMS 0x00000000c4500000, 0x00000000c4400000| Untracked 
|  15|0x00000000c4500000, 0x00000000c4600000, 0x00000000c4600000|100%| O|  |TAMS 0x00000000c4600000, 0x00000000c4500000| Untracked 
|  16|0x00000000c4600000, 0x00000000c4700000, 0x00000000c4700000|100%| O|  |TAMS 0x00000000c4700000, 0x00000000c4600000| Untracked 
|  17|0x00000000c4700000, 0x00000000c4800000, 0x00000000c4800000|100%| O|  |TAMS 0x00000000c4800000, 0x00000000c4700000| Untracked 
|  18|0x00000000c4800000, 0x00000000c4900000, 0x00000000c4900000|100%| O|  |TAMS 0x00000000c4900000, 0x00000000c4800000| Untracked 
|  19|0x00000000c4900000, 0x00000000c4a00000, 0x00000000c4a00000|100%| O|  |TAMS 0x00000000c4a00000, 0x00000000c4900000| Untracked 
|  20|0x00000000c4a00000, 0x00000000c4b00000, 0x00000000c4b00000|100%| O|  |TAMS 0x00000000c4b00000, 0x00000000c4a00000| Untracked 
|  21|0x00000000c4b00000, 0x00000000c4b00000, 0x00000000c4c00000|  0%| F|  |TAMS 0x00000000c4b00000, 0x00000000c4b00000| Untracked 
|  22|0x00000000c4c00000, 0x00000000c4d00000, 0x00000000c4d00000|100%| O|  |TAMS 0x00000000c4d00000, 0x00000000c4c00000| Untracked 
|  23|0x00000000c4d00000, 0x00000000c4e00000, 0x00000000c4e00000|100%| O|  |TAMS 0x00000000c4e00000, 0x00000000c4d00000| Untracked 
|  24|0x00000000c4e00000, 0x00000000c4f00000, 0x00000000c4f00000|100%| O|  |TAMS 0x00000000c4f00000, 0x00000000c4e00000| Untracked 
|  25|0x00000000c4f00000, 0x00000000c5000000, 0x00000000c5000000|100%| O|  |TAMS 0x00000000c5000000, 0x00000000c4f00000| Untracked 
|  26|0x00000000c5000000, 0x00000000c5100000, 0x00000000c5100000|100%| O|  |TAMS 0x00000000c5100000, 0x00000000c5000000| Untracked 
|  27|0x00000000c5100000, 0x00000000c5200000, 0x00000000c5200000|100%| O|  |TAMS 0x00000000c5200000, 0x00000000c5100000| Untracked 
|  28|0x00000000c5200000, 0x00000000c5300000, 0x00000000c5300000|100%| O|  |TAMS 0x00000000c5300000, 0x00000000c5200000| Untracked 
|  29|0x00000000c5300000, 0x00000000c5400000, 0x00000000c5400000|100%| O|  |TAMS 0x00000000c532ec00, 0x00000000c5300000| Untracked 
|  30|0x00000000c5400000, 0x00000000c5500000, 0x00000000c5500000|100%| O|  |TAMS 0x00000000c5400000, 0x00000000c5400000| Untracked 
|  31|0x00000000c5500000, 0x00000000c5600000, 0x00000000c5600000|100%| O|  |TAMS 0x00000000c5500000, 0x00000000c5500000| Untracked 
|  32|0x00000000c5600000, 0x00000000c5700000, 0x00000000c5700000|100%| O|  |TAMS 0x00000000c5600000, 0x00000000c5600000| Untracked 
|  33|0x00000000c5700000, 0x00000000c5800000, 0x00000000c5800000|100%| O|  |TAMS 0x00000000c5700000, 0x00000000c5700000| Untracked 
|  34|0x00000000c5800000, 0x00000000c5900000, 0x00000000c5900000|100%| O|  |TAMS 0x00000000c5800000, 0x00000000c5800000| Untracked 
|  35|0x00000000c5900000, 0x00000000c5900000, 0x00000000c5a00000|  0%| F|  |TAMS 0x00000000c5900000, 0x00000000c5900000| Untracked 
|  36|0x00000000c5a00000, 0x00000000c5a00000, 0x00000000c5b00000|  0%| F|  |TAMS 0x00000000c5a00000, 0x00000000c5a00000| Untracked 
|  37|0x00000000c5b00000, 0x00000000c5b00000, 0x00000000c5c00000|  0%| F|  |TAMS 0x00000000c5b00000, 0x00000000c5b00000| Untracked 
|  38|0x00000000c5c00000, 0x00000000c5c00000, 0x00000000c5d00000|  0%| F|  |TAMS 0x00000000c5c00000, 0x00000000c5c00000| Untracked 
|  39|0x00000000c5d00000, 0x00000000c5d00000, 0x00000000c5e00000|  0%| F|  |TAMS 0x00000000c5d00000, 0x00000000c5d00000| Untracked 
|  40|0x00000000c5e00000, 0x00000000c5e00000, 0x00000000c5f00000|  0%| F|  |TAMS 0x00000000c5e00000, 0x00000000c5e00000| Untracked 
|  41|0x00000000c5f00000, 0x00000000c5f00000, 0x00000000c6000000|  0%| F|  |TAMS 0x00000000c5f00000, 0x00000000c5f00000| Untracked 
|  42|0x00000000c6000000, 0x00000000c6000000, 0x00000000c6100000|  0%| F|  |TAMS 0x00000000c6000000, 0x00000000c6000000| Untracked 
|  43|0x00000000c6100000, 0x00000000c6100000, 0x00000000c6200000|  0%| F|  |TAMS 0x00000000c6100000, 0x00000000c6100000| Untracked 
|  44|0x00000000c6200000, 0x00000000c6200000, 0x00000000c6300000|  0%| F|  |TAMS 0x00000000c6200000, 0x00000000c6200000| Untracked 
|  45|0x00000000c6300000, 0x00000000c6300000, 0x00000000c6400000|  0%| F|  |TAMS 0x00000000c6300000, 0x00000000c6300000| Untracked 
|  46|0x00000000c6400000, 0x00000000c6400000, 0x00000000c6500000|  0%| F|  |TAMS 0x00000000c6400000, 0x00000000c6400000| Untracked 
|  47|0x00000000c6500000, 0x00000000c6500000, 0x00000000c6600000|  0%| F|  |TAMS 0x00000000c6500000, 0x00000000c6500000| Untracked 
|  48|0x00000000c6600000, 0x00000000c6600000, 0x00000000c6700000|  0%| F|  |TAMS 0x00000000c6600000, 0x00000000c6600000| Untracked 
|  49|0x00000000c6700000, 0x00000000c6700000, 0x00000000c6800000|  0%| F|  |TAMS 0x00000000c6700000, 0x00000000c6700000| Untracked 
|  50|0x00000000c6800000, 0x00000000c6800000, 0x00000000c6900000|  0%| F|  |TAMS 0x00000000c6800000, 0x00000000c6800000| Untracked 
|  51|0x00000000c6900000, 0x00000000c6900000, 0x00000000c6a00000|  0%| F|  |TAMS 0x00000000c6900000, 0x00000000c6900000| Untracked 
|  52|0x00000000c6a00000, 0x00000000c6a00000, 0x00000000c6b00000|  0%| F|  |TAMS 0x00000000c6a00000, 0x00000000c6a00000| Untracked 
|  53|0x00000000c6b00000, 0x00000000c6b00000, 0x00000000c6c00000|  0%| F|  |TAMS 0x00000000c6b00000, 0x00000000c6b00000| Untracked 
|  54|0x00000000c6c00000, 0x00000000c6c00000, 0x00000000c6d00000|  0%| F|  |TAMS 0x00000000c6c00000, 0x00000000c6c00000| Untracked 
|  55|0x00000000c6d00000, 0x00000000c6d00000, 0x00000000c6e00000|  0%| F|  |TAMS 0x00000000c6d00000, 0x00000000c6d00000| Untracked 
|  56|0x00000000c6e00000, 0x00000000c6e821b8, 0x00000000c6f00000| 50%| S|CS|TAMS 0x00000000c6e00000, 0x00000000c6e00000| Complete 
|  57|0x00000000c6f00000, 0x00000000c6f00000, 0x00000000c7000000|  0%| F|  |TAMS 0x00000000c6f00000, 0x00000000c6f00000| Untracked 
|  58|0x00000000c7000000, 0x00000000c7000000, 0x00000000c7100000|  0%| F|  |TAMS 0x00000000c7000000, 0x00000000c7000000| Untracked 
|  59|0x00000000c7100000, 0x00000000c7100000, 0x00000000c7200000|  0%| F|  |TAMS 0x00000000c7100000, 0x00000000c7100000| Untracked 
|  60|0x00000000c7200000, 0x00000000c7200000, 0x00000000c7300000|  0%| F|  |TAMS 0x00000000c7200000, 0x00000000c7200000| Untracked 
|  61|0x00000000c7300000, 0x00000000c7300000, 0x00000000c7400000|  0%| F|  |TAMS 0x00000000c7300000, 0x00000000c7300000| Untracked 
| 969|0x00000000fff00000, 0x0000000100000000, 0x0000000100000000|100%| O|  |TAMS 0x0000000100000000, 0x00000000fff00000| Untracked 

Card table byte_map: [0x000001e9dd8b0000,0x000001e9ddaa0000] _byte_map_base: 0x000001e9dd295000

Marking Bits (Prev, Next): (CMBitMap*) 0x000001e9c503c090, (CMBitMap*) 0x000001e9c503c050
 Prev Bits: [0x000001e9debc0000, 0x000001e9dfae8000)
 Next Bits: [0x000001e9ddc90000, 0x000001e9debb8000)

Polling page: 0x000001e9c4fb0000

Metaspace:

Usage:
  Non-class:     35.16 MB used.
      Class:      4.92 MB used.
       Both:     40.08 MB used.

Virtual space:
  Non-class space:       64.00 MB reserved,      35.31 MB ( 55%) committed,  1 nodes.
      Class space:        1.00 GB reserved,       5.06 MB ( <1%) committed,  1 nodes.
             Both:        1.06 GB reserved,      40.38 MB (  4%) committed. 

Chunk freelists:
   Non-Class:  11.59 MB
       Class:  10.76 MB
        Both:  22.36 MB

MaxMetaspaceSize: unlimited
CompressedClassSpaceSize: 1.00 GB
Initial GC threshold: 21.00 MB
Current GC threshold: 67.19 MB
CDS: on
MetaspaceReclaimPolicy: balanced
 - commit_granule_bytes: 65536.
 - commit_granule_words: 8192.
 - virtual_space_node_default_size: 8388608.
 - enlarge_chunks_in_place: 1.
 - new_chunks_are_fully_committed: 0.
 - uncommit_free_chunks: 1.
 - use_allocation_guard: 0.
 - handle_deallocations: 1.


Internal statistics:

num_allocs_failed_limit: 3.
num_arena_births: 204.
num_arena_deaths: 0.
num_vsnodes_births: 2.
num_vsnodes_deaths: 0.
num_space_committed: 644.
num_space_uncommitted: 0.
num_chunks_returned_to_freelist: 3.
num_chunks_taken_from_freelist: 1615.
num_chunk_merges: 3.
num_chunk_splits: 1325.
num_chunks_enlarged: 1170.
num_inconsistent_stats: 0.

CodeHeap 'non-profiled nmethods': size=120000Kb used=1894Kb max_used=1894Kb free=118105Kb
 bounds [0x000001e9d5b60000, 0x000001e9d5dd0000, 0x000001e9dd090000]
CodeHeap 'profiled nmethods': size=120000Kb used=8872Kb max_used=8872Kb free=111127Kb
 bounds [0x000001e9ce090000, 0x000001e9ce940000, 0x000001e9d55c0000]
CodeHeap 'non-nmethods': size=5760Kb used=1277Kb max_used=1319Kb free=4482Kb
 bounds [0x000001e9d55c0000, 0x000001e9d5830000, 0x000001e9d5b60000]
 total_blobs=4761 nmethods=4185 adapters=487
 compilation: enabled
              stopped_count=0, restarted_count=0
 full_count=0

Compilation events (20 events):
Event: 19.264 Thread 0x000001e9e20e4470 4177   !   3       org.jetbrains.kotlin.metadata.jvm.JvmProtoBuf$JvmMethodSignature$Builder::mergeFrom (60 bytes)
Event: 19.264 Thread 0x000001e9e20e4470 nmethod 4177 0x000001e9ce938010 code [0x000001e9ce938200, 0x000001e9ce938838]
Event: 19.264 Thread 0x000001e9e20e4470 4178       3       org.jetbrains.kotlin.metadata.jvm.JvmProtoBuf$JvmMethodSignature$Builder::buildPartial (65 bytes)
Event: 19.265 Thread 0x000001e9e20e4470 nmethod 4178 0x000001e9ce938a90 code [0x000001e9ce938c60, 0x000001e9ce9391f8]
Event: 19.265 Thread 0x000001e9e775a830 4179   !   4       org.jetbrains.kotlin.metadata.ProtoBuf$Type::<init> (875 bytes)
Event: 19.265 Thread 0x000001e9e20cf730 4180       4       org.jetbrains.kotlin.metadata.ProtoBuf$Type$1::parsePartialFrom (7 bytes)
Event: 19.266 Thread 0x000001e9e20cf730 nmethod 4180 0x000001e9d5d38a10 code [0x000001e9d5d38ba0, 0x000001e9d5d38d08]
Event: 19.267 Thread 0x000001e9e20cf730 4181       4       org.jetbrains.kotlin.metadata.ProtoBuf$Type$1::parsePartialFrom (11 bytes)
Event: 19.268 Thread 0x000001e9e20cf730 nmethod 4181 0x000001e9d5d38e10 code [0x000001e9d5d38fa0, 0x000001e9d5d39108]
Event: 19.268 Thread 0x000001e9e20cf730 4182       4       org.jetbrains.kotlin.metadata.ProtoBuf$Type::initFields (79 bytes)
Event: 19.271 Thread 0x000001e9e20cf730 nmethod 4182 0x000001e9d5d39210 code [0x000001e9d5d393a0, 0x000001e9d5d39798]
Event: 19.276 Thread 0x000001e9e20cf730 4183       4       org.jetbrains.kotlin.metadata.ProtoBuf$Type::<init> (7 bytes)
Event: 19.276 Thread 0x000001e9e20e4470 4184       3       org.jetbrains.kotlin.metadata.ProtoBuf$Type$Argument$Projection::valueOf (50 bytes)
Event: 19.276 Thread 0x000001e9e20e4470 nmethod 4184 0x000001e9ce939410 code [0x000001e9ce9395c0, 0x000001e9ce939818]
Event: 19.277 Thread 0x000001e9e20cf730 nmethod 4183 0x000001e9d5d39810 code [0x000001e9d5d399a0, 0x000001e9d5d39a48]
Event: 19.278 Thread 0x000001e9e20e4470 4185       3       org.jetbrains.kotlin.metadata.jvm.JvmProtoBuf$JvmMethodSignature$1::parsePartialFrom (11 bytes)
Event: 19.279 Thread 0x000001e9e20e4470 nmethod 4185 0x000001e9ce939890 code [0x000001e9ce939a40, 0x000001e9ce939c48]
Event: 19.280 Thread 0x000001e9e20cf730 4186   !   4       org.jetbrains.kotlin.metadata.ProtoBuf$Function::<init> (1410 bytes)
Event: 19.298 Thread 0x000001e9e20e4470 4188       3       org.jetbrains.kotlin.metadata.ProtoBuf$Type::getDefaultInstanceForType (5 bytes)
Event: 19.298 Thread 0x000001e9e20e4470 nmethod 4188 0x000001e9ce939d90 code [0x000001e9ce939f20, 0x000001e9ce93a098]

GC Heap History (20 events):
Event: 7.736 GC heap after
{Heap after GC invocations=7 (full 0):
 garbage-first heap   total 49152K, used 21826K [0x00000000c3600000, 0x0000000100000000)
  region size 1024K, 3 young (3072K), 3 survivors (3072K)
 Metaspace       used 23819K, committed 24064K, reserved 1114112K
  class space    used 3033K, committed 3136K, reserved 1048576K
}
Event: 8.112 GC heap before
{Heap before GC invocations=7 (full 0):
 garbage-first heap   total 49152K, used 35138K [0x00000000c3600000, 0x0000000100000000)
  region size 1024K, 16 young (16384K), 3 survivors (3072K)
 Metaspace       used 27594K, committed 27904K, reserved 1114112K
  class space    used 3650K, committed 3776K, reserved 1048576K
}
Event: 8.119 GC heap after
{Heap after GC invocations=8 (full 0):
 garbage-first heap   total 49152K, used 23705K [0x00000000c3600000, 0x0000000100000000)
  region size 1024K, 2 young (2048K), 2 survivors (2048K)
 Metaspace       used 27594K, committed 27904K, reserved 1114112K
  class space    used 3650K, committed 3776K, reserved 1048576K
}
Event: 9.167 GC heap before
{Heap before GC invocations=8 (full 0):
 garbage-first heap   total 49152K, used 34969K [0x00000000c3600000, 0x0000000100000000)
  region size 1024K, 14 young (14336K), 2 survivors (2048K)
 Metaspace       used 29673K, committed 29888K, reserved 1114112K
  class space    used 3875K, committed 3968K, reserved 1048576K
}
Event: 9.172 GC heap after
{Heap after GC invocations=9 (full 0):
 garbage-first heap   total 49152K, used 25891K [0x00000000c3600000, 0x0000000100000000)
  region size 1024K, 2 young (2048K), 2 survivors (2048K)
 Metaspace       used 29673K, committed 29888K, reserved 1114112K
  class space    used 3875K, committed 3968K, reserved 1048576K
}
Event: 9.565 GC heap before
{Heap before GC invocations=10 (full 0):
 garbage-first heap   total 49152K, used 36131K [0x00000000c3600000, 0x0000000100000000)
  region size 1024K, 13 young (13312K), 2 survivors (2048K)
 Metaspace       used 31864K, committed 32064K, reserved 1114112K
  class space    used 4088K, committed 4160K, reserved 1048576K
}
Event: 9.570 GC heap after
{Heap after GC invocations=11 (full 0):
 garbage-first heap   total 49152K, used 27323K [0x00000000c3600000, 0x0000000100000000)
  region size 1024K, 2 young (2048K), 2 survivors (2048K)
 Metaspace       used 31864K, committed 32064K, reserved 1114112K
  class space    used 4088K, committed 4160K, reserved 1048576K
}
Event: 9.966 GC heap before
{Heap before GC invocations=11 (full 0):
 garbage-first heap   total 49152K, used 36539K [0x00000000c3600000, 0x0000000100000000)
  region size 1024K, 12 young (12288K), 2 survivors (2048K)
 Metaspace       used 33728K, committed 33920K, reserved 1114112K
  class space    used 4218K, committed 4288K, reserved 1048576K
}
Event: 9.971 GC heap after
{Heap after GC invocations=12 (full 0):
 garbage-first heap   total 49152K, used 28972K [0x00000000c3600000, 0x0000000100000000)
  region size 1024K, 2 young (2048K), 2 survivors (2048K)
 Metaspace       used 33728K, committed 33920K, reserved 1114112K
  class space    used 4218K, committed 4288K, reserved 1048576K
}
Event: 12.388 GC heap before
{Heap before GC invocations=13 (full 0):
 garbage-first heap   total 51200K, used 37164K [0x00000000c3600000, 0x0000000100000000)
  region size 1024K, 11 young (11264K), 2 survivors (2048K)
 Metaspace       used 36145K, committed 36416K, reserved 1114112K
  class space    used 4501K, committed 4608K, reserved 1048576K
}
Event: 12.393 GC heap after
{Heap after GC invocations=14 (full 0):
 garbage-first heap   total 51200K, used 28999K [0x00000000c3600000, 0x0000000100000000)
  region size 1024K, 1 young (1024K), 1 survivors (1024K)
 Metaspace       used 36145K, committed 36416K, reserved 1114112K
  class space    used 4501K, committed 4608K, reserved 1048576K
}
Event: 13.161 GC heap before
{Heap before GC invocations=14 (full 0):
 garbage-first heap   total 51200K, used 40263K [0x00000000c3600000, 0x0000000100000000)
  region size 1024K, 12 young (12288K), 1 survivors (1024K)
 Metaspace       used 38689K, committed 38976K, reserved 1114112K
  class space    used 4791K, committed 4928K, reserved 1048576K
}
Event: 13.167 GC heap after
{Heap after GC invocations=15 (full 0):
 garbage-first heap   total 51200K, used 30492K [0x00000000c3600000, 0x0000000100000000)
  region size 1024K, 2 young (2048K), 2 survivors (2048K)
 Metaspace       used 38689K, committed 38976K, reserved 1114112K
  class space    used 4791K, committed 4928K, reserved 1048576K
}
Event: 18.100 GC heap before
{Heap before GC invocations=16 (full 0):
 garbage-first heap   total 55296K, used 39708K [0x00000000c3600000, 0x0000000100000000)
  region size 1024K, 11 young (11264K), 2 survivors (2048K)
 Metaspace       used 40173K, committed 40448K, reserved 1114112K
  class space    used 4947K, committed 5120K, reserved 1048576K
}
Event: 18.110 GC heap after
{Heap after GC invocations=17 (full 0):
 garbage-first heap   total 55296K, used 31850K [0x00000000c3600000, 0x0000000100000000)
  region size 1024K, 2 young (2048K), 2 survivors (2048K)
 Metaspace       used 40173K, committed 40448K, reserved 1114112K
  class space    used 4947K, committed 5120K, reserved 1048576K
}
Event: 19.054 GC heap before
{Heap before GC invocations=17 (full 0):
 garbage-first heap   total 55296K, used 35946K [0x00000000c3600000, 0x0000000100000000)
  region size 1024K, 8 young (8192K), 2 survivors (2048K)
 Metaspace       used 40992K, committed 41280K, reserved 1114112K
  class space    used 5038K, committed 5184K, reserved 1048576K
}
Event: 19.062 GC heap after
{Heap after GC invocations=18 (full 0):
 garbage-first heap   total 55296K, used 32810K [0x00000000c3600000, 0x0000000100000000)
  region size 1024K, 1 young (1024K), 1 survivors (1024K)
 Metaspace       used 40992K, committed 41280K, reserved 1114112K
  class space    used 5038K, committed 5184K, reserved 1048576K
}
Event: 19.343 GC heap before
{Heap before GC invocations=19 (full 0):
 garbage-first heap   total 60416K, used 43050K [0x00000000c3600000, 0x0000000100000000)
  region size 1024K, 11 young (11264K), 1 survivors (1024K)
 Metaspace       used 41044K, committed 41344K, reserved 1114112K
  class space    used 5038K, committed 5184K, reserved 1048576K
}
Event: 19.349 GC heap after
{Heap after GC invocations=20 (full 0):
 garbage-first heap   total 60416K, used 35674K [0x00000000c3600000, 0x0000000100000000)
  region size 1024K, 2 young (2048K), 2 survivors (2048K)
 Metaspace       used 41044K, committed 41344K, reserved 1114112K
  class space    used 5038K, committed 5184K, reserved 1048576K
}
Event: 19.353 GC heap before
{Heap before GC invocations=20 (full 0):
 garbage-first heap   total 60416K, used 36698K [0x00000000c3600000, 0x0000000100000000)
  region size 1024K, 3 young (3072K), 2 survivors (2048K)
 Metaspace       used 41044K, committed 41344K, reserved 1114112K
  class space    used 5038K, committed 5184K, reserved 1048576K
}

Deoptimization events (20 events):
Event: 13.341 Thread 0x000001e9c50002d0 DEOPT PACKING pc=0x000001e9d5c72f1c sp=0x000000d25a1fb120
Event: 13.341 Thread 0x000001e9c50002d0 DEOPT UNPACKING pc=0x000001e9d5615ba3 sp=0x000000d25a1fb008 mode 2
Event: 13.344 Thread 0x000001e9c50002d0 Uncommon trap: trap_request=0xffffffc6 fr.pc=0x000001e9d5c72f1c relative=0x00000000000005bc
Event: 13.344 Thread 0x000001e9c50002d0 Uncommon trap: reason=bimorphic_or_optimized_type_check action=maybe_recompile pc=0x000001e9d5c72f1c method=org.jetbrains.kotlin.protobuf.CodedInputStream.tryRefillBuffer(I)Z @ 177 c2
Event: 13.344 Thread 0x000001e9c50002d0 DEOPT PACKING pc=0x000001e9d5c72f1c sp=0x000000d25a1fa8e0
Event: 13.344 Thread 0x000001e9c50002d0 DEOPT UNPACKING pc=0x000001e9d5615ba3 sp=0x000000d25a1fa7c0 mode 2
Event: 13.347 Thread 0x000001e9c50002d0 Uncommon trap: trap_request=0xffffffc6 fr.pc=0x000001e9d5c72f1c relative=0x00000000000005bc
Event: 13.347 Thread 0x000001e9c50002d0 Uncommon trap: reason=bimorphic_or_optimized_type_check action=maybe_recompile pc=0x000001e9d5c72f1c method=org.jetbrains.kotlin.protobuf.CodedInputStream.tryRefillBuffer(I)Z @ 177 c2
Event: 13.347 Thread 0x000001e9c50002d0 DEOPT PACKING pc=0x000001e9d5c72f1c sp=0x000000d25a1fa8e0
Event: 13.347 Thread 0x000001e9c50002d0 DEOPT UNPACKING pc=0x000001e9d5615ba3 sp=0x000000d25a1fa7c0 mode 2
Event: 13.348 Thread 0x000001e9c50002d0 Uncommon trap: trap_request=0xffffffc6 fr.pc=0x000001e9d5c72f1c relative=0x00000000000005bc
Event: 13.348 Thread 0x000001e9c50002d0 Uncommon trap: reason=bimorphic_or_optimized_type_check action=maybe_recompile pc=0x000001e9d5c72f1c method=org.jetbrains.kotlin.protobuf.CodedInputStream.tryRefillBuffer(I)Z @ 177 c2
Event: 13.348 Thread 0x000001e9c50002d0 DEOPT PACKING pc=0x000001e9d5c72f1c sp=0x000000d25a1fb120
Event: 13.348 Thread 0x000001e9c50002d0 DEOPT UNPACKING pc=0x000001e9d5615ba3 sp=0x000000d25a1fb008 mode 2
Event: 13.355 Thread 0x000001e9c50002d0 Uncommon trap: trap_request=0xffffff45 fr.pc=0x000001e9d5c5aa54 relative=0x0000000000000534
Event: 13.355 Thread 0x000001e9c50002d0 Uncommon trap: reason=unstable_if action=reinterpret pc=0x000001e9d5c5aa54 method=org.jetbrains.org.objectweb.asm.ClassReader.readUtf(II[C)Ljava/lang/String; @ 41 c2
Event: 13.355 Thread 0x000001e9c50002d0 DEOPT PACKING pc=0x000001e9d5c5aa54 sp=0x000000d25a1fae50
Event: 13.355 Thread 0x000001e9c50002d0 DEOPT UNPACKING pc=0x000001e9d5615ba3 sp=0x000000d25a1fadf8 mode 2
Event: 19.201 Thread 0x000001e9c50002d0 DEOPT PACKING pc=0x000001e9ce925a0f sp=0x000000d25a1faf30
Event: 19.201 Thread 0x000001e9c50002d0 DEOPT UNPACKING pc=0x000001e9d56166e3 sp=0x000000d25a1fa468 mode 0

Classes unloaded (0 events):
No events

Classes redefined (0 events):
No events

Internal exceptions (20 events):
Event: 2.460 Thread 0x000001e9c50002d0 Exception <a 'java/lang/NoSuchMethodError'{0x00000000c52f5f78}: 'void java.lang.invoke.DelegatingMethodHandle$Holder.reinvoke_L(java.lang.Object, java.lang.Object, java.lang.Object, long, java.lang.Object)'> (0x00000000c52f5f78) 
thrown [s\open\src\hotspot\share\interpreter\linkResolver.cpp, line 759]
Event: 2.461 Thread 0x000001e9c50002d0 Exception <a 'java/lang/NoSuchMethodError'{0x00000000c52fdbb0}: 'java.lang.Object java.lang.invoke.DirectMethodHandle$Holder.invokeSpecial(java.lang.Object, java.lang.Object, java.lang.Object, java.lang.Object, long)'> (0x00000000c52fdbb0) 
thrown [s\open\src\hotspot\share\interpreter\linkResolver.cpp, line 759]
Event: 2.465 Thread 0x000001e9c50002d0 Exception <a 'java/lang/NoSuchMethodError'{0x00000000c510d6e0}: 'int java.lang.invoke.DelegatingMethodHandle$Holder.reinvoke_L(java.lang.Object, java.lang.Object, java.lang.Object, long, java.lang.Object, java.lang.Object)'> (0x00000000c510d6e0) 
thrown [s\open\src\hotspot\share\interpreter\linkResolver.cpp, line 759]
Event: 2.468 Thread 0x000001e9c50002d0 Exception <a 'java/lang/NoSuchMethodError'{0x00000000c511c270}: 'int java.lang.invoke.DelegatingMethodHandle$Holder.reinvoke_L(java.lang.Object, java.lang.Object, java.lang.Object, long, int, int)'> (0x00000000c511c270) 
thrown [s\open\src\hotspot\share\interpreter\linkResolver.cpp, line 759]
Event: 2.470 Thread 0x000001e9c50002d0 Exception <a 'java/lang/NoSuchMethodError'{0x00000000c512aba8}: 'int java.lang.invoke.DelegatingMethodHandle$Holder.reinvoke_L(java.lang.Object, java.lang.Object, java.lang.Object, long, long, long)'> (0x00000000c512aba8) 
thrown [s\open\src\hotspot\share\interpreter\linkResolver.cpp, line 759]
Event: 2.473 Thread 0x000001e9c50002d0 Exception <a 'java/lang/NoSuchMethodError'{0x00000000c51391c0}: 'int java.lang.invoke.DelegatingMethodHandle$Holder.reinvoke_L(java.lang.Object, java.lang.Object, java.lang.Object, long, int)'> (0x00000000c51391c0) 
thrown [s\open\src\hotspot\share\interpreter\linkResolver.cpp, line 759]
Event: 2.501 Thread 0x000001e9c50002d0 Exception <a 'java/lang/NoSuchMethodError'{0x00000000c51e2478}: 'int java.lang.invoke.DirectMethodHandle$Holder.invokeStaticInit(java.lang.Object, java.lang.Object, java.lang.Object)'> (0x00000000c51e2478) 
thrown [s\open\src\hotspot\share\interpreter\linkResolver.cpp, line 759]
Event: 2.508 Thread 0x000001e9c50002d0 Exception <a 'java/lang/NoSuchMethodError'{0x00000000c500ac38}: 'int java.lang.invoke.DirectMethodHandle$Holder.invokeStaticInit(java.lang.Object, java.lang.Object)'> (0x00000000c500ac38) 
thrown [s\open\src\hotspot\share\interpreter\linkResolver.cpp, line 759]
Event: 2.535 Thread 0x000001e9c50002d0 Exception <a 'java/lang/NoSuchMethodError'{0x00000000c50e8fe0}: 'void java.lang.invoke.DirectMethodHandle$Holder.invokeSpecial(java.lang.Object, java.lang.Object, java.lang.Object)'> (0x00000000c50e8fe0) 
thrown [s\open\src\hotspot\share\interpreter\linkResolver.cpp, line 759]
Event: 2.660 Thread 0x000001e9c50002d0 Exception <a 'java/lang/NoSuchMethodError'{0x00000000c7100de0}: 'void java.lang.invoke.DirectMethodHandle$Holder.invokeStatic(java.lang.Object, java.lang.Object, java.lang.Object, java.lang.Object)'> (0x00000000c7100de0) 
thrown [s\open\src\hotspot\share\interpreter\linkResolver.cpp, line 759]
Event: 2.778 Thread 0x000001e9c50002d0 Exception <a 'java/lang/NoSuchMethodError'{0x00000000c6edf910}: 'void java.lang.invoke.DirectMethodHandle$Holder.invokeStaticInit(java.lang.Object, java.lang.Object)'> (0x00000000c6edf910) 
thrown [s\open\src\hotspot\share\interpreter\linkResolver.cpp, line 759]
Event: 4.055 Thread 0x000001e9c50002d0 Exception <a 'java/lang/NoSuchMethodError'{0x00000000c68b54e0}: 'void java.lang.invoke.DirectMethodHandle$Holder.invokeVirtual(java.lang.Object, java.lang.Object)'> (0x00000000c68b54e0) 
thrown [s\open\src\hotspot\share\interpreter\linkResolver.cpp, line 759]
Event: 4.148 Thread 0x000001e9c50002d0 Exception <a 'java/lang/NoSuchMethodError'{0x00000000c66615c8}: 'int java.lang.invoke.DirectMethodHandle$Holder.invokeVirtual(java.lang.Object, java.lang.Object)'> (0x00000000c66615c8) 
thrown [s\open\src\hotspot\share\interpreter\linkResolver.cpp, line 759]
Event: 4.218 Thread 0x000001e9c50002d0 Exception <a 'java/lang/NoSuchMethodError'{0x00000000c66fe920}: 'java.lang.Object java.lang.invoke.Invokers$Holder.invokeExact_MT(java.lang.Object, java.lang.Object, java.lang.Object, java.lang.Object, java.lang.Object, java.lang.Object)'> (0x00000000c66fe920) 
thrown [s\open\src\hotspot\share\interpreter\linkResolver.cpp, line 759]
Event: 5.311 Thread 0x000001e9c50002d0 Exception <a 'java/lang/NoSuchMethodError'{0x00000000c606f1d0}: 'java.lang.Object java.lang.invoke.Invokers$Holder.invoke_MT(java.lang.Object, java.lang.Object, java.lang.Object)'> (0x00000000c606f1d0) 
thrown [s\open\src\hotspot\share\interpreter\linkResolver.cpp, line 759]
Event: 8.149 Thread 0x000001e9c50002d0 Exception <a 'java/lang/NoSuchMethodError'{0x00000000c6354258}: 'java.lang.Object java.lang.invoke.DirectMethodHandle$Holder.invokeVirtual(java.lang.Object, java.lang.Object, java.lang.Object)'> (0x00000000c6354258) 
thrown [s\open\src\hotspot\share\interpreter\linkResolver.cpp, line 759]
Event: 12.535 Thread 0x000001e9c50002d0 Exception <a 'java/lang/NoSuchMethodError'{0x00000000c65c49d8}: 'java.lang.Object java.lang.invoke.DirectMethodHandle$Holder.newInvokeSpecial(java.lang.Object, java.lang.Object, int)'> (0x00000000c65c49d8) 
thrown [s\open\src\hotspot\share\interpreter\linkResolver.cpp, line 759]
Event: 12.851 Thread 0x000001e9c50002d0 Exception <a 'java/lang/NoSuchMethodError'{0x00000000c60d2520}: 'java.lang.Object java.lang.invoke.DirectMethodHandle$Holder.newInvokeSpecial(java.lang.Object, java.lang.Object, java.lang.Object, int)'> (0x00000000c60d2520) 
thrown [s\open\src\hotspot\share\interpreter\linkResolver.cpp, line 759]
Event: 12.852 Thread 0x000001e9c50002d0 Exception <a 'java/lang/NoSuchMethodError'{0x00000000c60d6ba8}: 'java.lang.Object java.lang.invoke.DirectMethodHandle$Holder.invokeSpecial(java.lang.Object, java.lang.Object, java.lang.Object, java.lang.Object, int)'> (0x00000000c60d6ba8) 
thrown [s\open\src\hotspot\share\interpreter\linkResolver.cpp, line 759]
Event: 12.852 Thread 0x000001e9c50002d0 Exception <a 'java/lang/NoSuchMethodError'{0x00000000c60daa18}: 'java.lang.Object java.lang.invoke.Invokers$Holder.linkToTargetMethod(java.lang.Object, java.lang.Object, int, java.lang.Object)'> (0x00000000c60daa18) 
thrown [s\open\src\hotspot\share\interpreter\linkResolver.cpp, line 759]

VM Operations (20 events):
Event: 13.245 Executing VM operation: G1Concurrent done
Event: 13.387 Executing VM operation: HandshakeAllThreads
Event: 13.387 Executing VM operation: HandshakeAllThreads done
Event: 14.387 Executing VM operation: Cleanup
Event: 14.387 Executing VM operation: Cleanup done
Event: 18.100 Executing VM operation: G1CollectForAllocation
Event: 18.110 Executing VM operation: G1CollectForAllocation done
Event: 18.213 Executing VM operation: HandshakeAllThreads
Event: 18.213 Executing VM operation: HandshakeAllThreads done
Event: 19.003 Executing VM operation: ICBufferFull
Event: 19.003 Executing VM operation: ICBufferFull done
Event: 19.054 Executing VM operation: G1TryInitiateConcMark
Event: 19.063 Executing VM operation: G1TryInitiateConcMark done
Event: 19.127 Executing VM operation: G1Concurrent
Event: 19.133 Executing VM operation: G1Concurrent done
Event: 19.160 Executing VM operation: G1Concurrent
Event: 19.160 Executing VM operation: G1Concurrent done
Event: 19.343 Executing VM operation: G1CollectForAllocation
Event: 19.349 Executing VM operation: G1CollectForAllocation done
Event: 19.353 Executing VM operation: G1CollectForAllocation

Events (20 events):
Event: 12.532 loading class java/util/function/IntUnaryOperator done
Event: 12.803 loading class java/util/ConcurrentModificationException
Event: 12.803 loading class java/util/ConcurrentModificationException done
Event: 12.823 loading class java/util/ArrayList$ListItr
Event: 12.824 loading class java/util/ArrayList$ListItr done
Event: 13.018 loading class java/io/InvalidObjectException
Event: 13.019 loading class java/io/InvalidObjectException done
Event: 13.061 loading class java/util/AbstractList$SubList$1
Event: 13.061 loading class java/util/AbstractList$SubList$1 done
Event: 13.063 loading class java/util/AbstractList$ListItr
Event: 13.063 loading class java/util/AbstractList$ListItr done
Event: 13.242 loading class java/text/StringCharacterIterator
Event: 13.244 loading class java/text/CharacterIterator
Event: 13.244 loading class java/text/CharacterIterator done
Event: 13.244 loading class java/text/StringCharacterIterator done
Event: 18.284 loading class java/util/stream/IntPipeline$1
Event: 18.284 loading class java/util/stream/IntPipeline$1 done
Event: 18.295 loading class java/util/stream/IntPipeline$1$1
Event: 18.296 loading class java/util/stream/IntPipeline$1$1 done
Event: 19.172 Thread 0x000001e9e775a830 Thread added: 0x000001e9e775a830


Dynamic libraries:
0x00007ff688ef0000 - 0x00007ff688f00000 	C:\Program Files\Java\jdk-17\bin\java.exe
0x00007ffaa8340000 - 0x00007ffaa85a3000 	C:\WINDOWS\SYSTEM32\ntdll.dll
0x00007ffaa6e60000 - 0x00007ffaa6f28000 	C:\WINDOWS\System32\KERNEL32.DLL
0x00007ffaa59c0000 - 0x00007ffaa5d72000 	C:\WINDOWS\System32\KERNELBASE.dll
0x00007ffaa5fc0000 - 0x00007ffaa610b000 	C:\WINDOWS\System32\ucrtbase.dll
0x00007ffa9dcd0000 - 0x00007ffa9dceb000 	C:\Program Files\Java\jdk-17\bin\VCRUNTIME140.dll
0x00007ffa8f980000 - 0x00007ffa8f999000 	C:\Program Files\Java\jdk-17\bin\jli.dll
0x00007ffaa6360000 - 0x00007ffaa6414000 	C:\WINDOWS\System32\ADVAPI32.dll
0x00007ffaa6b40000 - 0x00007ffaa6be9000 	C:\WINDOWS\System32\msvcrt.dll
0x00007ffaa71e0000 - 0x00007ffaa7286000 	C:\WINDOWS\System32\sechost.dll
0x00007ffaa81e0000 - 0x00007ffaa82f6000 	C:\WINDOWS\System32\RPCRT4.dll
0x00007ffaa7370000 - 0x00007ffaa7538000 	C:\WINDOWS\System32\USER32.dll
0x00007ffaa5ed0000 - 0x00007ffaa5ef7000 	C:\WINDOWS\System32\win32u.dll
0x00007ffaa69b0000 - 0x00007ffaa69da000 	C:\WINDOWS\System32\GDI32.dll
0x00007ffaa5710000 - 0x00007ffaa583b000 	C:\WINDOWS\System32\gdi32full.dll
0x00007ffaa5d80000 - 0x00007ffaa5e23000 	C:\WINDOWS\System32\msvcp_win.dll
0x00007ffa8a4e0000 - 0x00007ffa8a770000 	C:\WINDOWS\WinSxS\amd64_microsoft.windows.common-controls_6595b64144ccf1df_6.0.26100.2454_none_3e0b68a2e331ad60\COMCTL32.dll
0x00007ffa932e0000 - 0x00007ffa932eb000 	C:\WINDOWS\SYSTEM32\VERSION.dll
0x00007ffaa81a0000 - 0x00007ffaa81cf000 	C:\WINDOWS\System32\IMM32.DLL
0x00007ffa9dd30000 - 0x00007ffa9dd3c000 	C:\Program Files\Java\jdk-17\bin\vcruntime140_1.dll
0x00007ffa6b640000 - 0x00007ffa6b6ce000 	C:\Program Files\Java\jdk-17\bin\msvcp140.dll
0x00007ffa0a540000 - 0x00007ffa0b120000 	C:\Program Files\Java\jdk-17\bin\server\jvm.dll
0x00007ffaa79b0000 - 0x00007ffaa79b8000 	C:\WINDOWS\System32\PSAPI.DLL
0x00007ffa8f970000 - 0x00007ffa8f97a000 	C:\WINDOWS\SYSTEM32\WSOCK32.dll
0x00007ffa87990000 - 0x00007ffa879c6000 	C:\WINDOWS\SYSTEM32\WINMM.dll
0x00007ffaa7290000 - 0x00007ffaa7304000 	C:\WINDOWS\System32\WS2_32.dll
0x00007ffaa4550000 - 0x00007ffaa456a000 	C:\WINDOWS\SYSTEM32\kernel.appcore.dll
0x00007ffa8f960000 - 0x00007ffa8f96a000 	C:\Program Files\Java\jdk-17\bin\jimage.dll
0x00007ffa9f2c0000 - 0x00007ffa9f501000 	C:\WINDOWS\SYSTEM32\DBGHELP.DLL
0x00007ffaa7620000 - 0x00007ffaa799e000 	C:\WINDOWS\System32\combase.dll
0x00007ffaa6280000 - 0x00007ffaa6356000 	C:\WINDOWS\System32\OLEAUT32.dll
0x00007ffa80e80000 - 0x00007ffa80eb9000 	C:\WINDOWS\SYSTEM32\dbgcore.DLL
0x00007ffaa5e30000 - 0x00007ffaa5ec9000 	C:\WINDOWS\System32\bcryptPrimitives.dll
0x00007ffa89200000 - 0x00007ffa89225000 	C:\Program Files\Java\jdk-17\bin\java.dll
0x00007ffa6b2e0000 - 0x00007ffa6b3b7000 	C:\Program Files\Java\jdk-17\bin\jsvml.dll
0x00007ffaa79c0000 - 0x00007ffaa80c0000 	C:\WINDOWS\System32\SHELL32.dll
0x00007ffaa3460000 - 0x00007ffaa3c91000 	C:\WINDOWS\SYSTEM32\windows.storage.dll
0x00007ffaa7540000 - 0x00007ffaa761a000 	C:\WINDOWS\System32\SHCORE.dll
0x00007ffaa6220000 - 0x00007ffaa627d000 	C:\WINDOWS\System32\shlwapi.dll
0x00007ffaa5620000 - 0x00007ffaa564e000 	C:\WINDOWS\SYSTEM32\profapi.dll
0x00007ffa89d60000 - 0x00007ffa89d79000 	C:\Program Files\Java\jdk-17\bin\net.dll
0x00007ffa9ab40000 - 0x00007ffa9ac66000 	C:\WINDOWS\SYSTEM32\WINHTTP.dll
0x00007ffaa4a50000 - 0x00007ffaa4ab8000 	C:\WINDOWS\system32\mswsock.dll
0x00007ffa89330000 - 0x00007ffa89346000 	C:\Program Files\Java\jdk-17\bin\nio.dll
0x00007ffa8aad0000 - 0x00007ffa8aae8000 	C:\Program Files\Java\jdk-17\bin\zip.dll
0x00007ffa8ef40000 - 0x00007ffa8ef50000 	C:\Program Files\Java\jdk-17\bin\verify.dll

dbghelp: loaded successfully - version: 4.0.5 - missing functions: none
symbol engine: initialized successfully - sym options: 0x614 - pdb path: .;C:\Program Files\Java\jdk-17\bin;C:\WINDOWS\SYSTEM32;C:\WINDOWS\WinSxS\amd64_microsoft.windows.common-controls_6595b64144ccf1df_6.0.26100.2454_none_3e0b68a2e331ad60;C:\Program Files\Java\jdk-17\bin\server

VM Arguments:
java_command: org.jetbrains.kotlin.cli.jvm.K2JVMCompiler @C:\HyperMinds_Projects\Implant_Website\Implant_BE\BE-Hyper\build\20250106_13928276792450563924.compiler.options
java_class_path (initial): C:\Users\Akshada\.gradle\caches\modules-2\files-2.1\org.jetbrains.kotlin\kotlin-compiler-embeddable\1.9.0\2c8c3a7402becca891f12739b3e9fd2dc2adbd7a\kotlin-compiler-embeddable-1.9.0.jar;C:\Users\Akshada\.gradle\caches\modules-2\files-2.1\org.jetbrains.kotlin\kotlin-stdlib\1.9.0\8ee15ef0c67dc83d874f412d84378d7f0eb50b63\kotlin-stdlib-1.9.0.jar;C:\Users\Akshada\.gradle\caches\modules-2\files-2.1\org.jetbrains.kotlin\kotlin-script-runtime\1.9.0\4b3102cbbb7e1b58d9d1adf89563f00069ffa7d1\kotlin-script-runtime-1.9.0.jar;C:\Users\Akshada\.gradle\caches\modules-2\files-2.1\org.jetbrains.kotlin\kotlin-reflect\1.9.0\2891f552979d4bf4d4ec516acb9df769fb62dbe9\kotlin-reflect-1.9.0.jar;C:\Users\Akshada\.gradle\caches\modules-2\files-2.1\org.jetbrains.kotlin\kotlin-daemon-embeddable\1.9.0\186543f5e28cf8d9a0290fecc2cf34301c40a65c\kotlin-daemon-embeddable-1.9.0.jar;C:\Users\Akshada\.gradle\caches\modules-2\files-2.1\org.jetbrains.intellij.deps\trove4j\1.0.20200330\3afb14d5f9ceb459d724e907a21145e8ff394f02\trove4j-1.0.20200330.jar;C:\Users\Akshada\.gradle\caches\modules-2\files-2.1\org.jetbrains.kotlin\kotlin-stdlib-common\1.9.0\cd65c21cfd1eec4d44ef09f9f52b6d9f8a720636\kotlin-stdlib-common-1.9.0.jar;C:\Users\Akshada\.gradle\caches\modules-2\files-2.1\org.jetbrains\annotations\13.0\919f0dfe192fb4e063e7dacadee7f8bb9a2672a9\annotations-13.0.jar
Launcher Type: SUN_STANDARD

[Global flags]
     intx CICompilerCount                          = 3                                         {product} {ergonomic}
     uint ConcGCThreads                            = 1                                         {product} {ergonomic}
     uint G1ConcRefinementThreads                  = 4                                         {product} {ergonomic}
   size_t G1HeapRegionSize                         = 1048576                                   {product} {ergonomic}
    uintx GCDrainStackTargetSize                   = 64                                        {product} {ergonomic}
   size_t InitialHeapSize                          = 65011712                                  {product} {ergonomic}
   size_t MarkStackSize                            = 4194304                                   {product} {ergonomic}
   size_t MaxHeapSize                              = 1017118720                                {product} {ergonomic}
   size_t MaxNewSize                               = 610271232                                 {product} {ergonomic}
   size_t MinHeapDeltaBytes                        = 1048576                                   {product} {ergonomic}
   size_t MinHeapSize                              = 8388608                                   {product} {ergonomic}
    uintx NonNMethodCodeHeapSize                   = 5832780                                {pd product} {ergonomic}
    uintx NonProfiledCodeHeapSize                  = 122912730                              {pd product} {ergonomic}
    uintx ProfiledCodeHeapSize                     = 122912730                              {pd product} {ergonomic}
    uintx ReservedCodeCacheSize                    = 251658240                              {pd product} {ergonomic}
     bool SegmentedCodeCache                       = true                                      {product} {ergonomic}
   size_t SoftMaxHeapSize                          = 1017118720                             {manageable} {ergonomic}
     bool UseCompressedClassPointers               = true                           {product lp64_product} {ergonomic}
     bool UseCompressedOops                        = true                           {product lp64_product} {ergonomic}
     bool UseG1GC                                  = true                                      {product} {ergonomic}
     bool UseLargePagesIndividualAllocation        = false                                  {pd product} {ergonomic}

Logging:
Log output configuration:
 #0: stdout all=warning uptime,level,tags
 #1: stderr all=off uptime,level,tags

Environment Variables:
JAVA_HOME=C:\Program Files\Java\jdk-17
PATH=C:\Program Files\Common Files\Oracle\Java\javapath;C:\Users\Akshada\Downloads\WINDOWS.X64_193000_db_home\bin;C:\Python310\Scripts\;C:\Python310\;C:\WINDOWS\system32;C:\WINDOWS;C:\WINDOWS\System32\Wbem;C:\WINDOWS\System32\WindowsPowerShell\v1.0\;C:\WINDOWS\System32\OpenSSH\;C:\ProgramData\chocolatey\bin;C:\Program Files\Microsoft SQL Server\110\Tools\Binn\;C:\Program Files\Microsoft SQL Server\150\Tools\Binn\;C:\Program Files\Git\cmd;C:\Program Files\nodejs\;C:\Program Files\Java\jdk-21\bin;C:\Program Files\Java\jdk-17\bin;C:\Users\Akshada\AppData\Local\Android\Sdk\emulator;C:\Users\Akshada\AppData\Local\Android\Sdk\platform-tools;C:\Users\Akshada\AppData\Local\Android\Sdk\tools;C:\Users\Akshada\AppData\Local\jdk-11.0.2\bin;C:\Users\Akshada\AppData\Local\Programs\Python\Python312\Scripts\;C:\Users\Akshada\AppData\Local\Programs\Python\Python312\;C:\Users\Akshada\AppData\Local\Programs\Python\Launcher\;C:\Users\Akshada\AppData\Local\Microsoft\WindowsApps;C:\MinGW\bin;C:\Users\Akshada\AppData\Local\Programs\Microsoft VS Code\bin;C:\Users\Akshada\AppData\Local\Microsoft\WinGet\Packages\Schniz.fnm_Microsoft.Winget.Source_8wekyb3d8bbwe;C:\Users\Akshada\AppData\Roaming\npm;
USERNAME=Akshada
OS=Windows_NT
PROCESSOR_IDENTIFIER=Intel64 Family 6 Model 126 Stepping 5, GenuineIntel



---------------  S Y S T E M  ---------------

OS:
 Windows 11 , 64 bit Build 26100 (10.0.26100.2454)
OS uptime: 0 days 23:27 hours

CPU: total 4 (initial active 4) (2 cores per cpu, 2 threads per core) family 6 model 126 stepping 5 microcode 0xa6, cx8, cmov, fxsr, ht, mmx, 3dnowpref, sse, sse2, sse3, ssse3, sse4.1, sse4.2, popcnt, lzcnt, tsc, tscinvbit, avx, avx2, aes, erms, clmul, bmi1, bmi2, adx, avx512f, avx512dq, avx512cd, avx512bw, avx512vl, sha, fma, vzeroupper, avx512_vpopcntdq, avx512_vpclmulqdq, avx512_vaes, avx512_vnni, clflush, clflushopt, avx512_vbmi2, avx512_vbmi

Memory: 4k page, system-wide physical 3877M (318M free)
TotalPageFile size 15653M (AvailPageFile size 28M)
current process WorkingSet (physical memory assigned to process): 155M, peak: 162M
current process commit charge ("private bytes"): 219M, peak: 227M

vm_info: Java HotSpot(TM) 64-Bit Server VM (17.0.12+8-LTS-286) for windows-amd64 JRE (17.0.12+8-LTS-286), built on Jun  5 2024 06:46:59 by "mach5one" with MS VC++ 17.6 (VS2022)

END.
